<?xml version="1.0" encoding="UTF-8"?>
<testsuite name="bytebandits.viruscheck.VirusHashCheckTests" tests="3" skipped="0" failures="0" errors="0" timestamp="2023-10-20T02:30:47" hostname="tomorrow.lan" time="0.004">
  <properties/>
  <testcase name="testVirusCheckNoMatches" classname="bytebandits.viruscheck.VirusHashCheckTests" time="0.003"/>
  <testcase name="testVirusCheckWithInvalidFile" classname="bytebandits.viruscheck.VirusHashCheckTests" time="0.001"/>
  <testcase name="testVirusCheckInternalMatch" classname="bytebandits.viruscheck.VirusHashCheckTests" time="0.0"/>
  <system-out><![CDATA[]]></system-out>
  <system-err><![CDATA[]]></system-err>
</testsuite>
