<?xml version="1.0" encoding="UTF-8"?>
<testsuite name="bytebandits.encryption.EncryptionTests" tests="4" skipped="0" failures="0" errors="0" timestamp="2023-10-20T02:30:44" hostname="tomorrow.lan" time="0.046">
  <properties/>
  <testcase name="testDecryptFileWithWrongKey" classname="bytebandits.encryption.EncryptionTests" time="0.038"/>
  <testcase name="testDecryptEncryptFileWithInvalidScheme" classname="bytebandits.encryption.EncryptionTests" time="0.0"/>
  <testcase name="testEncryptDecryptFileWithInvalidKey" classname="bytebandits.encryption.EncryptionTests" time="0.0"/>
  <testcase name="testEncryptDecryptFileWithValidKeyAndScheme" classname="bytebandits.encryption.EncryptionTests" time="0.007"/>
  <system-out><![CDATA[]]></system-out>
  <system-err><![CDATA[]]></system-err>
</testsuite>
