<?xml version="1.0" encoding="UTF-8"?>
<testsuite name="bytebandits.routing.RoutingTest" tests="7" skipped="0" failures="0" errors="0" timestamp="2023-10-20T02:30:44" hostname="tomorrow.lan" time="2.249">
  <properties/>
  <testcase name="gen password" classname="bytebandits.routing.RoutingTest" time="1.013"/>
  <testcase name="invalid endpoint should fail" classname="bytebandits.routing.RoutingTest" time="0.361"/>
  <testcase name="gen passkey" classname="bytebandits.routing.RoutingTest" time="0.192"/>
  <testcase name="non auth get should fail" classname="bytebandits.routing.RoutingTest" time="0.184"/>
  <testcase name="gen passkey 15" classname="bytebandits.routing.RoutingTest" time="0.172"/>
  <testcase name="file not found should fail with badgateway" classname="bytebandits.routing.RoutingTest" time="0.165"/>
  <testcase name="gen password 19 chars" classname="bytebandits.routing.RoutingTest" time="0.162"/>
  <system-out><![CDATA[22:30:44,933 |-INFO in ch.qos.logback.classic.LoggerContext[default] - This is logback-classic version 1.4.11
22:30:44,934 |-INFO in ch.qos.logback.classic.util.ContextInitializer@b01cb482 - No custom configurators were discovered as a service.
22:30:44,934 |-INFO in ch.qos.logback.classic.util.ContextInitializer@b01cb482 - Trying to configure with ch.qos.logback.classic.joran.SerializedModelConfigurator
22:30:44,934 |-INFO in ch.qos.logback.classic.util.ContextInitializer@b01cb482 - Constructed configurator of type class ch.qos.logback.classic.joran.SerializedModelConfigurator
22:30:44,938 |-INFO in ch.qos.logback.classic.LoggerContext[default] - Could NOT find resource [logback-test.scmo]
22:30:44,938 |-INFO in ch.qos.logback.classic.LoggerContext[default] - Could NOT find resource [logback.scmo]
22:30:44,939 |-INFO in ch.qos.logback.classic.util.ContextInitializer@b01cb482 - ch.qos.logback.classic.joran.SerializedModelConfigurator.configure() call lasted 4 milliseconds. ExecutionStatus=INVOKE_NEXT_IF_ANY
22:30:44,939 |-INFO in ch.qos.logback.classic.util.ContextInitializer@b01cb482 - Trying to configure with ch.qos.logback.classic.util.DefaultJoranConfigurator
22:30:44,939 |-INFO in ch.qos.logback.classic.util.ContextInitializer@b01cb482 - Constructed configurator of type class ch.qos.logback.classic.util.DefaultJoranConfigurator
22:30:44,939 |-INFO in ch.qos.logback.classic.LoggerContext[default] - Could NOT find resource [logback-test.xml]
22:30:44,940 |-INFO in ch.qos.logback.classic.LoggerContext[default] - Found resource [logback.xml] at [file:/Users/karthikguda/Desktop/School/COMS_4156/Byte-Bandits-ASWE/byte-bandits/build/resources/main/logback.xml]
22:30:44,940 |-WARN in ch.qos.logback.classic.util.DefaultJoranConfigurator@2a1b26dc - Resource [logback.xml] occurs multiple times on the classpath.
22:30:44,940 |-WARN in ch.qos.logback.classic.util.DefaultJoranConfigurator@2a1b26dc - Resource [logback.xml] occurs at [file:/Users/karthikguda/Desktop/School/COMS_4156/Byte-Bandits-ASWE/byte-bandits/build/resources/main/logback.xml]
22:30:44,940 |-WARN in ch.qos.logback.classic.util.DefaultJoranConfigurator@2a1b26dc - Resource [logback.xml] occurs at [jar:file:/Users/karthikguda/.gradle/caches/modules-2/files-2.1/io.swagger.codegen.v3/swagger-codegen-generators/1.0.38/24ad4592fa92f0e693d616de13629f59e5c3cd97/swagger-codegen-generators-1.0.38.jar!/logback.xml]
22:30:44,981 |-INFO in ch.qos.logback.core.model.processor.AppenderModelHandler - Processing appender named [STDOUT]
22:30:44,981 |-INFO in ch.qos.logback.core.model.processor.AppenderModelHandler - About to instantiate appender of type [ch.qos.logback.core.ConsoleAppender]
22:30:44,985 |-INFO in ch.qos.logback.core.model.processor.ImplicitModelHandler - Assuming default type [ch.qos.logback.classic.encoder.PatternLayoutEncoder] for [encoder] property
22:30:45,001 |-INFO in ch.qos.logback.classic.model.processor.RootLoggerModelHandler - Setting level of ROOT logger to TRACE
22:30:45,001 |-INFO in ch.qos.logback.core.model.processor.AppenderRefModelHandler - Attaching appender named [STDOUT] to Logger[ROOT]
22:30:45,002 |-INFO in ch.qos.logback.classic.model.processor.LoggerModelHandler - Setting level of logger [org.eclipse.jetty] to INFO
22:30:45,002 |-INFO in ch.qos.logback.classic.model.processor.LoggerModelHandler - Setting level of logger [io.netty] to INFO
22:30:45,002 |-INFO in ch.qos.logback.core.model.processor.DefaultProcessor@cd1e5fbc - End of configuration.
22:30:45,002 |-INFO in ch.qos.logback.classic.joran.JoranConfigurator@cab4ed7f - Registering current configuration as safe fallback point
22:30:45,002 |-INFO in ch.qos.logback.classic.util.ContextInitializer@b01cb482 - ch.qos.logback.classic.util.DefaultJoranConfigurator.configure() call lasted 63 milliseconds. ExecutionStatus=DO_NOT_INVOKE_NEXT_IF_ANY

2023-10-19 22:30:45.060 [Test worker] INFO  ktor.test - No ktor.deployment.watch patterns specified, automatic reload is not active.
2023-10-19 22:30:45.065 [Test worker] INFO  ktor.test - Application started in 0.043 seconds.
2023-10-19 22:30:45.285 [Test worker] TRACE i.s.c.v.g.DefaultCodegenConfig - camelize start - security_tools_api
2023-10-19 22:30:45.285 [Test worker] TRACE i.s.c.v.g.DefaultCodegenConfig - camelize end - security_tools_api (new: SecurityToolsApi)
2023-10-19 22:30:45.343 [Test worker] TRACE i.s.c.v.g.DefaultCodegenConfig - camelize start - principal
2023-10-19 22:30:45.343 [Test worker] TRACE i.s.c.v.g.DefaultCodegenConfig - camelize end - principal (new: Principal)
2023-10-19 22:30:45.343 [Test worker] TRACE i.s.c.v.g.DefaultCodegenConfig - camelize start - principal
2023-10-19 22:30:45.343 [Test worker] TRACE i.s.c.v.g.DefaultCodegenConfig - camelize end - principal (new: Principal)
2023-10-19 22:30:45.343 [Test worker] TRACE i.s.c.v.g.DefaultCodegenConfig - camelize start - principal
2023-10-19 22:30:45.344 [Test worker] TRACE i.s.c.v.g.DefaultCodegenConfig - camelize end - principal (new: Principal)
2023-10-19 22:30:45.344 [Test worker] TRACE i.s.c.v.g.DefaultCodegenConfig - camelize start - clientId
2023-10-19 22:30:45.344 [Test worker] TRACE i.s.c.v.g.DefaultCodegenConfig - camelize end - clientId (new: ClientId)
2023-10-19 22:30:45.344 [Test worker] TRACE i.s.c.v.g.DefaultCodegenConfig - camelize start - clientId
2023-10-19 22:30:45.345 [Test worker] TRACE i.s.c.v.g.DefaultCodegenConfig - camelize end - clientId (new: ClientId)
2023-10-19 22:30:45.345 [Test worker] TRACE i.s.c.v.g.DefaultCodegenConfig - camelize start - clientId
2023-10-19 22:30:45.345 [Test worker] TRACE i.s.c.v.g.DefaultCodegenConfig - camelize end - clientId (new: ClientId)
2023-10-19 22:30:45.347 [Test worker] WARN  i.s.c.v.g.DefaultCodegenConfig - Empty operationId found for path: post /storage/Submit. Renamed to auto-generated operationId: storageSubmitPost
2023-10-19 22:30:45.352 [Test worker] TRACE i.s.c.v.g.DefaultCodegenConfig - camelize start - principal
2023-10-19 22:30:45.352 [Test worker] TRACE i.s.c.v.g.DefaultCodegenConfig - camelize end - principal (new: Principal)
2023-10-19 22:30:45.352 [Test worker] TRACE i.s.c.v.g.DefaultCodegenConfig - camelize start - principal
2023-10-19 22:30:45.352 [Test worker] TRACE i.s.c.v.g.DefaultCodegenConfig - camelize end - principal (new: Principal)
2023-10-19 22:30:45.352 [Test worker] TRACE i.s.c.v.g.DefaultCodegenConfig - camelize start - principal
2023-10-19 22:30:45.352 [Test worker] TRACE i.s.c.v.g.DefaultCodegenConfig - camelize end - principal (new: Principal)
2023-10-19 22:30:45.352 [Test worker] TRACE i.s.c.v.g.DefaultCodegenConfig - camelize start - clientId
2023-10-19 22:30:45.352 [Test worker] TRACE i.s.c.v.g.DefaultCodegenConfig - camelize end - clientId (new: ClientId)
2023-10-19 22:30:45.352 [Test worker] TRACE i.s.c.v.g.DefaultCodegenConfig - camelize start - clientId
2023-10-19 22:30:45.353 [Test worker] TRACE i.s.c.v.g.DefaultCodegenConfig - camelize end - clientId (new: ClientId)
2023-10-19 22:30:45.353 [Test worker] TRACE i.s.c.v.g.DefaultCodegenConfig - camelize start - clientId
2023-10-19 22:30:45.353 [Test worker] TRACE i.s.c.v.g.DefaultCodegenConfig - camelize end - clientId (new: ClientId)
2023-10-19 22:30:45.353 [Test worker] TRACE i.s.c.v.g.DefaultCodegenConfig - camelize start - default
2023-10-19 22:30:45.353 [Test worker] TRACE i.s.c.v.g.DefaultCodegenConfig - camelize end - default (new: Default)
2023-10-19 22:30:45.354 [Test worker] TRACE i.s.c.v.g.DefaultCodegenConfig - camelize start - storageSubmitPost
2023-10-19 22:30:45.354 [Test worker] TRACE i.s.c.v.g.DefaultCodegenConfig - camelize end - storageSubmitPost (new: StorageSubmitPost)
2023-10-19 22:30:45.354 [Test worker] WARN  i.s.c.v.g.DefaultCodegenConfig - Empty operationId found for path: get /storage/Get/{file_name}. Renamed to auto-generated operationId: storageGetFile_nameGet
2023-10-19 22:30:45.359 [Test worker] TRACE i.s.c.v.g.DefaultCodegenConfig - camelize start - Client ID
2023-10-19 22:30:45.359 [Test worker] TRACE i.s.c.v.g.DefaultCodegenConfig - camelize end - Client ID (new: Client ID)
2023-10-19 22:30:45.359 [Test worker] TRACE i.s.c.v.g.DefaultCodegenConfig - camelize start - Client ID
2023-10-19 22:30:45.359 [Test worker] TRACE i.s.c.v.g.DefaultCodegenConfig - camelize end - Client ID (new: Client ID)
2023-10-19 22:30:45.359 [Test worker] TRACE i.s.c.v.g.DefaultCodegenConfig - camelize start - Client ID
2023-10-19 22:30:45.359 [Test worker] TRACE i.s.c.v.g.DefaultCodegenConfig - camelize end - Client ID (new: Client ID)
2023-10-19 22:30:45.360 [Test worker] TRACE i.s.c.v.g.DefaultCodegenConfig - camelize start - file_name
2023-10-19 22:30:45.360 [Test worker] TRACE i.s.c.v.g.DefaultCodegenConfig - camelize end - file_name (new: FileName)
2023-10-19 22:30:45.360 [Test worker] TRACE i.s.c.v.g.DefaultCodegenConfig - camelize start - file_name
2023-10-19 22:30:45.360 [Test worker] TRACE i.s.c.v.g.DefaultCodegenConfig - camelize end - file_name (new: FileName)
2023-10-19 22:30:45.360 [Test worker] TRACE i.s.c.v.g.DefaultCodegenConfig - camelize start - file_name
2023-10-19 22:30:45.360 [Test worker] TRACE i.s.c.v.g.DefaultCodegenConfig - camelize end - file_name (new: FileName)
2023-10-19 22:30:45.361 [Test worker] TRACE i.s.c.v.g.DefaultCodegenConfig - camelize start - default
2023-10-19 22:30:45.361 [Test worker] TRACE i.s.c.v.g.DefaultCodegenConfig - camelize end - default (new: Default)
2023-10-19 22:30:45.361 [Test worker] TRACE i.s.c.v.g.DefaultCodegenConfig - camelize start - storageGetFileNameGet
2023-10-19 22:30:45.361 [Test worker] TRACE i.s.c.v.g.DefaultCodegenConfig - camelize end - storageGetFileNameGet (new: StorageGetFileNameGet)
2023-10-19 22:30:45.361 [Test worker] WARN  i.s.c.v.g.DefaultCodegenConfig - Empty operationId found for path: get /storage/Delete. Renamed to auto-generated operationId: storageDeleteGet
2023-10-19 22:30:45.362 [Test worker] TRACE i.s.c.v.g.DefaultCodegenConfig - camelize start - Client ID
2023-10-19 22:30:45.362 [Test worker] TRACE i.s.c.v.g.DefaultCodegenConfig - camelize end - Client ID (new: Client ID)
2023-10-19 22:30:45.362 [Test worker] TRACE i.s.c.v.g.DefaultCodegenConfig - camelize start - Client ID
2023-10-19 22:30:45.362 [Test worker] TRACE i.s.c.v.g.DefaultCodegenConfig - camelize end - Client ID (new: Client ID)
2023-10-19 22:30:45.362 [Test worker] TRACE i.s.c.v.g.DefaultCodegenConfig - camelize start - Client ID
2023-10-19 22:30:45.362 [Test worker] TRACE i.s.c.v.g.DefaultCodegenConfig - camelize end - Client ID (new: Client ID)
2023-10-19 22:30:45.364 [Test worker] TRACE i.s.c.v.g.DefaultCodegenConfig - camelize start - default
2023-10-19 22:30:45.364 [Test worker] TRACE i.s.c.v.g.DefaultCodegenConfig - camelize end - default (new: Default)
2023-10-19 22:30:45.364 [Test worker] TRACE i.s.c.v.g.DefaultCodegenConfig - camelize start - storageDeleteGet
2023-10-19 22:30:45.364 [Test worker] TRACE i.s.c.v.g.DefaultCodegenConfig - camelize end - storageDeleteGet (new: StorageDeleteGet)
2023-10-19 22:30:45.364 [Test worker] WARN  i.s.c.v.g.DefaultCodegenConfig - Empty operationId found for path: get /password/Get/{len?}/{digits?}/{case?}/{specialChars?}. Renamed to auto-generated operationId: passwordGetLenDigitsCaseSpecialCharsGet
2023-10-19 22:30:45.364 [Test worker] TRACE i.s.c.v.g.DefaultCodegenConfig - camelize start - len
2023-10-19 22:30:45.365 [Test worker] TRACE i.s.c.v.g.DefaultCodegenConfig - camelize end - len (new: Len)
2023-10-19 22:30:45.365 [Test worker] TRACE i.s.c.v.g.DefaultCodegenConfig - camelize start - len
2023-10-19 22:30:45.365 [Test worker] TRACE i.s.c.v.g.DefaultCodegenConfig - camelize end - len (new: Len)
2023-10-19 22:30:45.365 [Test worker] TRACE i.s.c.v.g.DefaultCodegenConfig - camelize start - len
2023-10-19 22:30:45.365 [Test worker] TRACE i.s.c.v.g.DefaultCodegenConfig - camelize end - len (new: Len)
2023-10-19 22:30:45.365 [Test worker] DEBUG i.s.c.v.g.DefaultCodegenConfig - Property type is not primitive: int64
2023-10-19 22:30:45.367 [Test worker] TRACE i.s.c.v.g.DefaultCodegenConfig - camelize start - digits
2023-10-19 22:30:45.367 [Test worker] TRACE i.s.c.v.g.DefaultCodegenConfig - camelize end - digits (new: Digits)
2023-10-19 22:30:45.368 [Test worker] TRACE i.s.c.v.g.DefaultCodegenConfig - camelize start - digits
2023-10-19 22:30:45.368 [Test worker] TRACE i.s.c.v.g.DefaultCodegenConfig - camelize end - digits (new: Digits)
2023-10-19 22:30:45.368 [Test worker] TRACE i.s.c.v.g.DefaultCodegenConfig - camelize start - digits
2023-10-19 22:30:45.368 [Test worker] TRACE i.s.c.v.g.DefaultCodegenConfig - camelize end - digits (new: Digits)
2023-10-19 22:30:45.368 [Test worker] TRACE i.s.c.v.g.DefaultCodegenConfig - camelize start - digits
2023-10-19 22:30:45.368 [Test worker] TRACE i.s.c.v.g.DefaultCodegenConfig - camelize end - digits (new: Digits)
2023-10-19 22:30:45.368 [Test worker] TRACE i.s.c.v.g.DefaultCodegenConfig - camelize start - case
2023-10-19 22:30:45.368 [Test worker] TRACE i.s.c.v.g.DefaultCodegenConfig - camelize end - case (new: Case)
2023-10-19 22:30:45.368 [Test worker] TRACE i.s.c.v.g.DefaultCodegenConfig - camelize start - case
2023-10-19 22:30:45.368 [Test worker] TRACE i.s.c.v.g.DefaultCodegenConfig - camelize end - case (new: Case)
2023-10-19 22:30:45.368 [Test worker] TRACE i.s.c.v.g.DefaultCodegenConfig - camelize start - case
2023-10-19 22:30:45.368 [Test worker] TRACE i.s.c.v.g.DefaultCodegenConfig - camelize end - case (new: Case)
2023-10-19 22:30:45.368 [Test worker] TRACE i.s.c.v.g.DefaultCodegenConfig - camelize start - case
2023-10-19 22:30:45.368 [Test worker] TRACE i.s.c.v.g.DefaultCodegenConfig - camelize end - case (new: Case)
2023-10-19 22:30:45.368 [Test worker] TRACE i.s.c.v.g.DefaultCodegenConfig - camelize start - specialChars
2023-10-19 22:30:45.368 [Test worker] TRACE i.s.c.v.g.DefaultCodegenConfig - camelize end - specialChars (new: SpecialChars)
2023-10-19 22:30:45.368 [Test worker] TRACE i.s.c.v.g.DefaultCodegenConfig - camelize start - specialChars
2023-10-19 22:30:45.368 [Test worker] TRACE i.s.c.v.g.DefaultCodegenConfig - camelize end - specialChars (new: SpecialChars)
2023-10-19 22:30:45.368 [Test worker] TRACE i.s.c.v.g.DefaultCodegenConfig - camelize start - specialChars
2023-10-19 22:30:45.368 [Test worker] TRACE i.s.c.v.g.DefaultCodegenConfig - camelize end - specialChars (new: SpecialChars)
2023-10-19 22:30:45.369 [Test worker] TRACE i.s.c.v.g.DefaultCodegenConfig - camelize start - specialChars
2023-10-19 22:30:45.369 [Test worker] TRACE i.s.c.v.g.DefaultCodegenConfig - camelize end - specialChars (new: SpecialChars)
2023-10-19 22:30:45.369 [Test worker] TRACE i.s.c.v.g.DefaultCodegenConfig - camelize start - default
2023-10-19 22:30:45.369 [Test worker] TRACE i.s.c.v.g.DefaultCodegenConfig - camelize end - default (new: Default)
2023-10-19 22:30:45.369 [Test worker] TRACE i.s.c.v.g.DefaultCodegenConfig - camelize start - passwordGetLenDigitsCaseSpecialCharsGet
2023-10-19 22:30:45.369 [Test worker] TRACE i.s.c.v.g.DefaultCodegenConfig - camelize end - passwordGetLenDigitsCaseSpecialCharsGet (new: PasswordGetLenDigitsCaseSpecialCharsGet)
2023-10-19 22:30:45.369 [Test worker] WARN  i.s.c.v.g.DefaultCodegenConfig - Empty operationId found for path: get /passKey/Get/{len?}/{password?}/{salt?}. Renamed to auto-generated operationId: passKeyGetLenPasswordSaltGet
2023-10-19 22:30:45.369 [Test worker] TRACE i.s.c.v.g.DefaultCodegenConfig - camelize start - len
2023-10-19 22:30:45.369 [Test worker] TRACE i.s.c.v.g.DefaultCodegenConfig - camelize end - len (new: Len)
2023-10-19 22:30:45.369 [Test worker] TRACE i.s.c.v.g.DefaultCodegenConfig - camelize start - len
2023-10-19 22:30:45.369 [Test worker] TRACE i.s.c.v.g.DefaultCodegenConfig - camelize end - len (new: Len)
2023-10-19 22:30:45.369 [Test worker] TRACE i.s.c.v.g.DefaultCodegenConfig - camelize start - len
2023-10-19 22:30:45.369 [Test worker] TRACE i.s.c.v.g.DefaultCodegenConfig - camelize end - len (new: Len)
2023-10-19 22:30:45.369 [Test worker] DEBUG i.s.c.v.g.DefaultCodegenConfig - Property type is not primitive: int64
2023-10-19 22:30:45.369 [Test worker] TRACE i.s.c.v.g.DefaultCodegenConfig - camelize start - password
2023-10-19 22:30:45.369 [Test worker] TRACE i.s.c.v.g.DefaultCodegenConfig - camelize end - password (new: Password)
2023-10-19 22:30:45.369 [Test worker] TRACE i.s.c.v.g.DefaultCodegenConfig - camelize start - password
2023-10-19 22:30:45.369 [Test worker] TRACE i.s.c.v.g.DefaultCodegenConfig - camelize end - password (new: Password)
2023-10-19 22:30:45.369 [Test worker] TRACE i.s.c.v.g.DefaultCodegenConfig - camelize start - password
2023-10-19 22:30:45.370 [Test worker] TRACE i.s.c.v.g.DefaultCodegenConfig - camelize end - password (new: Password)
2023-10-19 22:30:45.370 [Test worker] TRACE i.s.c.v.g.DefaultCodegenConfig - camelize start - password
2023-10-19 22:30:45.370 [Test worker] TRACE i.s.c.v.g.DefaultCodegenConfig - camelize end - password (new: Password)
2023-10-19 22:30:45.370 [Test worker] TRACE i.s.c.v.g.DefaultCodegenConfig - camelize start - salt
2023-10-19 22:30:45.370 [Test worker] TRACE i.s.c.v.g.DefaultCodegenConfig - camelize end - salt (new: Salt)
2023-10-19 22:30:45.370 [Test worker] TRACE i.s.c.v.g.DefaultCodegenConfig - camelize start - salt
2023-10-19 22:30:45.370 [Test worker] TRACE i.s.c.v.g.DefaultCodegenConfig - camelize end - salt (new: Salt)
2023-10-19 22:30:45.370 [Test worker] TRACE i.s.c.v.g.DefaultCodegenConfig - camelize start - salt
2023-10-19 22:30:45.370 [Test worker] TRACE i.s.c.v.g.DefaultCodegenConfig - camelize end - salt (new: Salt)
2023-10-19 22:30:45.370 [Test worker] TRACE i.s.c.v.g.DefaultCodegenConfig - camelize start - salt
2023-10-19 22:30:45.370 [Test worker] TRACE i.s.c.v.g.DefaultCodegenConfig - camelize end - salt (new: Salt)
2023-10-19 22:30:45.370 [Test worker] TRACE i.s.c.v.g.DefaultCodegenConfig - camelize start - default
2023-10-19 22:30:45.370 [Test worker] TRACE i.s.c.v.g.DefaultCodegenConfig - camelize end - default (new: Default)
2023-10-19 22:30:45.370 [Test worker] TRACE i.s.c.v.g.DefaultCodegenConfig - camelize start - passKeyGetLenPasswordSaltGet
2023-10-19 22:30:45.370 [Test worker] TRACE i.s.c.v.g.DefaultCodegenConfig - camelize end - passKeyGetLenPasswordSaltGet (new: PassKeyGetLenPasswordSaltGet)
2023-10-19 22:30:45.370 [Test worker] WARN  i.s.c.v.g.DefaultCodegenConfig - Empty operationId found for path: post /virusChecker/. Renamed to auto-generated operationId: virusCheckerPost
2023-10-19 22:30:45.376 [Test worker] TRACE i.s.c.v.g.DefaultCodegenConfig - camelize start - default
2023-10-19 22:30:45.376 [Test worker] TRACE i.s.c.v.g.DefaultCodegenConfig - camelize end - default (new: Default)
2023-10-19 22:30:45.376 [Test worker] TRACE i.s.c.v.g.DefaultCodegenConfig - camelize start - virusCheckerPost
2023-10-19 22:30:45.376 [Test worker] TRACE i.s.c.v.g.DefaultCodegenConfig - camelize end - virusCheckerPost (new: VirusCheckerPost)
2023-10-19 22:30:45.392 [Test worker] DEBUG c.g.j.h.internal.HbsParserFactory - About to parse: /handlebars/htmlDocs2/index.mustache
2023-10-19 22:30:45.421 [Test worker] DEBUG c.g.j.h.internal.HbsParserFactory - Building AST
2023-10-19 22:30:45.474 [Test worker] DEBUG c.g.j.h.internal.HbsParserFactory - Applying Mustache spec
2023-10-19 22:30:45.479 [Test worker] DEBUG c.g.j.h.internal.HbsParserFactory - Creating templates
2023-10-19 22:30:45.491 [Test worker] DEBUG c.g.j.h.internal.HbsParserFactory - About to parse: /handlebars/htmlDocs2/js_jquery.mustache
2023-10-19 22:30:45.517 [Test worker] DEBUG c.g.j.h.internal.HbsParserFactory - Building AST
2023-10-19 22:30:45.550 [Test worker] DEBUG c.g.j.h.internal.HbsParserFactory - Applying Mustache spec
2023-10-19 22:30:45.550 [Test worker] DEBUG c.g.j.h.internal.HbsParserFactory - Creating templates
2023-10-19 22:30:45.551 [Test worker] DEBUG c.g.j.h.internal.HbsParserFactory - About to parse: /handlebars/htmlDocs2/js_prettify.mustache
2023-10-19 22:30:45.555 [Test worker] DEBUG c.g.j.h.internal.HbsParserFactory - Building AST
2023-10-19 22:30:45.560 [Test worker] DEBUG c.g.j.h.internal.HbsParserFactory - Applying Mustache spec
2023-10-19 22:30:45.560 [Test worker] DEBUG c.g.j.h.internal.HbsParserFactory - Creating templates
2023-10-19 22:30:45.560 [Test worker] DEBUG c.g.j.h.internal.HbsParserFactory - About to parse: /handlebars/htmlDocs2/js_bootstrap.mustache
2023-10-19 22:30:45.567 [Test worker] DEBUG c.g.j.h.internal.HbsParserFactory - Building AST
2023-10-19 22:30:45.568 [Test worker] DEBUG c.g.j.h.internal.HbsParserFactory - Applying Mustache spec
2023-10-19 22:30:45.568 [Test worker] DEBUG c.g.j.h.internal.HbsParserFactory - Creating templates
2023-10-19 22:30:45.569 [Test worker] DEBUG c.g.j.h.internal.HbsParserFactory - About to parse: /handlebars/htmlDocs2/marked.mustache
2023-10-19 22:30:45.578 [Test worker] DEBUG c.g.j.h.internal.HbsParserFactory - Building AST
2023-10-19 22:30:45.579 [Test worker] DEBUG c.g.j.h.internal.HbsParserFactory - Applying Mustache spec
2023-10-19 22:30:45.579 [Test worker] DEBUG c.g.j.h.internal.HbsParserFactory - Creating templates
2023-10-19 22:30:45.581 [Test worker] DEBUG c.g.j.h.internal.HbsParserFactory - About to parse: /handlebars/htmlDocs2/css_bootstrap.mustache
2023-10-19 22:30:45.606 [Test worker] DEBUG c.g.j.h.internal.HbsParserFactory - Building AST
2023-10-19 22:30:45.609 [Test worker] DEBUG c.g.j.h.internal.HbsParserFactory - Applying Mustache spec
2023-10-19 22:30:45.609 [Test worker] DEBUG c.g.j.h.internal.HbsParserFactory - Creating templates
2023-10-19 22:30:45.610 [Test worker] DEBUG c.g.j.h.internal.HbsParserFactory - About to parse: /handlebars/htmlDocs2/css_prettify.mustache
2023-10-19 22:30:45.610 [Test worker] DEBUG c.g.j.h.internal.HbsParserFactory - Building AST
2023-10-19 22:30:45.610 [Test worker] DEBUG c.g.j.h.internal.HbsParserFactory - Applying Mustache spec
2023-10-19 22:30:45.610 [Test worker] DEBUG c.g.j.h.internal.HbsParserFactory - Creating templates
2023-10-19 22:30:45.611 [Test worker] DEBUG c.g.j.h.internal.HbsParserFactory - About to parse: /handlebars/htmlDocs2/styles.mustache
2023-10-19 22:30:45.614 [Test worker] DEBUG c.g.j.h.internal.HbsParserFactory - Building AST
2023-10-19 22:30:45.614 [Test worker] DEBUG c.g.j.h.internal.HbsParserFactory - Applying Mustache spec
2023-10-19 22:30:45.614 [Test worker] DEBUG c.g.j.h.internal.HbsParserFactory - Creating templates
2023-10-19 22:30:45.619 [Test worker] DEBUG c.g.j.h.internal.HbsParserFactory - About to parse: /handlebars/htmlDocs2/sample_java.mustache
2023-10-19 22:30:45.619 [Test worker] DEBUG c.g.j.h.internal.HbsParserFactory - Building AST
2023-10-19 22:30:45.624 [Test worker] DEBUG c.g.j.h.internal.HbsParserFactory - Applying Mustache spec
2023-10-19 22:30:45.625 [Test worker] DEBUG c.g.j.h.internal.HbsParserFactory - Creating templates
2023-10-19 22:30:45.627 [Test worker] DEBUG c.g.j.h.internal.HbsParserFactory - About to parse: /handlebars/htmlDocs2/sample_android.mustache
2023-10-19 22:30:45.627 [Test worker] DEBUG c.g.j.h.internal.HbsParserFactory - Building AST
2023-10-19 22:30:45.629 [Test worker] DEBUG c.g.j.h.internal.HbsParserFactory - Applying Mustache spec
2023-10-19 22:30:45.629 [Test worker] DEBUG c.g.j.h.internal.HbsParserFactory - Creating templates
2023-10-19 22:30:45.630 [Test worker] DEBUG c.g.j.h.internal.HbsParserFactory - About to parse: /handlebars/htmlDocs2/sample_objc.mustache
2023-10-19 22:30:45.631 [Test worker] DEBUG c.g.j.h.internal.HbsParserFactory - Building AST
2023-10-19 22:30:45.638 [Test worker] DEBUG c.g.j.h.internal.HbsParserFactory - Applying Mustache spec
2023-10-19 22:30:45.639 [Test worker] DEBUG c.g.j.h.internal.HbsParserFactory - Creating templates
2023-10-19 22:30:45.640 [Test worker] DEBUG c.g.j.h.internal.HbsParserFactory - About to parse: /handlebars/htmlDocs2/sample_js.mustache
2023-10-19 22:30:45.640 [Test worker] DEBUG c.g.j.h.internal.HbsParserFactory - Building AST
2023-10-19 22:30:45.652 [Test worker] DEBUG c.g.j.h.internal.HbsParserFactory - Applying Mustache spec
2023-10-19 22:30:45.652 [Test worker] DEBUG c.g.j.h.internal.HbsParserFactory - Creating templates
2023-10-19 22:30:45.654 [Test worker] DEBUG c.g.j.h.internal.HbsParserFactory - About to parse: /handlebars/htmlDocs2/sample_csharp.mustache
2023-10-19 22:30:45.654 [Test worker] DEBUG c.g.j.h.internal.HbsParserFactory - Building AST
2023-10-19 22:30:45.659 [Test worker] DEBUG c.g.j.h.internal.HbsParserFactory - Applying Mustache spec
2023-10-19 22:30:45.659 [Test worker] DEBUG c.g.j.h.internal.HbsParserFactory - Creating templates
2023-10-19 22:30:45.661 [Test worker] DEBUG c.g.j.h.internal.HbsParserFactory - About to parse: /handlebars/htmlDocs2/sample_php.mustache
2023-10-19 22:30:45.661 [Test worker] DEBUG c.g.j.h.internal.HbsParserFactory - Building AST
2023-10-19 22:30:45.664 [Test worker] DEBUG c.g.j.h.internal.HbsParserFactory - Applying Mustache spec
2023-10-19 22:30:45.664 [Test worker] DEBUG c.g.j.h.internal.HbsParserFactory - Creating templates
2023-10-19 22:30:45.665 [Test worker] DEBUG c.g.j.h.internal.HbsParserFactory - About to parse: /handlebars/htmlDocs2/sample_perl.mustache
2023-10-19 22:30:45.666 [Test worker] DEBUG c.g.j.h.internal.HbsParserFactory - Building AST
2023-10-19 22:30:45.670 [Test worker] DEBUG c.g.j.h.internal.HbsParserFactory - Applying Mustache spec
2023-10-19 22:30:45.671 [Test worker] DEBUG c.g.j.h.internal.HbsParserFactory - Creating templates
2023-10-19 22:30:45.672 [Test worker] DEBUG c.g.j.h.internal.HbsParserFactory - About to parse: /handlebars/htmlDocs2/sample_python.mustache
2023-10-19 22:30:45.672 [Test worker] DEBUG c.g.j.h.internal.HbsParserFactory - Building AST
2023-10-19 22:30:45.676 [Test worker] DEBUG c.g.j.h.internal.HbsParserFactory - Applying Mustache spec
2023-10-19 22:30:45.677 [Test worker] DEBUG c.g.j.h.internal.HbsParserFactory - Creating templates
2023-10-19 22:30:45.678 [Test worker] DEBUG c.g.j.h.internal.HbsParserFactory - About to parse: /handlebars/htmlDocs2/param.mustache
2023-10-19 22:30:45.679 [Test worker] DEBUG c.g.j.h.internal.HbsParserFactory - Building AST
2023-10-19 22:30:45.681 [Test worker] DEBUG c.g.j.h.internal.HbsParserFactory - Applying Mustache spec
2023-10-19 22:30:45.681 [Test worker] DEBUG c.g.j.h.internal.HbsParserFactory - Creating templates
2023-10-19 22:30:45.682 [Test worker] DEBUG c.g.j.h.internal.HbsParserFactory - About to parse: /handlebars/htmlDocs2/param.mustache
2023-10-19 22:30:45.682 [Test worker] DEBUG c.g.j.h.internal.HbsParserFactory - Building AST
2023-10-19 22:30:45.684 [Test worker] DEBUG c.g.j.h.internal.HbsParserFactory - Applying Mustache spec
2023-10-19 22:30:45.684 [Test worker] DEBUG c.g.j.h.internal.HbsParserFactory - Creating templates
2023-10-19 22:30:45.684 [Test worker] DEBUG c.g.j.h.internal.HbsParserFactory - About to parse: /handlebars/htmlDocs2/param.mustache
2023-10-19 22:30:45.685 [Test worker] DEBUG c.g.j.h.internal.HbsParserFactory - Building AST
2023-10-19 22:30:45.686 [Test worker] DEBUG c.g.j.h.internal.HbsParserFactory - Applying Mustache spec
2023-10-19 22:30:45.686 [Test worker] DEBUG c.g.j.h.internal.HbsParserFactory - Creating templates
2023-10-19 22:30:45.688 [Test worker] DEBUG c.g.j.h.internal.HbsParserFactory - About to parse: /handlebars/htmlDocs2/sample_java.mustache
2023-10-19 22:30:45.688 [Test worker] DEBUG c.g.j.h.internal.HbsParserFactory - Building AST
2023-10-19 22:30:45.691 [Test worker] DEBUG c.g.j.h.internal.HbsParserFactory - Applying Mustache spec
2023-10-19 22:30:45.691 [Test worker] DEBUG c.g.j.h.internal.HbsParserFactory - Creating templates
2023-10-19 22:30:45.692 [Test worker] DEBUG c.g.j.h.internal.HbsParserFactory - About to parse: /handlebars/htmlDocs2/sample_android.mustache
2023-10-19 22:30:45.692 [Test worker] DEBUG c.g.j.h.internal.HbsParserFactory - Building AST
2023-10-19 22:30:45.693 [Test worker] DEBUG c.g.j.h.internal.HbsParserFactory - Applying Mustache spec
2023-10-19 22:30:45.693 [Test worker] DEBUG c.g.j.h.internal.HbsParserFactory - Creating templates
2023-10-19 22:30:45.694 [Test worker] DEBUG c.g.j.h.internal.HbsParserFactory - About to parse: /handlebars/htmlDocs2/sample_objc.mustache
2023-10-19 22:30:45.694 [Test worker] DEBUG c.g.j.h.internal.HbsParserFactory - Building AST
2023-10-19 22:30:45.696 [Test worker] DEBUG c.g.j.h.internal.HbsParserFactory - Applying Mustache spec
2023-10-19 22:30:45.696 [Test worker] DEBUG c.g.j.h.internal.HbsParserFactory - Creating templates
2023-10-19 22:30:45.697 [Test worker] DEBUG c.g.j.h.internal.HbsParserFactory - About to parse: /handlebars/htmlDocs2/sample_js.mustache
2023-10-19 22:30:45.698 [Test worker] DEBUG c.g.j.h.internal.HbsParserFactory - Building AST
2023-10-19 22:30:45.701 [Test worker] DEBUG c.g.j.h.internal.HbsParserFactory - Applying Mustache spec
2023-10-19 22:30:45.701 [Test worker] DEBUG c.g.j.h.internal.HbsParserFactory - Creating templates
2023-10-19 22:30:45.702 [Test worker] DEBUG c.g.j.h.internal.HbsParserFactory - About to parse: /handlebars/htmlDocs2/sample_csharp.mustache
2023-10-19 22:30:45.703 [Test worker] DEBUG c.g.j.h.internal.HbsParserFactory - Building AST
2023-10-19 22:30:45.705 [Test worker] DEBUG c.g.j.h.internal.HbsParserFactory - Applying Mustache spec
2023-10-19 22:30:45.705 [Test worker] DEBUG c.g.j.h.internal.HbsParserFactory - Creating templates
2023-10-19 22:30:45.706 [Test worker] DEBUG c.g.j.h.internal.HbsParserFactory - About to parse: /handlebars/htmlDocs2/sample_php.mustache
2023-10-19 22:30:45.706 [Test worker] DEBUG c.g.j.h.internal.HbsParserFactory - Building AST
2023-10-19 22:30:45.708 [Test worker] DEBUG c.g.j.h.internal.HbsParserFactory - Applying Mustache spec
2023-10-19 22:30:45.708 [Test worker] DEBUG c.g.j.h.internal.HbsParserFactory - Creating templates
2023-10-19 22:30:45.709 [Test worker] DEBUG c.g.j.h.internal.HbsParserFactory - About to parse: /handlebars/htmlDocs2/sample_perl.mustache
2023-10-19 22:30:45.709 [Test worker] DEBUG c.g.j.h.internal.HbsParserFactory - Building AST
2023-10-19 22:30:45.711 [Test worker] DEBUG c.g.j.h.internal.HbsParserFactory - Applying Mustache spec
2023-10-19 22:30:45.711 [Test worker] DEBUG c.g.j.h.internal.HbsParserFactory - Creating templates
2023-10-19 22:30:45.712 [Test worker] DEBUG c.g.j.h.internal.HbsParserFactory - About to parse: /handlebars/htmlDocs2/sample_python.mustache
2023-10-19 22:30:45.712 [Test worker] DEBUG c.g.j.h.internal.HbsParserFactory - Building AST
2023-10-19 22:30:45.714 [Test worker] DEBUG c.g.j.h.internal.HbsParserFactory - Applying Mustache spec
2023-10-19 22:30:45.714 [Test worker] DEBUG c.g.j.h.internal.HbsParserFactory - Creating templates
2023-10-19 22:30:45.715 [Test worker] DEBUG c.g.j.h.internal.HbsParserFactory - About to parse: /handlebars/htmlDocs2/param.mustache
2023-10-19 22:30:45.716 [Test worker] DEBUG c.g.j.h.internal.HbsParserFactory - Building AST
2023-10-19 22:30:45.717 [Test worker] DEBUG c.g.j.h.internal.HbsParserFactory - Applying Mustache spec
2023-10-19 22:30:45.717 [Test worker] DEBUG c.g.j.h.internal.HbsParserFactory - Creating templates
2023-10-19 22:30:45.717 [Test worker] DEBUG c.g.j.h.internal.HbsParserFactory - About to parse: /handlebars/htmlDocs2/param.mustache
2023-10-19 22:30:45.718 [Test worker] DEBUG c.g.j.h.internal.HbsParserFactory - Building AST
2023-10-19 22:30:45.719 [Test worker] DEBUG c.g.j.h.internal.HbsParserFactory - Applying Mustache spec
2023-10-19 22:30:45.719 [Test worker] DEBUG c.g.j.h.internal.HbsParserFactory - Creating templates
2023-10-19 22:30:45.719 [Test worker] DEBUG c.g.j.h.internal.HbsParserFactory - About to parse: /handlebars/htmlDocs2/param.mustache
2023-10-19 22:30:45.719 [Test worker] DEBUG c.g.j.h.internal.HbsParserFactory - Building AST
2023-10-19 22:30:45.720 [Test worker] DEBUG c.g.j.h.internal.HbsParserFactory - Applying Mustache spec
2023-10-19 22:30:45.720 [Test worker] DEBUG c.g.j.h.internal.HbsParserFactory - Creating templates
2023-10-19 22:30:45.721 [Test worker] DEBUG c.g.j.h.internal.HbsParserFactory - About to parse: /handlebars/htmlDocs2/param.mustache
2023-10-19 22:30:45.721 [Test worker] DEBUG c.g.j.h.internal.HbsParserFactory - Building AST
2023-10-19 22:30:45.722 [Test worker] DEBUG c.g.j.h.internal.HbsParserFactory - Applying Mustache spec
2023-10-19 22:30:45.722 [Test worker] DEBUG c.g.j.h.internal.HbsParserFactory - Creating templates
2023-10-19 22:30:45.723 [Test worker] DEBUG c.g.j.h.internal.HbsParserFactory - About to parse: /handlebars/htmlDocs2/sample_java.mustache
2023-10-19 22:30:45.723 [Test worker] DEBUG c.g.j.h.internal.HbsParserFactory - Building AST
2023-10-19 22:30:45.725 [Test worker] DEBUG c.g.j.h.internal.HbsParserFactory - Applying Mustache spec
2023-10-19 22:30:45.725 [Test worker] DEBUG c.g.j.h.internal.HbsParserFactory - Creating templates
2023-10-19 22:30:45.726 [Test worker] DEBUG c.g.j.h.internal.HbsParserFactory - About to parse: /handlebars/htmlDocs2/sample_android.mustache
2023-10-19 22:30:45.726 [Test worker] DEBUG c.g.j.h.internal.HbsParserFactory - Building AST
2023-10-19 22:30:45.727 [Test worker] DEBUG c.g.j.h.internal.HbsParserFactory - Applying Mustache spec
2023-10-19 22:30:45.727 [Test worker] DEBUG c.g.j.h.internal.HbsParserFactory - Creating templates
2023-10-19 22:30:45.727 [Test worker] DEBUG c.g.j.h.internal.HbsParserFactory - About to parse: /handlebars/htmlDocs2/sample_objc.mustache
2023-10-19 22:30:45.728 [Test worker] DEBUG c.g.j.h.internal.HbsParserFactory - Building AST
2023-10-19 22:30:45.729 [Test worker] DEBUG c.g.j.h.internal.HbsParserFactory - Applying Mustache spec
2023-10-19 22:30:45.729 [Test worker] DEBUG c.g.j.h.internal.HbsParserFactory - Creating templates
2023-10-19 22:30:45.730 [Test worker] DEBUG c.g.j.h.internal.HbsParserFactory - About to parse: /handlebars/htmlDocs2/sample_js.mustache
2023-10-19 22:30:45.730 [Test worker] DEBUG c.g.j.h.internal.HbsParserFactory - Building AST
2023-10-19 22:30:45.734 [Test worker] DEBUG c.g.j.h.internal.HbsParserFactory - Applying Mustache spec
2023-10-19 22:30:45.734 [Test worker] DEBUG c.g.j.h.internal.HbsParserFactory - Creating templates
2023-10-19 22:30:45.735 [Test worker] DEBUG c.g.j.h.internal.HbsParserFactory - About to parse: /handlebars/htmlDocs2/sample_csharp.mustache
2023-10-19 22:30:45.735 [Test worker] DEBUG c.g.j.h.internal.HbsParserFactory - Building AST
2023-10-19 22:30:45.737 [Test worker] DEBUG c.g.j.h.internal.HbsParserFactory - Applying Mustache spec
2023-10-19 22:30:45.738 [Test worker] DEBUG c.g.j.h.internal.HbsParserFactory - Creating templates
2023-10-19 22:30:45.738 [Test worker] DEBUG c.g.j.h.internal.HbsParserFactory - About to parse: /handlebars/htmlDocs2/sample_php.mustache
2023-10-19 22:30:45.739 [Test worker] DEBUG c.g.j.h.internal.HbsParserFactory - Building AST
2023-10-19 22:30:45.740 [Test worker] DEBUG c.g.j.h.internal.HbsParserFactory - Applying Mustache spec
2023-10-19 22:30:45.740 [Test worker] DEBUG c.g.j.h.internal.HbsParserFactory - Creating templates
2023-10-19 22:30:45.741 [Test worker] DEBUG c.g.j.h.internal.HbsParserFactory - About to parse: /handlebars/htmlDocs2/sample_perl.mustache
2023-10-19 22:30:45.741 [Test worker] DEBUG c.g.j.h.internal.HbsParserFactory - Building AST
2023-10-19 22:30:45.743 [Test worker] DEBUG c.g.j.h.internal.HbsParserFactory - Applying Mustache spec
2023-10-19 22:30:45.743 [Test worker] DEBUG c.g.j.h.internal.HbsParserFactory - Creating templates
2023-10-19 22:30:45.744 [Test worker] DEBUG c.g.j.h.internal.HbsParserFactory - About to parse: /handlebars/htmlDocs2/sample_python.mustache
2023-10-19 22:30:45.744 [Test worker] DEBUG c.g.j.h.internal.HbsParserFactory - Building AST
2023-10-19 22:30:45.745 [Test worker] DEBUG c.g.j.h.internal.HbsParserFactory - Applying Mustache spec
2023-10-19 22:30:45.745 [Test worker] DEBUG c.g.j.h.internal.HbsParserFactory - Creating templates
2023-10-19 22:30:45.746 [Test worker] DEBUG c.g.j.h.internal.HbsParserFactory - About to parse: /handlebars/htmlDocs2/param.mustache
2023-10-19 22:30:45.746 [Test worker] DEBUG c.g.j.h.internal.HbsParserFactory - Building AST
2023-10-19 22:30:45.747 [Test worker] DEBUG c.g.j.h.internal.HbsParserFactory - Applying Mustache spec
2023-10-19 22:30:45.747 [Test worker] DEBUG c.g.j.h.internal.HbsParserFactory - Creating templates
2023-10-19 22:30:45.748 [Test worker] DEBUG c.g.j.h.internal.HbsParserFactory - About to parse: /handlebars/htmlDocs2/sample_java.mustache
2023-10-19 22:30:45.748 [Test worker] DEBUG c.g.j.h.internal.HbsParserFactory - Building AST
2023-10-19 22:30:45.750 [Test worker] DEBUG c.g.j.h.internal.HbsParserFactory - Applying Mustache spec
2023-10-19 22:30:45.750 [Test worker] DEBUG c.g.j.h.internal.HbsParserFactory - Creating templates
2023-10-19 22:30:45.751 [Test worker] DEBUG c.g.j.h.internal.HbsParserFactory - About to parse: /handlebars/htmlDocs2/sample_android.mustache
2023-10-19 22:30:45.751 [Test worker] DEBUG c.g.j.h.internal.HbsParserFactory - Building AST
2023-10-19 22:30:45.751 [Test worker] DEBUG c.g.j.h.internal.HbsParserFactory - Applying Mustache spec
2023-10-19 22:30:45.752 [Test worker] DEBUG c.g.j.h.internal.HbsParserFactory - Creating templates
2023-10-19 22:30:45.752 [Test worker] DEBUG c.g.j.h.internal.HbsParserFactory - About to parse: /handlebars/htmlDocs2/sample_objc.mustache
2023-10-19 22:30:45.752 [Test worker] DEBUG c.g.j.h.internal.HbsParserFactory - Building AST
2023-10-19 22:30:45.754 [Test worker] DEBUG c.g.j.h.internal.HbsParserFactory - Applying Mustache spec
2023-10-19 22:30:45.754 [Test worker] DEBUG c.g.j.h.internal.HbsParserFactory - Creating templates
2023-10-19 22:30:45.755 [Test worker] DEBUG c.g.j.h.internal.HbsParserFactory - About to parse: /handlebars/htmlDocs2/sample_js.mustache
2023-10-19 22:30:45.755 [Test worker] DEBUG c.g.j.h.internal.HbsParserFactory - Building AST
2023-10-19 22:30:45.757 [Test worker] DEBUG c.g.j.h.internal.HbsParserFactory - Applying Mustache spec
2023-10-19 22:30:45.758 [Test worker] DEBUG c.g.j.h.internal.HbsParserFactory - Creating templates
2023-10-19 22:30:45.759 [Test worker] DEBUG c.g.j.h.internal.HbsParserFactory - About to parse: /handlebars/htmlDocs2/sample_csharp.mustache
2023-10-19 22:30:45.759 [Test worker] DEBUG c.g.j.h.internal.HbsParserFactory - Building AST
2023-10-19 22:30:45.761 [Test worker] DEBUG c.g.j.h.internal.HbsParserFactory - Applying Mustache spec
2023-10-19 22:30:45.761 [Test worker] DEBUG c.g.j.h.internal.HbsParserFactory - Creating templates
2023-10-19 22:30:45.761 [Test worker] DEBUG c.g.j.h.internal.HbsParserFactory - About to parse: /handlebars/htmlDocs2/sample_php.mustache
2023-10-19 22:30:45.762 [Test worker] DEBUG c.g.j.h.internal.HbsParserFactory - Building AST
2023-10-19 22:30:45.763 [Test worker] DEBUG c.g.j.h.internal.HbsParserFactory - Applying Mustache spec
2023-10-19 22:30:45.763 [Test worker] DEBUG c.g.j.h.internal.HbsParserFactory - Creating templates
2023-10-19 22:30:45.763 [Test worker] DEBUG c.g.j.h.internal.HbsParserFactory - About to parse: /handlebars/htmlDocs2/sample_perl.mustache
2023-10-19 22:30:45.763 [Test worker] DEBUG c.g.j.h.internal.HbsParserFactory - Building AST
2023-10-19 22:30:45.765 [Test worker] DEBUG c.g.j.h.internal.HbsParserFactory - Applying Mustache spec
2023-10-19 22:30:45.765 [Test worker] DEBUG c.g.j.h.internal.HbsParserFactory - Creating templates
2023-10-19 22:30:45.766 [Test worker] DEBUG c.g.j.h.internal.HbsParserFactory - About to parse: /handlebars/htmlDocs2/sample_python.mustache
2023-10-19 22:30:45.766 [Test worker] DEBUG c.g.j.h.internal.HbsParserFactory - Building AST
2023-10-19 22:30:45.768 [Test worker] DEBUG c.g.j.h.internal.HbsParserFactory - Applying Mustache spec
2023-10-19 22:30:45.768 [Test worker] DEBUG c.g.j.h.internal.HbsParserFactory - Creating templates
2023-10-19 22:30:45.768 [Test worker] DEBUG c.g.j.h.internal.HbsParserFactory - About to parse: /handlebars/htmlDocs2/param.mustache
2023-10-19 22:30:45.769 [Test worker] DEBUG c.g.j.h.internal.HbsParserFactory - Building AST
2023-10-19 22:30:45.769 [Test worker] DEBUG c.g.j.h.internal.HbsParserFactory - Applying Mustache spec
2023-10-19 22:30:45.769 [Test worker] DEBUG c.g.j.h.internal.HbsParserFactory - Creating templates
2023-10-19 22:30:45.770 [Test worker] DEBUG c.g.j.h.internal.HbsParserFactory - About to parse: /handlebars/htmlDocs2/param.mustache
2023-10-19 22:30:45.770 [Test worker] DEBUG c.g.j.h.internal.HbsParserFactory - Building AST
2023-10-19 22:30:45.771 [Test worker] DEBUG c.g.j.h.internal.HbsParserFactory - Applying Mustache spec
2023-10-19 22:30:45.772 [Test worker] DEBUG c.g.j.h.internal.HbsParserFactory - Creating templates
2023-10-19 22:30:45.773 [Test worker] DEBUG c.g.j.h.internal.HbsParserFactory - About to parse: /handlebars/htmlDocs2/sample_java.mustache
2023-10-19 22:30:45.773 [Test worker] DEBUG c.g.j.h.internal.HbsParserFactory - Building AST
2023-10-19 22:30:45.774 [Test worker] DEBUG c.g.j.h.internal.HbsParserFactory - Applying Mustache spec
2023-10-19 22:30:45.774 [Test worker] DEBUG c.g.j.h.internal.HbsParserFactory - Creating templates
2023-10-19 22:30:45.775 [Test worker] DEBUG c.g.j.h.internal.HbsParserFactory - About to parse: /handlebars/htmlDocs2/sample_android.mustache
2023-10-19 22:30:45.775 [Test worker] DEBUG c.g.j.h.internal.HbsParserFactory - Building AST
2023-10-19 22:30:45.776 [Test worker] DEBUG c.g.j.h.internal.HbsParserFactory - Applying Mustache spec
2023-10-19 22:30:45.776 [Test worker] DEBUG c.g.j.h.internal.HbsParserFactory - Creating templates
2023-10-19 22:30:45.776 [Test worker] DEBUG c.g.j.h.internal.HbsParserFactory - About to parse: /handlebars/htmlDocs2/sample_objc.mustache
2023-10-19 22:30:45.776 [Test worker] DEBUG c.g.j.h.internal.HbsParserFactory - Building AST
2023-10-19 22:30:45.778 [Test worker] DEBUG c.g.j.h.internal.HbsParserFactory - Applying Mustache spec
2023-10-19 22:30:45.778 [Test worker] DEBUG c.g.j.h.internal.HbsParserFactory - Creating templates
2023-10-19 22:30:45.779 [Test worker] DEBUG c.g.j.h.internal.HbsParserFactory - About to parse: /handlebars/htmlDocs2/sample_js.mustache
2023-10-19 22:30:45.779 [Test worker] DEBUG c.g.j.h.internal.HbsParserFactory - Building AST
2023-10-19 22:30:45.781 [Test worker] DEBUG c.g.j.h.internal.HbsParserFactory - Applying Mustache spec
2023-10-19 22:30:45.782 [Test worker] DEBUG c.g.j.h.internal.HbsParserFactory - Creating templates
2023-10-19 22:30:45.783 [Test worker] DEBUG c.g.j.h.internal.HbsParserFactory - About to parse: /handlebars/htmlDocs2/sample_csharp.mustache
2023-10-19 22:30:45.783 [Test worker] DEBUG c.g.j.h.internal.HbsParserFactory - Building AST
2023-10-19 22:30:45.785 [Test worker] DEBUG c.g.j.h.internal.HbsParserFactory - Applying Mustache spec
2023-10-19 22:30:45.785 [Test worker] DEBUG c.g.j.h.internal.HbsParserFactory - Creating templates
2023-10-19 22:30:45.786 [Test worker] DEBUG c.g.j.h.internal.HbsParserFactory - About to parse: /handlebars/htmlDocs2/sample_php.mustache
2023-10-19 22:30:45.786 [Test worker] DEBUG c.g.j.h.internal.HbsParserFactory - Building AST
2023-10-19 22:30:45.787 [Test worker] DEBUG c.g.j.h.internal.HbsParserFactory - Applying Mustache spec
2023-10-19 22:30:45.787 [Test worker] DEBUG c.g.j.h.internal.HbsParserFactory - Creating templates
2023-10-19 22:30:45.787 [Test worker] DEBUG c.g.j.h.internal.HbsParserFactory - About to parse: /handlebars/htmlDocs2/sample_perl.mustache
2023-10-19 22:30:45.787 [Test worker] DEBUG c.g.j.h.internal.HbsParserFactory - Building AST
2023-10-19 22:30:45.789 [Test worker] DEBUG c.g.j.h.internal.HbsParserFactory - Applying Mustache spec
2023-10-19 22:30:45.789 [Test worker] DEBUG c.g.j.h.internal.HbsParserFactory - Creating templates
2023-10-19 22:30:45.790 [Test worker] DEBUG c.g.j.h.internal.HbsParserFactory - About to parse: /handlebars/htmlDocs2/sample_python.mustache
2023-10-19 22:30:45.790 [Test worker] DEBUG c.g.j.h.internal.HbsParserFactory - Building AST
2023-10-19 22:30:45.791 [Test worker] DEBUG c.g.j.h.internal.HbsParserFactory - Applying Mustache spec
2023-10-19 22:30:45.792 [Test worker] DEBUG c.g.j.h.internal.HbsParserFactory - Creating templates
2023-10-19 22:30:45.792 [Test worker] DEBUG c.g.j.h.internal.HbsParserFactory - About to parse: /handlebars/htmlDocs2/paramB.mustache
2023-10-19 22:30:45.793 [Test worker] DEBUG c.g.j.h.internal.HbsParserFactory - Building AST
2023-10-19 22:30:45.793 [Test worker] DEBUG c.g.j.h.internal.HbsParserFactory - Applying Mustache spec
2023-10-19 22:30:45.793 [Test worker] DEBUG c.g.j.h.internal.HbsParserFactory - Creating templates
2023-10-19 22:30:45.794 [Test worker] DEBUG c.g.j.h.internal.HbsParserFactory - About to parse: /handlebars/htmlDocs2/sample_java.mustache
2023-10-19 22:30:45.794 [Test worker] DEBUG c.g.j.h.internal.HbsParserFactory - Building AST
2023-10-19 22:30:45.796 [Test worker] DEBUG c.g.j.h.internal.HbsParserFactory - Applying Mustache spec
2023-10-19 22:30:45.796 [Test worker] DEBUG c.g.j.h.internal.HbsParserFactory - Creating templates
2023-10-19 22:30:45.796 [Test worker] DEBUG c.g.j.h.internal.HbsParserFactory - About to parse: /handlebars/htmlDocs2/sample_android.mustache
2023-10-19 22:30:45.796 [Test worker] DEBUG c.g.j.h.internal.HbsParserFactory - Building AST
2023-10-19 22:30:45.797 [Test worker] DEBUG c.g.j.h.internal.HbsParserFactory - Applying Mustache spec
2023-10-19 22:30:45.797 [Test worker] DEBUG c.g.j.h.internal.HbsParserFactory - Creating templates
2023-10-19 22:30:45.798 [Test worker] DEBUG c.g.j.h.internal.HbsParserFactory - About to parse: /handlebars/htmlDocs2/sample_objc.mustache
2023-10-19 22:30:45.798 [Test worker] DEBUG c.g.j.h.internal.HbsParserFactory - Building AST
2023-10-19 22:30:45.800 [Test worker] DEBUG c.g.j.h.internal.HbsParserFactory - Applying Mustache spec
2023-10-19 22:30:45.800 [Test worker] DEBUG c.g.j.h.internal.HbsParserFactory - Creating templates
2023-10-19 22:30:45.800 [Test worker] DEBUG c.g.j.h.internal.HbsParserFactory - About to parse: /handlebars/htmlDocs2/sample_js.mustache
2023-10-19 22:30:45.800 [Test worker] DEBUG c.g.j.h.internal.HbsParserFactory - Building AST
2023-10-19 22:30:45.803 [Test worker] DEBUG c.g.j.h.internal.HbsParserFactory - Applying Mustache spec
2023-10-19 22:30:45.803 [Test worker] DEBUG c.g.j.h.internal.HbsParserFactory - Creating templates
2023-10-19 22:30:45.804 [Test worker] DEBUG c.g.j.h.internal.HbsParserFactory - About to parse: /handlebars/htmlDocs2/sample_csharp.mustache
2023-10-19 22:30:45.804 [Test worker] DEBUG c.g.j.h.internal.HbsParserFactory - Building AST
2023-10-19 22:30:45.806 [Test worker] DEBUG c.g.j.h.internal.HbsParserFactory - Applying Mustache spec
2023-10-19 22:30:45.806 [Test worker] DEBUG c.g.j.h.internal.HbsParserFactory - Creating templates
2023-10-19 22:30:45.807 [Test worker] DEBUG c.g.j.h.internal.HbsParserFactory - About to parse: /handlebars/htmlDocs2/sample_php.mustache
2023-10-19 22:30:45.807 [Test worker] DEBUG c.g.j.h.internal.HbsParserFactory - Building AST
2023-10-19 22:30:45.808 [Test worker] DEBUG c.g.j.h.internal.HbsParserFactory - Applying Mustache spec
2023-10-19 22:30:45.808 [Test worker] DEBUG c.g.j.h.internal.HbsParserFactory - Creating templates
2023-10-19 22:30:45.808 [Test worker] DEBUG c.g.j.h.internal.HbsParserFactory - About to parse: /handlebars/htmlDocs2/sample_perl.mustache
2023-10-19 22:30:45.809 [Test worker] DEBUG c.g.j.h.internal.HbsParserFactory - Building AST
2023-10-19 22:30:45.810 [Test worker] DEBUG c.g.j.h.internal.HbsParserFactory - Applying Mustache spec
2023-10-19 22:30:45.810 [Test worker] DEBUG c.g.j.h.internal.HbsParserFactory - Creating templates
2023-10-19 22:30:45.811 [Test worker] DEBUG c.g.j.h.internal.HbsParserFactory - About to parse: /handlebars/htmlDocs2/sample_python.mustache
2023-10-19 22:30:45.811 [Test worker] DEBUG c.g.j.h.internal.HbsParserFactory - Building AST
2023-10-19 22:30:45.813 [Test worker] DEBUG c.g.j.h.internal.HbsParserFactory - Applying Mustache spec
2023-10-19 22:30:45.813 [Test worker] DEBUG c.g.j.h.internal.HbsParserFactory - Creating templates
2023-10-19 22:30:45.813 [Test worker] DEBUG c.g.j.h.internal.HbsParserFactory - About to parse: /handlebars/htmlDocs2/paramB.mustache
2023-10-19 22:30:45.813 [Test worker] DEBUG c.g.j.h.internal.HbsParserFactory - Building AST
2023-10-19 22:30:45.814 [Test worker] DEBUG c.g.j.h.internal.HbsParserFactory - Applying Mustache spec
2023-10-19 22:30:45.814 [Test worker] DEBUG c.g.j.h.internal.HbsParserFactory - Creating templates
2023-10-19 22:30:45.816 [Test worker] DEBUG c.g.j.h.internal.HbsParserFactory - About to parse: /handlebars/htmlDocs2/js_jsonformatter.mustache
2023-10-19 22:30:45.824 [Test worker] DEBUG c.g.j.h.internal.HbsParserFactory - Building AST
2023-10-19 22:30:45.825 [Test worker] DEBUG c.g.j.h.internal.HbsParserFactory - Applying Mustache spec
2023-10-19 22:30:45.826 [Test worker] DEBUG c.g.j.h.internal.HbsParserFactory - Creating templates
2023-10-19 22:30:45.827 [Test worker] DEBUG c.g.j.h.internal.HbsParserFactory - About to parse: /handlebars/htmlDocs2/js_jsonschemaview.mustache
2023-10-19 22:30:45.833 [Test worker] DEBUG c.g.j.h.internal.HbsParserFactory - Building AST
2023-10-19 22:30:45.841 [Test worker] DEBUG c.g.j.h.internal.HbsParserFactory - Applying Mustache spec
2023-10-19 22:30:45.841 [Test worker] DEBUG c.g.j.h.internal.HbsParserFactory - Creating templates
2023-10-19 22:30:45.842 [Test worker] DEBUG c.g.j.h.internal.HbsParserFactory - About to parse: /handlebars/htmlDocs2/js_json_schema_ref_parser.mustache
2023-10-19 22:30:45.845 [Test worker] DEBUG c.g.j.h.internal.HbsParserFactory - Building AST
2023-10-19 22:30:45.850 [Test worker] DEBUG c.g.j.h.internal.HbsParserFactory - Applying Mustache spec
2023-10-19 22:30:45.851 [Test worker] DEBUG c.g.j.h.internal.HbsParserFactory - Creating templates
2023-10-19 22:30:45.851 [Test worker] DEBUG c.g.j.h.internal.HbsParserFactory - About to parse: /handlebars/htmlDocs2/js_json_stringify_safe.mustache
2023-10-19 22:30:45.851 [Test worker] DEBUG c.g.j.h.internal.HbsParserFactory - Building AST
2023-10-19 22:30:45.851 [Test worker] DEBUG c.g.j.h.internal.HbsParserFactory - Applying Mustache spec
2023-10-19 22:30:45.851 [Test worker] DEBUG c.g.j.h.internal.HbsParserFactory - Creating templates
2023-10-19 22:30:45.852 [Test worker] DEBUG c.g.j.h.internal.HbsParserFactory - About to parse: /handlebars/htmlDocs2/js_webfontloader.mustache
2023-10-19 22:30:45.852 [Test worker] DEBUG c.g.j.h.internal.HbsParserFactory - Building AST
2023-10-19 22:30:45.853 [Test worker] DEBUG c.g.j.h.internal.HbsParserFactory - Applying Mustache spec
2023-10-19 22:30:45.853 [Test worker] DEBUG c.g.j.h.internal.HbsParserFactory - Creating templates
2023-10-19 22:30:45.853 [Test worker] INFO  i.s.codegen.v3.AbstractGenerator - writing file docs/index.html
2023-10-19 22:30:45.854 [Test worker] INFO  i.s.codegen.v3.AbstractGenerator - writing file docs/.swagger-codegen/VERSION
2023-10-19 22:30:45.920 [DefaultDispatcher-worker-1 @request#2] TRACE io.ktor.routing.Routing - Trace for [password, Get, ]
/, segment:0 -> SUCCESS @ /
  /openapi, segment:0 -> FAILURE "Selector didn't match" @ /openapi
  /(authenticate "default"), segment:0 -> SUCCESS @ /(authenticate "default")
    /(authenticate "default")/storage, segment:0 -> FAILURE "Selector didn't match" @ /(authenticate "default")/storage
  /password, segment:1 -> SUCCESS @ /password
    /password/Get, segment:2 -> SUCCESS @ /password/Get
      /password/Get/{len?}, segment:3 -> SUCCESS @ /password/Get/{len?}
        /password/Get/{len?}/{digits?}, segment:3 -> SUCCESS @ /password/Get/{len?}/{digits?}
          /password/Get/{len?}/{digits?}/{case?}, segment:3 -> SUCCESS @ /password/Get/{len?}/{digits?}/{case?}
            /password/Get/{len?}/{digits?}/{case?}/{specialChars?}, segment:3 -> SUCCESS @ /password/Get/{len?}/{digits?}/{case?}/{specialChars?}
              /password/Get/{len?}/{digits?}/{case?}/{specialChars?}/(method:GET), segment:3 -> SUCCESS @ /password/Get/{len?}/{digits?}/{case?}/{specialChars?}/(method:GET)
  /passKey, segment:0 -> FAILURE "Selector didn't match" @ /passKey
  /virusChecker, segment:0 -> FAILURE "Selector didn't match" @ /virusChecker
  /swagger, segment:0 -> FAILURE "Selector didn't match" @ /swagger
Matched routes:
  "" -> "password" -> "Get" -> "{len?}" -> "{digits?}" -> "{case?}" -> "{specialChars?}" -> "(method:GET)"
Route resolve result:
  SUCCESS @ /password/Get/{len?}/{digits?}/{case?}/{specialChars?}/(method:GET)
2023-10-19 22:30:45.923 [DefaultDispatcher-worker-1 @request#2] TRACE i.k.s.p.c.ContentNegotiation - Skipping because body is already converted.
2023-10-19 22:30:45.937 [Test worker] INFO  ktor.test - No ktor.deployment.watch patterns specified, automatic reload is not active.
2023-10-19 22:30:45.937 [Test worker] INFO  ktor.test - Application started in 0.0 seconds.
2023-10-19 22:30:45.949 [Test worker] TRACE i.s.c.v.g.DefaultCodegenConfig - camelize start - security_tools_api
2023-10-19 22:30:45.949 [Test worker] TRACE i.s.c.v.g.DefaultCodegenConfig - camelize end - security_tools_api (new: SecurityToolsApi)
2023-10-19 22:30:45.950 [Test worker] TRACE i.s.c.v.g.DefaultCodegenConfig - camelize start - principal
2023-10-19 22:30:45.950 [Test worker] TRACE i.s.c.v.g.DefaultCodegenConfig - camelize end - principal (new: Principal)
2023-10-19 22:30:45.950 [Test worker] TRACE i.s.c.v.g.DefaultCodegenConfig - camelize start - principal
2023-10-19 22:30:45.950 [Test worker] TRACE i.s.c.v.g.DefaultCodegenConfig - camelize end - principal (new: Principal)
2023-10-19 22:30:45.950 [Test worker] TRACE i.s.c.v.g.DefaultCodegenConfig - camelize start - principal
2023-10-19 22:30:45.950 [Test worker] TRACE i.s.c.v.g.DefaultCodegenConfig - camelize end - principal (new: Principal)
2023-10-19 22:30:45.950 [Test worker] TRACE i.s.c.v.g.DefaultCodegenConfig - camelize start - clientId
2023-10-19 22:30:45.950 [Test worker] TRACE i.s.c.v.g.DefaultCodegenConfig - camelize end - clientId (new: ClientId)
2023-10-19 22:30:45.950 [Test worker] TRACE i.s.c.v.g.DefaultCodegenConfig - camelize start - clientId
2023-10-19 22:30:45.950 [Test worker] TRACE i.s.c.v.g.DefaultCodegenConfig - camelize end - clientId (new: ClientId)
2023-10-19 22:30:45.950 [Test worker] TRACE i.s.c.v.g.DefaultCodegenConfig - camelize start - clientId
2023-10-19 22:30:45.950 [Test worker] TRACE i.s.c.v.g.DefaultCodegenConfig - camelize end - clientId (new: ClientId)
2023-10-19 22:30:45.951 [Test worker] WARN  i.s.c.v.g.DefaultCodegenConfig - Empty operationId found for path: post /storage/Submit. Renamed to auto-generated operationId: storageSubmitPost
2023-10-19 22:30:45.951 [Test worker] TRACE i.s.c.v.g.DefaultCodegenConfig - camelize start - principal
2023-10-19 22:30:45.951 [Test worker] TRACE i.s.c.v.g.DefaultCodegenConfig - camelize end - principal (new: Principal)
2023-10-19 22:30:45.951 [Test worker] TRACE i.s.c.v.g.DefaultCodegenConfig - camelize start - principal
2023-10-19 22:30:45.951 [Test worker] TRACE i.s.c.v.g.DefaultCodegenConfig - camelize end - principal (new: Principal)
2023-10-19 22:30:45.951 [Test worker] TRACE i.s.c.v.g.DefaultCodegenConfig - camelize start - principal
2023-10-19 22:30:45.951 [Test worker] TRACE i.s.c.v.g.DefaultCodegenConfig - camelize end - principal (new: Principal)
2023-10-19 22:30:45.951 [Test worker] TRACE i.s.c.v.g.DefaultCodegenConfig - camelize start - clientId
2023-10-19 22:30:45.952 [Test worker] TRACE i.s.c.v.g.DefaultCodegenConfig - camelize end - clientId (new: ClientId)
2023-10-19 22:30:45.952 [Test worker] TRACE i.s.c.v.g.DefaultCodegenConfig - camelize start - clientId
2023-10-19 22:30:45.952 [Test worker] TRACE i.s.c.v.g.DefaultCodegenConfig - camelize end - clientId (new: ClientId)
2023-10-19 22:30:45.952 [Test worker] TRACE i.s.c.v.g.DefaultCodegenConfig - camelize start - clientId
2023-10-19 22:30:45.952 [Test worker] TRACE i.s.c.v.g.DefaultCodegenConfig - camelize end - clientId (new: ClientId)
2023-10-19 22:30:45.952 [Test worker] TRACE i.s.c.v.g.DefaultCodegenConfig - camelize start - default
2023-10-19 22:30:45.952 [Test worker] TRACE i.s.c.v.g.DefaultCodegenConfig - camelize end - default (new: Default)
2023-10-19 22:30:45.952 [Test worker] TRACE i.s.c.v.g.DefaultCodegenConfig - camelize start - storageSubmitPost
2023-10-19 22:30:45.952 [Test worker] TRACE i.s.c.v.g.DefaultCodegenConfig - camelize end - storageSubmitPost (new: StorageSubmitPost)
2023-10-19 22:30:45.952 [Test worker] WARN  i.s.c.v.g.DefaultCodegenConfig - Empty operationId found for path: get /storage/Get/{file_name}. Renamed to auto-generated operationId: storageGetFile_nameGet
2023-10-19 22:30:45.952 [Test worker] TRACE i.s.c.v.g.DefaultCodegenConfig - camelize start - Client ID
2023-10-19 22:30:45.953 [Test worker] TRACE i.s.c.v.g.DefaultCodegenConfig - camelize end - Client ID (new: Client ID)
2023-10-19 22:30:45.953 [Test worker] TRACE i.s.c.v.g.DefaultCodegenConfig - camelize start - Client ID
2023-10-19 22:30:45.953 [Test worker] TRACE i.s.c.v.g.DefaultCodegenConfig - camelize end - Client ID (new: Client ID)
2023-10-19 22:30:45.953 [Test worker] TRACE i.s.c.v.g.DefaultCodegenConfig - camelize start - Client ID
2023-10-19 22:30:45.953 [Test worker] TRACE i.s.c.v.g.DefaultCodegenConfig - camelize end - Client ID (new: Client ID)
2023-10-19 22:30:45.953 [Test worker] TRACE i.s.c.v.g.DefaultCodegenConfig - camelize start - file_name
2023-10-19 22:30:45.953 [Test worker] TRACE i.s.c.v.g.DefaultCodegenConfig - camelize end - file_name (new: FileName)
2023-10-19 22:30:45.953 [Test worker] TRACE i.s.c.v.g.DefaultCodegenConfig - camelize start - file_name
2023-10-19 22:30:45.953 [Test worker] TRACE i.s.c.v.g.DefaultCodegenConfig - camelize end - file_name (new: FileName)
2023-10-19 22:30:45.953 [Test worker] TRACE i.s.c.v.g.DefaultCodegenConfig - camelize start - file_name
2023-10-19 22:30:45.953 [Test worker] TRACE i.s.c.v.g.DefaultCodegenConfig - camelize end - file_name (new: FileName)
2023-10-19 22:30:45.953 [Test worker] TRACE i.s.c.v.g.DefaultCodegenConfig - camelize start - default
2023-10-19 22:30:45.953 [Test worker] TRACE i.s.c.v.g.DefaultCodegenConfig - camelize end - default (new: Default)
2023-10-19 22:30:45.953 [Test worker] TRACE i.s.c.v.g.DefaultCodegenConfig - camelize start - storageGetFileNameGet
2023-10-19 22:30:45.953 [Test worker] TRACE i.s.c.v.g.DefaultCodegenConfig - camelize end - storageGetFileNameGet (new: StorageGetFileNameGet)
2023-10-19 22:30:45.953 [Test worker] WARN  i.s.c.v.g.DefaultCodegenConfig - Empty operationId found for path: get /storage/Delete. Renamed to auto-generated operationId: storageDeleteGet
2023-10-19 22:30:45.953 [Test worker] TRACE i.s.c.v.g.DefaultCodegenConfig - camelize start - Client ID
2023-10-19 22:30:45.953 [Test worker] TRACE i.s.c.v.g.DefaultCodegenConfig - camelize end - Client ID (new: Client ID)
2023-10-19 22:30:45.953 [Test worker] TRACE i.s.c.v.g.DefaultCodegenConfig - camelize start - Client ID
2023-10-19 22:30:45.953 [Test worker] TRACE i.s.c.v.g.DefaultCodegenConfig - camelize end - Client ID (new: Client ID)
2023-10-19 22:30:45.954 [Test worker] TRACE i.s.c.v.g.DefaultCodegenConfig - camelize start - Client ID
2023-10-19 22:30:45.954 [Test worker] TRACE i.s.c.v.g.DefaultCodegenConfig - camelize end - Client ID (new: Client ID)
2023-10-19 22:30:45.954 [Test worker] TRACE i.s.c.v.g.DefaultCodegenConfig - camelize start - default
2023-10-19 22:30:45.954 [Test worker] TRACE i.s.c.v.g.DefaultCodegenConfig - camelize end - default (new: Default)
2023-10-19 22:30:45.954 [Test worker] TRACE i.s.c.v.g.DefaultCodegenConfig - camelize start - storageDeleteGet
2023-10-19 22:30:45.954 [Test worker] TRACE i.s.c.v.g.DefaultCodegenConfig - camelize end - storageDeleteGet (new: StorageDeleteGet)
2023-10-19 22:30:45.954 [Test worker] WARN  i.s.c.v.g.DefaultCodegenConfig - Empty operationId found for path: get /password/Get/{len?}/{digits?}/{case?}/{specialChars?}. Renamed to auto-generated operationId: passwordGetLenDigitsCaseSpecialCharsGet
2023-10-19 22:30:45.954 [Test worker] TRACE i.s.c.v.g.DefaultCodegenConfig - camelize start - len
2023-10-19 22:30:45.954 [Test worker] TRACE i.s.c.v.g.DefaultCodegenConfig - camelize end - len (new: Len)
2023-10-19 22:30:45.954 [Test worker] TRACE i.s.c.v.g.DefaultCodegenConfig - camelize start - len
2023-10-19 22:30:45.954 [Test worker] TRACE i.s.c.v.g.DefaultCodegenConfig - camelize end - len (new: Len)
2023-10-19 22:30:45.954 [Test worker] TRACE i.s.c.v.g.DefaultCodegenConfig - camelize start - len
2023-10-19 22:30:45.954 [Test worker] TRACE i.s.c.v.g.DefaultCodegenConfig - camelize end - len (new: Len)
2023-10-19 22:30:45.954 [Test worker] DEBUG i.s.c.v.g.DefaultCodegenConfig - Property type is not primitive: int64
2023-10-19 22:30:45.954 [Test worker] TRACE i.s.c.v.g.DefaultCodegenConfig - camelize start - digits
2023-10-19 22:30:45.954 [Test worker] TRACE i.s.c.v.g.DefaultCodegenConfig - camelize end - digits (new: Digits)
2023-10-19 22:30:45.954 [Test worker] TRACE i.s.c.v.g.DefaultCodegenConfig - camelize start - digits
2023-10-19 22:30:45.954 [Test worker] TRACE i.s.c.v.g.DefaultCodegenConfig - camelize end - digits (new: Digits)
2023-10-19 22:30:45.954 [Test worker] TRACE i.s.c.v.g.DefaultCodegenConfig - camelize start - digits
2023-10-19 22:30:45.954 [Test worker] TRACE i.s.c.v.g.DefaultCodegenConfig - camelize end - digits (new: Digits)
2023-10-19 22:30:45.954 [Test worker] TRACE i.s.c.v.g.DefaultCodegenConfig - camelize start - digits
2023-10-19 22:30:45.955 [Test worker] TRACE i.s.c.v.g.DefaultCodegenConfig - camelize end - digits (new: Digits)
2023-10-19 22:30:45.955 [Test worker] TRACE i.s.c.v.g.DefaultCodegenConfig - camelize start - case
2023-10-19 22:30:45.955 [Test worker] TRACE i.s.c.v.g.DefaultCodegenConfig - camelize end - case (new: Case)
2023-10-19 22:30:45.955 [Test worker] TRACE i.s.c.v.g.DefaultCodegenConfig - camelize start - case
2023-10-19 22:30:45.955 [Test worker] TRACE i.s.c.v.g.DefaultCodegenConfig - camelize end - case (new: Case)
2023-10-19 22:30:45.955 [Test worker] TRACE i.s.c.v.g.DefaultCodegenConfig - camelize start - case
2023-10-19 22:30:45.955 [Test worker] TRACE i.s.c.v.g.DefaultCodegenConfig - camelize end - case (new: Case)
2023-10-19 22:30:45.955 [Test worker] TRACE i.s.c.v.g.DefaultCodegenConfig - camelize start - case
2023-10-19 22:30:45.956 [Test worker] TRACE i.s.c.v.g.DefaultCodegenConfig - camelize end - case (new: Case)
2023-10-19 22:30:45.956 [Test worker] TRACE i.s.c.v.g.DefaultCodegenConfig - camelize start - specialChars
2023-10-19 22:30:45.956 [Test worker] TRACE i.s.c.v.g.DefaultCodegenConfig - camelize end - specialChars (new: SpecialChars)
2023-10-19 22:30:45.956 [Test worker] TRACE i.s.c.v.g.DefaultCodegenConfig - camelize start - specialChars
2023-10-19 22:30:45.956 [Test worker] TRACE i.s.c.v.g.DefaultCodegenConfig - camelize end - specialChars (new: SpecialChars)
2023-10-19 22:30:45.956 [Test worker] TRACE i.s.c.v.g.DefaultCodegenConfig - camelize start - specialChars
2023-10-19 22:30:45.956 [Test worker] TRACE i.s.c.v.g.DefaultCodegenConfig - camelize end - specialChars (new: SpecialChars)
2023-10-19 22:30:45.956 [Test worker] TRACE i.s.c.v.g.DefaultCodegenConfig - camelize start - specialChars
2023-10-19 22:30:45.956 [Test worker] TRACE i.s.c.v.g.DefaultCodegenConfig - camelize end - specialChars (new: SpecialChars)
2023-10-19 22:30:45.956 [Test worker] TRACE i.s.c.v.g.DefaultCodegenConfig - camelize start - default
2023-10-19 22:30:45.956 [Test worker] TRACE i.s.c.v.g.DefaultCodegenConfig - camelize end - default (new: Default)
2023-10-19 22:30:45.956 [Test worker] TRACE i.s.c.v.g.DefaultCodegenConfig - camelize start - passwordGetLenDigitsCaseSpecialCharsGet
2023-10-19 22:30:45.956 [Test worker] TRACE i.s.c.v.g.DefaultCodegenConfig - camelize end - passwordGetLenDigitsCaseSpecialCharsGet (new: PasswordGetLenDigitsCaseSpecialCharsGet)
2023-10-19 22:30:45.956 [Test worker] WARN  i.s.c.v.g.DefaultCodegenConfig - Empty operationId found for path: get /passKey/Get/{len?}/{password?}/{salt?}. Renamed to auto-generated operationId: passKeyGetLenPasswordSaltGet
2023-10-19 22:30:45.956 [Test worker] TRACE i.s.c.v.g.DefaultCodegenConfig - camelize start - len
2023-10-19 22:30:45.956 [Test worker] TRACE i.s.c.v.g.DefaultCodegenConfig - camelize end - len (new: Len)
2023-10-19 22:30:45.956 [Test worker] TRACE i.s.c.v.g.DefaultCodegenConfig - camelize start - len
2023-10-19 22:30:45.956 [Test worker] TRACE i.s.c.v.g.DefaultCodegenConfig - camelize end - len (new: Len)
2023-10-19 22:30:45.956 [Test worker] TRACE i.s.c.v.g.DefaultCodegenConfig - camelize start - len
2023-10-19 22:30:45.956 [Test worker] TRACE i.s.c.v.g.DefaultCodegenConfig - camelize end - len (new: Len)
2023-10-19 22:30:45.956 [Test worker] DEBUG i.s.c.v.g.DefaultCodegenConfig - Property type is not primitive: int64
2023-10-19 22:30:45.957 [Test worker] TRACE i.s.c.v.g.DefaultCodegenConfig - camelize start - password
2023-10-19 22:30:45.957 [Test worker] TRACE i.s.c.v.g.DefaultCodegenConfig - camelize end - password (new: Password)
2023-10-19 22:30:45.957 [Test worker] TRACE i.s.c.v.g.DefaultCodegenConfig - camelize start - password
2023-10-19 22:30:45.957 [Test worker] TRACE i.s.c.v.g.DefaultCodegenConfig - camelize end - password (new: Password)
2023-10-19 22:30:45.957 [Test worker] TRACE i.s.c.v.g.DefaultCodegenConfig - camelize start - password
2023-10-19 22:30:45.957 [Test worker] TRACE i.s.c.v.g.DefaultCodegenConfig - camelize end - password (new: Password)
2023-10-19 22:30:45.957 [Test worker] TRACE i.s.c.v.g.DefaultCodegenConfig - camelize start - password
2023-10-19 22:30:45.957 [Test worker] TRACE i.s.c.v.g.DefaultCodegenConfig - camelize end - password (new: Password)
2023-10-19 22:30:45.957 [Test worker] TRACE i.s.c.v.g.DefaultCodegenConfig - camelize start - salt
2023-10-19 22:30:45.957 [Test worker] TRACE i.s.c.v.g.DefaultCodegenConfig - camelize end - salt (new: Salt)
2023-10-19 22:30:45.957 [Test worker] TRACE i.s.c.v.g.DefaultCodegenConfig - camelize start - salt
2023-10-19 22:30:45.957 [Test worker] TRACE i.s.c.v.g.DefaultCodegenConfig - camelize end - salt (new: Salt)
2023-10-19 22:30:45.957 [Test worker] TRACE i.s.c.v.g.DefaultCodegenConfig - camelize start - salt
2023-10-19 22:30:45.957 [Test worker] TRACE i.s.c.v.g.DefaultCodegenConfig - camelize end - salt (new: Salt)
2023-10-19 22:30:45.957 [Test worker] TRACE i.s.c.v.g.DefaultCodegenConfig - camelize start - salt
2023-10-19 22:30:45.957 [Test worker] TRACE i.s.c.v.g.DefaultCodegenConfig - camelize end - salt (new: Salt)
2023-10-19 22:30:45.957 [Test worker] TRACE i.s.c.v.g.DefaultCodegenConfig - camelize start - default
2023-10-19 22:30:45.957 [Test worker] TRACE i.s.c.v.g.DefaultCodegenConfig - camelize end - default (new: Default)
2023-10-19 22:30:45.957 [Test worker] TRACE i.s.c.v.g.DefaultCodegenConfig - camelize start - passKeyGetLenPasswordSaltGet
2023-10-19 22:30:45.957 [Test worker] TRACE i.s.c.v.g.DefaultCodegenConfig - camelize end - passKeyGetLenPasswordSaltGet (new: PassKeyGetLenPasswordSaltGet)
2023-10-19 22:30:45.958 [Test worker] WARN  i.s.c.v.g.DefaultCodegenConfig - Empty operationId found for path: post /virusChecker/. Renamed to auto-generated operationId: virusCheckerPost
2023-10-19 22:30:45.958 [Test worker] TRACE i.s.c.v.g.DefaultCodegenConfig - camelize start - default
2023-10-19 22:30:45.958 [Test worker] TRACE i.s.c.v.g.DefaultCodegenConfig - camelize end - default (new: Default)
2023-10-19 22:30:45.958 [Test worker] TRACE i.s.c.v.g.DefaultCodegenConfig - camelize start - virusCheckerPost
2023-10-19 22:30:45.958 [Test worker] TRACE i.s.c.v.g.DefaultCodegenConfig - camelize end - virusCheckerPost (new: VirusCheckerPost)
2023-10-19 22:30:45.959 [Test worker] DEBUG c.g.j.h.internal.HbsParserFactory - About to parse: /handlebars/htmlDocs2/index.mustache
2023-10-19 22:30:45.959 [Test worker] DEBUG c.g.j.h.internal.HbsParserFactory - Building AST
2023-10-19 22:30:45.966 [Test worker] DEBUG c.g.j.h.internal.HbsParserFactory - Applying Mustache spec
2023-10-19 22:30:45.967 [Test worker] DEBUG c.g.j.h.internal.HbsParserFactory - Creating templates
2023-10-19 22:30:45.969 [Test worker] DEBUG c.g.j.h.internal.HbsParserFactory - About to parse: /handlebars/htmlDocs2/js_jquery.mustache
2023-10-19 22:30:45.971 [Test worker] DEBUG c.g.j.h.internal.HbsParserFactory - Building AST
2023-10-19 22:30:45.973 [Test worker] DEBUG c.g.j.h.internal.HbsParserFactory - Applying Mustache spec
2023-10-19 22:30:45.973 [Test worker] DEBUG c.g.j.h.internal.HbsParserFactory - Creating templates
2023-10-19 22:30:45.974 [Test worker] DEBUG c.g.j.h.internal.HbsParserFactory - About to parse: /handlebars/htmlDocs2/js_prettify.mustache
2023-10-19 22:30:45.974 [Test worker] DEBUG c.g.j.h.internal.HbsParserFactory - Building AST
2023-10-19 22:30:45.975 [Test worker] DEBUG c.g.j.h.internal.HbsParserFactory - Applying Mustache spec
2023-10-19 22:30:45.975 [Test worker] DEBUG c.g.j.h.internal.HbsParserFactory - Creating templates
2023-10-19 22:30:45.975 [Test worker] DEBUG c.g.j.h.internal.HbsParserFactory - About to parse: /handlebars/htmlDocs2/js_bootstrap.mustache
2023-10-19 22:30:45.976 [Test worker] DEBUG c.g.j.h.internal.HbsParserFactory - Building AST
2023-10-19 22:30:45.976 [Test worker] DEBUG c.g.j.h.internal.HbsParserFactory - Applying Mustache spec
2023-10-19 22:30:45.976 [Test worker] DEBUG c.g.j.h.internal.HbsParserFactory - Creating templates
2023-10-19 22:30:45.977 [Test worker] DEBUG c.g.j.h.internal.HbsParserFactory - About to parse: /handlebars/htmlDocs2/marked.mustache
2023-10-19 22:30:45.980 [Test worker] DEBUG c.g.j.h.internal.HbsParserFactory - Building AST
2023-10-19 22:30:45.981 [Test worker] DEBUG c.g.j.h.internal.HbsParserFactory - Applying Mustache spec
2023-10-19 22:30:45.981 [Test worker] DEBUG c.g.j.h.internal.HbsParserFactory - Creating templates
2023-10-19 22:30:45.982 [Test worker] DEBUG c.g.j.h.internal.HbsParserFactory - About to parse: /handlebars/htmlDocs2/css_bootstrap.mustache
2023-10-19 22:30:45.984 [Test worker] DEBUG c.g.j.h.internal.HbsParserFactory - Building AST
2023-10-19 22:30:45.987 [Test worker] DEBUG c.g.j.h.internal.HbsParserFactory - Applying Mustache spec
2023-10-19 22:30:45.987 [Test worker] DEBUG c.g.j.h.internal.HbsParserFactory - Creating templates
2023-10-19 22:30:45.987 [Test worker] DEBUG c.g.j.h.internal.HbsParserFactory - About to parse: /handlebars/htmlDocs2/css_prettify.mustache
2023-10-19 22:30:45.987 [Test worker] DEBUG c.g.j.h.internal.HbsParserFactory - Building AST
2023-10-19 22:30:45.987 [Test worker] DEBUG c.g.j.h.internal.HbsParserFactory - Applying Mustache spec
2023-10-19 22:30:45.987 [Test worker] DEBUG c.g.j.h.internal.HbsParserFactory - Creating templates
2023-10-19 22:30:45.988 [Test worker] DEBUG c.g.j.h.internal.HbsParserFactory - About to parse: /handlebars/htmlDocs2/styles.mustache
2023-10-19 22:30:45.988 [Test worker] DEBUG c.g.j.h.internal.HbsParserFactory - Building AST
2023-10-19 22:30:45.989 [Test worker] DEBUG c.g.j.h.internal.HbsParserFactory - Applying Mustache spec
2023-10-19 22:30:45.989 [Test worker] DEBUG c.g.j.h.internal.HbsParserFactory - Creating templates
2023-10-19 22:30:45.991 [Test worker] DEBUG c.g.j.h.internal.HbsParserFactory - About to parse: /handlebars/htmlDocs2/sample_java.mustache
2023-10-19 22:30:45.991 [Test worker] DEBUG c.g.j.h.internal.HbsParserFactory - Building AST
2023-10-19 22:30:45.992 [Test worker] DEBUG c.g.j.h.internal.HbsParserFactory - Applying Mustache spec
2023-10-19 22:30:45.992 [Test worker] DEBUG c.g.j.h.internal.HbsParserFactory - Creating templates
2023-10-19 22:30:45.993 [Test worker] DEBUG c.g.j.h.internal.HbsParserFactory - About to parse: /handlebars/htmlDocs2/sample_android.mustache
2023-10-19 22:30:45.993 [Test worker] DEBUG c.g.j.h.internal.HbsParserFactory - Building AST
2023-10-19 22:30:45.993 [Test worker] DEBUG c.g.j.h.internal.HbsParserFactory - Applying Mustache spec
2023-10-19 22:30:45.994 [Test worker] DEBUG c.g.j.h.internal.HbsParserFactory - Creating templates
2023-10-19 22:30:45.994 [Test worker] DEBUG c.g.j.h.internal.HbsParserFactory - About to parse: /handlebars/htmlDocs2/sample_objc.mustache
2023-10-19 22:30:45.994 [Test worker] DEBUG c.g.j.h.internal.HbsParserFactory - Building AST
2023-10-19 22:30:45.996 [Test worker] DEBUG c.g.j.h.internal.HbsParserFactory - Applying Mustache spec
2023-10-19 22:30:45.996 [Test worker] DEBUG c.g.j.h.internal.HbsParserFactory - Creating templates
2023-10-19 22:30:45.997 [Test worker] DEBUG c.g.j.h.internal.HbsParserFactory - About to parse: /handlebars/htmlDocs2/sample_js.mustache
2023-10-19 22:30:45.997 [Test worker] DEBUG c.g.j.h.internal.HbsParserFactory - Building AST
2023-10-19 22:30:45.999 [Test worker] DEBUG c.g.j.h.internal.HbsParserFactory - Applying Mustache spec
2023-10-19 22:30:45.999 [Test worker] DEBUG c.g.j.h.internal.HbsParserFactory - Creating templates
2023-10-19 22:30:46.000 [Test worker] DEBUG c.g.j.h.internal.HbsParserFactory - About to parse: /handlebars/htmlDocs2/sample_csharp.mustache
2023-10-19 22:30:46.000 [Test worker] DEBUG c.g.j.h.internal.HbsParserFactory - Building AST
2023-10-19 22:30:46.002 [Test worker] DEBUG c.g.j.h.internal.HbsParserFactory - Applying Mustache spec
2023-10-19 22:30:46.002 [Test worker] DEBUG c.g.j.h.internal.HbsParserFactory - Creating templates
2023-10-19 22:30:46.003 [Test worker] DEBUG c.g.j.h.internal.HbsParserFactory - About to parse: /handlebars/htmlDocs2/sample_php.mustache
2023-10-19 22:30:46.003 [Test worker] DEBUG c.g.j.h.internal.HbsParserFactory - Building AST
2023-10-19 22:30:46.004 [Test worker] DEBUG c.g.j.h.internal.HbsParserFactory - Applying Mustache spec
2023-10-19 22:30:46.004 [Test worker] DEBUG c.g.j.h.internal.HbsParserFactory - Creating templates
2023-10-19 22:30:46.005 [Test worker] DEBUG c.g.j.h.internal.HbsParserFactory - About to parse: /handlebars/htmlDocs2/sample_perl.mustache
2023-10-19 22:30:46.005 [Test worker] DEBUG c.g.j.h.internal.HbsParserFactory - Building AST
2023-10-19 22:30:46.007 [Test worker] DEBUG c.g.j.h.internal.HbsParserFactory - Applying Mustache spec
2023-10-19 22:30:46.007 [Test worker] DEBUG c.g.j.h.internal.HbsParserFactory - Creating templates
2023-10-19 22:30:46.008 [Test worker] DEBUG c.g.j.h.internal.HbsParserFactory - About to parse: /handlebars/htmlDocs2/sample_python.mustache
2023-10-19 22:30:46.008 [Test worker] DEBUG c.g.j.h.internal.HbsParserFactory - Building AST
2023-10-19 22:30:46.009 [Test worker] DEBUG c.g.j.h.internal.HbsParserFactory - Applying Mustache spec
2023-10-19 22:30:46.009 [Test worker] DEBUG c.g.j.h.internal.HbsParserFactory - Creating templates
2023-10-19 22:30:46.011 [Test worker] DEBUG c.g.j.h.internal.HbsParserFactory - About to parse: /handlebars/htmlDocs2/param.mustache
2023-10-19 22:30:46.011 [Test worker] DEBUG c.g.j.h.internal.HbsParserFactory - Building AST
2023-10-19 22:30:46.012 [Test worker] DEBUG c.g.j.h.internal.HbsParserFactory - Applying Mustache spec
2023-10-19 22:30:46.012 [Test worker] DEBUG c.g.j.h.internal.HbsParserFactory - Creating templates
2023-10-19 22:30:46.012 [Test worker] DEBUG c.g.j.h.internal.HbsParserFactory - About to parse: /handlebars/htmlDocs2/param.mustache
2023-10-19 22:30:46.012 [Test worker] DEBUG c.g.j.h.internal.HbsParserFactory - Building AST
2023-10-19 22:30:46.013 [Test worker] DEBUG c.g.j.h.internal.HbsParserFactory - Applying Mustache spec
2023-10-19 22:30:46.013 [Test worker] DEBUG c.g.j.h.internal.HbsParserFactory - Creating templates
2023-10-19 22:30:46.013 [Test worker] DEBUG c.g.j.h.internal.HbsParserFactory - About to parse: /handlebars/htmlDocs2/param.mustache
2023-10-19 22:30:46.013 [Test worker] DEBUG c.g.j.h.internal.HbsParserFactory - Building AST
2023-10-19 22:30:46.014 [Test worker] DEBUG c.g.j.h.internal.HbsParserFactory - Applying Mustache spec
2023-10-19 22:30:46.014 [Test worker] DEBUG c.g.j.h.internal.HbsParserFactory - Creating templates
2023-10-19 22:30:46.015 [Test worker] DEBUG c.g.j.h.internal.HbsParserFactory - About to parse: /handlebars/htmlDocs2/sample_java.mustache
2023-10-19 22:30:46.015 [Test worker] DEBUG c.g.j.h.internal.HbsParserFactory - Building AST
2023-10-19 22:30:46.017 [Test worker] DEBUG c.g.j.h.internal.HbsParserFactory - Applying Mustache spec
2023-10-19 22:30:46.017 [Test worker] DEBUG c.g.j.h.internal.HbsParserFactory - Creating templates
2023-10-19 22:30:46.018 [Test worker] DEBUG c.g.j.h.internal.HbsParserFactory - About to parse: /handlebars/htmlDocs2/sample_android.mustache
2023-10-19 22:30:46.018 [Test worker] DEBUG c.g.j.h.internal.HbsParserFactory - Building AST
2023-10-19 22:30:46.018 [Test worker] DEBUG c.g.j.h.internal.HbsParserFactory - Applying Mustache spec
2023-10-19 22:30:46.018 [Test worker] DEBUG c.g.j.h.internal.HbsParserFactory - Creating templates
2023-10-19 22:30:46.019 [Test worker] DEBUG c.g.j.h.internal.HbsParserFactory - About to parse: /handlebars/htmlDocs2/sample_objc.mustache
2023-10-19 22:30:46.020 [Test worker] DEBUG c.g.j.h.internal.HbsParserFactory - Building AST
2023-10-19 22:30:46.021 [Test worker] DEBUG c.g.j.h.internal.HbsParserFactory - Applying Mustache spec
2023-10-19 22:30:46.021 [Test worker] DEBUG c.g.j.h.internal.HbsParserFactory - Creating templates
2023-10-19 22:30:46.022 [Test worker] DEBUG c.g.j.h.internal.HbsParserFactory - About to parse: /handlebars/htmlDocs2/sample_js.mustache
2023-10-19 22:30:46.022 [Test worker] DEBUG c.g.j.h.internal.HbsParserFactory - Building AST
2023-10-19 22:30:46.024 [Test worker] DEBUG c.g.j.h.internal.HbsParserFactory - Applying Mustache spec
2023-10-19 22:30:46.025 [Test worker] DEBUG c.g.j.h.internal.HbsParserFactory - Creating templates
2023-10-19 22:30:46.026 [Test worker] DEBUG c.g.j.h.internal.HbsParserFactory - About to parse: /handlebars/htmlDocs2/sample_csharp.mustache
2023-10-19 22:30:46.026 [Test worker] DEBUG c.g.j.h.internal.HbsParserFactory - Building AST
2023-10-19 22:30:46.028 [Test worker] DEBUG c.g.j.h.internal.HbsParserFactory - Applying Mustache spec
2023-10-19 22:30:46.028 [Test worker] DEBUG c.g.j.h.internal.HbsParserFactory - Creating templates
2023-10-19 22:30:46.029 [Test worker] DEBUG c.g.j.h.internal.HbsParserFactory - About to parse: /handlebars/htmlDocs2/sample_php.mustache
2023-10-19 22:30:46.029 [Test worker] DEBUG c.g.j.h.internal.HbsParserFactory - Building AST
2023-10-19 22:30:46.030 [Test worker] DEBUG c.g.j.h.internal.HbsParserFactory - Applying Mustache spec
2023-10-19 22:30:46.030 [Test worker] DEBUG c.g.j.h.internal.HbsParserFactory - Creating templates
2023-10-19 22:30:46.030 [Test worker] DEBUG c.g.j.h.internal.HbsParserFactory - About to parse: /handlebars/htmlDocs2/sample_perl.mustache
2023-10-19 22:30:46.030 [Test worker] DEBUG c.g.j.h.internal.HbsParserFactory - Building AST
2023-10-19 22:30:46.032 [Test worker] DEBUG c.g.j.h.internal.HbsParserFactory - Applying Mustache spec
2023-10-19 22:30:46.032 [Test worker] DEBUG c.g.j.h.internal.HbsParserFactory - Creating templates
2023-10-19 22:30:46.033 [Test worker] DEBUG c.g.j.h.internal.HbsParserFactory - About to parse: /handlebars/htmlDocs2/sample_python.mustache
2023-10-19 22:30:46.033 [Test worker] DEBUG c.g.j.h.internal.HbsParserFactory - Building AST
2023-10-19 22:30:46.035 [Test worker] DEBUG c.g.j.h.internal.HbsParserFactory - Applying Mustache spec
2023-10-19 22:30:46.035 [Test worker] DEBUG c.g.j.h.internal.HbsParserFactory - Creating templates
2023-10-19 22:30:46.035 [Test worker] DEBUG c.g.j.h.internal.HbsParserFactory - About to parse: /handlebars/htmlDocs2/param.mustache
2023-10-19 22:30:46.036 [Test worker] DEBUG c.g.j.h.internal.HbsParserFactory - Building AST
2023-10-19 22:30:46.036 [Test worker] DEBUG c.g.j.h.internal.HbsParserFactory - Applying Mustache spec
2023-10-19 22:30:46.036 [Test worker] DEBUG c.g.j.h.internal.HbsParserFactory - Creating templates
2023-10-19 22:30:46.037 [Test worker] DEBUG c.g.j.h.internal.HbsParserFactory - About to parse: /handlebars/htmlDocs2/param.mustache
2023-10-19 22:30:46.037 [Test worker] DEBUG c.g.j.h.internal.HbsParserFactory - Building AST
2023-10-19 22:30:46.038 [Test worker] DEBUG c.g.j.h.internal.HbsParserFactory - Applying Mustache spec
2023-10-19 22:30:46.038 [Test worker] DEBUG c.g.j.h.internal.HbsParserFactory - Creating templates
2023-10-19 22:30:46.038 [Test worker] DEBUG c.g.j.h.internal.HbsParserFactory - About to parse: /handlebars/htmlDocs2/param.mustache
2023-10-19 22:30:46.038 [Test worker] DEBUG c.g.j.h.internal.HbsParserFactory - Building AST
2023-10-19 22:30:46.039 [Test worker] DEBUG c.g.j.h.internal.HbsParserFactory - Applying Mustache spec
2023-10-19 22:30:46.039 [Test worker] DEBUG c.g.j.h.internal.HbsParserFactory - Creating templates
2023-10-19 22:30:46.039 [Test worker] DEBUG c.g.j.h.internal.HbsParserFactory - About to parse: /handlebars/htmlDocs2/param.mustache
2023-10-19 22:30:46.039 [Test worker] DEBUG c.g.j.h.internal.HbsParserFactory - Building AST
2023-10-19 22:30:46.040 [Test worker] DEBUG c.g.j.h.internal.HbsParserFactory - Applying Mustache spec
2023-10-19 22:30:46.040 [Test worker] DEBUG c.g.j.h.internal.HbsParserFactory - Creating templates
2023-10-19 22:30:46.041 [Test worker] DEBUG c.g.j.h.internal.HbsParserFactory - About to parse: /handlebars/htmlDocs2/sample_java.mustache
2023-10-19 22:30:46.041 [Test worker] DEBUG c.g.j.h.internal.HbsParserFactory - Building AST
2023-10-19 22:30:46.043 [Test worker] DEBUG c.g.j.h.internal.HbsParserFactory - Applying Mustache spec
2023-10-19 22:30:46.043 [Test worker] DEBUG c.g.j.h.internal.HbsParserFactory - Creating templates
2023-10-19 22:30:46.044 [Test worker] DEBUG c.g.j.h.internal.HbsParserFactory - About to parse: /handlebars/htmlDocs2/sample_android.mustache
2023-10-19 22:30:46.044 [Test worker] DEBUG c.g.j.h.internal.HbsParserFactory - Building AST
2023-10-19 22:30:46.045 [Test worker] DEBUG c.g.j.h.internal.HbsParserFactory - Applying Mustache spec
2023-10-19 22:30:46.045 [Test worker] DEBUG c.g.j.h.internal.HbsParserFactory - Creating templates
2023-10-19 22:30:46.045 [Test worker] DEBUG c.g.j.h.internal.HbsParserFactory - About to parse: /handlebars/htmlDocs2/sample_objc.mustache
2023-10-19 22:30:46.045 [Test worker] DEBUG c.g.j.h.internal.HbsParserFactory - Building AST
2023-10-19 22:30:46.047 [Test worker] DEBUG c.g.j.h.internal.HbsParserFactory - Applying Mustache spec
2023-10-19 22:30:46.047 [Test worker] DEBUG c.g.j.h.internal.HbsParserFactory - Creating templates
2023-10-19 22:30:46.047 [Test worker] DEBUG c.g.j.h.internal.HbsParserFactory - About to parse: /handlebars/htmlDocs2/sample_js.mustache
2023-10-19 22:30:46.048 [Test worker] DEBUG c.g.j.h.internal.HbsParserFactory - Building AST
2023-10-19 22:30:46.050 [Test worker] DEBUG c.g.j.h.internal.HbsParserFactory - Applying Mustache spec
2023-10-19 22:30:46.050 [Test worker] DEBUG c.g.j.h.internal.HbsParserFactory - Creating templates
2023-10-19 22:30:46.051 [Test worker] DEBUG c.g.j.h.internal.HbsParserFactory - About to parse: /handlebars/htmlDocs2/sample_csharp.mustache
2023-10-19 22:30:46.051 [Test worker] DEBUG c.g.j.h.internal.HbsParserFactory - Building AST
2023-10-19 22:30:46.053 [Test worker] DEBUG c.g.j.h.internal.HbsParserFactory - Applying Mustache spec
2023-10-19 22:30:46.053 [Test worker] DEBUG c.g.j.h.internal.HbsParserFactory - Creating templates
2023-10-19 22:30:46.053 [Test worker] DEBUG c.g.j.h.internal.HbsParserFactory - About to parse: /handlebars/htmlDocs2/sample_php.mustache
2023-10-19 22:30:46.054 [Test worker] DEBUG c.g.j.h.internal.HbsParserFactory - Building AST
2023-10-19 22:30:46.055 [Test worker] DEBUG c.g.j.h.internal.HbsParserFactory - Applying Mustache spec
2023-10-19 22:30:46.055 [Test worker] DEBUG c.g.j.h.internal.HbsParserFactory - Creating templates
2023-10-19 22:30:46.055 [Test worker] DEBUG c.g.j.h.internal.HbsParserFactory - About to parse: /handlebars/htmlDocs2/sample_perl.mustache
2023-10-19 22:30:46.055 [Test worker] DEBUG c.g.j.h.internal.HbsParserFactory - Building AST
2023-10-19 22:30:46.057 [Test worker] DEBUG c.g.j.h.internal.HbsParserFactory - Applying Mustache spec
2023-10-19 22:30:46.057 [Test worker] DEBUG c.g.j.h.internal.HbsParserFactory - Creating templates
2023-10-19 22:30:46.057 [Test worker] DEBUG c.g.j.h.internal.HbsParserFactory - About to parse: /handlebars/htmlDocs2/sample_python.mustache
2023-10-19 22:30:46.057 [Test worker] DEBUG c.g.j.h.internal.HbsParserFactory - Building AST
2023-10-19 22:30:46.059 [Test worker] DEBUG c.g.j.h.internal.HbsParserFactory - Applying Mustache spec
2023-10-19 22:30:46.059 [Test worker] DEBUG c.g.j.h.internal.HbsParserFactory - Creating templates
2023-10-19 22:30:46.060 [Test worker] DEBUG c.g.j.h.internal.HbsParserFactory - About to parse: /handlebars/htmlDocs2/param.mustache
2023-10-19 22:30:46.060 [Test worker] DEBUG c.g.j.h.internal.HbsParserFactory - Building AST
2023-10-19 22:30:46.060 [Test worker] DEBUG c.g.j.h.internal.HbsParserFactory - Applying Mustache spec
2023-10-19 22:30:46.061 [Test worker] DEBUG c.g.j.h.internal.HbsParserFactory - Creating templates
2023-10-19 22:30:46.061 [Test worker] DEBUG c.g.j.h.internal.HbsParserFactory - About to parse: /handlebars/htmlDocs2/sample_java.mustache
2023-10-19 22:30:46.061 [Test worker] DEBUG c.g.j.h.internal.HbsParserFactory - Building AST
2023-10-19 22:30:46.063 [Test worker] DEBUG c.g.j.h.internal.HbsParserFactory - Applying Mustache spec
2023-10-19 22:30:46.063 [Test worker] DEBUG c.g.j.h.internal.HbsParserFactory - Creating templates
2023-10-19 22:30:46.063 [Test worker] DEBUG c.g.j.h.internal.HbsParserFactory - About to parse: /handlebars/htmlDocs2/sample_android.mustache
2023-10-19 22:30:46.063 [Test worker] DEBUG c.g.j.h.internal.HbsParserFactory - Building AST
2023-10-19 22:30:46.064 [Test worker] DEBUG c.g.j.h.internal.HbsParserFactory - Applying Mustache spec
2023-10-19 22:30:46.064 [Test worker] DEBUG c.g.j.h.internal.HbsParserFactory - Creating templates
2023-10-19 22:30:46.065 [Test worker] DEBUG c.g.j.h.internal.HbsParserFactory - About to parse: /handlebars/htmlDocs2/sample_objc.mustache
2023-10-19 22:30:46.065 [Test worker] DEBUG c.g.j.h.internal.HbsParserFactory - Building AST
2023-10-19 22:30:46.066 [Test worker] DEBUG c.g.j.h.internal.HbsParserFactory - Applying Mustache spec
2023-10-19 22:30:46.067 [Test worker] DEBUG c.g.j.h.internal.HbsParserFactory - Creating templates
2023-10-19 22:30:46.067 [Test worker] DEBUG c.g.j.h.internal.HbsParserFactory - About to parse: /handlebars/htmlDocs2/sample_js.mustache
2023-10-19 22:30:46.067 [Test worker] DEBUG c.g.j.h.internal.HbsParserFactory - Building AST
2023-10-19 22:30:46.070 [Test worker] DEBUG c.g.j.h.internal.HbsParserFactory - Applying Mustache spec
2023-10-19 22:30:46.070 [Test worker] DEBUG c.g.j.h.internal.HbsParserFactory - Creating templates
2023-10-19 22:30:46.071 [Test worker] DEBUG c.g.j.h.internal.HbsParserFactory - About to parse: /handlebars/htmlDocs2/sample_csharp.mustache
2023-10-19 22:30:46.071 [Test worker] DEBUG c.g.j.h.internal.HbsParserFactory - Building AST
2023-10-19 22:30:46.072 [Test worker] DEBUG c.g.j.h.internal.HbsParserFactory - Applying Mustache spec
2023-10-19 22:30:46.072 [Test worker] DEBUG c.g.j.h.internal.HbsParserFactory - Creating templates
2023-10-19 22:30:46.073 [Test worker] DEBUG c.g.j.h.internal.HbsParserFactory - About to parse: /handlebars/htmlDocs2/sample_php.mustache
2023-10-19 22:30:46.074 [Test worker] DEBUG c.g.j.h.internal.HbsParserFactory - Building AST
2023-10-19 22:30:46.075 [Test worker] DEBUG c.g.j.h.internal.HbsParserFactory - Applying Mustache spec
2023-10-19 22:30:46.075 [Test worker] DEBUG c.g.j.h.internal.HbsParserFactory - Creating templates
2023-10-19 22:30:46.075 [Test worker] DEBUG c.g.j.h.internal.HbsParserFactory - About to parse: /handlebars/htmlDocs2/sample_perl.mustache
2023-10-19 22:30:46.075 [Test worker] DEBUG c.g.j.h.internal.HbsParserFactory - Building AST
2023-10-19 22:30:46.077 [Test worker] DEBUG c.g.j.h.internal.HbsParserFactory - Applying Mustache spec
2023-10-19 22:30:46.077 [Test worker] DEBUG c.g.j.h.internal.HbsParserFactory - Creating templates
2023-10-19 22:30:46.078 [Test worker] DEBUG c.g.j.h.internal.HbsParserFactory - About to parse: /handlebars/htmlDocs2/sample_python.mustache
2023-10-19 22:30:46.078 [Test worker] DEBUG c.g.j.h.internal.HbsParserFactory - Building AST
2023-10-19 22:30:46.079 [Test worker] DEBUG c.g.j.h.internal.HbsParserFactory - Applying Mustache spec
2023-10-19 22:30:46.079 [Test worker] DEBUG c.g.j.h.internal.HbsParserFactory - Creating templates
2023-10-19 22:30:46.080 [Test worker] DEBUG c.g.j.h.internal.HbsParserFactory - About to parse: /handlebars/htmlDocs2/param.mustache
2023-10-19 22:30:46.080 [Test worker] DEBUG c.g.j.h.internal.HbsParserFactory - Building AST
2023-10-19 22:30:46.081 [Test worker] DEBUG c.g.j.h.internal.HbsParserFactory - Applying Mustache spec
2023-10-19 22:30:46.081 [Test worker] DEBUG c.g.j.h.internal.HbsParserFactory - Creating templates
2023-10-19 22:30:46.082 [Test worker] DEBUG c.g.j.h.internal.HbsParserFactory - About to parse: /handlebars/htmlDocs2/param.mustache
2023-10-19 22:30:46.082 [Test worker] DEBUG c.g.j.h.internal.HbsParserFactory - Building AST
2023-10-19 22:30:46.082 [Test worker] DEBUG c.g.j.h.internal.HbsParserFactory - Applying Mustache spec
2023-10-19 22:30:46.083 [Test worker] DEBUG c.g.j.h.internal.HbsParserFactory - Creating templates
2023-10-19 22:30:46.083 [Test worker] DEBUG c.g.j.h.internal.HbsParserFactory - About to parse: /handlebars/htmlDocs2/sample_java.mustache
2023-10-19 22:30:46.083 [Test worker] DEBUG c.g.j.h.internal.HbsParserFactory - Building AST
2023-10-19 22:30:46.085 [Test worker] DEBUG c.g.j.h.internal.HbsParserFactory - Applying Mustache spec
2023-10-19 22:30:46.085 [Test worker] DEBUG c.g.j.h.internal.HbsParserFactory - Creating templates
2023-10-19 22:30:46.085 [Test worker] DEBUG c.g.j.h.internal.HbsParserFactory - About to parse: /handlebars/htmlDocs2/sample_android.mustache
2023-10-19 22:30:46.085 [Test worker] DEBUG c.g.j.h.internal.HbsParserFactory - Building AST
2023-10-19 22:30:46.086 [Test worker] DEBUG c.g.j.h.internal.HbsParserFactory - Applying Mustache spec
2023-10-19 22:30:46.086 [Test worker] DEBUG c.g.j.h.internal.HbsParserFactory - Creating templates
2023-10-19 22:30:46.086 [Test worker] DEBUG c.g.j.h.internal.HbsParserFactory - About to parse: /handlebars/htmlDocs2/sample_objc.mustache
2023-10-19 22:30:46.086 [Test worker] DEBUG c.g.j.h.internal.HbsParserFactory - Building AST
2023-10-19 22:30:46.088 [Test worker] DEBUG c.g.j.h.internal.HbsParserFactory - Applying Mustache spec
2023-10-19 22:30:46.088 [Test worker] DEBUG c.g.j.h.internal.HbsParserFactory - Creating templates
2023-10-19 22:30:46.089 [Test worker] DEBUG c.g.j.h.internal.HbsParserFactory - About to parse: /handlebars/htmlDocs2/sample_js.mustache
2023-10-19 22:30:46.089 [Test worker] DEBUG c.g.j.h.internal.HbsParserFactory - Building AST
2023-10-19 22:30:46.091 [Test worker] DEBUG c.g.j.h.internal.HbsParserFactory - Applying Mustache spec
2023-10-19 22:30:46.091 [Test worker] DEBUG c.g.j.h.internal.HbsParserFactory - Creating templates
2023-10-19 22:30:46.092 [Test worker] DEBUG c.g.j.h.internal.HbsParserFactory - About to parse: /handlebars/htmlDocs2/sample_csharp.mustache
2023-10-19 22:30:46.092 [Test worker] DEBUG c.g.j.h.internal.HbsParserFactory - Building AST
2023-10-19 22:30:46.093 [Test worker] DEBUG c.g.j.h.internal.HbsParserFactory - Applying Mustache spec
2023-10-19 22:30:46.093 [Test worker] DEBUG c.g.j.h.internal.HbsParserFactory - Creating templates
2023-10-19 22:30:46.094 [Test worker] DEBUG c.g.j.h.internal.HbsParserFactory - About to parse: /handlebars/htmlDocs2/sample_php.mustache
2023-10-19 22:30:46.094 [Test worker] DEBUG c.g.j.h.internal.HbsParserFactory - Building AST
2023-10-19 22:30:46.095 [Test worker] DEBUG c.g.j.h.internal.HbsParserFactory - Applying Mustache spec
2023-10-19 22:30:46.095 [Test worker] DEBUG c.g.j.h.internal.HbsParserFactory - Creating templates
2023-10-19 22:30:46.096 [Test worker] DEBUG c.g.j.h.internal.HbsParserFactory - About to parse: /handlebars/htmlDocs2/sample_perl.mustache
2023-10-19 22:30:46.096 [Test worker] DEBUG c.g.j.h.internal.HbsParserFactory - Building AST
2023-10-19 22:30:46.097 [Test worker] DEBUG c.g.j.h.internal.HbsParserFactory - Applying Mustache spec
2023-10-19 22:30:46.097 [Test worker] DEBUG c.g.j.h.internal.HbsParserFactory - Creating templates
2023-10-19 22:30:46.098 [Test worker] DEBUG c.g.j.h.internal.HbsParserFactory - About to parse: /handlebars/htmlDocs2/sample_python.mustache
2023-10-19 22:30:46.098 [Test worker] DEBUG c.g.j.h.internal.HbsParserFactory - Building AST
2023-10-19 22:30:46.099 [Test worker] DEBUG c.g.j.h.internal.HbsParserFactory - Applying Mustache spec
2023-10-19 22:30:46.099 [Test worker] DEBUG c.g.j.h.internal.HbsParserFactory - Creating templates
2023-10-19 22:30:46.100 [Test worker] DEBUG c.g.j.h.internal.HbsParserFactory - About to parse: /handlebars/htmlDocs2/paramB.mustache
2023-10-19 22:30:46.100 [Test worker] DEBUG c.g.j.h.internal.HbsParserFactory - Building AST
2023-10-19 22:30:46.100 [Test worker] DEBUG c.g.j.h.internal.HbsParserFactory - Applying Mustache spec
2023-10-19 22:30:46.100 [Test worker] DEBUG c.g.j.h.internal.HbsParserFactory - Creating templates
2023-10-19 22:30:46.101 [Test worker] DEBUG c.g.j.h.internal.HbsParserFactory - About to parse: /handlebars/htmlDocs2/sample_java.mustache
2023-10-19 22:30:46.101 [Test worker] DEBUG c.g.j.h.internal.HbsParserFactory - Building AST
2023-10-19 22:30:46.103 [Test worker] DEBUG c.g.j.h.internal.HbsParserFactory - Applying Mustache spec
2023-10-19 22:30:46.103 [Test worker] DEBUG c.g.j.h.internal.HbsParserFactory - Creating templates
2023-10-19 22:30:46.103 [Test worker] DEBUG c.g.j.h.internal.HbsParserFactory - About to parse: /handlebars/htmlDocs2/sample_android.mustache
2023-10-19 22:30:46.103 [Test worker] DEBUG c.g.j.h.internal.HbsParserFactory - Building AST
2023-10-19 22:30:46.104 [Test worker] DEBUG c.g.j.h.internal.HbsParserFactory - Applying Mustache spec
2023-10-19 22:30:46.104 [Test worker] DEBUG c.g.j.h.internal.HbsParserFactory - Creating templates
2023-10-19 22:30:46.104 [Test worker] DEBUG c.g.j.h.internal.HbsParserFactory - About to parse: /handlebars/htmlDocs2/sample_objc.mustache
2023-10-19 22:30:46.104 [Test worker] DEBUG c.g.j.h.internal.HbsParserFactory - Building AST
2023-10-19 22:30:46.106 [Test worker] DEBUG c.g.j.h.internal.HbsParserFactory - Applying Mustache spec
2023-10-19 22:30:46.106 [Test worker] DEBUG c.g.j.h.internal.HbsParserFactory - Creating templates
2023-10-19 22:30:46.106 [Test worker] DEBUG c.g.j.h.internal.HbsParserFactory - About to parse: /handlebars/htmlDocs2/sample_js.mustache
2023-10-19 22:30:46.106 [Test worker] DEBUG c.g.j.h.internal.HbsParserFactory - Building AST
2023-10-19 22:30:46.109 [Test worker] DEBUG c.g.j.h.internal.HbsParserFactory - Applying Mustache spec
2023-10-19 22:30:46.109 [Test worker] DEBUG c.g.j.h.internal.HbsParserFactory - Creating templates
2023-10-19 22:30:46.110 [Test worker] DEBUG c.g.j.h.internal.HbsParserFactory - About to parse: /handlebars/htmlDocs2/sample_csharp.mustache
2023-10-19 22:30:46.110 [Test worker] DEBUG c.g.j.h.internal.HbsParserFactory - Building AST
2023-10-19 22:30:46.112 [Test worker] DEBUG c.g.j.h.internal.HbsParserFactory - Applying Mustache spec
2023-10-19 22:30:46.112 [Test worker] DEBUG c.g.j.h.internal.HbsParserFactory - Creating templates
2023-10-19 22:30:46.112 [Test worker] DEBUG c.g.j.h.internal.HbsParserFactory - About to parse: /handlebars/htmlDocs2/sample_php.mustache
2023-10-19 22:30:46.112 [Test worker] DEBUG c.g.j.h.internal.HbsParserFactory - Building AST
2023-10-19 22:30:46.113 [Test worker] DEBUG c.g.j.h.internal.HbsParserFactory - Applying Mustache spec
2023-10-19 22:30:46.113 [Test worker] DEBUG c.g.j.h.internal.HbsParserFactory - Creating templates
2023-10-19 22:30:46.114 [Test worker] DEBUG c.g.j.h.internal.HbsParserFactory - About to parse: /handlebars/htmlDocs2/sample_perl.mustache
2023-10-19 22:30:46.114 [Test worker] DEBUG c.g.j.h.internal.HbsParserFactory - Building AST
2023-10-19 22:30:46.115 [Test worker] DEBUG c.g.j.h.internal.HbsParserFactory - Applying Mustache spec
2023-10-19 22:30:46.115 [Test worker] DEBUG c.g.j.h.internal.HbsParserFactory - Creating templates
2023-10-19 22:30:46.116 [Test worker] DEBUG c.g.j.h.internal.HbsParserFactory - About to parse: /handlebars/htmlDocs2/sample_python.mustache
2023-10-19 22:30:46.116 [Test worker] DEBUG c.g.j.h.internal.HbsParserFactory - Building AST
2023-10-19 22:30:46.117 [Test worker] DEBUG c.g.j.h.internal.HbsParserFactory - Applying Mustache spec
2023-10-19 22:30:46.118 [Test worker] DEBUG c.g.j.h.internal.HbsParserFactory - Creating templates
2023-10-19 22:30:46.118 [Test worker] DEBUG c.g.j.h.internal.HbsParserFactory - About to parse: /handlebars/htmlDocs2/paramB.mustache
2023-10-19 22:30:46.118 [Test worker] DEBUG c.g.j.h.internal.HbsParserFactory - Building AST
2023-10-19 22:30:46.118 [Test worker] DEBUG c.g.j.h.internal.HbsParserFactory - Applying Mustache spec
2023-10-19 22:30:46.118 [Test worker] DEBUG c.g.j.h.internal.HbsParserFactory - Creating templates
2023-10-19 22:30:46.120 [Test worker] DEBUG c.g.j.h.internal.HbsParserFactory - About to parse: /handlebars/htmlDocs2/js_jsonformatter.mustache
2023-10-19 22:30:46.126 [Test worker] DEBUG c.g.j.h.internal.HbsParserFactory - Building AST
2023-10-19 22:30:46.128 [Test worker] DEBUG c.g.j.h.internal.HbsParserFactory - Applying Mustache spec
2023-10-19 22:30:46.128 [Test worker] DEBUG c.g.j.h.internal.HbsParserFactory - Creating templates
2023-10-19 22:30:46.129 [Test worker] DEBUG c.g.j.h.internal.HbsParserFactory - About to parse: /handlebars/htmlDocs2/js_jsonschemaview.mustache
2023-10-19 22:30:46.134 [Test worker] DEBUG c.g.j.h.internal.HbsParserFactory - Building AST
2023-10-19 22:30:46.136 [Test worker] DEBUG c.g.j.h.internal.HbsParserFactory - Applying Mustache spec
2023-10-19 22:30:46.136 [Test worker] DEBUG c.g.j.h.internal.HbsParserFactory - Creating templates
2023-10-19 22:30:46.137 [Test worker] DEBUG c.g.j.h.internal.HbsParserFactory - About to parse: /handlebars/htmlDocs2/js_json_schema_ref_parser.mustache
2023-10-19 22:30:46.139 [Test worker] DEBUG c.g.j.h.internal.HbsParserFactory - Building AST
2023-10-19 22:30:46.144 [Test worker] DEBUG c.g.j.h.internal.HbsParserFactory - Applying Mustache spec
2023-10-19 22:30:46.144 [Test worker] DEBUG c.g.j.h.internal.HbsParserFactory - Creating templates
2023-10-19 22:30:46.145 [Test worker] DEBUG c.g.j.h.internal.HbsParserFactory - About to parse: /handlebars/htmlDocs2/js_json_stringify_safe.mustache
2023-10-19 22:30:46.145 [Test worker] DEBUG c.g.j.h.internal.HbsParserFactory - Building AST
2023-10-19 22:30:46.145 [Test worker] DEBUG c.g.j.h.internal.HbsParserFactory - Applying Mustache spec
2023-10-19 22:30:46.145 [Test worker] DEBUG c.g.j.h.internal.HbsParserFactory - Creating templates
2023-10-19 22:30:46.145 [Test worker] DEBUG c.g.j.h.internal.HbsParserFactory - About to parse: /handlebars/htmlDocs2/js_webfontloader.mustache
2023-10-19 22:30:46.146 [Test worker] DEBUG c.g.j.h.internal.HbsParserFactory - Building AST
2023-10-19 22:30:46.146 [Test worker] DEBUG c.g.j.h.internal.HbsParserFactory - Applying Mustache spec
2023-10-19 22:30:46.146 [Test worker] DEBUG c.g.j.h.internal.HbsParserFactory - Creating templates
2023-10-19 22:30:46.147 [Test worker] INFO  i.s.codegen.v3.AbstractGenerator - writing file docs/index.html
2023-10-19 22:30:46.148 [Test worker] INFO  i.s.codegen.v3.AbstractGenerator - writing file docs/.swagger-codegen/VERSION
2023-10-19 22:30:46.149 [DefaultDispatcher-worker-1 @request#7] TRACE io.ktor.routing.Routing - Trace for [storage, notreal]
/, segment:0 -> SUCCESS @ /
  /openapi, segment:0 -> FAILURE "Selector didn't match" @ /openapi
  /(authenticate "default"), segment:0 -> SUCCESS @ /(authenticate "default")
    /(authenticate "default")/storage, segment:1 -> SUCCESS @ /(authenticate "default")/storage
      /(authenticate "default")/storage/Submit, segment:1 -> FAILURE "Selector didn't match" @ /(authenticate "default")/storage/Submit
      /(authenticate "default")/storage/Get, segment:1 -> FAILURE "Selector didn't match" @ /(authenticate "default")/storage/Get
      /(authenticate "default")/storage/Delete, segment:1 -> FAILURE "Selector didn't match" @ /(authenticate "default")/storage/Delete
  /password, segment:0 -> FAILURE "Selector didn't match" @ /password
  /passKey, segment:0 -> FAILURE "Selector didn't match" @ /passKey
  /virusChecker, segment:0 -> FAILURE "Selector didn't match" @ /virusChecker
  /swagger, segment:0 -> FAILURE "Selector didn't match" @ /swagger
Matched routes:
  No results
Route resolve result:
  FAILURE "No matched subtrees found" @ /
2023-10-19 22:30:46.297 [DefaultDispatcher-worker-1 @request#7] TRACE i.k.s.p.c.ContentNegotiation - Skipping response body transformation from HttpStatusCode to OutgoingContent for the GET storage/notreal request because the HttpStatusCode type is ignored. See [ContentNegotiationConfig::ignoreType].
2023-10-19 22:30:46.298 [Test worker] INFO  ktor.test - No ktor.deployment.watch patterns specified, automatic reload is not active.
2023-10-19 22:30:46.298 [Test worker] INFO  ktor.test - Application started in 0.0 seconds.
2023-10-19 22:30:46.309 [Test worker] TRACE i.s.c.v.g.DefaultCodegenConfig - camelize start - security_tools_api
2023-10-19 22:30:46.309 [Test worker] TRACE i.s.c.v.g.DefaultCodegenConfig - camelize end - security_tools_api (new: SecurityToolsApi)
2023-10-19 22:30:46.310 [Test worker] TRACE i.s.c.v.g.DefaultCodegenConfig - camelize start - principal
2023-10-19 22:30:46.310 [Test worker] TRACE i.s.c.v.g.DefaultCodegenConfig - camelize end - principal (new: Principal)
2023-10-19 22:30:46.310 [Test worker] TRACE i.s.c.v.g.DefaultCodegenConfig - camelize start - principal
2023-10-19 22:30:46.310 [Test worker] TRACE i.s.c.v.g.DefaultCodegenConfig - camelize end - principal (new: Principal)
2023-10-19 22:30:46.310 [Test worker] TRACE i.s.c.v.g.DefaultCodegenConfig - camelize start - principal
2023-10-19 22:30:46.310 [Test worker] TRACE i.s.c.v.g.DefaultCodegenConfig - camelize end - principal (new: Principal)
2023-10-19 22:30:46.310 [Test worker] TRACE i.s.c.v.g.DefaultCodegenConfig - camelize start - clientId
2023-10-19 22:30:46.310 [Test worker] TRACE i.s.c.v.g.DefaultCodegenConfig - camelize end - clientId (new: ClientId)
2023-10-19 22:30:46.310 [Test worker] TRACE i.s.c.v.g.DefaultCodegenConfig - camelize start - clientId
2023-10-19 22:30:46.310 [Test worker] TRACE i.s.c.v.g.DefaultCodegenConfig - camelize end - clientId (new: ClientId)
2023-10-19 22:30:46.310 [Test worker] TRACE i.s.c.v.g.DefaultCodegenConfig - camelize start - clientId
2023-10-19 22:30:46.310 [Test worker] TRACE i.s.c.v.g.DefaultCodegenConfig - camelize end - clientId (new: ClientId)
2023-10-19 22:30:46.310 [Test worker] WARN  i.s.c.v.g.DefaultCodegenConfig - Empty operationId found for path: post /storage/Submit. Renamed to auto-generated operationId: storageSubmitPost
2023-10-19 22:30:46.311 [Test worker] TRACE i.s.c.v.g.DefaultCodegenConfig - camelize start - principal
2023-10-19 22:30:46.311 [Test worker] TRACE i.s.c.v.g.DefaultCodegenConfig - camelize end - principal (new: Principal)
2023-10-19 22:30:46.311 [Test worker] TRACE i.s.c.v.g.DefaultCodegenConfig - camelize start - principal
2023-10-19 22:30:46.311 [Test worker] TRACE i.s.c.v.g.DefaultCodegenConfig - camelize end - principal (new: Principal)
2023-10-19 22:30:46.311 [Test worker] TRACE i.s.c.v.g.DefaultCodegenConfig - camelize start - principal
2023-10-19 22:30:46.311 [Test worker] TRACE i.s.c.v.g.DefaultCodegenConfig - camelize end - principal (new: Principal)
2023-10-19 22:30:46.311 [Test worker] TRACE i.s.c.v.g.DefaultCodegenConfig - camelize start - clientId
2023-10-19 22:30:46.311 [Test worker] TRACE i.s.c.v.g.DefaultCodegenConfig - camelize end - clientId (new: ClientId)
2023-10-19 22:30:46.311 [Test worker] TRACE i.s.c.v.g.DefaultCodegenConfig - camelize start - clientId
2023-10-19 22:30:46.311 [Test worker] TRACE i.s.c.v.g.DefaultCodegenConfig - camelize end - clientId (new: ClientId)
2023-10-19 22:30:46.311 [Test worker] TRACE i.s.c.v.g.DefaultCodegenConfig - camelize start - clientId
2023-10-19 22:30:46.311 [Test worker] TRACE i.s.c.v.g.DefaultCodegenConfig - camelize end - clientId (new: ClientId)
2023-10-19 22:30:46.311 [Test worker] TRACE i.s.c.v.g.DefaultCodegenConfig - camelize start - default
2023-10-19 22:30:46.311 [Test worker] TRACE i.s.c.v.g.DefaultCodegenConfig - camelize end - default (new: Default)
2023-10-19 22:30:46.311 [Test worker] TRACE i.s.c.v.g.DefaultCodegenConfig - camelize start - storageSubmitPost
2023-10-19 22:30:46.311 [Test worker] TRACE i.s.c.v.g.DefaultCodegenConfig - camelize end - storageSubmitPost (new: StorageSubmitPost)
2023-10-19 22:30:46.311 [Test worker] WARN  i.s.c.v.g.DefaultCodegenConfig - Empty operationId found for path: get /storage/Get/{file_name}. Renamed to auto-generated operationId: storageGetFile_nameGet
2023-10-19 22:30:46.316 [Test worker] TRACE i.s.c.v.g.DefaultCodegenConfig - camelize start - Client ID
2023-10-19 22:30:46.316 [Test worker] TRACE i.s.c.v.g.DefaultCodegenConfig - camelize end - Client ID (new: Client ID)
2023-10-19 22:30:46.316 [Test worker] TRACE i.s.c.v.g.DefaultCodegenConfig - camelize start - Client ID
2023-10-19 22:30:46.316 [Test worker] TRACE i.s.c.v.g.DefaultCodegenConfig - camelize end - Client ID (new: Client ID)
2023-10-19 22:30:46.316 [Test worker] TRACE i.s.c.v.g.DefaultCodegenConfig - camelize start - Client ID
2023-10-19 22:30:46.316 [Test worker] TRACE i.s.c.v.g.DefaultCodegenConfig - camelize end - Client ID (new: Client ID)
2023-10-19 22:30:46.317 [Test worker] TRACE i.s.c.v.g.DefaultCodegenConfig - camelize start - file_name
2023-10-19 22:30:46.317 [Test worker] TRACE i.s.c.v.g.DefaultCodegenConfig - camelize end - file_name (new: FileName)
2023-10-19 22:30:46.317 [Test worker] TRACE i.s.c.v.g.DefaultCodegenConfig - camelize start - file_name
2023-10-19 22:30:46.317 [Test worker] TRACE i.s.c.v.g.DefaultCodegenConfig - camelize end - file_name (new: FileName)
2023-10-19 22:30:46.317 [Test worker] TRACE i.s.c.v.g.DefaultCodegenConfig - camelize start - file_name
2023-10-19 22:30:46.317 [Test worker] TRACE i.s.c.v.g.DefaultCodegenConfig - camelize end - file_name (new: FileName)
2023-10-19 22:30:46.317 [Test worker] TRACE i.s.c.v.g.DefaultCodegenConfig - camelize start - default
2023-10-19 22:30:46.317 [Test worker] TRACE i.s.c.v.g.DefaultCodegenConfig - camelize end - default (new: Default)
2023-10-19 22:30:46.317 [Test worker] TRACE i.s.c.v.g.DefaultCodegenConfig - camelize start - storageGetFileNameGet
2023-10-19 22:30:46.317 [Test worker] TRACE i.s.c.v.g.DefaultCodegenConfig - camelize end - storageGetFileNameGet (new: StorageGetFileNameGet)
2023-10-19 22:30:46.317 [Test worker] WARN  i.s.c.v.g.DefaultCodegenConfig - Empty operationId found for path: get /storage/Delete. Renamed to auto-generated operationId: storageDeleteGet
2023-10-19 22:30:46.317 [Test worker] TRACE i.s.c.v.g.DefaultCodegenConfig - camelize start - Client ID
2023-10-19 22:30:46.317 [Test worker] TRACE i.s.c.v.g.DefaultCodegenConfig - camelize end - Client ID (new: Client ID)
2023-10-19 22:30:46.317 [Test worker] TRACE i.s.c.v.g.DefaultCodegenConfig - camelize start - Client ID
2023-10-19 22:30:46.317 [Test worker] TRACE i.s.c.v.g.DefaultCodegenConfig - camelize end - Client ID (new: Client ID)
2023-10-19 22:30:46.317 [Test worker] TRACE i.s.c.v.g.DefaultCodegenConfig - camelize start - Client ID
2023-10-19 22:30:46.317 [Test worker] TRACE i.s.c.v.g.DefaultCodegenConfig - camelize end - Client ID (new: Client ID)
2023-10-19 22:30:46.318 [Test worker] TRACE i.s.c.v.g.DefaultCodegenConfig - camelize start - default
2023-10-19 22:30:46.318 [Test worker] TRACE i.s.c.v.g.DefaultCodegenConfig - camelize end - default (new: Default)
2023-10-19 22:30:46.318 [Test worker] TRACE i.s.c.v.g.DefaultCodegenConfig - camelize start - storageDeleteGet
2023-10-19 22:30:46.318 [Test worker] TRACE i.s.c.v.g.DefaultCodegenConfig - camelize end - storageDeleteGet (new: StorageDeleteGet)
2023-10-19 22:30:46.318 [Test worker] WARN  i.s.c.v.g.DefaultCodegenConfig - Empty operationId found for path: get /password/Get/{len?}/{digits?}/{case?}/{specialChars?}. Renamed to auto-generated operationId: passwordGetLenDigitsCaseSpecialCharsGet
2023-10-19 22:30:46.318 [Test worker] TRACE i.s.c.v.g.DefaultCodegenConfig - camelize start - len
2023-10-19 22:30:46.318 [Test worker] TRACE i.s.c.v.g.DefaultCodegenConfig - camelize end - len (new: Len)
2023-10-19 22:30:46.318 [Test worker] TRACE i.s.c.v.g.DefaultCodegenConfig - camelize start - len
2023-10-19 22:30:46.318 [Test worker] TRACE i.s.c.v.g.DefaultCodegenConfig - camelize end - len (new: Len)
2023-10-19 22:30:46.318 [Test worker] TRACE i.s.c.v.g.DefaultCodegenConfig - camelize start - len
2023-10-19 22:30:46.318 [Test worker] TRACE i.s.c.v.g.DefaultCodegenConfig - camelize end - len (new: Len)
2023-10-19 22:30:46.318 [Test worker] DEBUG i.s.c.v.g.DefaultCodegenConfig - Property type is not primitive: int64
2023-10-19 22:30:46.318 [Test worker] TRACE i.s.c.v.g.DefaultCodegenConfig - camelize start - digits
2023-10-19 22:30:46.318 [Test worker] TRACE i.s.c.v.g.DefaultCodegenConfig - camelize end - digits (new: Digits)
2023-10-19 22:30:46.318 [Test worker] TRACE i.s.c.v.g.DefaultCodegenConfig - camelize start - digits
2023-10-19 22:30:46.319 [Test worker] TRACE i.s.c.v.g.DefaultCodegenConfig - camelize end - digits (new: Digits)
2023-10-19 22:30:46.319 [Test worker] TRACE i.s.c.v.g.DefaultCodegenConfig - camelize start - digits
2023-10-19 22:30:46.319 [Test worker] TRACE i.s.c.v.g.DefaultCodegenConfig - camelize end - digits (new: Digits)
2023-10-19 22:30:46.319 [Test worker] TRACE i.s.c.v.g.DefaultCodegenConfig - camelize start - digits
2023-10-19 22:30:46.319 [Test worker] TRACE i.s.c.v.g.DefaultCodegenConfig - camelize end - digits (new: Digits)
2023-10-19 22:30:46.319 [Test worker] TRACE i.s.c.v.g.DefaultCodegenConfig - camelize start - case
2023-10-19 22:30:46.319 [Test worker] TRACE i.s.c.v.g.DefaultCodegenConfig - camelize end - case (new: Case)
2023-10-19 22:30:46.319 [Test worker] TRACE i.s.c.v.g.DefaultCodegenConfig - camelize start - case
2023-10-19 22:30:46.319 [Test worker] TRACE i.s.c.v.g.DefaultCodegenConfig - camelize end - case (new: Case)
2023-10-19 22:30:46.319 [Test worker] TRACE i.s.c.v.g.DefaultCodegenConfig - camelize start - case
2023-10-19 22:30:46.319 [Test worker] TRACE i.s.c.v.g.DefaultCodegenConfig - camelize end - case (new: Case)
2023-10-19 22:30:46.319 [Test worker] TRACE i.s.c.v.g.DefaultCodegenConfig - camelize start - case
2023-10-19 22:30:46.322 [Test worker] TRACE i.s.c.v.g.DefaultCodegenConfig - camelize end - case (new: Case)
2023-10-19 22:30:46.322 [Test worker] TRACE i.s.c.v.g.DefaultCodegenConfig - camelize start - specialChars
2023-10-19 22:30:46.322 [Test worker] TRACE i.s.c.v.g.DefaultCodegenConfig - camelize end - specialChars (new: SpecialChars)
2023-10-19 22:30:46.322 [Test worker] TRACE i.s.c.v.g.DefaultCodegenConfig - camelize start - specialChars
2023-10-19 22:30:46.322 [Test worker] TRACE i.s.c.v.g.DefaultCodegenConfig - camelize end - specialChars (new: SpecialChars)
2023-10-19 22:30:46.322 [Test worker] TRACE i.s.c.v.g.DefaultCodegenConfig - camelize start - specialChars
2023-10-19 22:30:46.322 [Test worker] TRACE i.s.c.v.g.DefaultCodegenConfig - camelize end - specialChars (new: SpecialChars)
2023-10-19 22:30:46.322 [Test worker] TRACE i.s.c.v.g.DefaultCodegenConfig - camelize start - specialChars
2023-10-19 22:30:46.322 [Test worker] TRACE i.s.c.v.g.DefaultCodegenConfig - camelize end - specialChars (new: SpecialChars)
2023-10-19 22:30:46.323 [Test worker] TRACE i.s.c.v.g.DefaultCodegenConfig - camelize start - default
2023-10-19 22:30:46.323 [Test worker] TRACE i.s.c.v.g.DefaultCodegenConfig - camelize end - default (new: Default)
2023-10-19 22:30:46.323 [Test worker] TRACE i.s.c.v.g.DefaultCodegenConfig - camelize start - passwordGetLenDigitsCaseSpecialCharsGet
2023-10-19 22:30:46.323 [Test worker] TRACE i.s.c.v.g.DefaultCodegenConfig - camelize end - passwordGetLenDigitsCaseSpecialCharsGet (new: PasswordGetLenDigitsCaseSpecialCharsGet)
2023-10-19 22:30:46.323 [Test worker] WARN  i.s.c.v.g.DefaultCodegenConfig - Empty operationId found for path: get /passKey/Get/{len?}/{password?}/{salt?}. Renamed to auto-generated operationId: passKeyGetLenPasswordSaltGet
2023-10-19 22:30:46.323 [Test worker] TRACE i.s.c.v.g.DefaultCodegenConfig - camelize start - len
2023-10-19 22:30:46.323 [Test worker] TRACE i.s.c.v.g.DefaultCodegenConfig - camelize end - len (new: Len)
2023-10-19 22:30:46.323 [Test worker] TRACE i.s.c.v.g.DefaultCodegenConfig - camelize start - len
2023-10-19 22:30:46.323 [Test worker] TRACE i.s.c.v.g.DefaultCodegenConfig - camelize end - len (new: Len)
2023-10-19 22:30:46.323 [Test worker] TRACE i.s.c.v.g.DefaultCodegenConfig - camelize start - len
2023-10-19 22:30:46.323 [Test worker] TRACE i.s.c.v.g.DefaultCodegenConfig - camelize end - len (new: Len)
2023-10-19 22:30:46.323 [Test worker] DEBUG i.s.c.v.g.DefaultCodegenConfig - Property type is not primitive: int64
2023-10-19 22:30:46.323 [Test worker] TRACE i.s.c.v.g.DefaultCodegenConfig - camelize start - password
2023-10-19 22:30:46.323 [Test worker] TRACE i.s.c.v.g.DefaultCodegenConfig - camelize end - password (new: Password)
2023-10-19 22:30:46.323 [Test worker] TRACE i.s.c.v.g.DefaultCodegenConfig - camelize start - password
2023-10-19 22:30:46.323 [Test worker] TRACE i.s.c.v.g.DefaultCodegenConfig - camelize end - password (new: Password)
2023-10-19 22:30:46.323 [Test worker] TRACE i.s.c.v.g.DefaultCodegenConfig - camelize start - password
2023-10-19 22:30:46.323 [Test worker] TRACE i.s.c.v.g.DefaultCodegenConfig - camelize end - password (new: Password)
2023-10-19 22:30:46.324 [Test worker] TRACE i.s.c.v.g.DefaultCodegenConfig - camelize start - password
2023-10-19 22:30:46.324 [Test worker] TRACE i.s.c.v.g.DefaultCodegenConfig - camelize end - password (new: Password)
2023-10-19 22:30:46.324 [Test worker] TRACE i.s.c.v.g.DefaultCodegenConfig - camelize start - salt
2023-10-19 22:30:46.324 [Test worker] TRACE i.s.c.v.g.DefaultCodegenConfig - camelize end - salt (new: Salt)
2023-10-19 22:30:46.324 [Test worker] TRACE i.s.c.v.g.DefaultCodegenConfig - camelize start - salt
2023-10-19 22:30:46.324 [Test worker] TRACE i.s.c.v.g.DefaultCodegenConfig - camelize end - salt (new: Salt)
2023-10-19 22:30:46.324 [Test worker] TRACE i.s.c.v.g.DefaultCodegenConfig - camelize start - salt
2023-10-19 22:30:46.324 [Test worker] TRACE i.s.c.v.g.DefaultCodegenConfig - camelize end - salt (new: Salt)
2023-10-19 22:30:46.324 [Test worker] TRACE i.s.c.v.g.DefaultCodegenConfig - camelize start - salt
2023-10-19 22:30:46.324 [Test worker] TRACE i.s.c.v.g.DefaultCodegenConfig - camelize end - salt (new: Salt)
2023-10-19 22:30:46.324 [Test worker] TRACE i.s.c.v.g.DefaultCodegenConfig - camelize start - default
2023-10-19 22:30:46.324 [Test worker] TRACE i.s.c.v.g.DefaultCodegenConfig - camelize end - default (new: Default)
2023-10-19 22:30:46.324 [Test worker] TRACE i.s.c.v.g.DefaultCodegenConfig - camelize start - passKeyGetLenPasswordSaltGet
2023-10-19 22:30:46.324 [Test worker] TRACE i.s.c.v.g.DefaultCodegenConfig - camelize end - passKeyGetLenPasswordSaltGet (new: PassKeyGetLenPasswordSaltGet)
2023-10-19 22:30:46.324 [Test worker] WARN  i.s.c.v.g.DefaultCodegenConfig - Empty operationId found for path: post /virusChecker/. Renamed to auto-generated operationId: virusCheckerPost
2023-10-19 22:30:46.324 [Test worker] TRACE i.s.c.v.g.DefaultCodegenConfig - camelize start - default
2023-10-19 22:30:46.324 [Test worker] TRACE i.s.c.v.g.DefaultCodegenConfig - camelize end - default (new: Default)
2023-10-19 22:30:46.324 [Test worker] TRACE i.s.c.v.g.DefaultCodegenConfig - camelize start - virusCheckerPost
2023-10-19 22:30:46.325 [Test worker] TRACE i.s.c.v.g.DefaultCodegenConfig - camelize end - virusCheckerPost (new: VirusCheckerPost)
2023-10-19 22:30:46.325 [Test worker] DEBUG c.g.j.h.internal.HbsParserFactory - About to parse: /handlebars/htmlDocs2/index.mustache
2023-10-19 22:30:46.325 [Test worker] DEBUG c.g.j.h.internal.HbsParserFactory - Building AST
2023-10-19 22:30:46.332 [Test worker] DEBUG c.g.j.h.internal.HbsParserFactory - Applying Mustache spec
2023-10-19 22:30:46.332 [Test worker] DEBUG c.g.j.h.internal.HbsParserFactory - Creating templates
2023-10-19 22:30:46.334 [Test worker] DEBUG c.g.j.h.internal.HbsParserFactory - About to parse: /handlebars/htmlDocs2/js_jquery.mustache
2023-10-19 22:30:46.335 [Test worker] DEBUG c.g.j.h.internal.HbsParserFactory - Building AST
2023-10-19 22:30:46.338 [Test worker] DEBUG c.g.j.h.internal.HbsParserFactory - Applying Mustache spec
2023-10-19 22:30:46.338 [Test worker] DEBUG c.g.j.h.internal.HbsParserFactory - Creating templates
2023-10-19 22:30:46.338 [Test worker] DEBUG c.g.j.h.internal.HbsParserFactory - About to parse: /handlebars/htmlDocs2/js_prettify.mustache
2023-10-19 22:30:46.339 [Test worker] DEBUG c.g.j.h.internal.HbsParserFactory - Building AST
2023-10-19 22:30:46.339 [Test worker] DEBUG c.g.j.h.internal.HbsParserFactory - Applying Mustache spec
2023-10-19 22:30:46.339 [Test worker] DEBUG c.g.j.h.internal.HbsParserFactory - Creating templates
2023-10-19 22:30:46.339 [Test worker] DEBUG c.g.j.h.internal.HbsParserFactory - About to parse: /handlebars/htmlDocs2/js_bootstrap.mustache
2023-10-19 22:30:46.340 [Test worker] DEBUG c.g.j.h.internal.HbsParserFactory - Building AST
2023-10-19 22:30:46.341 [Test worker] DEBUG c.g.j.h.internal.HbsParserFactory - Applying Mustache spec
2023-10-19 22:30:46.341 [Test worker] DEBUG c.g.j.h.internal.HbsParserFactory - Creating templates
2023-10-19 22:30:46.341 [Test worker] DEBUG c.g.j.h.internal.HbsParserFactory - About to parse: /handlebars/htmlDocs2/marked.mustache
2023-10-19 22:30:46.343 [Test worker] DEBUG c.g.j.h.internal.HbsParserFactory - Building AST
2023-10-19 22:30:46.344 [Test worker] DEBUG c.g.j.h.internal.HbsParserFactory - Applying Mustache spec
2023-10-19 22:30:46.344 [Test worker] DEBUG c.g.j.h.internal.HbsParserFactory - Creating templates
2023-10-19 22:30:46.344 [Test worker] DEBUG c.g.j.h.internal.HbsParserFactory - About to parse: /handlebars/htmlDocs2/css_bootstrap.mustache
2023-10-19 22:30:46.346 [Test worker] DEBUG c.g.j.h.internal.HbsParserFactory - Building AST
2023-10-19 22:30:46.349 [Test worker] DEBUG c.g.j.h.internal.HbsParserFactory - Applying Mustache spec
2023-10-19 22:30:46.349 [Test worker] DEBUG c.g.j.h.internal.HbsParserFactory - Creating templates
2023-10-19 22:30:46.350 [Test worker] DEBUG c.g.j.h.internal.HbsParserFactory - About to parse: /handlebars/htmlDocs2/css_prettify.mustache
2023-10-19 22:30:46.350 [Test worker] DEBUG c.g.j.h.internal.HbsParserFactory - Building AST
2023-10-19 22:30:46.350 [Test worker] DEBUG c.g.j.h.internal.HbsParserFactory - Applying Mustache spec
2023-10-19 22:30:46.350 [Test worker] DEBUG c.g.j.h.internal.HbsParserFactory - Creating templates
2023-10-19 22:30:46.350 [Test worker] DEBUG c.g.j.h.internal.HbsParserFactory - About to parse: /handlebars/htmlDocs2/styles.mustache
2023-10-19 22:30:46.350 [Test worker] DEBUG c.g.j.h.internal.HbsParserFactory - Building AST
2023-10-19 22:30:46.351 [Test worker] DEBUG c.g.j.h.internal.HbsParserFactory - Applying Mustache spec
2023-10-19 22:30:46.351 [Test worker] DEBUG c.g.j.h.internal.HbsParserFactory - Creating templates
2023-10-19 22:30:46.352 [Test worker] DEBUG c.g.j.h.internal.HbsParserFactory - About to parse: /handlebars/htmlDocs2/sample_java.mustache
2023-10-19 22:30:46.352 [Test worker] DEBUG c.g.j.h.internal.HbsParserFactory - Building AST
2023-10-19 22:30:46.354 [Test worker] DEBUG c.g.j.h.internal.HbsParserFactory - Applying Mustache spec
2023-10-19 22:30:46.354 [Test worker] DEBUG c.g.j.h.internal.HbsParserFactory - Creating templates
2023-10-19 22:30:46.354 [Test worker] DEBUG c.g.j.h.internal.HbsParserFactory - About to parse: /handlebars/htmlDocs2/sample_android.mustache
2023-10-19 22:30:46.354 [Test worker] DEBUG c.g.j.h.internal.HbsParserFactory - Building AST
2023-10-19 22:30:46.355 [Test worker] DEBUG c.g.j.h.internal.HbsParserFactory - Applying Mustache spec
2023-10-19 22:30:46.355 [Test worker] DEBUG c.g.j.h.internal.HbsParserFactory - Creating templates
2023-10-19 22:30:46.355 [Test worker] DEBUG c.g.j.h.internal.HbsParserFactory - About to parse: /handlebars/htmlDocs2/sample_objc.mustache
2023-10-19 22:30:46.355 [Test worker] DEBUG c.g.j.h.internal.HbsParserFactory - Building AST
2023-10-19 22:30:46.357 [Test worker] DEBUG c.g.j.h.internal.HbsParserFactory - Applying Mustache spec
2023-10-19 22:30:46.357 [Test worker] DEBUG c.g.j.h.internal.HbsParserFactory - Creating templates
2023-10-19 22:30:46.357 [Test worker] DEBUG c.g.j.h.internal.HbsParserFactory - About to parse: /handlebars/htmlDocs2/sample_js.mustache
2023-10-19 22:30:46.357 [Test worker] DEBUG c.g.j.h.internal.HbsParserFactory - Building AST
2023-10-19 22:30:46.360 [Test worker] DEBUG c.g.j.h.internal.HbsParserFactory - Applying Mustache spec
2023-10-19 22:30:46.360 [Test worker] DEBUG c.g.j.h.internal.HbsParserFactory - Creating templates
2023-10-19 22:30:46.361 [Test worker] DEBUG c.g.j.h.internal.HbsParserFactory - About to parse: /handlebars/htmlDocs2/sample_csharp.mustache
2023-10-19 22:30:46.361 [Test worker] DEBUG c.g.j.h.internal.HbsParserFactory - Building AST
2023-10-19 22:30:46.362 [Test worker] DEBUG c.g.j.h.internal.HbsParserFactory - Applying Mustache spec
2023-10-19 22:30:46.362 [Test worker] DEBUG c.g.j.h.internal.HbsParserFactory - Creating templates
2023-10-19 22:30:46.363 [Test worker] DEBUG c.g.j.h.internal.HbsParserFactory - About to parse: /handlebars/htmlDocs2/sample_php.mustache
2023-10-19 22:30:46.363 [Test worker] DEBUG c.g.j.h.internal.HbsParserFactory - Building AST
2023-10-19 22:30:46.364 [Test worker] DEBUG c.g.j.h.internal.HbsParserFactory - Applying Mustache spec
2023-10-19 22:30:46.364 [Test worker] DEBUG c.g.j.h.internal.HbsParserFactory - Creating templates
2023-10-19 22:30:46.364 [Test worker] DEBUG c.g.j.h.internal.HbsParserFactory - About to parse: /handlebars/htmlDocs2/sample_perl.mustache
2023-10-19 22:30:46.365 [Test worker] DEBUG c.g.j.h.internal.HbsParserFactory - Building AST
2023-10-19 22:30:46.366 [Test worker] DEBUG c.g.j.h.internal.HbsParserFactory - Applying Mustache spec
2023-10-19 22:30:46.366 [Test worker] DEBUG c.g.j.h.internal.HbsParserFactory - Creating templates
2023-10-19 22:30:46.367 [Test worker] DEBUG c.g.j.h.internal.HbsParserFactory - About to parse: /handlebars/htmlDocs2/sample_python.mustache
2023-10-19 22:30:46.367 [Test worker] DEBUG c.g.j.h.internal.HbsParserFactory - Building AST
2023-10-19 22:30:46.368 [Test worker] DEBUG c.g.j.h.internal.HbsParserFactory - Applying Mustache spec
2023-10-19 22:30:46.368 [Test worker] DEBUG c.g.j.h.internal.HbsParserFactory - Creating templates
2023-10-19 22:30:46.369 [Test worker] DEBUG c.g.j.h.internal.HbsParserFactory - About to parse: /handlebars/htmlDocs2/param.mustache
2023-10-19 22:30:46.369 [Test worker] DEBUG c.g.j.h.internal.HbsParserFactory - Building AST
2023-10-19 22:30:46.369 [Test worker] DEBUG c.g.j.h.internal.HbsParserFactory - Applying Mustache spec
2023-10-19 22:30:46.370 [Test worker] DEBUG c.g.j.h.internal.HbsParserFactory - Creating templates
2023-10-19 22:30:46.370 [Test worker] DEBUG c.g.j.h.internal.HbsParserFactory - About to parse: /handlebars/htmlDocs2/param.mustache
2023-10-19 22:30:46.370 [Test worker] DEBUG c.g.j.h.internal.HbsParserFactory - Building AST
2023-10-19 22:30:46.371 [Test worker] DEBUG c.g.j.h.internal.HbsParserFactory - Applying Mustache spec
2023-10-19 22:30:46.371 [Test worker] DEBUG c.g.j.h.internal.HbsParserFactory - Creating templates
2023-10-19 22:30:46.371 [Test worker] DEBUG c.g.j.h.internal.HbsParserFactory - About to parse: /handlebars/htmlDocs2/param.mustache
2023-10-19 22:30:46.371 [Test worker] DEBUG c.g.j.h.internal.HbsParserFactory - Building AST
2023-10-19 22:30:46.371 [Test worker] DEBUG c.g.j.h.internal.HbsParserFactory - Applying Mustache spec
2023-10-19 22:30:46.372 [Test worker] DEBUG c.g.j.h.internal.HbsParserFactory - Creating templates
2023-10-19 22:30:46.372 [Test worker] DEBUG c.g.j.h.internal.HbsParserFactory - About to parse: /handlebars/htmlDocs2/sample_java.mustache
2023-10-19 22:30:46.372 [Test worker] DEBUG c.g.j.h.internal.HbsParserFactory - Building AST
2023-10-19 22:30:46.374 [Test worker] DEBUG c.g.j.h.internal.HbsParserFactory - Applying Mustache spec
2023-10-19 22:30:46.374 [Test worker] DEBUG c.g.j.h.internal.HbsParserFactory - Creating templates
2023-10-19 22:30:46.374 [Test worker] DEBUG c.g.j.h.internal.HbsParserFactory - About to parse: /handlebars/htmlDocs2/sample_android.mustache
2023-10-19 22:30:46.374 [Test worker] DEBUG c.g.j.h.internal.HbsParserFactory - Building AST
2023-10-19 22:30:46.375 [Test worker] DEBUG c.g.j.h.internal.HbsParserFactory - Applying Mustache spec
2023-10-19 22:30:46.375 [Test worker] DEBUG c.g.j.h.internal.HbsParserFactory - Creating templates
2023-10-19 22:30:46.375 [Test worker] DEBUG c.g.j.h.internal.HbsParserFactory - About to parse: /handlebars/htmlDocs2/sample_objc.mustache
2023-10-19 22:30:46.376 [Test worker] DEBUG c.g.j.h.internal.HbsParserFactory - Building AST
2023-10-19 22:30:46.377 [Test worker] DEBUG c.g.j.h.internal.HbsParserFactory - Applying Mustache spec
2023-10-19 22:30:46.377 [Test worker] DEBUG c.g.j.h.internal.HbsParserFactory - Creating templates
2023-10-19 22:30:46.377 [Test worker] DEBUG c.g.j.h.internal.HbsParserFactory - About to parse: /handlebars/htmlDocs2/sample_js.mustache
2023-10-19 22:30:46.377 [Test worker] DEBUG c.g.j.h.internal.HbsParserFactory - Building AST
2023-10-19 22:30:46.380 [Test worker] DEBUG c.g.j.h.internal.HbsParserFactory - Applying Mustache spec
2023-10-19 22:30:46.380 [Test worker] DEBUG c.g.j.h.internal.HbsParserFactory - Creating templates
2023-10-19 22:30:46.380 [Test worker] DEBUG c.g.j.h.internal.HbsParserFactory - About to parse: /handlebars/htmlDocs2/sample_csharp.mustache
2023-10-19 22:30:46.380 [Test worker] DEBUG c.g.j.h.internal.HbsParserFactory - Building AST
2023-10-19 22:30:46.382 [Test worker] DEBUG c.g.j.h.internal.HbsParserFactory - Applying Mustache spec
2023-10-19 22:30:46.382 [Test worker] DEBUG c.g.j.h.internal.HbsParserFactory - Creating templates
2023-10-19 22:30:46.383 [Test worker] DEBUG c.g.j.h.internal.HbsParserFactory - About to parse: /handlebars/htmlDocs2/sample_php.mustache
2023-10-19 22:30:46.383 [Test worker] DEBUG c.g.j.h.internal.HbsParserFactory - Building AST
2023-10-19 22:30:46.384 [Test worker] DEBUG c.g.j.h.internal.HbsParserFactory - Applying Mustache spec
2023-10-19 22:30:46.384 [Test worker] DEBUG c.g.j.h.internal.HbsParserFactory - Creating templates
2023-10-19 22:30:46.384 [Test worker] DEBUG c.g.j.h.internal.HbsParserFactory - About to parse: /handlebars/htmlDocs2/sample_perl.mustache
2023-10-19 22:30:46.384 [Test worker] DEBUG c.g.j.h.internal.HbsParserFactory - Building AST
2023-10-19 22:30:46.386 [Test worker] DEBUG c.g.j.h.internal.HbsParserFactory - Applying Mustache spec
2023-10-19 22:30:46.386 [Test worker] DEBUG c.g.j.h.internal.HbsParserFactory - Creating templates
2023-10-19 22:30:46.386 [Test worker] DEBUG c.g.j.h.internal.HbsParserFactory - About to parse: /handlebars/htmlDocs2/sample_python.mustache
2023-10-19 22:30:46.386 [Test worker] DEBUG c.g.j.h.internal.HbsParserFactory - Building AST
2023-10-19 22:30:46.388 [Test worker] DEBUG c.g.j.h.internal.HbsParserFactory - Applying Mustache spec
2023-10-19 22:30:46.388 [Test worker] DEBUG c.g.j.h.internal.HbsParserFactory - Creating templates
2023-10-19 22:30:46.388 [Test worker] DEBUG c.g.j.h.internal.HbsParserFactory - About to parse: /handlebars/htmlDocs2/param.mustache
2023-10-19 22:30:46.388 [Test worker] DEBUG c.g.j.h.internal.HbsParserFactory - Building AST
2023-10-19 22:30:46.389 [Test worker] DEBUG c.g.j.h.internal.HbsParserFactory - Applying Mustache spec
2023-10-19 22:30:46.389 [Test worker] DEBUG c.g.j.h.internal.HbsParserFactory - Creating templates
2023-10-19 22:30:46.390 [Test worker] DEBUG c.g.j.h.internal.HbsParserFactory - About to parse: /handlebars/htmlDocs2/param.mustache
2023-10-19 22:30:46.390 [Test worker] DEBUG c.g.j.h.internal.HbsParserFactory - Building AST
2023-10-19 22:30:46.390 [Test worker] DEBUG c.g.j.h.internal.HbsParserFactory - Applying Mustache spec
2023-10-19 22:30:46.390 [Test worker] DEBUG c.g.j.h.internal.HbsParserFactory - Creating templates
2023-10-19 22:30:46.391 [Test worker] DEBUG c.g.j.h.internal.HbsParserFactory - About to parse: /handlebars/htmlDocs2/param.mustache
2023-10-19 22:30:46.391 [Test worker] DEBUG c.g.j.h.internal.HbsParserFactory - Building AST
2023-10-19 22:30:46.391 [Test worker] DEBUG c.g.j.h.internal.HbsParserFactory - Applying Mustache spec
2023-10-19 22:30:46.391 [Test worker] DEBUG c.g.j.h.internal.HbsParserFactory - Creating templates
2023-10-19 22:30:46.392 [Test worker] DEBUG c.g.j.h.internal.HbsParserFactory - About to parse: /handlebars/htmlDocs2/param.mustache
2023-10-19 22:30:46.392 [Test worker] DEBUG c.g.j.h.internal.HbsParserFactory - Building AST
2023-10-19 22:30:46.392 [Test worker] DEBUG c.g.j.h.internal.HbsParserFactory - Applying Mustache spec
2023-10-19 22:30:46.392 [Test worker] DEBUG c.g.j.h.internal.HbsParserFactory - Creating templates
2023-10-19 22:30:46.393 [Test worker] DEBUG c.g.j.h.internal.HbsParserFactory - About to parse: /handlebars/htmlDocs2/sample_java.mustache
2023-10-19 22:30:46.393 [Test worker] DEBUG c.g.j.h.internal.HbsParserFactory - Building AST
2023-10-19 22:30:46.394 [Test worker] DEBUG c.g.j.h.internal.HbsParserFactory - Applying Mustache spec
2023-10-19 22:30:46.394 [Test worker] DEBUG c.g.j.h.internal.HbsParserFactory - Creating templates
2023-10-19 22:30:46.395 [Test worker] DEBUG c.g.j.h.internal.HbsParserFactory - About to parse: /handlebars/htmlDocs2/sample_android.mustache
2023-10-19 22:30:46.395 [Test worker] DEBUG c.g.j.h.internal.HbsParserFactory - Building AST
2023-10-19 22:30:46.395 [Test worker] DEBUG c.g.j.h.internal.HbsParserFactory - Applying Mustache spec
2023-10-19 22:30:46.395 [Test worker] DEBUG c.g.j.h.internal.HbsParserFactory - Creating templates
2023-10-19 22:30:46.396 [Test worker] DEBUG c.g.j.h.internal.HbsParserFactory - About to parse: /handlebars/htmlDocs2/sample_objc.mustache
2023-10-19 22:30:46.396 [Test worker] DEBUG c.g.j.h.internal.HbsParserFactory - Building AST
2023-10-19 22:30:46.397 [Test worker] DEBUG c.g.j.h.internal.HbsParserFactory - Applying Mustache spec
2023-10-19 22:30:46.397 [Test worker] DEBUG c.g.j.h.internal.HbsParserFactory - Creating templates
2023-10-19 22:30:46.397 [Test worker] DEBUG c.g.j.h.internal.HbsParserFactory - About to parse: /handlebars/htmlDocs2/sample_js.mustache
2023-10-19 22:30:46.398 [Test worker] DEBUG c.g.j.h.internal.HbsParserFactory - Building AST
2023-10-19 22:30:46.400 [Test worker] DEBUG c.g.j.h.internal.HbsParserFactory - Applying Mustache spec
2023-10-19 22:30:46.400 [Test worker] DEBUG c.g.j.h.internal.HbsParserFactory - Creating templates
2023-10-19 22:30:46.401 [Test worker] DEBUG c.g.j.h.internal.HbsParserFactory - About to parse: /handlebars/htmlDocs2/sample_csharp.mustache
2023-10-19 22:30:46.401 [Test worker] DEBUG c.g.j.h.internal.HbsParserFactory - Building AST
2023-10-19 22:30:46.402 [Test worker] DEBUG c.g.j.h.internal.HbsParserFactory - Applying Mustache spec
2023-10-19 22:30:46.402 [Test worker] DEBUG c.g.j.h.internal.HbsParserFactory - Creating templates
2023-10-19 22:30:46.403 [Test worker] DEBUG c.g.j.h.internal.HbsParserFactory - About to parse: /handlebars/htmlDocs2/sample_php.mustache
2023-10-19 22:30:46.403 [Test worker] DEBUG c.g.j.h.internal.HbsParserFactory - Building AST
2023-10-19 22:30:46.404 [Test worker] DEBUG c.g.j.h.internal.HbsParserFactory - Applying Mustache spec
2023-10-19 22:30:46.404 [Test worker] DEBUG c.g.j.h.internal.HbsParserFactory - Creating templates
2023-10-19 22:30:46.404 [Test worker] DEBUG c.g.j.h.internal.HbsParserFactory - About to parse: /handlebars/htmlDocs2/sample_perl.mustache
2023-10-19 22:30:46.404 [Test worker] DEBUG c.g.j.h.internal.HbsParserFactory - Building AST
2023-10-19 22:30:46.406 [Test worker] DEBUG c.g.j.h.internal.HbsParserFactory - Applying Mustache spec
2023-10-19 22:30:46.406 [Test worker] DEBUG c.g.j.h.internal.HbsParserFactory - Creating templates
2023-10-19 22:30:46.406 [Test worker] DEBUG c.g.j.h.internal.HbsParserFactory - About to parse: /handlebars/htmlDocs2/sample_python.mustache
2023-10-19 22:30:46.406 [Test worker] DEBUG c.g.j.h.internal.HbsParserFactory - Building AST
2023-10-19 22:30:46.408 [Test worker] DEBUG c.g.j.h.internal.HbsParserFactory - Applying Mustache spec
2023-10-19 22:30:46.408 [Test worker] DEBUG c.g.j.h.internal.HbsParserFactory - Creating templates
2023-10-19 22:30:46.408 [Test worker] DEBUG c.g.j.h.internal.HbsParserFactory - About to parse: /handlebars/htmlDocs2/param.mustache
2023-10-19 22:30:46.408 [Test worker] DEBUG c.g.j.h.internal.HbsParserFactory - Building AST
2023-10-19 22:30:46.409 [Test worker] DEBUG c.g.j.h.internal.HbsParserFactory - Applying Mustache spec
2023-10-19 22:30:46.409 [Test worker] DEBUG c.g.j.h.internal.HbsParserFactory - Creating templates
2023-10-19 22:30:46.410 [Test worker] DEBUG c.g.j.h.internal.HbsParserFactory - About to parse: /handlebars/htmlDocs2/sample_java.mustache
2023-10-19 22:30:46.410 [Test worker] DEBUG c.g.j.h.internal.HbsParserFactory - Building AST
2023-10-19 22:30:46.411 [Test worker] DEBUG c.g.j.h.internal.HbsParserFactory - Applying Mustache spec
2023-10-19 22:30:46.411 [Test worker] DEBUG c.g.j.h.internal.HbsParserFactory - Creating templates
2023-10-19 22:30:46.412 [Test worker] DEBUG c.g.j.h.internal.HbsParserFactory - About to parse: /handlebars/htmlDocs2/sample_android.mustache
2023-10-19 22:30:46.412 [Test worker] DEBUG c.g.j.h.internal.HbsParserFactory - Building AST
2023-10-19 22:30:46.412 [Test worker] DEBUG c.g.j.h.internal.HbsParserFactory - Applying Mustache spec
2023-10-19 22:30:46.412 [Test worker] DEBUG c.g.j.h.internal.HbsParserFactory - Creating templates
2023-10-19 22:30:46.413 [Test worker] DEBUG c.g.j.h.internal.HbsParserFactory - About to parse: /handlebars/htmlDocs2/sample_objc.mustache
2023-10-19 22:30:46.413 [Test worker] DEBUG c.g.j.h.internal.HbsParserFactory - Building AST
2023-10-19 22:30:46.414 [Test worker] DEBUG c.g.j.h.internal.HbsParserFactory - Applying Mustache spec
2023-10-19 22:30:46.414 [Test worker] DEBUG c.g.j.h.internal.HbsParserFactory - Creating templates
2023-10-19 22:30:46.415 [Test worker] DEBUG c.g.j.h.internal.HbsParserFactory - About to parse: /handlebars/htmlDocs2/sample_js.mustache
2023-10-19 22:30:46.415 [Test worker] DEBUG c.g.j.h.internal.HbsParserFactory - Building AST
2023-10-19 22:30:46.417 [Test worker] DEBUG c.g.j.h.internal.HbsParserFactory - Applying Mustache spec
2023-10-19 22:30:46.417 [Test worker] DEBUG c.g.j.h.internal.HbsParserFactory - Creating templates
2023-10-19 22:30:46.418 [Test worker] DEBUG c.g.j.h.internal.HbsParserFactory - About to parse: /handlebars/htmlDocs2/sample_csharp.mustache
2023-10-19 22:30:46.418 [Test worker] DEBUG c.g.j.h.internal.HbsParserFactory - Building AST
2023-10-19 22:30:46.419 [Test worker] DEBUG c.g.j.h.internal.HbsParserFactory - Applying Mustache spec
2023-10-19 22:30:46.420 [Test worker] DEBUG c.g.j.h.internal.HbsParserFactory - Creating templates
2023-10-19 22:30:46.420 [Test worker] DEBUG c.g.j.h.internal.HbsParserFactory - About to parse: /handlebars/htmlDocs2/sample_php.mustache
2023-10-19 22:30:46.420 [Test worker] DEBUG c.g.j.h.internal.HbsParserFactory - Building AST
2023-10-19 22:30:46.421 [Test worker] DEBUG c.g.j.h.internal.HbsParserFactory - Applying Mustache spec
2023-10-19 22:30:46.421 [Test worker] DEBUG c.g.j.h.internal.HbsParserFactory - Creating templates
2023-10-19 22:30:46.421 [Test worker] DEBUG c.g.j.h.internal.HbsParserFactory - About to parse: /handlebars/htmlDocs2/sample_perl.mustache
2023-10-19 22:30:46.421 [Test worker] DEBUG c.g.j.h.internal.HbsParserFactory - Building AST
2023-10-19 22:30:46.423 [Test worker] DEBUG c.g.j.h.internal.HbsParserFactory - Applying Mustache spec
2023-10-19 22:30:46.423 [Test worker] DEBUG c.g.j.h.internal.HbsParserFactory - Creating templates
2023-10-19 22:30:46.424 [Test worker] DEBUG c.g.j.h.internal.HbsParserFactory - About to parse: /handlebars/htmlDocs2/sample_python.mustache
2023-10-19 22:30:46.424 [Test worker] DEBUG c.g.j.h.internal.HbsParserFactory - Building AST
2023-10-19 22:30:46.425 [Test worker] DEBUG c.g.j.h.internal.HbsParserFactory - Applying Mustache spec
2023-10-19 22:30:46.425 [Test worker] DEBUG c.g.j.h.internal.HbsParserFactory - Creating templates
2023-10-19 22:30:46.426 [Test worker] DEBUG c.g.j.h.internal.HbsParserFactory - About to parse: /handlebars/htmlDocs2/param.mustache
2023-10-19 22:30:46.426 [Test worker] DEBUG c.g.j.h.internal.HbsParserFactory - Building AST
2023-10-19 22:30:46.426 [Test worker] DEBUG c.g.j.h.internal.HbsParserFactory - Applying Mustache spec
2023-10-19 22:30:46.426 [Test worker] DEBUG c.g.j.h.internal.HbsParserFactory - Creating templates
2023-10-19 22:30:46.427 [Test worker] DEBUG c.g.j.h.internal.HbsParserFactory - About to parse: /handlebars/htmlDocs2/param.mustache
2023-10-19 22:30:46.427 [Test worker] DEBUG c.g.j.h.internal.HbsParserFactory - Building AST
2023-10-19 22:30:46.427 [Test worker] DEBUG c.g.j.h.internal.HbsParserFactory - Applying Mustache spec
2023-10-19 22:30:46.427 [Test worker] DEBUG c.g.j.h.internal.HbsParserFactory - Creating templates
2023-10-19 22:30:46.428 [Test worker] DEBUG c.g.j.h.internal.HbsParserFactory - About to parse: /handlebars/htmlDocs2/sample_java.mustache
2023-10-19 22:30:46.428 [Test worker] DEBUG c.g.j.h.internal.HbsParserFactory - Building AST
2023-10-19 22:30:46.430 [Test worker] DEBUG c.g.j.h.internal.HbsParserFactory - Applying Mustache spec
2023-10-19 22:30:46.430 [Test worker] DEBUG c.g.j.h.internal.HbsParserFactory - Creating templates
2023-10-19 22:30:46.430 [Test worker] DEBUG c.g.j.h.internal.HbsParserFactory - About to parse: /handlebars/htmlDocs2/sample_android.mustache
2023-10-19 22:30:46.430 [Test worker] DEBUG c.g.j.h.internal.HbsParserFactory - Building AST
2023-10-19 22:30:46.431 [Test worker] DEBUG c.g.j.h.internal.HbsParserFactory - Applying Mustache spec
2023-10-19 22:30:46.431 [Test worker] DEBUG c.g.j.h.internal.HbsParserFactory - Creating templates
2023-10-19 22:30:46.431 [Test worker] DEBUG c.g.j.h.internal.HbsParserFactory - About to parse: /handlebars/htmlDocs2/sample_objc.mustache
2023-10-19 22:30:46.431 [Test worker] DEBUG c.g.j.h.internal.HbsParserFactory - Building AST
2023-10-19 22:30:46.433 [Test worker] DEBUG c.g.j.h.internal.HbsParserFactory - Applying Mustache spec
2023-10-19 22:30:46.433 [Test worker] DEBUG c.g.j.h.internal.HbsParserFactory - Creating templates
2023-10-19 22:30:46.433 [Test worker] DEBUG c.g.j.h.internal.HbsParserFactory - About to parse: /handlebars/htmlDocs2/sample_js.mustache
2023-10-19 22:30:46.433 [Test worker] DEBUG c.g.j.h.internal.HbsParserFactory - Building AST
2023-10-19 22:30:46.436 [Test worker] DEBUG c.g.j.h.internal.HbsParserFactory - Applying Mustache spec
2023-10-19 22:30:46.436 [Test worker] DEBUG c.g.j.h.internal.HbsParserFactory - Creating templates
2023-10-19 22:30:46.436 [Test worker] DEBUG c.g.j.h.internal.HbsParserFactory - About to parse: /handlebars/htmlDocs2/sample_csharp.mustache
2023-10-19 22:30:46.436 [Test worker] DEBUG c.g.j.h.internal.HbsParserFactory - Building AST
2023-10-19 22:30:46.438 [Test worker] DEBUG c.g.j.h.internal.HbsParserFactory - Applying Mustache spec
2023-10-19 22:30:46.438 [Test worker] DEBUG c.g.j.h.internal.HbsParserFactory - Creating templates
2023-10-19 22:30:46.438 [Test worker] DEBUG c.g.j.h.internal.HbsParserFactory - About to parse: /handlebars/htmlDocs2/sample_php.mustache
2023-10-19 22:30:46.438 [Test worker] DEBUG c.g.j.h.internal.HbsParserFactory - Building AST
2023-10-19 22:30:46.440 [Test worker] DEBUG c.g.j.h.internal.HbsParserFactory - Applying Mustache spec
2023-10-19 22:30:46.440 [Test worker] DEBUG c.g.j.h.internal.HbsParserFactory - Creating templates
2023-10-19 22:30:46.440 [Test worker] DEBUG c.g.j.h.internal.HbsParserFactory - About to parse: /handlebars/htmlDocs2/sample_perl.mustache
2023-10-19 22:30:46.440 [Test worker] DEBUG c.g.j.h.internal.HbsParserFactory - Building AST
2023-10-19 22:30:46.442 [Test worker] DEBUG c.g.j.h.internal.HbsParserFactory - Applying Mustache spec
2023-10-19 22:30:46.442 [Test worker] DEBUG c.g.j.h.internal.HbsParserFactory - Creating templates
2023-10-19 22:30:46.442 [Test worker] DEBUG c.g.j.h.internal.HbsParserFactory - About to parse: /handlebars/htmlDocs2/sample_python.mustache
2023-10-19 22:30:46.442 [Test worker] DEBUG c.g.j.h.internal.HbsParserFactory - Building AST
2023-10-19 22:30:46.443 [Test worker] DEBUG c.g.j.h.internal.HbsParserFactory - Applying Mustache spec
2023-10-19 22:30:46.443 [Test worker] DEBUG c.g.j.h.internal.HbsParserFactory - Creating templates
2023-10-19 22:30:46.444 [Test worker] DEBUG c.g.j.h.internal.HbsParserFactory - About to parse: /handlebars/htmlDocs2/paramB.mustache
2023-10-19 22:30:46.444 [Test worker] DEBUG c.g.j.h.internal.HbsParserFactory - Building AST
2023-10-19 22:30:46.444 [Test worker] DEBUG c.g.j.h.internal.HbsParserFactory - Applying Mustache spec
2023-10-19 22:30:46.444 [Test worker] DEBUG c.g.j.h.internal.HbsParserFactory - Creating templates
2023-10-19 22:30:46.445 [Test worker] DEBUG c.g.j.h.internal.HbsParserFactory - About to parse: /handlebars/htmlDocs2/sample_java.mustache
2023-10-19 22:30:46.445 [Test worker] DEBUG c.g.j.h.internal.HbsParserFactory - Building AST
2023-10-19 22:30:46.446 [Test worker] DEBUG c.g.j.h.internal.HbsParserFactory - Applying Mustache spec
2023-10-19 22:30:46.446 [Test worker] DEBUG c.g.j.h.internal.HbsParserFactory - Creating templates
2023-10-19 22:30:46.447 [Test worker] DEBUG c.g.j.h.internal.HbsParserFactory - About to parse: /handlebars/htmlDocs2/sample_android.mustache
2023-10-19 22:30:46.447 [Test worker] DEBUG c.g.j.h.internal.HbsParserFactory - Building AST
2023-10-19 22:30:46.448 [Test worker] DEBUG c.g.j.h.internal.HbsParserFactory - Applying Mustache spec
2023-10-19 22:30:46.448 [Test worker] DEBUG c.g.j.h.internal.HbsParserFactory - Creating templates
2023-10-19 22:30:46.448 [Test worker] DEBUG c.g.j.h.internal.HbsParserFactory - About to parse: /handlebars/htmlDocs2/sample_objc.mustache
2023-10-19 22:30:46.448 [Test worker] DEBUG c.g.j.h.internal.HbsParserFactory - Building AST
2023-10-19 22:30:46.449 [Test worker] DEBUG c.g.j.h.internal.HbsParserFactory - Applying Mustache spec
2023-10-19 22:30:46.449 [Test worker] DEBUG c.g.j.h.internal.HbsParserFactory - Creating templates
2023-10-19 22:30:46.450 [Test worker] DEBUG c.g.j.h.internal.HbsParserFactory - About to parse: /handlebars/htmlDocs2/sample_js.mustache
2023-10-19 22:30:46.450 [Test worker] DEBUG c.g.j.h.internal.HbsParserFactory - Building AST
2023-10-19 22:30:46.452 [Test worker] DEBUG c.g.j.h.internal.HbsParserFactory - Applying Mustache spec
2023-10-19 22:30:46.452 [Test worker] DEBUG c.g.j.h.internal.HbsParserFactory - Creating templates
2023-10-19 22:30:46.453 [Test worker] DEBUG c.g.j.h.internal.HbsParserFactory - About to parse: /handlebars/htmlDocs2/sample_csharp.mustache
2023-10-19 22:30:46.453 [Test worker] DEBUG c.g.j.h.internal.HbsParserFactory - Building AST
2023-10-19 22:30:46.454 [Test worker] DEBUG c.g.j.h.internal.HbsParserFactory - Applying Mustache spec
2023-10-19 22:30:46.455 [Test worker] DEBUG c.g.j.h.internal.HbsParserFactory - Creating templates
2023-10-19 22:30:46.455 [Test worker] DEBUG c.g.j.h.internal.HbsParserFactory - About to parse: /handlebars/htmlDocs2/sample_php.mustache
2023-10-19 22:30:46.455 [Test worker] DEBUG c.g.j.h.internal.HbsParserFactory - Building AST
2023-10-19 22:30:46.456 [Test worker] DEBUG c.g.j.h.internal.HbsParserFactory - Applying Mustache spec
2023-10-19 22:30:46.456 [Test worker] DEBUG c.g.j.h.internal.HbsParserFactory - Creating templates
2023-10-19 22:30:46.457 [Test worker] DEBUG c.g.j.h.internal.HbsParserFactory - About to parse: /handlebars/htmlDocs2/sample_perl.mustache
2023-10-19 22:30:46.457 [Test worker] DEBUG c.g.j.h.internal.HbsParserFactory - Building AST
2023-10-19 22:30:46.458 [Test worker] DEBUG c.g.j.h.internal.HbsParserFactory - Applying Mustache spec
2023-10-19 22:30:46.458 [Test worker] DEBUG c.g.j.h.internal.HbsParserFactory - Creating templates
2023-10-19 22:30:46.459 [Test worker] DEBUG c.g.j.h.internal.HbsParserFactory - About to parse: /handlebars/htmlDocs2/sample_python.mustache
2023-10-19 22:30:46.459 [Test worker] DEBUG c.g.j.h.internal.HbsParserFactory - Building AST
2023-10-19 22:30:46.460 [Test worker] DEBUG c.g.j.h.internal.HbsParserFactory - Applying Mustache spec
2023-10-19 22:30:46.460 [Test worker] DEBUG c.g.j.h.internal.HbsParserFactory - Creating templates
2023-10-19 22:30:46.460 [Test worker] DEBUG c.g.j.h.internal.HbsParserFactory - About to parse: /handlebars/htmlDocs2/paramB.mustache
2023-10-19 22:30:46.460 [Test worker] DEBUG c.g.j.h.internal.HbsParserFactory - Building AST
2023-10-19 22:30:46.461 [Test worker] DEBUG c.g.j.h.internal.HbsParserFactory - Applying Mustache spec
2023-10-19 22:30:46.461 [Test worker] DEBUG c.g.j.h.internal.HbsParserFactory - Creating templates
2023-10-19 22:30:46.462 [Test worker] DEBUG c.g.j.h.internal.HbsParserFactory - About to parse: /handlebars/htmlDocs2/js_jsonformatter.mustache
2023-10-19 22:30:46.467 [Test worker] DEBUG c.g.j.h.internal.HbsParserFactory - Building AST
2023-10-19 22:30:46.469 [Test worker] DEBUG c.g.j.h.internal.HbsParserFactory - Applying Mustache spec
2023-10-19 22:30:46.469 [Test worker] DEBUG c.g.j.h.internal.HbsParserFactory - Creating templates
2023-10-19 22:30:46.469 [Test worker] DEBUG c.g.j.h.internal.HbsParserFactory - About to parse: /handlebars/htmlDocs2/js_jsonschemaview.mustache
2023-10-19 22:30:46.473 [Test worker] DEBUG c.g.j.h.internal.HbsParserFactory - Building AST
2023-10-19 22:30:46.475 [Test worker] DEBUG c.g.j.h.internal.HbsParserFactory - Applying Mustache spec
2023-10-19 22:30:46.475 [Test worker] DEBUG c.g.j.h.internal.HbsParserFactory - Creating templates
2023-10-19 22:30:46.475 [Test worker] DEBUG c.g.j.h.internal.HbsParserFactory - About to parse: /handlebars/htmlDocs2/js_json_schema_ref_parser.mustache
2023-10-19 22:30:46.477 [Test worker] DEBUG c.g.j.h.internal.HbsParserFactory - Building AST
2023-10-19 22:30:46.483 [Test worker] DEBUG c.g.j.h.internal.HbsParserFactory - Applying Mustache spec
2023-10-19 22:30:46.483 [Test worker] DEBUG c.g.j.h.internal.HbsParserFactory - Creating templates
2023-10-19 22:30:46.483 [Test worker] DEBUG c.g.j.h.internal.HbsParserFactory - About to parse: /handlebars/htmlDocs2/js_json_stringify_safe.mustache
2023-10-19 22:30:46.483 [Test worker] DEBUG c.g.j.h.internal.HbsParserFactory - Building AST
2023-10-19 22:30:46.483 [Test worker] DEBUG c.g.j.h.internal.HbsParserFactory - Applying Mustache spec
2023-10-19 22:30:46.483 [Test worker] DEBUG c.g.j.h.internal.HbsParserFactory - Creating templates
2023-10-19 22:30:46.484 [Test worker] DEBUG c.g.j.h.internal.HbsParserFactory - About to parse: /handlebars/htmlDocs2/js_webfontloader.mustache
2023-10-19 22:30:46.484 [Test worker] DEBUG c.g.j.h.internal.HbsParserFactory - Building AST
2023-10-19 22:30:46.484 [Test worker] DEBUG c.g.j.h.internal.HbsParserFactory - Applying Mustache spec
2023-10-19 22:30:46.484 [Test worker] DEBUG c.g.j.h.internal.HbsParserFactory - Creating templates
2023-10-19 22:30:46.485 [Test worker] INFO  i.s.codegen.v3.AbstractGenerator - writing file docs/index.html
2023-10-19 22:30:46.486 [Test worker] INFO  i.s.codegen.v3.AbstractGenerator - writing file docs/.swagger-codegen/VERSION
2023-10-19 22:30:46.487 [DefaultDispatcher-worker-1 @request#10] TRACE io.ktor.routing.Routing - Trace for [passKey, Get, ]
/, segment:0 -> SUCCESS @ /
  /openapi, segment:0 -> FAILURE "Selector didn't match" @ /openapi
  /(authenticate "default"), segment:0 -> SUCCESS @ /(authenticate "default")
    /(authenticate "default")/storage, segment:0 -> FAILURE "Selector didn't match" @ /(authenticate "default")/storage
  /password, segment:0 -> FAILURE "Selector didn't match" @ /password
  /passKey, segment:1 -> SUCCESS @ /passKey
    /passKey/Get, segment:2 -> SUCCESS @ /passKey/Get
      /passKey/Get/{len?}, segment:3 -> SUCCESS @ /passKey/Get/{len?}
        /passKey/Get/{len?}/{password?}, segment:3 -> SUCCESS @ /passKey/Get/{len?}/{password?}
          /passKey/Get/{len?}/{password?}/{salt?}, segment:3 -> SUCCESS @ /passKey/Get/{len?}/{password?}/{salt?}
            /passKey/Get/{len?}/{password?}/{salt?}/(method:GET), segment:3 -> SUCCESS @ /passKey/Get/{len?}/{password?}/{salt?}/(method:GET)
  /virusChecker, segment:0 -> FAILURE "Selector didn't match" @ /virusChecker
  /swagger, segment:0 -> FAILURE "Selector didn't match" @ /swagger
Matched routes:
  "" -> "passKey" -> "Get" -> "{len?}" -> "{password?}" -> "{salt?}" -> "(method:GET)"
Route resolve result:
  SUCCESS @ /passKey/Get/{len?}/{password?}/{salt?}/(method:GET)
2023-10-19 22:30:46.488 [DefaultDispatcher-worker-1 @request#10] TRACE i.k.s.p.c.ContentNegotiation - Skipping because body is already converted.
2023-10-19 22:30:46.490 [Test worker] INFO  ktor.test - No ktor.deployment.watch patterns specified, automatic reload is not active.
2023-10-19 22:30:46.490 [Test worker] INFO  ktor.test - Application started in 0.001 seconds.
2023-10-19 22:30:46.499 [Test worker] TRACE i.s.c.v.g.DefaultCodegenConfig - camelize start - security_tools_api
2023-10-19 22:30:46.500 [Test worker] TRACE i.s.c.v.g.DefaultCodegenConfig - camelize end - security_tools_api (new: SecurityToolsApi)
2023-10-19 22:30:46.501 [Test worker] TRACE i.s.c.v.g.DefaultCodegenConfig - camelize start - principal
2023-10-19 22:30:46.501 [Test worker] TRACE i.s.c.v.g.DefaultCodegenConfig - camelize end - principal (new: Principal)
2023-10-19 22:30:46.501 [Test worker] TRACE i.s.c.v.g.DefaultCodegenConfig - camelize start - principal
2023-10-19 22:30:46.501 [Test worker] TRACE i.s.c.v.g.DefaultCodegenConfig - camelize end - principal (new: Principal)
2023-10-19 22:30:46.501 [Test worker] TRACE i.s.c.v.g.DefaultCodegenConfig - camelize start - principal
2023-10-19 22:30:46.501 [Test worker] TRACE i.s.c.v.g.DefaultCodegenConfig - camelize end - principal (new: Principal)
2023-10-19 22:30:46.501 [Test worker] TRACE i.s.c.v.g.DefaultCodegenConfig - camelize start - clientId
2023-10-19 22:30:46.501 [Test worker] TRACE i.s.c.v.g.DefaultCodegenConfig - camelize end - clientId (new: ClientId)
2023-10-19 22:30:46.501 [Test worker] TRACE i.s.c.v.g.DefaultCodegenConfig - camelize start - clientId
2023-10-19 22:30:46.501 [Test worker] TRACE i.s.c.v.g.DefaultCodegenConfig - camelize end - clientId (new: ClientId)
2023-10-19 22:30:46.501 [Test worker] TRACE i.s.c.v.g.DefaultCodegenConfig - camelize start - clientId
2023-10-19 22:30:46.501 [Test worker] TRACE i.s.c.v.g.DefaultCodegenConfig - camelize end - clientId (new: ClientId)
2023-10-19 22:30:46.501 [Test worker] WARN  i.s.c.v.g.DefaultCodegenConfig - Empty operationId found for path: post /storage/Submit. Renamed to auto-generated operationId: storageSubmitPost
2023-10-19 22:30:46.501 [Test worker] TRACE i.s.c.v.g.DefaultCodegenConfig - camelize start - principal
2023-10-19 22:30:46.502 [Test worker] TRACE i.s.c.v.g.DefaultCodegenConfig - camelize end - principal (new: Principal)
2023-10-19 22:30:46.502 [Test worker] TRACE i.s.c.v.g.DefaultCodegenConfig - camelize start - principal
2023-10-19 22:30:46.502 [Test worker] TRACE i.s.c.v.g.DefaultCodegenConfig - camelize end - principal (new: Principal)
2023-10-19 22:30:46.502 [Test worker] TRACE i.s.c.v.g.DefaultCodegenConfig - camelize start - principal
2023-10-19 22:30:46.502 [Test worker] TRACE i.s.c.v.g.DefaultCodegenConfig - camelize end - principal (new: Principal)
2023-10-19 22:30:46.502 [Test worker] TRACE i.s.c.v.g.DefaultCodegenConfig - camelize start - clientId
2023-10-19 22:30:46.502 [Test worker] TRACE i.s.c.v.g.DefaultCodegenConfig - camelize end - clientId (new: ClientId)
2023-10-19 22:30:46.502 [Test worker] TRACE i.s.c.v.g.DefaultCodegenConfig - camelize start - clientId
2023-10-19 22:30:46.502 [Test worker] TRACE i.s.c.v.g.DefaultCodegenConfig - camelize end - clientId (new: ClientId)
2023-10-19 22:30:46.502 [Test worker] TRACE i.s.c.v.g.DefaultCodegenConfig - camelize start - clientId
2023-10-19 22:30:46.502 [Test worker] TRACE i.s.c.v.g.DefaultCodegenConfig - camelize end - clientId (new: ClientId)
2023-10-19 22:30:46.502 [Test worker] TRACE i.s.c.v.g.DefaultCodegenConfig - camelize start - default
2023-10-19 22:30:46.502 [Test worker] TRACE i.s.c.v.g.DefaultCodegenConfig - camelize end - default (new: Default)
2023-10-19 22:30:46.502 [Test worker] TRACE i.s.c.v.g.DefaultCodegenConfig - camelize start - storageSubmitPost
2023-10-19 22:30:46.502 [Test worker] TRACE i.s.c.v.g.DefaultCodegenConfig - camelize end - storageSubmitPost (new: StorageSubmitPost)
2023-10-19 22:30:46.502 [Test worker] WARN  i.s.c.v.g.DefaultCodegenConfig - Empty operationId found for path: get /storage/Get/{file_name}. Renamed to auto-generated operationId: storageGetFile_nameGet
2023-10-19 22:30:46.502 [Test worker] TRACE i.s.c.v.g.DefaultCodegenConfig - camelize start - Client ID
2023-10-19 22:30:46.502 [Test worker] TRACE i.s.c.v.g.DefaultCodegenConfig - camelize end - Client ID (new: Client ID)
2023-10-19 22:30:46.502 [Test worker] TRACE i.s.c.v.g.DefaultCodegenConfig - camelize start - Client ID
2023-10-19 22:30:46.502 [Test worker] TRACE i.s.c.v.g.DefaultCodegenConfig - camelize end - Client ID (new: Client ID)
2023-10-19 22:30:46.502 [Test worker] TRACE i.s.c.v.g.DefaultCodegenConfig - camelize start - Client ID
2023-10-19 22:30:46.502 [Test worker] TRACE i.s.c.v.g.DefaultCodegenConfig - camelize end - Client ID (new: Client ID)
2023-10-19 22:30:46.503 [Test worker] TRACE i.s.c.v.g.DefaultCodegenConfig - camelize start - file_name
2023-10-19 22:30:46.503 [Test worker] TRACE i.s.c.v.g.DefaultCodegenConfig - camelize end - file_name (new: FileName)
2023-10-19 22:30:46.503 [Test worker] TRACE i.s.c.v.g.DefaultCodegenConfig - camelize start - file_name
2023-10-19 22:30:46.503 [Test worker] TRACE i.s.c.v.g.DefaultCodegenConfig - camelize end - file_name (new: FileName)
2023-10-19 22:30:46.503 [Test worker] TRACE i.s.c.v.g.DefaultCodegenConfig - camelize start - file_name
2023-10-19 22:30:46.503 [Test worker] TRACE i.s.c.v.g.DefaultCodegenConfig - camelize end - file_name (new: FileName)
2023-10-19 22:30:46.503 [Test worker] TRACE i.s.c.v.g.DefaultCodegenConfig - camelize start - default
2023-10-19 22:30:46.503 [Test worker] TRACE i.s.c.v.g.DefaultCodegenConfig - camelize end - default (new: Default)
2023-10-19 22:30:46.503 [Test worker] TRACE i.s.c.v.g.DefaultCodegenConfig - camelize start - storageGetFileNameGet
2023-10-19 22:30:46.503 [Test worker] TRACE i.s.c.v.g.DefaultCodegenConfig - camelize end - storageGetFileNameGet (new: StorageGetFileNameGet)
2023-10-19 22:30:46.503 [Test worker] WARN  i.s.c.v.g.DefaultCodegenConfig - Empty operationId found for path: get /storage/Delete. Renamed to auto-generated operationId: storageDeleteGet
2023-10-19 22:30:46.503 [Test worker] TRACE i.s.c.v.g.DefaultCodegenConfig - camelize start - Client ID
2023-10-19 22:30:46.503 [Test worker] TRACE i.s.c.v.g.DefaultCodegenConfig - camelize end - Client ID (new: Client ID)
2023-10-19 22:30:46.503 [Test worker] TRACE i.s.c.v.g.DefaultCodegenConfig - camelize start - Client ID
2023-10-19 22:30:46.503 [Test worker] TRACE i.s.c.v.g.DefaultCodegenConfig - camelize end - Client ID (new: Client ID)
2023-10-19 22:30:46.503 [Test worker] TRACE i.s.c.v.g.DefaultCodegenConfig - camelize start - Client ID
2023-10-19 22:30:46.503 [Test worker] TRACE i.s.c.v.g.DefaultCodegenConfig - camelize end - Client ID (new: Client ID)
2023-10-19 22:30:46.503 [Test worker] TRACE i.s.c.v.g.DefaultCodegenConfig - camelize start - default
2023-10-19 22:30:46.503 [Test worker] TRACE i.s.c.v.g.DefaultCodegenConfig - camelize end - default (new: Default)
2023-10-19 22:30:46.503 [Test worker] TRACE i.s.c.v.g.DefaultCodegenConfig - camelize start - storageDeleteGet
2023-10-19 22:30:46.503 [Test worker] TRACE i.s.c.v.g.DefaultCodegenConfig - camelize end - storageDeleteGet (new: StorageDeleteGet)
2023-10-19 22:30:46.503 [Test worker] WARN  i.s.c.v.g.DefaultCodegenConfig - Empty operationId found for path: get /password/Get/{len?}/{digits?}/{case?}/{specialChars?}. Renamed to auto-generated operationId: passwordGetLenDigitsCaseSpecialCharsGet
2023-10-19 22:30:46.504 [Test worker] TRACE i.s.c.v.g.DefaultCodegenConfig - camelize start - len
2023-10-19 22:30:46.504 [Test worker] TRACE i.s.c.v.g.DefaultCodegenConfig - camelize end - len (new: Len)
2023-10-19 22:30:46.504 [Test worker] TRACE i.s.c.v.g.DefaultCodegenConfig - camelize start - len
2023-10-19 22:30:46.504 [Test worker] TRACE i.s.c.v.g.DefaultCodegenConfig - camelize end - len (new: Len)
2023-10-19 22:30:46.504 [Test worker] TRACE i.s.c.v.g.DefaultCodegenConfig - camelize start - len
2023-10-19 22:30:46.504 [Test worker] TRACE i.s.c.v.g.DefaultCodegenConfig - camelize end - len (new: Len)
2023-10-19 22:30:46.504 [Test worker] DEBUG i.s.c.v.g.DefaultCodegenConfig - Property type is not primitive: int64
2023-10-19 22:30:46.504 [Test worker] TRACE i.s.c.v.g.DefaultCodegenConfig - camelize start - digits
2023-10-19 22:30:46.504 [Test worker] TRACE i.s.c.v.g.DefaultCodegenConfig - camelize end - digits (new: Digits)
2023-10-19 22:30:46.504 [Test worker] TRACE i.s.c.v.g.DefaultCodegenConfig - camelize start - digits
2023-10-19 22:30:46.504 [Test worker] TRACE i.s.c.v.g.DefaultCodegenConfig - camelize end - digits (new: Digits)
2023-10-19 22:30:46.504 [Test worker] TRACE i.s.c.v.g.DefaultCodegenConfig - camelize start - digits
2023-10-19 22:30:46.504 [Test worker] TRACE i.s.c.v.g.DefaultCodegenConfig - camelize end - digits (new: Digits)
2023-10-19 22:30:46.504 [Test worker] TRACE i.s.c.v.g.DefaultCodegenConfig - camelize start - digits
2023-10-19 22:30:46.504 [Test worker] TRACE i.s.c.v.g.DefaultCodegenConfig - camelize end - digits (new: Digits)
2023-10-19 22:30:46.504 [Test worker] TRACE i.s.c.v.g.DefaultCodegenConfig - camelize start - case
2023-10-19 22:30:46.504 [Test worker] TRACE i.s.c.v.g.DefaultCodegenConfig - camelize end - case (new: Case)
2023-10-19 22:30:46.504 [Test worker] TRACE i.s.c.v.g.DefaultCodegenConfig - camelize start - case
2023-10-19 22:30:46.504 [Test worker] TRACE i.s.c.v.g.DefaultCodegenConfig - camelize end - case (new: Case)
2023-10-19 22:30:46.504 [Test worker] TRACE i.s.c.v.g.DefaultCodegenConfig - camelize start - case
2023-10-19 22:30:46.504 [Test worker] TRACE i.s.c.v.g.DefaultCodegenConfig - camelize end - case (new: Case)
2023-10-19 22:30:46.504 [Test worker] TRACE i.s.c.v.g.DefaultCodegenConfig - camelize start - case
2023-10-19 22:30:46.504 [Test worker] TRACE i.s.c.v.g.DefaultCodegenConfig - camelize end - case (new: Case)
2023-10-19 22:30:46.505 [Test worker] TRACE i.s.c.v.g.DefaultCodegenConfig - camelize start - specialChars
2023-10-19 22:30:46.505 [Test worker] TRACE i.s.c.v.g.DefaultCodegenConfig - camelize end - specialChars (new: SpecialChars)
2023-10-19 22:30:46.505 [Test worker] TRACE i.s.c.v.g.DefaultCodegenConfig - camelize start - specialChars
2023-10-19 22:30:46.505 [Test worker] TRACE i.s.c.v.g.DefaultCodegenConfig - camelize end - specialChars (new: SpecialChars)
2023-10-19 22:30:46.505 [Test worker] TRACE i.s.c.v.g.DefaultCodegenConfig - camelize start - specialChars
2023-10-19 22:30:46.505 [Test worker] TRACE i.s.c.v.g.DefaultCodegenConfig - camelize end - specialChars (new: SpecialChars)
2023-10-19 22:30:46.505 [Test worker] TRACE i.s.c.v.g.DefaultCodegenConfig - camelize start - specialChars
2023-10-19 22:30:46.505 [Test worker] TRACE i.s.c.v.g.DefaultCodegenConfig - camelize end - specialChars (new: SpecialChars)
2023-10-19 22:30:46.505 [Test worker] TRACE i.s.c.v.g.DefaultCodegenConfig - camelize start - default
2023-10-19 22:30:46.505 [Test worker] TRACE i.s.c.v.g.DefaultCodegenConfig - camelize end - default (new: Default)
2023-10-19 22:30:46.505 [Test worker] TRACE i.s.c.v.g.DefaultCodegenConfig - camelize start - passwordGetLenDigitsCaseSpecialCharsGet
2023-10-19 22:30:46.505 [Test worker] TRACE i.s.c.v.g.DefaultCodegenConfig - camelize end - passwordGetLenDigitsCaseSpecialCharsGet (new: PasswordGetLenDigitsCaseSpecialCharsGet)
2023-10-19 22:30:46.505 [Test worker] WARN  i.s.c.v.g.DefaultCodegenConfig - Empty operationId found for path: get /passKey/Get/{len?}/{password?}/{salt?}. Renamed to auto-generated operationId: passKeyGetLenPasswordSaltGet
2023-10-19 22:30:46.505 [Test worker] TRACE i.s.c.v.g.DefaultCodegenConfig - camelize start - len
2023-10-19 22:30:46.505 [Test worker] TRACE i.s.c.v.g.DefaultCodegenConfig - camelize end - len (new: Len)
2023-10-19 22:30:46.505 [Test worker] TRACE i.s.c.v.g.DefaultCodegenConfig - camelize start - len
2023-10-19 22:30:46.505 [Test worker] TRACE i.s.c.v.g.DefaultCodegenConfig - camelize end - len (new: Len)
2023-10-19 22:30:46.505 [Test worker] TRACE i.s.c.v.g.DefaultCodegenConfig - camelize start - len
2023-10-19 22:30:46.505 [Test worker] TRACE i.s.c.v.g.DefaultCodegenConfig - camelize end - len (new: Len)
2023-10-19 22:30:46.506 [Test worker] DEBUG i.s.c.v.g.DefaultCodegenConfig - Property type is not primitive: int64
2023-10-19 22:30:46.506 [Test worker] TRACE i.s.c.v.g.DefaultCodegenConfig - camelize start - password
2023-10-19 22:30:46.506 [Test worker] TRACE i.s.c.v.g.DefaultCodegenConfig - camelize end - password (new: Password)
2023-10-19 22:30:46.506 [Test worker] TRACE i.s.c.v.g.DefaultCodegenConfig - camelize start - password
2023-10-19 22:30:46.506 [Test worker] TRACE i.s.c.v.g.DefaultCodegenConfig - camelize end - password (new: Password)
2023-10-19 22:30:46.506 [Test worker] TRACE i.s.c.v.g.DefaultCodegenConfig - camelize start - password
2023-10-19 22:30:46.506 [Test worker] TRACE i.s.c.v.g.DefaultCodegenConfig - camelize end - password (new: Password)
2023-10-19 22:30:46.506 [Test worker] TRACE i.s.c.v.g.DefaultCodegenConfig - camelize start - password
2023-10-19 22:30:46.506 [Test worker] TRACE i.s.c.v.g.DefaultCodegenConfig - camelize end - password (new: Password)
2023-10-19 22:30:46.506 [Test worker] TRACE i.s.c.v.g.DefaultCodegenConfig - camelize start - salt
2023-10-19 22:30:46.506 [Test worker] TRACE i.s.c.v.g.DefaultCodegenConfig - camelize end - salt (new: Salt)
2023-10-19 22:30:46.506 [Test worker] TRACE i.s.c.v.g.DefaultCodegenConfig - camelize start - salt
2023-10-19 22:30:46.506 [Test worker] TRACE i.s.c.v.g.DefaultCodegenConfig - camelize end - salt (new: Salt)
2023-10-19 22:30:46.506 [Test worker] TRACE i.s.c.v.g.DefaultCodegenConfig - camelize start - salt
2023-10-19 22:30:46.506 [Test worker] TRACE i.s.c.v.g.DefaultCodegenConfig - camelize end - salt (new: Salt)
2023-10-19 22:30:46.506 [Test worker] TRACE i.s.c.v.g.DefaultCodegenConfig - camelize start - salt
2023-10-19 22:30:46.506 [Test worker] TRACE i.s.c.v.g.DefaultCodegenConfig - camelize end - salt (new: Salt)
2023-10-19 22:30:46.506 [Test worker] TRACE i.s.c.v.g.DefaultCodegenConfig - camelize start - default
2023-10-19 22:30:46.506 [Test worker] TRACE i.s.c.v.g.DefaultCodegenConfig - camelize end - default (new: Default)
2023-10-19 22:30:46.506 [Test worker] TRACE i.s.c.v.g.DefaultCodegenConfig - camelize start - passKeyGetLenPasswordSaltGet
2023-10-19 22:30:46.506 [Test worker] TRACE i.s.c.v.g.DefaultCodegenConfig - camelize end - passKeyGetLenPasswordSaltGet (new: PassKeyGetLenPasswordSaltGet)
2023-10-19 22:30:46.506 [Test worker] WARN  i.s.c.v.g.DefaultCodegenConfig - Empty operationId found for path: post /virusChecker/. Renamed to auto-generated operationId: virusCheckerPost
2023-10-19 22:30:46.507 [Test worker] TRACE i.s.c.v.g.DefaultCodegenConfig - camelize start - default
2023-10-19 22:30:46.507 [Test worker] TRACE i.s.c.v.g.DefaultCodegenConfig - camelize end - default (new: Default)
2023-10-19 22:30:46.507 [Test worker] TRACE i.s.c.v.g.DefaultCodegenConfig - camelize start - virusCheckerPost
2023-10-19 22:30:46.507 [Test worker] TRACE i.s.c.v.g.DefaultCodegenConfig - camelize end - virusCheckerPost (new: VirusCheckerPost)
2023-10-19 22:30:46.507 [Test worker] DEBUG c.g.j.h.internal.HbsParserFactory - About to parse: /handlebars/htmlDocs2/index.mustache
2023-10-19 22:30:46.507 [Test worker] DEBUG c.g.j.h.internal.HbsParserFactory - Building AST
2023-10-19 22:30:46.514 [Test worker] DEBUG c.g.j.h.internal.HbsParserFactory - Applying Mustache spec
2023-10-19 22:30:46.515 [Test worker] DEBUG c.g.j.h.internal.HbsParserFactory - Creating templates
2023-10-19 22:30:46.515 [Test worker] DEBUG c.g.j.h.internal.HbsParserFactory - About to parse: /handlebars/htmlDocs2/js_jquery.mustache
2023-10-19 22:30:46.517 [Test worker] DEBUG c.g.j.h.internal.HbsParserFactory - Building AST
2023-10-19 22:30:46.520 [Test worker] DEBUG c.g.j.h.internal.HbsParserFactory - Applying Mustache spec
2023-10-19 22:30:46.520 [Test worker] DEBUG c.g.j.h.internal.HbsParserFactory - Creating templates
2023-10-19 22:30:46.520 [Test worker] DEBUG c.g.j.h.internal.HbsParserFactory - About to parse: /handlebars/htmlDocs2/js_prettify.mustache
2023-10-19 22:30:46.520 [Test worker] DEBUG c.g.j.h.internal.HbsParserFactory - Building AST
2023-10-19 22:30:46.521 [Test worker] DEBUG c.g.j.h.internal.HbsParserFactory - Applying Mustache spec
2023-10-19 22:30:46.521 [Test worker] DEBUG c.g.j.h.internal.HbsParserFactory - Creating templates
2023-10-19 22:30:46.521 [Test worker] DEBUG c.g.j.h.internal.HbsParserFactory - About to parse: /handlebars/htmlDocs2/js_bootstrap.mustache
2023-10-19 22:30:46.521 [Test worker] DEBUG c.g.j.h.internal.HbsParserFactory - Building AST
2023-10-19 22:30:46.522 [Test worker] DEBUG c.g.j.h.internal.HbsParserFactory - Applying Mustache spec
2023-10-19 22:30:46.522 [Test worker] DEBUG c.g.j.h.internal.HbsParserFactory - Creating templates
2023-10-19 22:30:46.522 [Test worker] DEBUG c.g.j.h.internal.HbsParserFactory - About to parse: /handlebars/htmlDocs2/marked.mustache
2023-10-19 22:30:46.524 [Test worker] DEBUG c.g.j.h.internal.HbsParserFactory - Building AST
2023-10-19 22:30:46.524 [Test worker] DEBUG c.g.j.h.internal.HbsParserFactory - Applying Mustache spec
2023-10-19 22:30:46.524 [Test worker] DEBUG c.g.j.h.internal.HbsParserFactory - Creating templates
2023-10-19 22:30:46.525 [Test worker] DEBUG c.g.j.h.internal.HbsParserFactory - About to parse: /handlebars/htmlDocs2/css_bootstrap.mustache
2023-10-19 22:30:46.526 [Test worker] DEBUG c.g.j.h.internal.HbsParserFactory - Building AST
2023-10-19 22:30:46.529 [Test worker] DEBUG c.g.j.h.internal.HbsParserFactory - Applying Mustache spec
2023-10-19 22:30:46.529 [Test worker] DEBUG c.g.j.h.internal.HbsParserFactory - Creating templates
2023-10-19 22:30:46.530 [Test worker] DEBUG c.g.j.h.internal.HbsParserFactory - About to parse: /handlebars/htmlDocs2/css_prettify.mustache
2023-10-19 22:30:46.530 [Test worker] DEBUG c.g.j.h.internal.HbsParserFactory - Building AST
2023-10-19 22:30:46.530 [Test worker] DEBUG c.g.j.h.internal.HbsParserFactory - Applying Mustache spec
2023-10-19 22:30:46.530 [Test worker] DEBUG c.g.j.h.internal.HbsParserFactory - Creating templates
2023-10-19 22:30:46.530 [Test worker] DEBUG c.g.j.h.internal.HbsParserFactory - About to parse: /handlebars/htmlDocs2/styles.mustache
2023-10-19 22:30:46.530 [Test worker] DEBUG c.g.j.h.internal.HbsParserFactory - Building AST
2023-10-19 22:30:46.531 [Test worker] DEBUG c.g.j.h.internal.HbsParserFactory - Applying Mustache spec
2023-10-19 22:30:46.531 [Test worker] DEBUG c.g.j.h.internal.HbsParserFactory - Creating templates
2023-10-19 22:30:46.532 [Test worker] DEBUG c.g.j.h.internal.HbsParserFactory - About to parse: /handlebars/htmlDocs2/sample_java.mustache
2023-10-19 22:30:46.532 [Test worker] DEBUG c.g.j.h.internal.HbsParserFactory - Building AST
2023-10-19 22:30:46.534 [Test worker] DEBUG c.g.j.h.internal.HbsParserFactory - Applying Mustache spec
2023-10-19 22:30:46.534 [Test worker] DEBUG c.g.j.h.internal.HbsParserFactory - Creating templates
2023-10-19 22:30:46.534 [Test worker] DEBUG c.g.j.h.internal.HbsParserFactory - About to parse: /handlebars/htmlDocs2/sample_android.mustache
2023-10-19 22:30:46.534 [Test worker] DEBUG c.g.j.h.internal.HbsParserFactory - Building AST
2023-10-19 22:30:46.535 [Test worker] DEBUG c.g.j.h.internal.HbsParserFactory - Applying Mustache spec
2023-10-19 22:30:46.535 [Test worker] DEBUG c.g.j.h.internal.HbsParserFactory - Creating templates
2023-10-19 22:30:46.535 [Test worker] DEBUG c.g.j.h.internal.HbsParserFactory - About to parse: /handlebars/htmlDocs2/sample_objc.mustache
2023-10-19 22:30:46.535 [Test worker] DEBUG c.g.j.h.internal.HbsParserFactory - Building AST
2023-10-19 22:30:46.537 [Test worker] DEBUG c.g.j.h.internal.HbsParserFactory - Applying Mustache spec
2023-10-19 22:30:46.537 [Test worker] DEBUG c.g.j.h.internal.HbsParserFactory - Creating templates
2023-10-19 22:30:46.538 [Test worker] DEBUG c.g.j.h.internal.HbsParserFactory - About to parse: /handlebars/htmlDocs2/sample_js.mustache
2023-10-19 22:30:46.538 [Test worker] DEBUG c.g.j.h.internal.HbsParserFactory - Building AST
2023-10-19 22:30:46.540 [Test worker] DEBUG c.g.j.h.internal.HbsParserFactory - Applying Mustache spec
2023-10-19 22:30:46.540 [Test worker] DEBUG c.g.j.h.internal.HbsParserFactory - Creating templates
2023-10-19 22:30:46.540 [Test worker] DEBUG c.g.j.h.internal.HbsParserFactory - About to parse: /handlebars/htmlDocs2/sample_csharp.mustache
2023-10-19 22:30:46.541 [Test worker] DEBUG c.g.j.h.internal.HbsParserFactory - Building AST
2023-10-19 22:30:46.542 [Test worker] DEBUG c.g.j.h.internal.HbsParserFactory - Applying Mustache spec
2023-10-19 22:30:46.542 [Test worker] DEBUG c.g.j.h.internal.HbsParserFactory - Creating templates
2023-10-19 22:30:46.543 [Test worker] DEBUG c.g.j.h.internal.HbsParserFactory - About to parse: /handlebars/htmlDocs2/sample_php.mustache
2023-10-19 22:30:46.543 [Test worker] DEBUG c.g.j.h.internal.HbsParserFactory - Building AST
2023-10-19 22:30:46.544 [Test worker] DEBUG c.g.j.h.internal.HbsParserFactory - Applying Mustache spec
2023-10-19 22:30:46.544 [Test worker] DEBUG c.g.j.h.internal.HbsParserFactory - Creating templates
2023-10-19 22:30:46.545 [Test worker] DEBUG c.g.j.h.internal.HbsParserFactory - About to parse: /handlebars/htmlDocs2/sample_perl.mustache
2023-10-19 22:30:46.545 [Test worker] DEBUG c.g.j.h.internal.HbsParserFactory - Building AST
2023-10-19 22:30:46.546 [Test worker] DEBUG c.g.j.h.internal.HbsParserFactory - Applying Mustache spec
2023-10-19 22:30:46.546 [Test worker] DEBUG c.g.j.h.internal.HbsParserFactory - Creating templates
2023-10-19 22:30:46.547 [Test worker] DEBUG c.g.j.h.internal.HbsParserFactory - About to parse: /handlebars/htmlDocs2/sample_python.mustache
2023-10-19 22:30:46.547 [Test worker] DEBUG c.g.j.h.internal.HbsParserFactory - Building AST
2023-10-19 22:30:46.548 [Test worker] DEBUG c.g.j.h.internal.HbsParserFactory - Applying Mustache spec
2023-10-19 22:30:46.548 [Test worker] DEBUG c.g.j.h.internal.HbsParserFactory - Creating templates
2023-10-19 22:30:46.548 [Test worker] DEBUG c.g.j.h.internal.HbsParserFactory - About to parse: /handlebars/htmlDocs2/param.mustache
2023-10-19 22:30:46.549 [Test worker] DEBUG c.g.j.h.internal.HbsParserFactory - Building AST
2023-10-19 22:30:46.549 [Test worker] DEBUG c.g.j.h.internal.HbsParserFactory - Applying Mustache spec
2023-10-19 22:30:46.549 [Test worker] DEBUG c.g.j.h.internal.HbsParserFactory - Creating templates
2023-10-19 22:30:46.549 [Test worker] DEBUG c.g.j.h.internal.HbsParserFactory - About to parse: /handlebars/htmlDocs2/param.mustache
2023-10-19 22:30:46.550 [Test worker] DEBUG c.g.j.h.internal.HbsParserFactory - Building AST
2023-10-19 22:30:46.550 [Test worker] DEBUG c.g.j.h.internal.HbsParserFactory - Applying Mustache spec
2023-10-19 22:30:46.550 [Test worker] DEBUG c.g.j.h.internal.HbsParserFactory - Creating templates
2023-10-19 22:30:46.550 [Test worker] DEBUG c.g.j.h.internal.HbsParserFactory - About to parse: /handlebars/htmlDocs2/param.mustache
2023-10-19 22:30:46.551 [Test worker] DEBUG c.g.j.h.internal.HbsParserFactory - Building AST
2023-10-19 22:30:46.551 [Test worker] DEBUG c.g.j.h.internal.HbsParserFactory - Applying Mustache spec
2023-10-19 22:30:46.551 [Test worker] DEBUG c.g.j.h.internal.HbsParserFactory - Creating templates
2023-10-19 22:30:46.552 [Test worker] DEBUG c.g.j.h.internal.HbsParserFactory - About to parse: /handlebars/htmlDocs2/sample_java.mustache
2023-10-19 22:30:46.552 [Test worker] DEBUG c.g.j.h.internal.HbsParserFactory - Building AST
2023-10-19 22:30:46.554 [Test worker] DEBUG c.g.j.h.internal.HbsParserFactory - Applying Mustache spec
2023-10-19 22:30:46.554 [Test worker] DEBUG c.g.j.h.internal.HbsParserFactory - Creating templates
2023-10-19 22:30:46.554 [Test worker] DEBUG c.g.j.h.internal.HbsParserFactory - About to parse: /handlebars/htmlDocs2/sample_android.mustache
2023-10-19 22:30:46.554 [Test worker] DEBUG c.g.j.h.internal.HbsParserFactory - Building AST
2023-10-19 22:30:46.555 [Test worker] DEBUG c.g.j.h.internal.HbsParserFactory - Applying Mustache spec
2023-10-19 22:30:46.555 [Test worker] DEBUG c.g.j.h.internal.HbsParserFactory - Creating templates
2023-10-19 22:30:46.555 [Test worker] DEBUG c.g.j.h.internal.HbsParserFactory - About to parse: /handlebars/htmlDocs2/sample_objc.mustache
2023-10-19 22:30:46.555 [Test worker] DEBUG c.g.j.h.internal.HbsParserFactory - Building AST
2023-10-19 22:30:46.557 [Test worker] DEBUG c.g.j.h.internal.HbsParserFactory - Applying Mustache spec
2023-10-19 22:30:46.557 [Test worker] DEBUG c.g.j.h.internal.HbsParserFactory - Creating templates
2023-10-19 22:30:46.557 [Test worker] DEBUG c.g.j.h.internal.HbsParserFactory - About to parse: /handlebars/htmlDocs2/sample_js.mustache
2023-10-19 22:30:46.557 [Test worker] DEBUG c.g.j.h.internal.HbsParserFactory - Building AST
2023-10-19 22:30:46.559 [Test worker] DEBUG c.g.j.h.internal.HbsParserFactory - Applying Mustache spec
2023-10-19 22:30:46.560 [Test worker] DEBUG c.g.j.h.internal.HbsParserFactory - Creating templates
2023-10-19 22:30:46.560 [Test worker] DEBUG c.g.j.h.internal.HbsParserFactory - About to parse: /handlebars/htmlDocs2/sample_csharp.mustache
2023-10-19 22:30:46.560 [Test worker] DEBUG c.g.j.h.internal.HbsParserFactory - Building AST
2023-10-19 22:30:46.562 [Test worker] DEBUG c.g.j.h.internal.HbsParserFactory - Applying Mustache spec
2023-10-19 22:30:46.562 [Test worker] DEBUG c.g.j.h.internal.HbsParserFactory - Creating templates
2023-10-19 22:30:46.563 [Test worker] DEBUG c.g.j.h.internal.HbsParserFactory - About to parse: /handlebars/htmlDocs2/sample_php.mustache
2023-10-19 22:30:46.563 [Test worker] DEBUG c.g.j.h.internal.HbsParserFactory - Building AST
2023-10-19 22:30:46.564 [Test worker] DEBUG c.g.j.h.internal.HbsParserFactory - Applying Mustache spec
2023-10-19 22:30:46.564 [Test worker] DEBUG c.g.j.h.internal.HbsParserFactory - Creating templates
2023-10-19 22:30:46.564 [Test worker] DEBUG c.g.j.h.internal.HbsParserFactory - About to parse: /handlebars/htmlDocs2/sample_perl.mustache
2023-10-19 22:30:46.564 [Test worker] DEBUG c.g.j.h.internal.HbsParserFactory - Building AST
2023-10-19 22:30:46.566 [Test worker] DEBUG c.g.j.h.internal.HbsParserFactory - Applying Mustache spec
2023-10-19 22:30:46.566 [Test worker] DEBUG c.g.j.h.internal.HbsParserFactory - Creating templates
2023-10-19 22:30:46.566 [Test worker] DEBUG c.g.j.h.internal.HbsParserFactory - About to parse: /handlebars/htmlDocs2/sample_python.mustache
2023-10-19 22:30:46.567 [Test worker] DEBUG c.g.j.h.internal.HbsParserFactory - Building AST
2023-10-19 22:30:46.568 [Test worker] DEBUG c.g.j.h.internal.HbsParserFactory - Applying Mustache spec
2023-10-19 22:30:46.568 [Test worker] DEBUG c.g.j.h.internal.HbsParserFactory - Creating templates
2023-10-19 22:30:46.569 [Test worker] DEBUG c.g.j.h.internal.HbsParserFactory - About to parse: /handlebars/htmlDocs2/param.mustache
2023-10-19 22:30:46.569 [Test worker] DEBUG c.g.j.h.internal.HbsParserFactory - Building AST
2023-10-19 22:30:46.570 [Test worker] DEBUG c.g.j.h.internal.HbsParserFactory - Applying Mustache spec
2023-10-19 22:30:46.570 [Test worker] DEBUG c.g.j.h.internal.HbsParserFactory - Creating templates
2023-10-19 22:30:46.570 [Test worker] DEBUG c.g.j.h.internal.HbsParserFactory - About to parse: /handlebars/htmlDocs2/param.mustache
2023-10-19 22:30:46.570 [Test worker] DEBUG c.g.j.h.internal.HbsParserFactory - Building AST
2023-10-19 22:30:46.571 [Test worker] DEBUG c.g.j.h.internal.HbsParserFactory - Applying Mustache spec
2023-10-19 22:30:46.571 [Test worker] DEBUG c.g.j.h.internal.HbsParserFactory - Creating templates
2023-10-19 22:30:46.571 [Test worker] DEBUG c.g.j.h.internal.HbsParserFactory - About to parse: /handlebars/htmlDocs2/param.mustache
2023-10-19 22:30:46.571 [Test worker] DEBUG c.g.j.h.internal.HbsParserFactory - Building AST
2023-10-19 22:30:46.572 [Test worker] DEBUG c.g.j.h.internal.HbsParserFactory - Applying Mustache spec
2023-10-19 22:30:46.572 [Test worker] DEBUG c.g.j.h.internal.HbsParserFactory - Creating templates
2023-10-19 22:30:46.572 [Test worker] DEBUG c.g.j.h.internal.HbsParserFactory - About to parse: /handlebars/htmlDocs2/param.mustache
2023-10-19 22:30:46.572 [Test worker] DEBUG c.g.j.h.internal.HbsParserFactory - Building AST
2023-10-19 22:30:46.573 [Test worker] DEBUG c.g.j.h.internal.HbsParserFactory - Applying Mustache spec
2023-10-19 22:30:46.573 [Test worker] DEBUG c.g.j.h.internal.HbsParserFactory - Creating templates
2023-10-19 22:30:46.574 [Test worker] DEBUG c.g.j.h.internal.HbsParserFactory - About to parse: /handlebars/htmlDocs2/sample_java.mustache
2023-10-19 22:30:46.574 [Test worker] DEBUG c.g.j.h.internal.HbsParserFactory - Building AST
2023-10-19 22:30:46.575 [Test worker] DEBUG c.g.j.h.internal.HbsParserFactory - Applying Mustache spec
2023-10-19 22:30:46.575 [Test worker] DEBUG c.g.j.h.internal.HbsParserFactory - Creating templates
2023-10-19 22:30:46.575 [Test worker] DEBUG c.g.j.h.internal.HbsParserFactory - About to parse: /handlebars/htmlDocs2/sample_android.mustache
2023-10-19 22:30:46.575 [Test worker] DEBUG c.g.j.h.internal.HbsParserFactory - Building AST
2023-10-19 22:30:46.576 [Test worker] DEBUG c.g.j.h.internal.HbsParserFactory - Applying Mustache spec
2023-10-19 22:30:46.576 [Test worker] DEBUG c.g.j.h.internal.HbsParserFactory - Creating templates
2023-10-19 22:30:46.576 [Test worker] DEBUG c.g.j.h.internal.HbsParserFactory - About to parse: /handlebars/htmlDocs2/sample_objc.mustache
2023-10-19 22:30:46.576 [Test worker] DEBUG c.g.j.h.internal.HbsParserFactory - Building AST
2023-10-19 22:30:46.578 [Test worker] DEBUG c.g.j.h.internal.HbsParserFactory - Applying Mustache spec
2023-10-19 22:30:46.578 [Test worker] DEBUG c.g.j.h.internal.HbsParserFactory - Creating templates
2023-10-19 22:30:46.578 [Test worker] DEBUG c.g.j.h.internal.HbsParserFactory - About to parse: /handlebars/htmlDocs2/sample_js.mustache
2023-10-19 22:30:46.578 [Test worker] DEBUG c.g.j.h.internal.HbsParserFactory - Building AST
2023-10-19 22:30:46.581 [Test worker] DEBUG c.g.j.h.internal.HbsParserFactory - Applying Mustache spec
2023-10-19 22:30:46.581 [Test worker] DEBUG c.g.j.h.internal.HbsParserFactory - Creating templates
2023-10-19 22:30:46.581 [Test worker] DEBUG c.g.j.h.internal.HbsParserFactory - About to parse: /handlebars/htmlDocs2/sample_csharp.mustache
2023-10-19 22:30:46.581 [Test worker] DEBUG c.g.j.h.internal.HbsParserFactory - Building AST
2023-10-19 22:30:46.583 [Test worker] DEBUG c.g.j.h.internal.HbsParserFactory - Applying Mustache spec
2023-10-19 22:30:46.583 [Test worker] DEBUG c.g.j.h.internal.HbsParserFactory - Creating templates
2023-10-19 22:30:46.583 [Test worker] DEBUG c.g.j.h.internal.HbsParserFactory - About to parse: /handlebars/htmlDocs2/sample_php.mustache
2023-10-19 22:30:46.583 [Test worker] DEBUG c.g.j.h.internal.HbsParserFactory - Building AST
2023-10-19 22:30:46.584 [Test worker] DEBUG c.g.j.h.internal.HbsParserFactory - Applying Mustache spec
2023-10-19 22:30:46.584 [Test worker] DEBUG c.g.j.h.internal.HbsParserFactory - Creating templates
2023-10-19 22:30:46.585 [Test worker] DEBUG c.g.j.h.internal.HbsParserFactory - About to parse: /handlebars/htmlDocs2/sample_perl.mustache
2023-10-19 22:30:46.585 [Test worker] DEBUG c.g.j.h.internal.HbsParserFactory - Building AST
2023-10-19 22:30:46.586 [Test worker] DEBUG c.g.j.h.internal.HbsParserFactory - Applying Mustache spec
2023-10-19 22:30:46.586 [Test worker] DEBUG c.g.j.h.internal.HbsParserFactory - Creating templates
2023-10-19 22:30:46.587 [Test worker] DEBUG c.g.j.h.internal.HbsParserFactory - About to parse: /handlebars/htmlDocs2/sample_python.mustache
2023-10-19 22:30:46.587 [Test worker] DEBUG c.g.j.h.internal.HbsParserFactory - Building AST
2023-10-19 22:30:46.588 [Test worker] DEBUG c.g.j.h.internal.HbsParserFactory - Applying Mustache spec
2023-10-19 22:30:46.588 [Test worker] DEBUG c.g.j.h.internal.HbsParserFactory - Creating templates
2023-10-19 22:30:46.589 [Test worker] DEBUG c.g.j.h.internal.HbsParserFactory - About to parse: /handlebars/htmlDocs2/param.mustache
2023-10-19 22:30:46.589 [Test worker] DEBUG c.g.j.h.internal.HbsParserFactory - Building AST
2023-10-19 22:30:46.589 [Test worker] DEBUG c.g.j.h.internal.HbsParserFactory - Applying Mustache spec
2023-10-19 22:30:46.589 [Test worker] DEBUG c.g.j.h.internal.HbsParserFactory - Creating templates
2023-10-19 22:30:46.590 [Test worker] DEBUG c.g.j.h.internal.HbsParserFactory - About to parse: /handlebars/htmlDocs2/sample_java.mustache
2023-10-19 22:30:46.590 [Test worker] DEBUG c.g.j.h.internal.HbsParserFactory - Building AST
2023-10-19 22:30:46.591 [Test worker] DEBUG c.g.j.h.internal.HbsParserFactory - Applying Mustache spec
2023-10-19 22:30:46.591 [Test worker] DEBUG c.g.j.h.internal.HbsParserFactory - Creating templates
2023-10-19 22:30:46.592 [Test worker] DEBUG c.g.j.h.internal.HbsParserFactory - About to parse: /handlebars/htmlDocs2/sample_android.mustache
2023-10-19 22:30:46.592 [Test worker] DEBUG c.g.j.h.internal.HbsParserFactory - Building AST
2023-10-19 22:30:46.592 [Test worker] DEBUG c.g.j.h.internal.HbsParserFactory - Applying Mustache spec
2023-10-19 22:30:46.592 [Test worker] DEBUG c.g.j.h.internal.HbsParserFactory - Creating templates
2023-10-19 22:30:46.593 [Test worker] DEBUG c.g.j.h.internal.HbsParserFactory - About to parse: /handlebars/htmlDocs2/sample_objc.mustache
2023-10-19 22:30:46.593 [Test worker] DEBUG c.g.j.h.internal.HbsParserFactory - Building AST
2023-10-19 22:30:46.594 [Test worker] DEBUG c.g.j.h.internal.HbsParserFactory - Applying Mustache spec
2023-10-19 22:30:46.594 [Test worker] DEBUG c.g.j.h.internal.HbsParserFactory - Creating templates
2023-10-19 22:30:46.594 [Test worker] DEBUG c.g.j.h.internal.HbsParserFactory - About to parse: /handlebars/htmlDocs2/sample_js.mustache
2023-10-19 22:30:46.595 [Test worker] DEBUG c.g.j.h.internal.HbsParserFactory - Building AST
2023-10-19 22:30:46.597 [Test worker] DEBUG c.g.j.h.internal.HbsParserFactory - Applying Mustache spec
2023-10-19 22:30:46.597 [Test worker] DEBUG c.g.j.h.internal.HbsParserFactory - Creating templates
2023-10-19 22:30:46.597 [Test worker] DEBUG c.g.j.h.internal.HbsParserFactory - About to parse: /handlebars/htmlDocs2/sample_csharp.mustache
2023-10-19 22:30:46.598 [Test worker] DEBUG c.g.j.h.internal.HbsParserFactory - Building AST
2023-10-19 22:30:46.599 [Test worker] DEBUG c.g.j.h.internal.HbsParserFactory - Applying Mustache spec
2023-10-19 22:30:46.599 [Test worker] DEBUG c.g.j.h.internal.HbsParserFactory - Creating templates
2023-10-19 22:30:46.599 [Test worker] DEBUG c.g.j.h.internal.HbsParserFactory - About to parse: /handlebars/htmlDocs2/sample_php.mustache
2023-10-19 22:30:46.600 [Test worker] DEBUG c.g.j.h.internal.HbsParserFactory - Building AST
2023-10-19 22:30:46.601 [Test worker] DEBUG c.g.j.h.internal.HbsParserFactory - Applying Mustache spec
2023-10-19 22:30:46.601 [Test worker] DEBUG c.g.j.h.internal.HbsParserFactory - Creating templates
2023-10-19 22:30:46.601 [Test worker] DEBUG c.g.j.h.internal.HbsParserFactory - About to parse: /handlebars/htmlDocs2/sample_perl.mustache
2023-10-19 22:30:46.601 [Test worker] DEBUG c.g.j.h.internal.HbsParserFactory - Building AST
2023-10-19 22:30:46.602 [Test worker] DEBUG c.g.j.h.internal.HbsParserFactory - Applying Mustache spec
2023-10-19 22:30:46.602 [Test worker] DEBUG c.g.j.h.internal.HbsParserFactory - Creating templates
2023-10-19 22:30:46.603 [Test worker] DEBUG c.g.j.h.internal.HbsParserFactory - About to parse: /handlebars/htmlDocs2/sample_python.mustache
2023-10-19 22:30:46.603 [Test worker] DEBUG c.g.j.h.internal.HbsParserFactory - Building AST
2023-10-19 22:30:46.604 [Test worker] DEBUG c.g.j.h.internal.HbsParserFactory - Applying Mustache spec
2023-10-19 22:30:46.604 [Test worker] DEBUG c.g.j.h.internal.HbsParserFactory - Creating templates
2023-10-19 22:30:46.605 [Test worker] DEBUG c.g.j.h.internal.HbsParserFactory - About to parse: /handlebars/htmlDocs2/param.mustache
2023-10-19 22:30:46.605 [Test worker] DEBUG c.g.j.h.internal.HbsParserFactory - Building AST
2023-10-19 22:30:46.605 [Test worker] DEBUG c.g.j.h.internal.HbsParserFactory - Applying Mustache spec
2023-10-19 22:30:46.606 [Test worker] DEBUG c.g.j.h.internal.HbsParserFactory - Creating templates
2023-10-19 22:30:46.606 [Test worker] DEBUG c.g.j.h.internal.HbsParserFactory - About to parse: /handlebars/htmlDocs2/param.mustache
2023-10-19 22:30:46.606 [Test worker] DEBUG c.g.j.h.internal.HbsParserFactory - Building AST
2023-10-19 22:30:46.606 [Test worker] DEBUG c.g.j.h.internal.HbsParserFactory - Applying Mustache spec
2023-10-19 22:30:46.607 [Test worker] DEBUG c.g.j.h.internal.HbsParserFactory - Creating templates
2023-10-19 22:30:46.607 [Test worker] DEBUG c.g.j.h.internal.HbsParserFactory - About to parse: /handlebars/htmlDocs2/sample_java.mustache
2023-10-19 22:30:46.607 [Test worker] DEBUG c.g.j.h.internal.HbsParserFactory - Building AST
2023-10-19 22:30:46.608 [Test worker] DEBUG c.g.j.h.internal.HbsParserFactory - Applying Mustache spec
2023-10-19 22:30:46.608 [Test worker] DEBUG c.g.j.h.internal.HbsParserFactory - Creating templates
2023-10-19 22:30:46.609 [Test worker] DEBUG c.g.j.h.internal.HbsParserFactory - About to parse: /handlebars/htmlDocs2/sample_android.mustache
2023-10-19 22:30:46.609 [Test worker] DEBUG c.g.j.h.internal.HbsParserFactory - Building AST
2023-10-19 22:30:46.609 [Test worker] DEBUG c.g.j.h.internal.HbsParserFactory - Applying Mustache spec
2023-10-19 22:30:46.609 [Test worker] DEBUG c.g.j.h.internal.HbsParserFactory - Creating templates
2023-10-19 22:30:46.610 [Test worker] DEBUG c.g.j.h.internal.HbsParserFactory - About to parse: /handlebars/htmlDocs2/sample_objc.mustache
2023-10-19 22:30:46.610 [Test worker] DEBUG c.g.j.h.internal.HbsParserFactory - Building AST
2023-10-19 22:30:46.611 [Test worker] DEBUG c.g.j.h.internal.HbsParserFactory - Applying Mustache spec
2023-10-19 22:30:46.611 [Test worker] DEBUG c.g.j.h.internal.HbsParserFactory - Creating templates
2023-10-19 22:30:46.611 [Test worker] DEBUG c.g.j.h.internal.HbsParserFactory - About to parse: /handlebars/htmlDocs2/sample_js.mustache
2023-10-19 22:30:46.611 [Test worker] DEBUG c.g.j.h.internal.HbsParserFactory - Building AST
2023-10-19 22:30:46.614 [Test worker] DEBUG c.g.j.h.internal.HbsParserFactory - Applying Mustache spec
2023-10-19 22:30:46.614 [Test worker] DEBUG c.g.j.h.internal.HbsParserFactory - Creating templates
2023-10-19 22:30:46.614 [Test worker] DEBUG c.g.j.h.internal.HbsParserFactory - About to parse: /handlebars/htmlDocs2/sample_csharp.mustache
2023-10-19 22:30:46.614 [Test worker] DEBUG c.g.j.h.internal.HbsParserFactory - Building AST
2023-10-19 22:30:46.616 [Test worker] DEBUG c.g.j.h.internal.HbsParserFactory - Applying Mustache spec
2023-10-19 22:30:46.616 [Test worker] DEBUG c.g.j.h.internal.HbsParserFactory - Creating templates
2023-10-19 22:30:46.616 [Test worker] DEBUG c.g.j.h.internal.HbsParserFactory - About to parse: /handlebars/htmlDocs2/sample_php.mustache
2023-10-19 22:30:46.616 [Test worker] DEBUG c.g.j.h.internal.HbsParserFactory - Building AST
2023-10-19 22:30:46.617 [Test worker] DEBUG c.g.j.h.internal.HbsParserFactory - Applying Mustache spec
2023-10-19 22:30:46.617 [Test worker] DEBUG c.g.j.h.internal.HbsParserFactory - Creating templates
2023-10-19 22:30:46.618 [Test worker] DEBUG c.g.j.h.internal.HbsParserFactory - About to parse: /handlebars/htmlDocs2/sample_perl.mustache
2023-10-19 22:30:46.618 [Test worker] DEBUG c.g.j.h.internal.HbsParserFactory - Building AST
2023-10-19 22:30:46.619 [Test worker] DEBUG c.g.j.h.internal.HbsParserFactory - Applying Mustache spec
2023-10-19 22:30:46.619 [Test worker] DEBUG c.g.j.h.internal.HbsParserFactory - Creating templates
2023-10-19 22:30:46.619 [Test worker] DEBUG c.g.j.h.internal.HbsParserFactory - About to parse: /handlebars/htmlDocs2/sample_python.mustache
2023-10-19 22:30:46.620 [Test worker] DEBUG c.g.j.h.internal.HbsParserFactory - Building AST
2023-10-19 22:30:46.621 [Test worker] DEBUG c.g.j.h.internal.HbsParserFactory - Applying Mustache spec
2023-10-19 22:30:46.621 [Test worker] DEBUG c.g.j.h.internal.HbsParserFactory - Creating templates
2023-10-19 22:30:46.621 [Test worker] DEBUG c.g.j.h.internal.HbsParserFactory - About to parse: /handlebars/htmlDocs2/paramB.mustache
2023-10-19 22:30:46.622 [Test worker] DEBUG c.g.j.h.internal.HbsParserFactory - Building AST
2023-10-19 22:30:46.622 [Test worker] DEBUG c.g.j.h.internal.HbsParserFactory - Applying Mustache spec
2023-10-19 22:30:46.622 [Test worker] DEBUG c.g.j.h.internal.HbsParserFactory - Creating templates
2023-10-19 22:30:46.622 [Test worker] DEBUG c.g.j.h.internal.HbsParserFactory - About to parse: /handlebars/htmlDocs2/sample_java.mustache
2023-10-19 22:30:46.622 [Test worker] DEBUG c.g.j.h.internal.HbsParserFactory - Building AST
2023-10-19 22:30:46.624 [Test worker] DEBUG c.g.j.h.internal.HbsParserFactory - Applying Mustache spec
2023-10-19 22:30:46.624 [Test worker] DEBUG c.g.j.h.internal.HbsParserFactory - Creating templates
2023-10-19 22:30:46.624 [Test worker] DEBUG c.g.j.h.internal.HbsParserFactory - About to parse: /handlebars/htmlDocs2/sample_android.mustache
2023-10-19 22:30:46.624 [Test worker] DEBUG c.g.j.h.internal.HbsParserFactory - Building AST
2023-10-19 22:30:46.625 [Test worker] DEBUG c.g.j.h.internal.HbsParserFactory - Applying Mustache spec
2023-10-19 22:30:46.625 [Test worker] DEBUG c.g.j.h.internal.HbsParserFactory - Creating templates
2023-10-19 22:30:46.625 [Test worker] DEBUG c.g.j.h.internal.HbsParserFactory - About to parse: /handlebars/htmlDocs2/sample_objc.mustache
2023-10-19 22:30:46.625 [Test worker] DEBUG c.g.j.h.internal.HbsParserFactory - Building AST
2023-10-19 22:30:46.626 [Test worker] DEBUG c.g.j.h.internal.HbsParserFactory - Applying Mustache spec
2023-10-19 22:30:46.626 [Test worker] DEBUG c.g.j.h.internal.HbsParserFactory - Creating templates
2023-10-19 22:30:46.627 [Test worker] DEBUG c.g.j.h.internal.HbsParserFactory - About to parse: /handlebars/htmlDocs2/sample_js.mustache
2023-10-19 22:30:46.627 [Test worker] DEBUG c.g.j.h.internal.HbsParserFactory - Building AST
2023-10-19 22:30:46.629 [Test worker] DEBUG c.g.j.h.internal.HbsParserFactory - Applying Mustache spec
2023-10-19 22:30:46.629 [Test worker] DEBUG c.g.j.h.internal.HbsParserFactory - Creating templates
2023-10-19 22:30:46.630 [Test worker] DEBUG c.g.j.h.internal.HbsParserFactory - About to parse: /handlebars/htmlDocs2/sample_csharp.mustache
2023-10-19 22:30:46.630 [Test worker] DEBUG c.g.j.h.internal.HbsParserFactory - Building AST
2023-10-19 22:30:46.631 [Test worker] DEBUG c.g.j.h.internal.HbsParserFactory - Applying Mustache spec
2023-10-19 22:30:46.631 [Test worker] DEBUG c.g.j.h.internal.HbsParserFactory - Creating templates
2023-10-19 22:30:46.632 [Test worker] DEBUG c.g.j.h.internal.HbsParserFactory - About to parse: /handlebars/htmlDocs2/sample_php.mustache
2023-10-19 22:30:46.632 [Test worker] DEBUG c.g.j.h.internal.HbsParserFactory - Building AST
2023-10-19 22:30:46.633 [Test worker] DEBUG c.g.j.h.internal.HbsParserFactory - Applying Mustache spec
2023-10-19 22:30:46.633 [Test worker] DEBUG c.g.j.h.internal.HbsParserFactory - Creating templates
2023-10-19 22:30:46.633 [Test worker] DEBUG c.g.j.h.internal.HbsParserFactory - About to parse: /handlebars/htmlDocs2/sample_perl.mustache
2023-10-19 22:30:46.633 [Test worker] DEBUG c.g.j.h.internal.HbsParserFactory - Building AST
2023-10-19 22:30:46.634 [Test worker] DEBUG c.g.j.h.internal.HbsParserFactory - Applying Mustache spec
2023-10-19 22:30:46.635 [Test worker] DEBUG c.g.j.h.internal.HbsParserFactory - Creating templates
2023-10-19 22:30:46.635 [Test worker] DEBUG c.g.j.h.internal.HbsParserFactory - About to parse: /handlebars/htmlDocs2/sample_python.mustache
2023-10-19 22:30:46.635 [Test worker] DEBUG c.g.j.h.internal.HbsParserFactory - Building AST
2023-10-19 22:30:46.636 [Test worker] DEBUG c.g.j.h.internal.HbsParserFactory - Applying Mustache spec
2023-10-19 22:30:46.636 [Test worker] DEBUG c.g.j.h.internal.HbsParserFactory - Creating templates
2023-10-19 22:30:46.637 [Test worker] DEBUG c.g.j.h.internal.HbsParserFactory - About to parse: /handlebars/htmlDocs2/paramB.mustache
2023-10-19 22:30:46.637 [Test worker] DEBUG c.g.j.h.internal.HbsParserFactory - Building AST
2023-10-19 22:30:46.637 [Test worker] DEBUG c.g.j.h.internal.HbsParserFactory - Applying Mustache spec
2023-10-19 22:30:46.637 [Test worker] DEBUG c.g.j.h.internal.HbsParserFactory - Creating templates
2023-10-19 22:30:46.639 [Test worker] DEBUG c.g.j.h.internal.HbsParserFactory - About to parse: /handlebars/htmlDocs2/js_jsonformatter.mustache
2023-10-19 22:30:46.641 [Test worker] DEBUG c.g.j.h.internal.HbsParserFactory - Building AST
2023-10-19 22:30:46.642 [Test worker] DEBUG c.g.j.h.internal.HbsParserFactory - Applying Mustache spec
2023-10-19 22:30:46.642 [Test worker] DEBUG c.g.j.h.internal.HbsParserFactory - Creating templates
2023-10-19 22:30:46.643 [Test worker] DEBUG c.g.j.h.internal.HbsParserFactory - About to parse: /handlebars/htmlDocs2/js_jsonschemaview.mustache
2023-10-19 22:30:46.644 [Test worker] DEBUG c.g.j.h.internal.HbsParserFactory - Building AST
2023-10-19 22:30:46.646 [Test worker] DEBUG c.g.j.h.internal.HbsParserFactory - Applying Mustache spec
2023-10-19 22:30:46.646 [Test worker] DEBUG c.g.j.h.internal.HbsParserFactory - Creating templates
2023-10-19 22:30:46.646 [Test worker] DEBUG c.g.j.h.internal.HbsParserFactory - About to parse: /handlebars/htmlDocs2/js_json_schema_ref_parser.mustache
2023-10-19 22:30:46.649 [Test worker] DEBUG c.g.j.h.internal.HbsParserFactory - Building AST
2023-10-19 22:30:46.654 [Test worker] DEBUG c.g.j.h.internal.HbsParserFactory - Applying Mustache spec
2023-10-19 22:30:46.654 [Test worker] DEBUG c.g.j.h.internal.HbsParserFactory - Creating templates
2023-10-19 22:30:46.654 [Test worker] DEBUG c.g.j.h.internal.HbsParserFactory - About to parse: /handlebars/htmlDocs2/js_json_stringify_safe.mustache
2023-10-19 22:30:46.654 [Test worker] DEBUG c.g.j.h.internal.HbsParserFactory - Building AST
2023-10-19 22:30:46.655 [Test worker] DEBUG c.g.j.h.internal.HbsParserFactory - Applying Mustache spec
2023-10-19 22:30:46.655 [Test worker] DEBUG c.g.j.h.internal.HbsParserFactory - Creating templates
2023-10-19 22:30:46.655 [Test worker] DEBUG c.g.j.h.internal.HbsParserFactory - About to parse: /handlebars/htmlDocs2/js_webfontloader.mustache
2023-10-19 22:30:46.655 [Test worker] DEBUG c.g.j.h.internal.HbsParserFactory - Building AST
2023-10-19 22:30:46.655 [Test worker] DEBUG c.g.j.h.internal.HbsParserFactory - Applying Mustache spec
2023-10-19 22:30:46.655 [Test worker] DEBUG c.g.j.h.internal.HbsParserFactory - Creating templates
2023-10-19 22:30:46.656 [Test worker] INFO  i.s.codegen.v3.AbstractGenerator - writing file docs/index.html
2023-10-19 22:30:46.657 [Test worker] INFO  i.s.codegen.v3.AbstractGenerator - writing file docs/.swagger-codegen/VERSION
2023-10-19 22:30:46.660 [DefaultDispatcher-worker-3 @request#15] TRACE io.ktor.routing.Routing - Trace for [storage, Get, test]
/, segment:0 -> SUCCESS @ /
  /openapi, segment:0 -> FAILURE "Selector didn't match" @ /openapi
  /(authenticate "default"), segment:0 -> SUCCESS @ /(authenticate "default")
    /(authenticate "default")/storage, segment:1 -> SUCCESS @ /(authenticate "default")/storage
      /(authenticate "default")/storage/Submit, segment:1 -> FAILURE "Selector didn't match" @ /(authenticate "default")/storage/Submit
      /(authenticate "default")/storage/Get, segment:2 -> SUCCESS @ /(authenticate "default")/storage/Get
        /(authenticate "default")/storage/Get/{fileName}, segment:3 -> SUCCESS; Parameters [fileName=[test]] @ /(authenticate "default")/storage/Get/{fileName}
          /(authenticate "default")/storage/Get/{fileName}/{userId?}, segment:3 -> SUCCESS @ /(authenticate "default")/storage/Get/{fileName}/{userId?}
            /(authenticate "default")/storage/Get/{fileName}/{userId?}/(method:GET), segment:3 -> SUCCESS @ /(authenticate "default")/storage/Get/{fileName}/{userId?}/(method:GET)
      /(authenticate "default")/storage/Delete, segment:1 -> FAILURE "Selector didn't match" @ /(authenticate "default")/storage/Delete
  /password, segment:0 -> FAILURE "Selector didn't match" @ /password
  /passKey, segment:0 -> FAILURE "Selector didn't match" @ /passKey
  /virusChecker, segment:0 -> FAILURE "Selector didn't match" @ /virusChecker
  /swagger, segment:0 -> FAILURE "Selector didn't match" @ /swagger
Matched routes:
  "" -> "(authenticate "default")" -> "storage" -> "Get" -> "{fileName}" -> "{userId?}" -> "(method:GET)"
Route resolve result:
  SUCCESS; Parameters [fileName=[test]] @ /(authenticate "default")/storage/Get/{fileName}/{userId?}/(method:GET)
2023-10-19 22:30:46.661 [DefaultDispatcher-worker-3 @request#15] TRACE io.ktor.server.auth.Authentication - Trying to authenticate storage/Get/test with null
2023-10-19 22:30:46.662 [DefaultDispatcher-worker-3 @request#15] TRACE io.ktor.server.auth.Authentication - Authentication failed for storage/Get/test with provider io.ktor.server.auth.jwt.JWTAuthenticationProvider@47529698
2023-10-19 22:30:46.672 [DefaultDispatcher-worker-3 @request#15] TRACE i.k.s.p.c.ContentNegotiation - Skipping response body transformation from String to OutgoingContent for the GET storage/Get/test request because the String type is ignored. See [ContentNegotiationConfig::ignoreType].
2023-10-19 22:30:46.674 [Test worker] INFO  ktor.test - No ktor.deployment.watch patterns specified, automatic reload is not active.
2023-10-19 22:30:46.674 [Test worker] INFO  ktor.test - Application started in 0.0 seconds.
2023-10-19 22:30:46.684 [Test worker] TRACE i.s.c.v.g.DefaultCodegenConfig - camelize start - security_tools_api
2023-10-19 22:30:46.684 [Test worker] TRACE i.s.c.v.g.DefaultCodegenConfig - camelize end - security_tools_api (new: SecurityToolsApi)
2023-10-19 22:30:46.684 [Test worker] TRACE i.s.c.v.g.DefaultCodegenConfig - camelize start - principal
2023-10-19 22:30:46.684 [Test worker] TRACE i.s.c.v.g.DefaultCodegenConfig - camelize end - principal (new: Principal)
2023-10-19 22:30:46.684 [Test worker] TRACE i.s.c.v.g.DefaultCodegenConfig - camelize start - principal
2023-10-19 22:30:46.684 [Test worker] TRACE i.s.c.v.g.DefaultCodegenConfig - camelize end - principal (new: Principal)
2023-10-19 22:30:46.684 [Test worker] TRACE i.s.c.v.g.DefaultCodegenConfig - camelize start - principal
2023-10-19 22:30:46.684 [Test worker] TRACE i.s.c.v.g.DefaultCodegenConfig - camelize end - principal (new: Principal)
2023-10-19 22:30:46.684 [Test worker] TRACE i.s.c.v.g.DefaultCodegenConfig - camelize start - clientId
2023-10-19 22:30:46.684 [Test worker] TRACE i.s.c.v.g.DefaultCodegenConfig - camelize end - clientId (new: ClientId)
2023-10-19 22:30:46.684 [Test worker] TRACE i.s.c.v.g.DefaultCodegenConfig - camelize start - clientId
2023-10-19 22:30:46.684 [Test worker] TRACE i.s.c.v.g.DefaultCodegenConfig - camelize end - clientId (new: ClientId)
2023-10-19 22:30:46.684 [Test worker] TRACE i.s.c.v.g.DefaultCodegenConfig - camelize start - clientId
2023-10-19 22:30:46.684 [Test worker] TRACE i.s.c.v.g.DefaultCodegenConfig - camelize end - clientId (new: ClientId)
2023-10-19 22:30:46.685 [Test worker] WARN  i.s.c.v.g.DefaultCodegenConfig - Empty operationId found for path: post /storage/Submit. Renamed to auto-generated operationId: storageSubmitPost
2023-10-19 22:30:46.685 [Test worker] TRACE i.s.c.v.g.DefaultCodegenConfig - camelize start - principal
2023-10-19 22:30:46.685 [Test worker] TRACE i.s.c.v.g.DefaultCodegenConfig - camelize end - principal (new: Principal)
2023-10-19 22:30:46.685 [Test worker] TRACE i.s.c.v.g.DefaultCodegenConfig - camelize start - principal
2023-10-19 22:30:46.685 [Test worker] TRACE i.s.c.v.g.DefaultCodegenConfig - camelize end - principal (new: Principal)
2023-10-19 22:30:46.685 [Test worker] TRACE i.s.c.v.g.DefaultCodegenConfig - camelize start - principal
2023-10-19 22:30:46.685 [Test worker] TRACE i.s.c.v.g.DefaultCodegenConfig - camelize end - principal (new: Principal)
2023-10-19 22:30:46.685 [Test worker] TRACE i.s.c.v.g.DefaultCodegenConfig - camelize start - clientId
2023-10-19 22:30:46.685 [Test worker] TRACE i.s.c.v.g.DefaultCodegenConfig - camelize end - clientId (new: ClientId)
2023-10-19 22:30:46.685 [Test worker] TRACE i.s.c.v.g.DefaultCodegenConfig - camelize start - clientId
2023-10-19 22:30:46.685 [Test worker] TRACE i.s.c.v.g.DefaultCodegenConfig - camelize end - clientId (new: ClientId)
2023-10-19 22:30:46.685 [Test worker] TRACE i.s.c.v.g.DefaultCodegenConfig - camelize start - clientId
2023-10-19 22:30:46.685 [Test worker] TRACE i.s.c.v.g.DefaultCodegenConfig - camelize end - clientId (new: ClientId)
2023-10-19 22:30:46.685 [Test worker] TRACE i.s.c.v.g.DefaultCodegenConfig - camelize start - default
2023-10-19 22:30:46.685 [Test worker] TRACE i.s.c.v.g.DefaultCodegenConfig - camelize end - default (new: Default)
2023-10-19 22:30:46.685 [Test worker] TRACE i.s.c.v.g.DefaultCodegenConfig - camelize start - storageSubmitPost
2023-10-19 22:30:46.685 [Test worker] TRACE i.s.c.v.g.DefaultCodegenConfig - camelize end - storageSubmitPost (new: StorageSubmitPost)
2023-10-19 22:30:46.685 [Test worker] WARN  i.s.c.v.g.DefaultCodegenConfig - Empty operationId found for path: get /storage/Get/{file_name}. Renamed to auto-generated operationId: storageGetFile_nameGet
2023-10-19 22:30:46.686 [Test worker] TRACE i.s.c.v.g.DefaultCodegenConfig - camelize start - Client ID
2023-10-19 22:30:46.686 [Test worker] TRACE i.s.c.v.g.DefaultCodegenConfig - camelize end - Client ID (new: Client ID)
2023-10-19 22:30:46.686 [Test worker] TRACE i.s.c.v.g.DefaultCodegenConfig - camelize start - Client ID
2023-10-19 22:30:46.686 [Test worker] TRACE i.s.c.v.g.DefaultCodegenConfig - camelize end - Client ID (new: Client ID)
2023-10-19 22:30:46.686 [Test worker] TRACE i.s.c.v.g.DefaultCodegenConfig - camelize start - Client ID
2023-10-19 22:30:46.686 [Test worker] TRACE i.s.c.v.g.DefaultCodegenConfig - camelize end - Client ID (new: Client ID)
2023-10-19 22:30:46.686 [Test worker] TRACE i.s.c.v.g.DefaultCodegenConfig - camelize start - file_name
2023-10-19 22:30:46.686 [Test worker] TRACE i.s.c.v.g.DefaultCodegenConfig - camelize end - file_name (new: FileName)
2023-10-19 22:30:46.686 [Test worker] TRACE i.s.c.v.g.DefaultCodegenConfig - camelize start - file_name
2023-10-19 22:30:46.686 [Test worker] TRACE i.s.c.v.g.DefaultCodegenConfig - camelize end - file_name (new: FileName)
2023-10-19 22:30:46.686 [Test worker] TRACE i.s.c.v.g.DefaultCodegenConfig - camelize start - file_name
2023-10-19 22:30:46.687 [Test worker] TRACE i.s.c.v.g.DefaultCodegenConfig - camelize end - file_name (new: FileName)
2023-10-19 22:30:46.687 [Test worker] TRACE i.s.c.v.g.DefaultCodegenConfig - camelize start - default
2023-10-19 22:30:46.687 [Test worker] TRACE i.s.c.v.g.DefaultCodegenConfig - camelize end - default (new: Default)
2023-10-19 22:30:46.687 [Test worker] TRACE i.s.c.v.g.DefaultCodegenConfig - camelize start - storageGetFileNameGet
2023-10-19 22:30:46.687 [Test worker] TRACE i.s.c.v.g.DefaultCodegenConfig - camelize end - storageGetFileNameGet (new: StorageGetFileNameGet)
2023-10-19 22:30:46.687 [Test worker] WARN  i.s.c.v.g.DefaultCodegenConfig - Empty operationId found for path: get /storage/Delete. Renamed to auto-generated operationId: storageDeleteGet
2023-10-19 22:30:46.687 [Test worker] TRACE i.s.c.v.g.DefaultCodegenConfig - camelize start - Client ID
2023-10-19 22:30:46.687 [Test worker] TRACE i.s.c.v.g.DefaultCodegenConfig - camelize end - Client ID (new: Client ID)
2023-10-19 22:30:46.687 [Test worker] TRACE i.s.c.v.g.DefaultCodegenConfig - camelize start - Client ID
2023-10-19 22:30:46.687 [Test worker] TRACE i.s.c.v.g.DefaultCodegenConfig - camelize end - Client ID (new: Client ID)
2023-10-19 22:30:46.687 [Test worker] TRACE i.s.c.v.g.DefaultCodegenConfig - camelize start - Client ID
2023-10-19 22:30:46.687 [Test worker] TRACE i.s.c.v.g.DefaultCodegenConfig - camelize end - Client ID (new: Client ID)
2023-10-19 22:30:46.688 [Test worker] TRACE i.s.c.v.g.DefaultCodegenConfig - camelize start - default
2023-10-19 22:30:46.688 [Test worker] TRACE i.s.c.v.g.DefaultCodegenConfig - camelize end - default (new: Default)
2023-10-19 22:30:46.688 [Test worker] TRACE i.s.c.v.g.DefaultCodegenConfig - camelize start - storageDeleteGet
2023-10-19 22:30:46.688 [Test worker] TRACE i.s.c.v.g.DefaultCodegenConfig - camelize end - storageDeleteGet (new: StorageDeleteGet)
2023-10-19 22:30:46.688 [Test worker] WARN  i.s.c.v.g.DefaultCodegenConfig - Empty operationId found for path: get /password/Get/{len?}/{digits?}/{case?}/{specialChars?}. Renamed to auto-generated operationId: passwordGetLenDigitsCaseSpecialCharsGet
2023-10-19 22:30:46.688 [Test worker] TRACE i.s.c.v.g.DefaultCodegenConfig - camelize start - len
2023-10-19 22:30:46.688 [Test worker] TRACE i.s.c.v.g.DefaultCodegenConfig - camelize end - len (new: Len)
2023-10-19 22:30:46.688 [Test worker] TRACE i.s.c.v.g.DefaultCodegenConfig - camelize start - len
2023-10-19 22:30:46.688 [Test worker] TRACE i.s.c.v.g.DefaultCodegenConfig - camelize end - len (new: Len)
2023-10-19 22:30:46.688 [Test worker] TRACE i.s.c.v.g.DefaultCodegenConfig - camelize start - len
2023-10-19 22:30:46.688 [Test worker] TRACE i.s.c.v.g.DefaultCodegenConfig - camelize end - len (new: Len)
2023-10-19 22:30:46.688 [Test worker] DEBUG i.s.c.v.g.DefaultCodegenConfig - Property type is not primitive: int64
2023-10-19 22:30:46.688 [Test worker] TRACE i.s.c.v.g.DefaultCodegenConfig - camelize start - digits
2023-10-19 22:30:46.688 [Test worker] TRACE i.s.c.v.g.DefaultCodegenConfig - camelize end - digits (new: Digits)
2023-10-19 22:30:46.688 [Test worker] TRACE i.s.c.v.g.DefaultCodegenConfig - camelize start - digits
2023-10-19 22:30:46.688 [Test worker] TRACE i.s.c.v.g.DefaultCodegenConfig - camelize end - digits (new: Digits)
2023-10-19 22:30:46.688 [Test worker] TRACE i.s.c.v.g.DefaultCodegenConfig - camelize start - digits
2023-10-19 22:30:46.688 [Test worker] TRACE i.s.c.v.g.DefaultCodegenConfig - camelize end - digits (new: Digits)
2023-10-19 22:30:46.688 [Test worker] TRACE i.s.c.v.g.DefaultCodegenConfig - camelize start - digits
2023-10-19 22:30:46.688 [Test worker] TRACE i.s.c.v.g.DefaultCodegenConfig - camelize end - digits (new: Digits)
2023-10-19 22:30:46.688 [Test worker] TRACE i.s.c.v.g.DefaultCodegenConfig - camelize start - case
2023-10-19 22:30:46.688 [Test worker] TRACE i.s.c.v.g.DefaultCodegenConfig - camelize end - case (new: Case)
2023-10-19 22:30:46.688 [Test worker] TRACE i.s.c.v.g.DefaultCodegenConfig - camelize start - case
2023-10-19 22:30:46.688 [Test worker] TRACE i.s.c.v.g.DefaultCodegenConfig - camelize end - case (new: Case)
2023-10-19 22:30:46.688 [Test worker] TRACE i.s.c.v.g.DefaultCodegenConfig - camelize start - case
2023-10-19 22:30:46.688 [Test worker] TRACE i.s.c.v.g.DefaultCodegenConfig - camelize end - case (new: Case)
2023-10-19 22:30:46.688 [Test worker] TRACE i.s.c.v.g.DefaultCodegenConfig - camelize start - case
2023-10-19 22:30:46.688 [Test worker] TRACE i.s.c.v.g.DefaultCodegenConfig - camelize end - case (new: Case)
2023-10-19 22:30:46.689 [Test worker] TRACE i.s.c.v.g.DefaultCodegenConfig - camelize start - specialChars
2023-10-19 22:30:46.689 [Test worker] TRACE i.s.c.v.g.DefaultCodegenConfig - camelize end - specialChars (new: SpecialChars)
2023-10-19 22:30:46.689 [Test worker] TRACE i.s.c.v.g.DefaultCodegenConfig - camelize start - specialChars
2023-10-19 22:30:46.689 [Test worker] TRACE i.s.c.v.g.DefaultCodegenConfig - camelize end - specialChars (new: SpecialChars)
2023-10-19 22:30:46.689 [Test worker] TRACE i.s.c.v.g.DefaultCodegenConfig - camelize start - specialChars
2023-10-19 22:30:46.689 [Test worker] TRACE i.s.c.v.g.DefaultCodegenConfig - camelize end - specialChars (new: SpecialChars)
2023-10-19 22:30:46.689 [Test worker] TRACE i.s.c.v.g.DefaultCodegenConfig - camelize start - specialChars
2023-10-19 22:30:46.689 [Test worker] TRACE i.s.c.v.g.DefaultCodegenConfig - camelize end - specialChars (new: SpecialChars)
2023-10-19 22:30:46.689 [Test worker] TRACE i.s.c.v.g.DefaultCodegenConfig - camelize start - default
2023-10-19 22:30:46.689 [Test worker] TRACE i.s.c.v.g.DefaultCodegenConfig - camelize end - default (new: Default)
2023-10-19 22:30:46.689 [Test worker] TRACE i.s.c.v.g.DefaultCodegenConfig - camelize start - passwordGetLenDigitsCaseSpecialCharsGet
2023-10-19 22:30:46.689 [Test worker] TRACE i.s.c.v.g.DefaultCodegenConfig - camelize end - passwordGetLenDigitsCaseSpecialCharsGet (new: PasswordGetLenDigitsCaseSpecialCharsGet)
2023-10-19 22:30:46.689 [Test worker] WARN  i.s.c.v.g.DefaultCodegenConfig - Empty operationId found for path: get /passKey/Get/{len?}/{password?}/{salt?}. Renamed to auto-generated operationId: passKeyGetLenPasswordSaltGet
2023-10-19 22:30:46.689 [Test worker] TRACE i.s.c.v.g.DefaultCodegenConfig - camelize start - len
2023-10-19 22:30:46.689 [Test worker] TRACE i.s.c.v.g.DefaultCodegenConfig - camelize end - len (new: Len)
2023-10-19 22:30:46.689 [Test worker] TRACE i.s.c.v.g.DefaultCodegenConfig - camelize start - len
2023-10-19 22:30:46.689 [Test worker] TRACE i.s.c.v.g.DefaultCodegenConfig - camelize end - len (new: Len)
2023-10-19 22:30:46.689 [Test worker] TRACE i.s.c.v.g.DefaultCodegenConfig - camelize start - len
2023-10-19 22:30:46.689 [Test worker] TRACE i.s.c.v.g.DefaultCodegenConfig - camelize end - len (new: Len)
2023-10-19 22:30:46.689 [Test worker] DEBUG i.s.c.v.g.DefaultCodegenConfig - Property type is not primitive: int64
2023-10-19 22:30:46.689 [Test worker] TRACE i.s.c.v.g.DefaultCodegenConfig - camelize start - password
2023-10-19 22:30:46.689 [Test worker] TRACE i.s.c.v.g.DefaultCodegenConfig - camelize end - password (new: Password)
2023-10-19 22:30:46.689 [Test worker] TRACE i.s.c.v.g.DefaultCodegenConfig - camelize start - password
2023-10-19 22:30:46.689 [Test worker] TRACE i.s.c.v.g.DefaultCodegenConfig - camelize end - password (new: Password)
2023-10-19 22:30:46.689 [Test worker] TRACE i.s.c.v.g.DefaultCodegenConfig - camelize start - password
2023-10-19 22:30:46.689 [Test worker] TRACE i.s.c.v.g.DefaultCodegenConfig - camelize end - password (new: Password)
2023-10-19 22:30:46.689 [Test worker] TRACE i.s.c.v.g.DefaultCodegenConfig - camelize start - password
2023-10-19 22:30:46.689 [Test worker] TRACE i.s.c.v.g.DefaultCodegenConfig - camelize end - password (new: Password)
2023-10-19 22:30:46.690 [Test worker] TRACE i.s.c.v.g.DefaultCodegenConfig - camelize start - salt
2023-10-19 22:30:46.690 [Test worker] TRACE i.s.c.v.g.DefaultCodegenConfig - camelize end - salt (new: Salt)
2023-10-19 22:30:46.690 [Test worker] TRACE i.s.c.v.g.DefaultCodegenConfig - camelize start - salt
2023-10-19 22:30:46.690 [Test worker] TRACE i.s.c.v.g.DefaultCodegenConfig - camelize end - salt (new: Salt)
2023-10-19 22:30:46.690 [Test worker] TRACE i.s.c.v.g.DefaultCodegenConfig - camelize start - salt
2023-10-19 22:30:46.690 [Test worker] TRACE i.s.c.v.g.DefaultCodegenConfig - camelize end - salt (new: Salt)
2023-10-19 22:30:46.690 [Test worker] TRACE i.s.c.v.g.DefaultCodegenConfig - camelize start - salt
2023-10-19 22:30:46.690 [Test worker] TRACE i.s.c.v.g.DefaultCodegenConfig - camelize end - salt (new: Salt)
2023-10-19 22:30:46.690 [Test worker] TRACE i.s.c.v.g.DefaultCodegenConfig - camelize start - default
2023-10-19 22:30:46.690 [Test worker] TRACE i.s.c.v.g.DefaultCodegenConfig - camelize end - default (new: Default)
2023-10-19 22:30:46.690 [Test worker] TRACE i.s.c.v.g.DefaultCodegenConfig - camelize start - passKeyGetLenPasswordSaltGet
2023-10-19 22:30:46.690 [Test worker] TRACE i.s.c.v.g.DefaultCodegenConfig - camelize end - passKeyGetLenPasswordSaltGet (new: PassKeyGetLenPasswordSaltGet)
2023-10-19 22:30:46.690 [Test worker] WARN  i.s.c.v.g.DefaultCodegenConfig - Empty operationId found for path: post /virusChecker/. Renamed to auto-generated operationId: virusCheckerPost
2023-10-19 22:30:46.690 [Test worker] TRACE i.s.c.v.g.DefaultCodegenConfig - camelize start - default
2023-10-19 22:30:46.690 [Test worker] TRACE i.s.c.v.g.DefaultCodegenConfig - camelize end - default (new: Default)
2023-10-19 22:30:46.690 [Test worker] TRACE i.s.c.v.g.DefaultCodegenConfig - camelize start - virusCheckerPost
2023-10-19 22:30:46.690 [Test worker] TRACE i.s.c.v.g.DefaultCodegenConfig - camelize end - virusCheckerPost (new: VirusCheckerPost)
2023-10-19 22:30:46.691 [Test worker] DEBUG c.g.j.h.internal.HbsParserFactory - About to parse: /handlebars/htmlDocs2/index.mustache
2023-10-19 22:30:46.691 [Test worker] DEBUG c.g.j.h.internal.HbsParserFactory - Building AST
2023-10-19 22:30:46.704 [Test worker] DEBUG c.g.j.h.internal.HbsParserFactory - Applying Mustache spec
2023-10-19 22:30:46.705 [Test worker] DEBUG c.g.j.h.internal.HbsParserFactory - Creating templates
2023-10-19 22:30:46.706 [Test worker] DEBUG c.g.j.h.internal.HbsParserFactory - About to parse: /handlebars/htmlDocs2/js_jquery.mustache
2023-10-19 22:30:46.707 [Test worker] DEBUG c.g.j.h.internal.HbsParserFactory - Building AST
2023-10-19 22:30:46.710 [Test worker] DEBUG c.g.j.h.internal.HbsParserFactory - Applying Mustache spec
2023-10-19 22:30:46.710 [Test worker] DEBUG c.g.j.h.internal.HbsParserFactory - Creating templates
2023-10-19 22:30:46.710 [Test worker] DEBUG c.g.j.h.internal.HbsParserFactory - About to parse: /handlebars/htmlDocs2/js_prettify.mustache
2023-10-19 22:30:46.711 [Test worker] DEBUG c.g.j.h.internal.HbsParserFactory - Building AST
2023-10-19 22:30:46.711 [Test worker] DEBUG c.g.j.h.internal.HbsParserFactory - Applying Mustache spec
2023-10-19 22:30:46.711 [Test worker] DEBUG c.g.j.h.internal.HbsParserFactory - Creating templates
2023-10-19 22:30:46.711 [Test worker] DEBUG c.g.j.h.internal.HbsParserFactory - About to parse: /handlebars/htmlDocs2/js_bootstrap.mustache
2023-10-19 22:30:46.712 [Test worker] DEBUG c.g.j.h.internal.HbsParserFactory - Building AST
2023-10-19 22:30:46.713 [Test worker] DEBUG c.g.j.h.internal.HbsParserFactory - Applying Mustache spec
2023-10-19 22:30:46.713 [Test worker] DEBUG c.g.j.h.internal.HbsParserFactory - Creating templates
2023-10-19 22:30:46.713 [Test worker] DEBUG c.g.j.h.internal.HbsParserFactory - About to parse: /handlebars/htmlDocs2/marked.mustache
2023-10-19 22:30:46.715 [Test worker] DEBUG c.g.j.h.internal.HbsParserFactory - Building AST
2023-10-19 22:30:46.716 [Test worker] DEBUG c.g.j.h.internal.HbsParserFactory - Applying Mustache spec
2023-10-19 22:30:46.716 [Test worker] DEBUG c.g.j.h.internal.HbsParserFactory - Creating templates
2023-10-19 22:30:46.716 [Test worker] DEBUG c.g.j.h.internal.HbsParserFactory - About to parse: /handlebars/htmlDocs2/css_bootstrap.mustache
2023-10-19 22:30:46.717 [Test worker] DEBUG c.g.j.h.internal.HbsParserFactory - Building AST
2023-10-19 22:30:46.721 [Test worker] DEBUG c.g.j.h.internal.HbsParserFactory - Applying Mustache spec
2023-10-19 22:30:46.721 [Test worker] DEBUG c.g.j.h.internal.HbsParserFactory - Creating templates
2023-10-19 22:30:46.721 [Test worker] DEBUG c.g.j.h.internal.HbsParserFactory - About to parse: /handlebars/htmlDocs2/css_prettify.mustache
2023-10-19 22:30:46.721 [Test worker] DEBUG c.g.j.h.internal.HbsParserFactory - Building AST
2023-10-19 22:30:46.721 [Test worker] DEBUG c.g.j.h.internal.HbsParserFactory - Applying Mustache spec
2023-10-19 22:30:46.721 [Test worker] DEBUG c.g.j.h.internal.HbsParserFactory - Creating templates
2023-10-19 22:30:46.722 [Test worker] DEBUG c.g.j.h.internal.HbsParserFactory - About to parse: /handlebars/htmlDocs2/styles.mustache
2023-10-19 22:30:46.722 [Test worker] DEBUG c.g.j.h.internal.HbsParserFactory - Building AST
2023-10-19 22:30:46.722 [Test worker] DEBUG c.g.j.h.internal.HbsParserFactory - Applying Mustache spec
2023-10-19 22:30:46.722 [Test worker] DEBUG c.g.j.h.internal.HbsParserFactory - Creating templates
2023-10-19 22:30:46.724 [Test worker] DEBUG c.g.j.h.internal.HbsParserFactory - About to parse: /handlebars/htmlDocs2/sample_java.mustache
2023-10-19 22:30:46.724 [Test worker] DEBUG c.g.j.h.internal.HbsParserFactory - Building AST
2023-10-19 22:30:46.725 [Test worker] DEBUG c.g.j.h.internal.HbsParserFactory - Applying Mustache spec
2023-10-19 22:30:46.725 [Test worker] DEBUG c.g.j.h.internal.HbsParserFactory - Creating templates
2023-10-19 22:30:46.726 [Test worker] DEBUG c.g.j.h.internal.HbsParserFactory - About to parse: /handlebars/htmlDocs2/sample_android.mustache
2023-10-19 22:30:46.726 [Test worker] DEBUG c.g.j.h.internal.HbsParserFactory - Building AST
2023-10-19 22:30:46.726 [Test worker] DEBUG c.g.j.h.internal.HbsParserFactory - Applying Mustache spec
2023-10-19 22:30:46.726 [Test worker] DEBUG c.g.j.h.internal.HbsParserFactory - Creating templates
2023-10-19 22:30:46.727 [Test worker] DEBUG c.g.j.h.internal.HbsParserFactory - About to parse: /handlebars/htmlDocs2/sample_objc.mustache
2023-10-19 22:30:46.727 [Test worker] DEBUG c.g.j.h.internal.HbsParserFactory - Building AST
2023-10-19 22:30:46.728 [Test worker] DEBUG c.g.j.h.internal.HbsParserFactory - Applying Mustache spec
2023-10-19 22:30:46.728 [Test worker] DEBUG c.g.j.h.internal.HbsParserFactory - Creating templates
2023-10-19 22:30:46.728 [Test worker] DEBUG c.g.j.h.internal.HbsParserFactory - About to parse: /handlebars/htmlDocs2/sample_js.mustache
2023-10-19 22:30:46.728 [Test worker] DEBUG c.g.j.h.internal.HbsParserFactory - Building AST
2023-10-19 22:30:46.731 [Test worker] DEBUG c.g.j.h.internal.HbsParserFactory - Applying Mustache spec
2023-10-19 22:30:46.731 [Test worker] DEBUG c.g.j.h.internal.HbsParserFactory - Creating templates
2023-10-19 22:30:46.731 [Test worker] DEBUG c.g.j.h.internal.HbsParserFactory - About to parse: /handlebars/htmlDocs2/sample_csharp.mustache
2023-10-19 22:30:46.732 [Test worker] DEBUG c.g.j.h.internal.HbsParserFactory - Building AST
2023-10-19 22:30:46.733 [Test worker] DEBUG c.g.j.h.internal.HbsParserFactory - Applying Mustache spec
2023-10-19 22:30:46.733 [Test worker] DEBUG c.g.j.h.internal.HbsParserFactory - Creating templates
2023-10-19 22:30:46.734 [Test worker] DEBUG c.g.j.h.internal.HbsParserFactory - About to parse: /handlebars/htmlDocs2/sample_php.mustache
2023-10-19 22:30:46.734 [Test worker] DEBUG c.g.j.h.internal.HbsParserFactory - Building AST
2023-10-19 22:30:46.735 [Test worker] DEBUG c.g.j.h.internal.HbsParserFactory - Applying Mustache spec
2023-10-19 22:30:46.735 [Test worker] DEBUG c.g.j.h.internal.HbsParserFactory - Creating templates
2023-10-19 22:30:46.735 [Test worker] DEBUG c.g.j.h.internal.HbsParserFactory - About to parse: /handlebars/htmlDocs2/sample_perl.mustache
2023-10-19 22:30:46.735 [Test worker] DEBUG c.g.j.h.internal.HbsParserFactory - Building AST
2023-10-19 22:30:46.737 [Test worker] DEBUG c.g.j.h.internal.HbsParserFactory - Applying Mustache spec
2023-10-19 22:30:46.737 [Test worker] DEBUG c.g.j.h.internal.HbsParserFactory - Creating templates
2023-10-19 22:30:46.737 [Test worker] DEBUG c.g.j.h.internal.HbsParserFactory - About to parse: /handlebars/htmlDocs2/sample_python.mustache
2023-10-19 22:30:46.737 [Test worker] DEBUG c.g.j.h.internal.HbsParserFactory - Building AST
2023-10-19 22:30:46.738 [Test worker] DEBUG c.g.j.h.internal.HbsParserFactory - Applying Mustache spec
2023-10-19 22:30:46.738 [Test worker] DEBUG c.g.j.h.internal.HbsParserFactory - Creating templates
2023-10-19 22:30:46.739 [Test worker] DEBUG c.g.j.h.internal.HbsParserFactory - About to parse: /handlebars/htmlDocs2/param.mustache
2023-10-19 22:30:46.739 [Test worker] DEBUG c.g.j.h.internal.HbsParserFactory - Building AST
2023-10-19 22:30:46.740 [Test worker] DEBUG c.g.j.h.internal.HbsParserFactory - Applying Mustache spec
2023-10-19 22:30:46.740 [Test worker] DEBUG c.g.j.h.internal.HbsParserFactory - Creating templates
2023-10-19 22:30:46.740 [Test worker] DEBUG c.g.j.h.internal.HbsParserFactory - About to parse: /handlebars/htmlDocs2/param.mustache
2023-10-19 22:30:46.740 [Test worker] DEBUG c.g.j.h.internal.HbsParserFactory - Building AST
2023-10-19 22:30:46.741 [Test worker] DEBUG c.g.j.h.internal.HbsParserFactory - Applying Mustache spec
2023-10-19 22:30:46.741 [Test worker] DEBUG c.g.j.h.internal.HbsParserFactory - Creating templates
2023-10-19 22:30:46.741 [Test worker] DEBUG c.g.j.h.internal.HbsParserFactory - About to parse: /handlebars/htmlDocs2/param.mustache
2023-10-19 22:30:46.741 [Test worker] DEBUG c.g.j.h.internal.HbsParserFactory - Building AST
2023-10-19 22:30:46.742 [Test worker] DEBUG c.g.j.h.internal.HbsParserFactory - Applying Mustache spec
2023-10-19 22:30:46.742 [Test worker] DEBUG c.g.j.h.internal.HbsParserFactory - Creating templates
2023-10-19 22:30:46.743 [Test worker] DEBUG c.g.j.h.internal.HbsParserFactory - About to parse: /handlebars/htmlDocs2/sample_java.mustache
2023-10-19 22:30:46.743 [Test worker] DEBUG c.g.j.h.internal.HbsParserFactory - Building AST
2023-10-19 22:30:46.744 [Test worker] DEBUG c.g.j.h.internal.HbsParserFactory - Applying Mustache spec
2023-10-19 22:30:46.744 [Test worker] DEBUG c.g.j.h.internal.HbsParserFactory - Creating templates
2023-10-19 22:30:46.744 [Test worker] DEBUG c.g.j.h.internal.HbsParserFactory - About to parse: /handlebars/htmlDocs2/sample_android.mustache
2023-10-19 22:30:46.744 [Test worker] DEBUG c.g.j.h.internal.HbsParserFactory - Building AST
2023-10-19 22:30:46.745 [Test worker] DEBUG c.g.j.h.internal.HbsParserFactory - Applying Mustache spec
2023-10-19 22:30:46.745 [Test worker] DEBUG c.g.j.h.internal.HbsParserFactory - Creating templates
2023-10-19 22:30:46.745 [Test worker] DEBUG c.g.j.h.internal.HbsParserFactory - About to parse: /handlebars/htmlDocs2/sample_objc.mustache
2023-10-19 22:30:46.746 [Test worker] DEBUG c.g.j.h.internal.HbsParserFactory - Building AST
2023-10-19 22:30:46.747 [Test worker] DEBUG c.g.j.h.internal.HbsParserFactory - Applying Mustache spec
2023-10-19 22:30:46.747 [Test worker] DEBUG c.g.j.h.internal.HbsParserFactory - Creating templates
2023-10-19 22:30:46.747 [Test worker] DEBUG c.g.j.h.internal.HbsParserFactory - About to parse: /handlebars/htmlDocs2/sample_js.mustache
2023-10-19 22:30:46.747 [Test worker] DEBUG c.g.j.h.internal.HbsParserFactory - Building AST
2023-10-19 22:30:46.750 [Test worker] DEBUG c.g.j.h.internal.HbsParserFactory - Applying Mustache spec
2023-10-19 22:30:46.750 [Test worker] DEBUG c.g.j.h.internal.HbsParserFactory - Creating templates
2023-10-19 22:30:46.750 [Test worker] DEBUG c.g.j.h.internal.HbsParserFactory - About to parse: /handlebars/htmlDocs2/sample_csharp.mustache
2023-10-19 22:30:46.751 [Test worker] DEBUG c.g.j.h.internal.HbsParserFactory - Building AST
2023-10-19 22:30:46.752 [Test worker] DEBUG c.g.j.h.internal.HbsParserFactory - Applying Mustache spec
2023-10-19 22:30:46.752 [Test worker] DEBUG c.g.j.h.internal.HbsParserFactory - Creating templates
2023-10-19 22:30:46.752 [Test worker] DEBUG c.g.j.h.internal.HbsParserFactory - About to parse: /handlebars/htmlDocs2/sample_php.mustache
2023-10-19 22:30:46.752 [Test worker] DEBUG c.g.j.h.internal.HbsParserFactory - Building AST
2023-10-19 22:30:46.753 [Test worker] DEBUG c.g.j.h.internal.HbsParserFactory - Applying Mustache spec
2023-10-19 22:30:46.753 [Test worker] DEBUG c.g.j.h.internal.HbsParserFactory - Creating templates
2023-10-19 22:30:46.754 [Test worker] DEBUG c.g.j.h.internal.HbsParserFactory - About to parse: /handlebars/htmlDocs2/sample_perl.mustache
2023-10-19 22:30:46.754 [Test worker] DEBUG c.g.j.h.internal.HbsParserFactory - Building AST
2023-10-19 22:30:46.755 [Test worker] DEBUG c.g.j.h.internal.HbsParserFactory - Applying Mustache spec
2023-10-19 22:30:46.755 [Test worker] DEBUG c.g.j.h.internal.HbsParserFactory - Creating templates
2023-10-19 22:30:46.756 [Test worker] DEBUG c.g.j.h.internal.HbsParserFactory - About to parse: /handlebars/htmlDocs2/sample_python.mustache
2023-10-19 22:30:46.756 [Test worker] DEBUG c.g.j.h.internal.HbsParserFactory - Building AST
2023-10-19 22:30:46.757 [Test worker] DEBUG c.g.j.h.internal.HbsParserFactory - Applying Mustache spec
2023-10-19 22:30:46.757 [Test worker] DEBUG c.g.j.h.internal.HbsParserFactory - Creating templates
2023-10-19 22:30:46.758 [Test worker] DEBUG c.g.j.h.internal.HbsParserFactory - About to parse: /handlebars/htmlDocs2/param.mustache
2023-10-19 22:30:46.758 [Test worker] DEBUG c.g.j.h.internal.HbsParserFactory - Building AST
2023-10-19 22:30:46.758 [Test worker] DEBUG c.g.j.h.internal.HbsParserFactory - Applying Mustache spec
2023-10-19 22:30:46.758 [Test worker] DEBUG c.g.j.h.internal.HbsParserFactory - Creating templates
2023-10-19 22:30:46.759 [Test worker] DEBUG c.g.j.h.internal.HbsParserFactory - About to parse: /handlebars/htmlDocs2/param.mustache
2023-10-19 22:30:46.759 [Test worker] DEBUG c.g.j.h.internal.HbsParserFactory - Building AST
2023-10-19 22:30:46.759 [Test worker] DEBUG c.g.j.h.internal.HbsParserFactory - Applying Mustache spec
2023-10-19 22:30:46.759 [Test worker] DEBUG c.g.j.h.internal.HbsParserFactory - Creating templates
2023-10-19 22:30:46.760 [Test worker] DEBUG c.g.j.h.internal.HbsParserFactory - About to parse: /handlebars/htmlDocs2/param.mustache
2023-10-19 22:30:46.760 [Test worker] DEBUG c.g.j.h.internal.HbsParserFactory - Building AST
2023-10-19 22:30:46.760 [Test worker] DEBUG c.g.j.h.internal.HbsParserFactory - Applying Mustache spec
2023-10-19 22:30:46.760 [Test worker] DEBUG c.g.j.h.internal.HbsParserFactory - Creating templates
2023-10-19 22:30:46.760 [Test worker] DEBUG c.g.j.h.internal.HbsParserFactory - About to parse: /handlebars/htmlDocs2/param.mustache
2023-10-19 22:30:46.761 [Test worker] DEBUG c.g.j.h.internal.HbsParserFactory - Building AST
2023-10-19 22:30:46.761 [Test worker] DEBUG c.g.j.h.internal.HbsParserFactory - Applying Mustache spec
2023-10-19 22:30:46.761 [Test worker] DEBUG c.g.j.h.internal.HbsParserFactory - Creating templates
2023-10-19 22:30:46.762 [Test worker] DEBUG c.g.j.h.internal.HbsParserFactory - About to parse: /handlebars/htmlDocs2/sample_java.mustache
2023-10-19 22:30:46.762 [Test worker] DEBUG c.g.j.h.internal.HbsParserFactory - Building AST
2023-10-19 22:30:46.763 [Test worker] DEBUG c.g.j.h.internal.HbsParserFactory - Applying Mustache spec
2023-10-19 22:30:46.763 [Test worker] DEBUG c.g.j.h.internal.HbsParserFactory - Creating templates
2023-10-19 22:30:46.763 [Test worker] DEBUG c.g.j.h.internal.HbsParserFactory - About to parse: /handlebars/htmlDocs2/sample_android.mustache
2023-10-19 22:30:46.763 [Test worker] DEBUG c.g.j.h.internal.HbsParserFactory - Building AST
2023-10-19 22:30:46.764 [Test worker] DEBUG c.g.j.h.internal.HbsParserFactory - Applying Mustache spec
2023-10-19 22:30:46.764 [Test worker] DEBUG c.g.j.h.internal.HbsParserFactory - Creating templates
2023-10-19 22:30:46.764 [Test worker] DEBUG c.g.j.h.internal.HbsParserFactory - About to parse: /handlebars/htmlDocs2/sample_objc.mustache
2023-10-19 22:30:46.764 [Test worker] DEBUG c.g.j.h.internal.HbsParserFactory - Building AST
2023-10-19 22:30:46.766 [Test worker] DEBUG c.g.j.h.internal.HbsParserFactory - Applying Mustache spec
2023-10-19 22:30:46.766 [Test worker] DEBUG c.g.j.h.internal.HbsParserFactory - Creating templates
2023-10-19 22:30:46.766 [Test worker] DEBUG c.g.j.h.internal.HbsParserFactory - About to parse: /handlebars/htmlDocs2/sample_js.mustache
2023-10-19 22:30:46.766 [Test worker] DEBUG c.g.j.h.internal.HbsParserFactory - Building AST
2023-10-19 22:30:46.768 [Test worker] DEBUG c.g.j.h.internal.HbsParserFactory - Applying Mustache spec
2023-10-19 22:30:46.768 [Test worker] DEBUG c.g.j.h.internal.HbsParserFactory - Creating templates
2023-10-19 22:30:46.769 [Test worker] DEBUG c.g.j.h.internal.HbsParserFactory - About to parse: /handlebars/htmlDocs2/sample_csharp.mustache
2023-10-19 22:30:46.769 [Test worker] DEBUG c.g.j.h.internal.HbsParserFactory - Building AST
2023-10-19 22:30:46.770 [Test worker] DEBUG c.g.j.h.internal.HbsParserFactory - Applying Mustache spec
2023-10-19 22:30:46.770 [Test worker] DEBUG c.g.j.h.internal.HbsParserFactory - Creating templates
2023-10-19 22:30:46.770 [Test worker] DEBUG c.g.j.h.internal.HbsParserFactory - About to parse: /handlebars/htmlDocs2/sample_php.mustache
2023-10-19 22:30:46.771 [Test worker] DEBUG c.g.j.h.internal.HbsParserFactory - Building AST
2023-10-19 22:30:46.771 [Test worker] DEBUG c.g.j.h.internal.HbsParserFactory - Applying Mustache spec
2023-10-19 22:30:46.772 [Test worker] DEBUG c.g.j.h.internal.HbsParserFactory - Creating templates
2023-10-19 22:30:46.772 [Test worker] DEBUG c.g.j.h.internal.HbsParserFactory - About to parse: /handlebars/htmlDocs2/sample_perl.mustache
2023-10-19 22:30:46.772 [Test worker] DEBUG c.g.j.h.internal.HbsParserFactory - Building AST
2023-10-19 22:30:46.773 [Test worker] DEBUG c.g.j.h.internal.HbsParserFactory - Applying Mustache spec
2023-10-19 22:30:46.773 [Test worker] DEBUG c.g.j.h.internal.HbsParserFactory - Creating templates
2023-10-19 22:30:46.773 [Test worker] DEBUG c.g.j.h.internal.HbsParserFactory - About to parse: /handlebars/htmlDocs2/sample_python.mustache
2023-10-19 22:30:46.773 [Test worker] DEBUG c.g.j.h.internal.HbsParserFactory - Building AST
2023-10-19 22:30:46.775 [Test worker] DEBUG c.g.j.h.internal.HbsParserFactory - Applying Mustache spec
2023-10-19 22:30:46.775 [Test worker] DEBUG c.g.j.h.internal.HbsParserFactory - Creating templates
2023-10-19 22:30:46.775 [Test worker] DEBUG c.g.j.h.internal.HbsParserFactory - About to parse: /handlebars/htmlDocs2/param.mustache
2023-10-19 22:30:46.775 [Test worker] DEBUG c.g.j.h.internal.HbsParserFactory - Building AST
2023-10-19 22:30:46.776 [Test worker] DEBUG c.g.j.h.internal.HbsParserFactory - Applying Mustache spec
2023-10-19 22:30:46.776 [Test worker] DEBUG c.g.j.h.internal.HbsParserFactory - Creating templates
2023-10-19 22:30:46.777 [Test worker] DEBUG c.g.j.h.internal.HbsParserFactory - About to parse: /handlebars/htmlDocs2/sample_java.mustache
2023-10-19 22:30:46.777 [Test worker] DEBUG c.g.j.h.internal.HbsParserFactory - Building AST
2023-10-19 22:30:46.778 [Test worker] DEBUG c.g.j.h.internal.HbsParserFactory - Applying Mustache spec
2023-10-19 22:30:46.778 [Test worker] DEBUG c.g.j.h.internal.HbsParserFactory - Creating templates
2023-10-19 22:30:46.778 [Test worker] DEBUG c.g.j.h.internal.HbsParserFactory - About to parse: /handlebars/htmlDocs2/sample_android.mustache
2023-10-19 22:30:46.778 [Test worker] DEBUG c.g.j.h.internal.HbsParserFactory - Building AST
2023-10-19 22:30:46.779 [Test worker] DEBUG c.g.j.h.internal.HbsParserFactory - Applying Mustache spec
2023-10-19 22:30:46.779 [Test worker] DEBUG c.g.j.h.internal.HbsParserFactory - Creating templates
2023-10-19 22:30:46.779 [Test worker] DEBUG c.g.j.h.internal.HbsParserFactory - About to parse: /handlebars/htmlDocs2/sample_objc.mustache
2023-10-19 22:30:46.779 [Test worker] DEBUG c.g.j.h.internal.HbsParserFactory - Building AST
2023-10-19 22:30:46.780 [Test worker] DEBUG c.g.j.h.internal.HbsParserFactory - Applying Mustache spec
2023-10-19 22:30:46.780 [Test worker] DEBUG c.g.j.h.internal.HbsParserFactory - Creating templates
2023-10-19 22:30:46.781 [Test worker] DEBUG c.g.j.h.internal.HbsParserFactory - About to parse: /handlebars/htmlDocs2/sample_js.mustache
2023-10-19 22:30:46.781 [Test worker] DEBUG c.g.j.h.internal.HbsParserFactory - Building AST
2023-10-19 22:30:46.783 [Test worker] DEBUG c.g.j.h.internal.HbsParserFactory - Applying Mustache spec
2023-10-19 22:30:46.783 [Test worker] DEBUG c.g.j.h.internal.HbsParserFactory - Creating templates
2023-10-19 22:30:46.784 [Test worker] DEBUG c.g.j.h.internal.HbsParserFactory - About to parse: /handlebars/htmlDocs2/sample_csharp.mustache
2023-10-19 22:30:46.784 [Test worker] DEBUG c.g.j.h.internal.HbsParserFactory - Building AST
2023-10-19 22:30:46.785 [Test worker] DEBUG c.g.j.h.internal.HbsParserFactory - Applying Mustache spec
2023-10-19 22:30:46.785 [Test worker] DEBUG c.g.j.h.internal.HbsParserFactory - Creating templates
2023-10-19 22:30:46.786 [Test worker] DEBUG c.g.j.h.internal.HbsParserFactory - About to parse: /handlebars/htmlDocs2/sample_php.mustache
2023-10-19 22:30:46.786 [Test worker] DEBUG c.g.j.h.internal.HbsParserFactory - Building AST
2023-10-19 22:30:46.787 [Test worker] DEBUG c.g.j.h.internal.HbsParserFactory - Applying Mustache spec
2023-10-19 22:30:46.787 [Test worker] DEBUG c.g.j.h.internal.HbsParserFactory - Creating templates
2023-10-19 22:30:46.787 [Test worker] DEBUG c.g.j.h.internal.HbsParserFactory - About to parse: /handlebars/htmlDocs2/sample_perl.mustache
2023-10-19 22:30:46.787 [Test worker] DEBUG c.g.j.h.internal.HbsParserFactory - Building AST
2023-10-19 22:30:46.788 [Test worker] DEBUG c.g.j.h.internal.HbsParserFactory - Applying Mustache spec
2023-10-19 22:30:46.788 [Test worker] DEBUG c.g.j.h.internal.HbsParserFactory - Creating templates
2023-10-19 22:30:46.789 [Test worker] DEBUG c.g.j.h.internal.HbsParserFactory - About to parse: /handlebars/htmlDocs2/sample_python.mustache
2023-10-19 22:30:46.789 [Test worker] DEBUG c.g.j.h.internal.HbsParserFactory - Building AST
2023-10-19 22:30:46.790 [Test worker] DEBUG c.g.j.h.internal.HbsParserFactory - Applying Mustache spec
2023-10-19 22:30:46.790 [Test worker] DEBUG c.g.j.h.internal.HbsParserFactory - Creating templates
2023-10-19 22:30:46.790 [Test worker] DEBUG c.g.j.h.internal.HbsParserFactory - About to parse: /handlebars/htmlDocs2/param.mustache
2023-10-19 22:30:46.790 [Test worker] DEBUG c.g.j.h.internal.HbsParserFactory - Building AST
2023-10-19 22:30:46.791 [Test worker] DEBUG c.g.j.h.internal.HbsParserFactory - Applying Mustache spec
2023-10-19 22:30:46.791 [Test worker] DEBUG c.g.j.h.internal.HbsParserFactory - Creating templates
2023-10-19 22:30:46.791 [Test worker] DEBUG c.g.j.h.internal.HbsParserFactory - About to parse: /handlebars/htmlDocs2/param.mustache
2023-10-19 22:30:46.791 [Test worker] DEBUG c.g.j.h.internal.HbsParserFactory - Building AST
2023-10-19 22:30:46.792 [Test worker] DEBUG c.g.j.h.internal.HbsParserFactory - Applying Mustache spec
2023-10-19 22:30:46.792 [Test worker] DEBUG c.g.j.h.internal.HbsParserFactory - Creating templates
2023-10-19 22:30:46.793 [Test worker] DEBUG c.g.j.h.internal.HbsParserFactory - About to parse: /handlebars/htmlDocs2/sample_java.mustache
2023-10-19 22:30:46.793 [Test worker] DEBUG c.g.j.h.internal.HbsParserFactory - Building AST
2023-10-19 22:30:46.794 [Test worker] DEBUG c.g.j.h.internal.HbsParserFactory - Applying Mustache spec
2023-10-19 22:30:46.794 [Test worker] DEBUG c.g.j.h.internal.HbsParserFactory - Creating templates
2023-10-19 22:30:46.794 [Test worker] DEBUG c.g.j.h.internal.HbsParserFactory - About to parse: /handlebars/htmlDocs2/sample_android.mustache
2023-10-19 22:30:46.794 [Test worker] DEBUG c.g.j.h.internal.HbsParserFactory - Building AST
2023-10-19 22:30:46.795 [Test worker] DEBUG c.g.j.h.internal.HbsParserFactory - Applying Mustache spec
2023-10-19 22:30:46.795 [Test worker] DEBUG c.g.j.h.internal.HbsParserFactory - Creating templates
2023-10-19 22:30:46.795 [Test worker] DEBUG c.g.j.h.internal.HbsParserFactory - About to parse: /handlebars/htmlDocs2/sample_objc.mustache
2023-10-19 22:30:46.795 [Test worker] DEBUG c.g.j.h.internal.HbsParserFactory - Building AST
2023-10-19 22:30:46.796 [Test worker] DEBUG c.g.j.h.internal.HbsParserFactory - Applying Mustache spec
2023-10-19 22:30:46.796 [Test worker] DEBUG c.g.j.h.internal.HbsParserFactory - Creating templates
2023-10-19 22:30:46.797 [Test worker] DEBUG c.g.j.h.internal.HbsParserFactory - About to parse: /handlebars/htmlDocs2/sample_js.mustache
2023-10-19 22:30:46.797 [Test worker] DEBUG c.g.j.h.internal.HbsParserFactory - Building AST
2023-10-19 22:30:46.799 [Test worker] DEBUG c.g.j.h.internal.HbsParserFactory - Applying Mustache spec
2023-10-19 22:30:46.799 [Test worker] DEBUG c.g.j.h.internal.HbsParserFactory - Creating templates
2023-10-19 22:30:46.799 [Test worker] DEBUG c.g.j.h.internal.HbsParserFactory - About to parse: /handlebars/htmlDocs2/sample_csharp.mustache
2023-10-19 22:30:46.799 [Test worker] DEBUG c.g.j.h.internal.HbsParserFactory - Building AST
2023-10-19 22:30:46.801 [Test worker] DEBUG c.g.j.h.internal.HbsParserFactory - Applying Mustache spec
2023-10-19 22:30:46.801 [Test worker] DEBUG c.g.j.h.internal.HbsParserFactory - Creating templates
2023-10-19 22:30:46.801 [Test worker] DEBUG c.g.j.h.internal.HbsParserFactory - About to parse: /handlebars/htmlDocs2/sample_php.mustache
2023-10-19 22:30:46.802 [Test worker] DEBUG c.g.j.h.internal.HbsParserFactory - Building AST
2023-10-19 22:30:46.802 [Test worker] DEBUG c.g.j.h.internal.HbsParserFactory - Applying Mustache spec
2023-10-19 22:30:46.803 [Test worker] DEBUG c.g.j.h.internal.HbsParserFactory - Creating templates
2023-10-19 22:30:46.803 [Test worker] DEBUG c.g.j.h.internal.HbsParserFactory - About to parse: /handlebars/htmlDocs2/sample_perl.mustache
2023-10-19 22:30:46.803 [Test worker] DEBUG c.g.j.h.internal.HbsParserFactory - Building AST
2023-10-19 22:30:46.804 [Test worker] DEBUG c.g.j.h.internal.HbsParserFactory - Applying Mustache spec
2023-10-19 22:30:46.804 [Test worker] DEBUG c.g.j.h.internal.HbsParserFactory - Creating templates
2023-10-19 22:30:46.804 [Test worker] DEBUG c.g.j.h.internal.HbsParserFactory - About to parse: /handlebars/htmlDocs2/sample_python.mustache
2023-10-19 22:30:46.805 [Test worker] DEBUG c.g.j.h.internal.HbsParserFactory - Building AST
2023-10-19 22:30:46.806 [Test worker] DEBUG c.g.j.h.internal.HbsParserFactory - Applying Mustache spec
2023-10-19 22:30:46.806 [Test worker] DEBUG c.g.j.h.internal.HbsParserFactory - Creating templates
2023-10-19 22:30:46.806 [Test worker] DEBUG c.g.j.h.internal.HbsParserFactory - About to parse: /handlebars/htmlDocs2/paramB.mustache
2023-10-19 22:30:46.806 [Test worker] DEBUG c.g.j.h.internal.HbsParserFactory - Building AST
2023-10-19 22:30:46.806 [Test worker] DEBUG c.g.j.h.internal.HbsParserFactory - Applying Mustache spec
2023-10-19 22:30:46.807 [Test worker] DEBUG c.g.j.h.internal.HbsParserFactory - Creating templates
2023-10-19 22:30:46.807 [Test worker] DEBUG c.g.j.h.internal.HbsParserFactory - About to parse: /handlebars/htmlDocs2/sample_java.mustache
2023-10-19 22:30:46.807 [Test worker] DEBUG c.g.j.h.internal.HbsParserFactory - Building AST
2023-10-19 22:30:46.808 [Test worker] DEBUG c.g.j.h.internal.HbsParserFactory - Applying Mustache spec
2023-10-19 22:30:46.808 [Test worker] DEBUG c.g.j.h.internal.HbsParserFactory - Creating templates
2023-10-19 22:30:46.808 [Test worker] DEBUG c.g.j.h.internal.HbsParserFactory - About to parse: /handlebars/htmlDocs2/sample_android.mustache
2023-10-19 22:30:46.808 [Test worker] DEBUG c.g.j.h.internal.HbsParserFactory - Building AST
2023-10-19 22:30:46.809 [Test worker] DEBUG c.g.j.h.internal.HbsParserFactory - Applying Mustache spec
2023-10-19 22:30:46.809 [Test worker] DEBUG c.g.j.h.internal.HbsParserFactory - Creating templates
2023-10-19 22:30:46.810 [Test worker] DEBUG c.g.j.h.internal.HbsParserFactory - About to parse: /handlebars/htmlDocs2/sample_objc.mustache
2023-10-19 22:30:46.810 [Test worker] DEBUG c.g.j.h.internal.HbsParserFactory - Building AST
2023-10-19 22:30:46.811 [Test worker] DEBUG c.g.j.h.internal.HbsParserFactory - Applying Mustache spec
2023-10-19 22:30:46.811 [Test worker] DEBUG c.g.j.h.internal.HbsParserFactory - Creating templates
2023-10-19 22:30:46.811 [Test worker] DEBUG c.g.j.h.internal.HbsParserFactory - About to parse: /handlebars/htmlDocs2/sample_js.mustache
2023-10-19 22:30:46.811 [Test worker] DEBUG c.g.j.h.internal.HbsParserFactory - Building AST
2023-10-19 22:30:46.813 [Test worker] DEBUG c.g.j.h.internal.HbsParserFactory - Applying Mustache spec
2023-10-19 22:30:46.813 [Test worker] DEBUG c.g.j.h.internal.HbsParserFactory - Creating templates
2023-10-19 22:30:46.814 [Test worker] DEBUG c.g.j.h.internal.HbsParserFactory - About to parse: /handlebars/htmlDocs2/sample_csharp.mustache
2023-10-19 22:30:46.814 [Test worker] DEBUG c.g.j.h.internal.HbsParserFactory - Building AST
2023-10-19 22:30:46.815 [Test worker] DEBUG c.g.j.h.internal.HbsParserFactory - Applying Mustache spec
2023-10-19 22:30:46.815 [Test worker] DEBUG c.g.j.h.internal.HbsParserFactory - Creating templates
2023-10-19 22:30:46.816 [Test worker] DEBUG c.g.j.h.internal.HbsParserFactory - About to parse: /handlebars/htmlDocs2/sample_php.mustache
2023-10-19 22:30:46.816 [Test worker] DEBUG c.g.j.h.internal.HbsParserFactory - Building AST
2023-10-19 22:30:46.817 [Test worker] DEBUG c.g.j.h.internal.HbsParserFactory - Applying Mustache spec
2023-10-19 22:30:46.817 [Test worker] DEBUG c.g.j.h.internal.HbsParserFactory - Creating templates
2023-10-19 22:30:46.817 [Test worker] DEBUG c.g.j.h.internal.HbsParserFactory - About to parse: /handlebars/htmlDocs2/sample_perl.mustache
2023-10-19 22:30:46.817 [Test worker] DEBUG c.g.j.h.internal.HbsParserFactory - Building AST
2023-10-19 22:30:46.819 [Test worker] DEBUG c.g.j.h.internal.HbsParserFactory - Applying Mustache spec
2023-10-19 22:30:46.819 [Test worker] DEBUG c.g.j.h.internal.HbsParserFactory - Creating templates
2023-10-19 22:30:46.819 [Test worker] DEBUG c.g.j.h.internal.HbsParserFactory - About to parse: /handlebars/htmlDocs2/sample_python.mustache
2023-10-19 22:30:46.819 [Test worker] DEBUG c.g.j.h.internal.HbsParserFactory - Building AST
2023-10-19 22:30:46.820 [Test worker] DEBUG c.g.j.h.internal.HbsParserFactory - Applying Mustache spec
2023-10-19 22:30:46.820 [Test worker] DEBUG c.g.j.h.internal.HbsParserFactory - Creating templates
2023-10-19 22:30:46.821 [Test worker] DEBUG c.g.j.h.internal.HbsParserFactory - About to parse: /handlebars/htmlDocs2/paramB.mustache
2023-10-19 22:30:46.821 [Test worker] DEBUG c.g.j.h.internal.HbsParserFactory - Building AST
2023-10-19 22:30:46.821 [Test worker] DEBUG c.g.j.h.internal.HbsParserFactory - Applying Mustache spec
2023-10-19 22:30:46.821 [Test worker] DEBUG c.g.j.h.internal.HbsParserFactory - Creating templates
2023-10-19 22:30:46.823 [Test worker] DEBUG c.g.j.h.internal.HbsParserFactory - About to parse: /handlebars/htmlDocs2/js_jsonformatter.mustache
2023-10-19 22:30:46.825 [Test worker] DEBUG c.g.j.h.internal.HbsParserFactory - Building AST
2023-10-19 22:30:46.827 [Test worker] DEBUG c.g.j.h.internal.HbsParserFactory - Applying Mustache spec
2023-10-19 22:30:46.827 [Test worker] DEBUG c.g.j.h.internal.HbsParserFactory - Creating templates
2023-10-19 22:30:46.827 [Test worker] DEBUG c.g.j.h.internal.HbsParserFactory - About to parse: /handlebars/htmlDocs2/js_jsonschemaview.mustache
2023-10-19 22:30:46.829 [Test worker] DEBUG c.g.j.h.internal.HbsParserFactory - Building AST
2023-10-19 22:30:46.831 [Test worker] DEBUG c.g.j.h.internal.HbsParserFactory - Applying Mustache spec
2023-10-19 22:30:46.831 [Test worker] DEBUG c.g.j.h.internal.HbsParserFactory - Creating templates
2023-10-19 22:30:46.831 [Test worker] DEBUG c.g.j.h.internal.HbsParserFactory - About to parse: /handlebars/htmlDocs2/js_json_schema_ref_parser.mustache
2023-10-19 22:30:46.834 [Test worker] DEBUG c.g.j.h.internal.HbsParserFactory - Building AST
2023-10-19 22:30:46.839 [Test worker] DEBUG c.g.j.h.internal.HbsParserFactory - Applying Mustache spec
2023-10-19 22:30:46.839 [Test worker] DEBUG c.g.j.h.internal.HbsParserFactory - Creating templates
2023-10-19 22:30:46.840 [Test worker] DEBUG c.g.j.h.internal.HbsParserFactory - About to parse: /handlebars/htmlDocs2/js_json_stringify_safe.mustache
2023-10-19 22:30:46.840 [Test worker] DEBUG c.g.j.h.internal.HbsParserFactory - Building AST
2023-10-19 22:30:46.840 [Test worker] DEBUG c.g.j.h.internal.HbsParserFactory - Applying Mustache spec
2023-10-19 22:30:46.840 [Test worker] DEBUG c.g.j.h.internal.HbsParserFactory - Creating templates
2023-10-19 22:30:46.840 [Test worker] DEBUG c.g.j.h.internal.HbsParserFactory - About to parse: /handlebars/htmlDocs2/js_webfontloader.mustache
2023-10-19 22:30:46.841 [Test worker] DEBUG c.g.j.h.internal.HbsParserFactory - Building AST
2023-10-19 22:30:46.841 [Test worker] DEBUG c.g.j.h.internal.HbsParserFactory - Applying Mustache spec
2023-10-19 22:30:46.841 [Test worker] DEBUG c.g.j.h.internal.HbsParserFactory - Creating templates
2023-10-19 22:30:46.842 [Test worker] INFO  i.s.codegen.v3.AbstractGenerator - writing file docs/index.html
2023-10-19 22:30:46.843 [Test worker] INFO  i.s.codegen.v3.AbstractGenerator - writing file docs/.swagger-codegen/VERSION
2023-10-19 22:30:46.844 [DefaultDispatcher-worker-5 @request#20] TRACE io.ktor.routing.Routing - Trace for [passKey, Get, 15]
/, segment:0 -> SUCCESS @ /
  /openapi, segment:0 -> FAILURE "Selector didn't match" @ /openapi
  /(authenticate "default"), segment:0 -> SUCCESS @ /(authenticate "default")
    /(authenticate "default")/storage, segment:0 -> FAILURE "Selector didn't match" @ /(authenticate "default")/storage
  /password, segment:0 -> FAILURE "Selector didn't match" @ /password
  /passKey, segment:1 -> SUCCESS @ /passKey
    /passKey/Get, segment:2 -> SUCCESS @ /passKey/Get
      /passKey/Get/{len?}, segment:3 -> SUCCESS; Parameters [len=[15]] @ /passKey/Get/{len?}
        /passKey/Get/{len?}/{password?}, segment:3 -> SUCCESS @ /passKey/Get/{len?}/{password?}
          /passKey/Get/{len?}/{password?}/{salt?}, segment:3 -> SUCCESS @ /passKey/Get/{len?}/{password?}/{salt?}
            /passKey/Get/{len?}/{password?}/{salt?}/(method:GET), segment:3 -> SUCCESS @ /passKey/Get/{len?}/{password?}/{salt?}/(method:GET)
  /virusChecker, segment:0 -> FAILURE "Selector didn't match" @ /virusChecker
  /swagger, segment:0 -> FAILURE "Selector didn't match" @ /swagger
Matched routes:
  "" -> "passKey" -> "Get" -> "{len?}" -> "{password?}" -> "{salt?}" -> "(method:GET)"
Route resolve result:
  SUCCESS; Parameters [len=[15]] @ /passKey/Get/{len?}/{password?}/{salt?}/(method:GET)
2023-10-19 22:30:46.845 [DefaultDispatcher-worker-5 @request#20] TRACE i.k.s.p.c.ContentNegotiation - Skipping because body is already converted.
2023-10-19 22:30:46.846 [Test worker] INFO  ktor.test - No ktor.deployment.watch patterns specified, automatic reload is not active.
2023-10-19 22:30:46.846 [Test worker] INFO  ktor.test - Application started in 0.0 seconds.
2023-10-19 22:30:46.856 [Test worker] TRACE i.s.c.v.g.DefaultCodegenConfig - camelize start - security_tools_api
2023-10-19 22:30:46.856 [Test worker] TRACE i.s.c.v.g.DefaultCodegenConfig - camelize end - security_tools_api (new: SecurityToolsApi)
2023-10-19 22:30:46.857 [Test worker] TRACE i.s.c.v.g.DefaultCodegenConfig - camelize start - principal
2023-10-19 22:30:46.857 [Test worker] TRACE i.s.c.v.g.DefaultCodegenConfig - camelize end - principal (new: Principal)
2023-10-19 22:30:46.857 [Test worker] TRACE i.s.c.v.g.DefaultCodegenConfig - camelize start - principal
2023-10-19 22:30:46.857 [Test worker] TRACE i.s.c.v.g.DefaultCodegenConfig - camelize end - principal (new: Principal)
2023-10-19 22:30:46.857 [Test worker] TRACE i.s.c.v.g.DefaultCodegenConfig - camelize start - principal
2023-10-19 22:30:46.857 [Test worker] TRACE i.s.c.v.g.DefaultCodegenConfig - camelize end - principal (new: Principal)
2023-10-19 22:30:46.857 [Test worker] TRACE i.s.c.v.g.DefaultCodegenConfig - camelize start - clientId
2023-10-19 22:30:46.857 [Test worker] TRACE i.s.c.v.g.DefaultCodegenConfig - camelize end - clientId (new: ClientId)
2023-10-19 22:30:46.857 [Test worker] TRACE i.s.c.v.g.DefaultCodegenConfig - camelize start - clientId
2023-10-19 22:30:46.857 [Test worker] TRACE i.s.c.v.g.DefaultCodegenConfig - camelize end - clientId (new: ClientId)
2023-10-19 22:30:46.857 [Test worker] TRACE i.s.c.v.g.DefaultCodegenConfig - camelize start - clientId
2023-10-19 22:30:46.857 [Test worker] TRACE i.s.c.v.g.DefaultCodegenConfig - camelize end - clientId (new: ClientId)
2023-10-19 22:30:46.857 [Test worker] WARN  i.s.c.v.g.DefaultCodegenConfig - Empty operationId found for path: post /storage/Submit. Renamed to auto-generated operationId: storageSubmitPost
2023-10-19 22:30:46.858 [Test worker] TRACE i.s.c.v.g.DefaultCodegenConfig - camelize start - principal
2023-10-19 22:30:46.858 [Test worker] TRACE i.s.c.v.g.DefaultCodegenConfig - camelize end - principal (new: Principal)
2023-10-19 22:30:46.858 [Test worker] TRACE i.s.c.v.g.DefaultCodegenConfig - camelize start - principal
2023-10-19 22:30:46.858 [Test worker] TRACE i.s.c.v.g.DefaultCodegenConfig - camelize end - principal (new: Principal)
2023-10-19 22:30:46.858 [Test worker] TRACE i.s.c.v.g.DefaultCodegenConfig - camelize start - principal
2023-10-19 22:30:46.858 [Test worker] TRACE i.s.c.v.g.DefaultCodegenConfig - camelize end - principal (new: Principal)
2023-10-19 22:30:46.858 [Test worker] TRACE i.s.c.v.g.DefaultCodegenConfig - camelize start - clientId
2023-10-19 22:30:46.858 [Test worker] TRACE i.s.c.v.g.DefaultCodegenConfig - camelize end - clientId (new: ClientId)
2023-10-19 22:30:46.858 [Test worker] TRACE i.s.c.v.g.DefaultCodegenConfig - camelize start - clientId
2023-10-19 22:30:46.858 [Test worker] TRACE i.s.c.v.g.DefaultCodegenConfig - camelize end - clientId (new: ClientId)
2023-10-19 22:30:46.858 [Test worker] TRACE i.s.c.v.g.DefaultCodegenConfig - camelize start - clientId
2023-10-19 22:30:46.858 [Test worker] TRACE i.s.c.v.g.DefaultCodegenConfig - camelize end - clientId (new: ClientId)
2023-10-19 22:30:46.858 [Test worker] TRACE i.s.c.v.g.DefaultCodegenConfig - camelize start - default
2023-10-19 22:30:46.858 [Test worker] TRACE i.s.c.v.g.DefaultCodegenConfig - camelize end - default (new: Default)
2023-10-19 22:30:46.858 [Test worker] TRACE i.s.c.v.g.DefaultCodegenConfig - camelize start - storageSubmitPost
2023-10-19 22:30:46.858 [Test worker] TRACE i.s.c.v.g.DefaultCodegenConfig - camelize end - storageSubmitPost (new: StorageSubmitPost)
2023-10-19 22:30:46.858 [Test worker] WARN  i.s.c.v.g.DefaultCodegenConfig - Empty operationId found for path: get /storage/Get/{file_name}. Renamed to auto-generated operationId: storageGetFile_nameGet
2023-10-19 22:30:46.858 [Test worker] TRACE i.s.c.v.g.DefaultCodegenConfig - camelize start - Client ID
2023-10-19 22:30:46.858 [Test worker] TRACE i.s.c.v.g.DefaultCodegenConfig - camelize end - Client ID (new: Client ID)
2023-10-19 22:30:46.858 [Test worker] TRACE i.s.c.v.g.DefaultCodegenConfig - camelize start - Client ID
2023-10-19 22:30:46.858 [Test worker] TRACE i.s.c.v.g.DefaultCodegenConfig - camelize end - Client ID (new: Client ID)
2023-10-19 22:30:46.858 [Test worker] TRACE i.s.c.v.g.DefaultCodegenConfig - camelize start - Client ID
2023-10-19 22:30:46.858 [Test worker] TRACE i.s.c.v.g.DefaultCodegenConfig - camelize end - Client ID (new: Client ID)
2023-10-19 22:30:46.859 [Test worker] TRACE i.s.c.v.g.DefaultCodegenConfig - camelize start - file_name
2023-10-19 22:30:46.859 [Test worker] TRACE i.s.c.v.g.DefaultCodegenConfig - camelize end - file_name (new: FileName)
2023-10-19 22:30:46.859 [Test worker] TRACE i.s.c.v.g.DefaultCodegenConfig - camelize start - file_name
2023-10-19 22:30:46.859 [Test worker] TRACE i.s.c.v.g.DefaultCodegenConfig - camelize end - file_name (new: FileName)
2023-10-19 22:30:46.859 [Test worker] TRACE i.s.c.v.g.DefaultCodegenConfig - camelize start - file_name
2023-10-19 22:30:46.859 [Test worker] TRACE i.s.c.v.g.DefaultCodegenConfig - camelize end - file_name (new: FileName)
2023-10-19 22:30:46.859 [Test worker] TRACE i.s.c.v.g.DefaultCodegenConfig - camelize start - default
2023-10-19 22:30:46.859 [Test worker] TRACE i.s.c.v.g.DefaultCodegenConfig - camelize end - default (new: Default)
2023-10-19 22:30:46.859 [Test worker] TRACE i.s.c.v.g.DefaultCodegenConfig - camelize start - storageGetFileNameGet
2023-10-19 22:30:46.859 [Test worker] TRACE i.s.c.v.g.DefaultCodegenConfig - camelize end - storageGetFileNameGet (new: StorageGetFileNameGet)
2023-10-19 22:30:46.859 [Test worker] WARN  i.s.c.v.g.DefaultCodegenConfig - Empty operationId found for path: get /storage/Delete. Renamed to auto-generated operationId: storageDeleteGet
2023-10-19 22:30:46.859 [Test worker] TRACE i.s.c.v.g.DefaultCodegenConfig - camelize start - Client ID
2023-10-19 22:30:46.859 [Test worker] TRACE i.s.c.v.g.DefaultCodegenConfig - camelize end - Client ID (new: Client ID)
2023-10-19 22:30:46.859 [Test worker] TRACE i.s.c.v.g.DefaultCodegenConfig - camelize start - Client ID
2023-10-19 22:30:46.859 [Test worker] TRACE i.s.c.v.g.DefaultCodegenConfig - camelize end - Client ID (new: Client ID)
2023-10-19 22:30:46.859 [Test worker] TRACE i.s.c.v.g.DefaultCodegenConfig - camelize start - Client ID
2023-10-19 22:30:46.859 [Test worker] TRACE i.s.c.v.g.DefaultCodegenConfig - camelize end - Client ID (new: Client ID)
2023-10-19 22:30:46.859 [Test worker] TRACE i.s.c.v.g.DefaultCodegenConfig - camelize start - default
2023-10-19 22:30:46.859 [Test worker] TRACE i.s.c.v.g.DefaultCodegenConfig - camelize end - default (new: Default)
2023-10-19 22:30:46.859 [Test worker] TRACE i.s.c.v.g.DefaultCodegenConfig - camelize start - storageDeleteGet
2023-10-19 22:30:46.859 [Test worker] TRACE i.s.c.v.g.DefaultCodegenConfig - camelize end - storageDeleteGet (new: StorageDeleteGet)
2023-10-19 22:30:46.859 [Test worker] WARN  i.s.c.v.g.DefaultCodegenConfig - Empty operationId found for path: get /password/Get/{len?}/{digits?}/{case?}/{specialChars?}. Renamed to auto-generated operationId: passwordGetLenDigitsCaseSpecialCharsGet
2023-10-19 22:30:46.860 [Test worker] TRACE i.s.c.v.g.DefaultCodegenConfig - camelize start - len
2023-10-19 22:30:46.860 [Test worker] TRACE i.s.c.v.g.DefaultCodegenConfig - camelize end - len (new: Len)
2023-10-19 22:30:46.860 [Test worker] TRACE i.s.c.v.g.DefaultCodegenConfig - camelize start - len
2023-10-19 22:30:46.860 [Test worker] TRACE i.s.c.v.g.DefaultCodegenConfig - camelize end - len (new: Len)
2023-10-19 22:30:46.860 [Test worker] TRACE i.s.c.v.g.DefaultCodegenConfig - camelize start - len
2023-10-19 22:30:46.860 [Test worker] TRACE i.s.c.v.g.DefaultCodegenConfig - camelize end - len (new: Len)
2023-10-19 22:30:46.860 [Test worker] DEBUG i.s.c.v.g.DefaultCodegenConfig - Property type is not primitive: int64
2023-10-19 22:30:46.860 [Test worker] TRACE i.s.c.v.g.DefaultCodegenConfig - camelize start - digits
2023-10-19 22:30:46.860 [Test worker] TRACE i.s.c.v.g.DefaultCodegenConfig - camelize end - digits (new: Digits)
2023-10-19 22:30:46.860 [Test worker] TRACE i.s.c.v.g.DefaultCodegenConfig - camelize start - digits
2023-10-19 22:30:46.860 [Test worker] TRACE i.s.c.v.g.DefaultCodegenConfig - camelize end - digits (new: Digits)
2023-10-19 22:30:46.860 [Test worker] TRACE i.s.c.v.g.DefaultCodegenConfig - camelize start - digits
2023-10-19 22:30:46.860 [Test worker] TRACE i.s.c.v.g.DefaultCodegenConfig - camelize end - digits (new: Digits)
2023-10-19 22:30:46.860 [Test worker] TRACE i.s.c.v.g.DefaultCodegenConfig - camelize start - digits
2023-10-19 22:30:46.860 [Test worker] TRACE i.s.c.v.g.DefaultCodegenConfig - camelize end - digits (new: Digits)
2023-10-19 22:30:46.860 [Test worker] TRACE i.s.c.v.g.DefaultCodegenConfig - camelize start - case
2023-10-19 22:30:46.860 [Test worker] TRACE i.s.c.v.g.DefaultCodegenConfig - camelize end - case (new: Case)
2023-10-19 22:30:46.860 [Test worker] TRACE i.s.c.v.g.DefaultCodegenConfig - camelize start - case
2023-10-19 22:30:46.860 [Test worker] TRACE i.s.c.v.g.DefaultCodegenConfig - camelize end - case (new: Case)
2023-10-19 22:30:46.860 [Test worker] TRACE i.s.c.v.g.DefaultCodegenConfig - camelize start - case
2023-10-19 22:30:46.860 [Test worker] TRACE i.s.c.v.g.DefaultCodegenConfig - camelize end - case (new: Case)
2023-10-19 22:30:46.860 [Test worker] TRACE i.s.c.v.g.DefaultCodegenConfig - camelize start - case
2023-10-19 22:30:46.860 [Test worker] TRACE i.s.c.v.g.DefaultCodegenConfig - camelize end - case (new: Case)
2023-10-19 22:30:46.861 [Test worker] TRACE i.s.c.v.g.DefaultCodegenConfig - camelize start - specialChars
2023-10-19 22:30:46.861 [Test worker] TRACE i.s.c.v.g.DefaultCodegenConfig - camelize end - specialChars (new: SpecialChars)
2023-10-19 22:30:46.861 [Test worker] TRACE i.s.c.v.g.DefaultCodegenConfig - camelize start - specialChars
2023-10-19 22:30:46.861 [Test worker] TRACE i.s.c.v.g.DefaultCodegenConfig - camelize end - specialChars (new: SpecialChars)
2023-10-19 22:30:46.861 [Test worker] TRACE i.s.c.v.g.DefaultCodegenConfig - camelize start - specialChars
2023-10-19 22:30:46.861 [Test worker] TRACE i.s.c.v.g.DefaultCodegenConfig - camelize end - specialChars (new: SpecialChars)
2023-10-19 22:30:46.861 [Test worker] TRACE i.s.c.v.g.DefaultCodegenConfig - camelize start - specialChars
2023-10-19 22:30:46.861 [Test worker] TRACE i.s.c.v.g.DefaultCodegenConfig - camelize end - specialChars (new: SpecialChars)
2023-10-19 22:30:46.861 [Test worker] TRACE i.s.c.v.g.DefaultCodegenConfig - camelize start - default
2023-10-19 22:30:46.861 [Test worker] TRACE i.s.c.v.g.DefaultCodegenConfig - camelize end - default (new: Default)
2023-10-19 22:30:46.861 [Test worker] TRACE i.s.c.v.g.DefaultCodegenConfig - camelize start - passwordGetLenDigitsCaseSpecialCharsGet
2023-10-19 22:30:46.861 [Test worker] TRACE i.s.c.v.g.DefaultCodegenConfig - camelize end - passwordGetLenDigitsCaseSpecialCharsGet (new: PasswordGetLenDigitsCaseSpecialCharsGet)
2023-10-19 22:30:46.861 [Test worker] WARN  i.s.c.v.g.DefaultCodegenConfig - Empty operationId found for path: get /passKey/Get/{len?}/{password?}/{salt?}. Renamed to auto-generated operationId: passKeyGetLenPasswordSaltGet
2023-10-19 22:30:46.861 [Test worker] TRACE i.s.c.v.g.DefaultCodegenConfig - camelize start - len
2023-10-19 22:30:46.861 [Test worker] TRACE i.s.c.v.g.DefaultCodegenConfig - camelize end - len (new: Len)
2023-10-19 22:30:46.861 [Test worker] TRACE i.s.c.v.g.DefaultCodegenConfig - camelize start - len
2023-10-19 22:30:46.861 [Test worker] TRACE i.s.c.v.g.DefaultCodegenConfig - camelize end - len (new: Len)
2023-10-19 22:30:46.861 [Test worker] TRACE i.s.c.v.g.DefaultCodegenConfig - camelize start - len
2023-10-19 22:30:46.861 [Test worker] TRACE i.s.c.v.g.DefaultCodegenConfig - camelize end - len (new: Len)
2023-10-19 22:30:46.861 [Test worker] DEBUG i.s.c.v.g.DefaultCodegenConfig - Property type is not primitive: int64
2023-10-19 22:30:46.862 [Test worker] TRACE i.s.c.v.g.DefaultCodegenConfig - camelize start - password
2023-10-19 22:30:46.862 [Test worker] TRACE i.s.c.v.g.DefaultCodegenConfig - camelize end - password (new: Password)
2023-10-19 22:30:46.862 [Test worker] TRACE i.s.c.v.g.DefaultCodegenConfig - camelize start - password
2023-10-19 22:30:46.862 [Test worker] TRACE i.s.c.v.g.DefaultCodegenConfig - camelize end - password (new: Password)
2023-10-19 22:30:46.862 [Test worker] TRACE i.s.c.v.g.DefaultCodegenConfig - camelize start - password
2023-10-19 22:30:46.862 [Test worker] TRACE i.s.c.v.g.DefaultCodegenConfig - camelize end - password (new: Password)
2023-10-19 22:30:46.862 [Test worker] TRACE i.s.c.v.g.DefaultCodegenConfig - camelize start - password
2023-10-19 22:30:46.862 [Test worker] TRACE i.s.c.v.g.DefaultCodegenConfig - camelize end - password (new: Password)
2023-10-19 22:30:46.862 [Test worker] TRACE i.s.c.v.g.DefaultCodegenConfig - camelize start - salt
2023-10-19 22:30:46.862 [Test worker] TRACE i.s.c.v.g.DefaultCodegenConfig - camelize end - salt (new: Salt)
2023-10-19 22:30:46.862 [Test worker] TRACE i.s.c.v.g.DefaultCodegenConfig - camelize start - salt
2023-10-19 22:30:46.862 [Test worker] TRACE i.s.c.v.g.DefaultCodegenConfig - camelize end - salt (new: Salt)
2023-10-19 22:30:46.862 [Test worker] TRACE i.s.c.v.g.DefaultCodegenConfig - camelize start - salt
2023-10-19 22:30:46.862 [Test worker] TRACE i.s.c.v.g.DefaultCodegenConfig - camelize end - salt (new: Salt)
2023-10-19 22:30:46.862 [Test worker] TRACE i.s.c.v.g.DefaultCodegenConfig - camelize start - salt
2023-10-19 22:30:46.862 [Test worker] TRACE i.s.c.v.g.DefaultCodegenConfig - camelize end - salt (new: Salt)
2023-10-19 22:30:46.862 [Test worker] TRACE i.s.c.v.g.DefaultCodegenConfig - camelize start - default
2023-10-19 22:30:46.862 [Test worker] TRACE i.s.c.v.g.DefaultCodegenConfig - camelize end - default (new: Default)
2023-10-19 22:30:46.862 [Test worker] TRACE i.s.c.v.g.DefaultCodegenConfig - camelize start - passKeyGetLenPasswordSaltGet
2023-10-19 22:30:46.862 [Test worker] TRACE i.s.c.v.g.DefaultCodegenConfig - camelize end - passKeyGetLenPasswordSaltGet (new: PassKeyGetLenPasswordSaltGet)
2023-10-19 22:30:46.862 [Test worker] WARN  i.s.c.v.g.DefaultCodegenConfig - Empty operationId found for path: post /virusChecker/. Renamed to auto-generated operationId: virusCheckerPost
2023-10-19 22:30:46.863 [Test worker] TRACE i.s.c.v.g.DefaultCodegenConfig - camelize start - default
2023-10-19 22:30:46.863 [Test worker] TRACE i.s.c.v.g.DefaultCodegenConfig - camelize end - default (new: Default)
2023-10-19 22:30:46.863 [Test worker] TRACE i.s.c.v.g.DefaultCodegenConfig - camelize start - virusCheckerPost
2023-10-19 22:30:46.863 [Test worker] TRACE i.s.c.v.g.DefaultCodegenConfig - camelize end - virusCheckerPost (new: VirusCheckerPost)
2023-10-19 22:30:46.863 [Test worker] DEBUG c.g.j.h.internal.HbsParserFactory - About to parse: /handlebars/htmlDocs2/index.mustache
2023-10-19 22:30:46.863 [Test worker] DEBUG c.g.j.h.internal.HbsParserFactory - Building AST
2023-10-19 22:30:46.869 [Test worker] DEBUG c.g.j.h.internal.HbsParserFactory - Applying Mustache spec
2023-10-19 22:30:46.870 [Test worker] DEBUG c.g.j.h.internal.HbsParserFactory - Creating templates
2023-10-19 22:30:46.870 [Test worker] DEBUG c.g.j.h.internal.HbsParserFactory - About to parse: /handlebars/htmlDocs2/js_jquery.mustache
2023-10-19 22:30:46.871 [Test worker] DEBUG c.g.j.h.internal.HbsParserFactory - Building AST
2023-10-19 22:30:46.874 [Test worker] DEBUG c.g.j.h.internal.HbsParserFactory - Applying Mustache spec
2023-10-19 22:30:46.874 [Test worker] DEBUG c.g.j.h.internal.HbsParserFactory - Creating templates
2023-10-19 22:30:46.875 [Test worker] DEBUG c.g.j.h.internal.HbsParserFactory - About to parse: /handlebars/htmlDocs2/js_prettify.mustache
2023-10-19 22:30:46.875 [Test worker] DEBUG c.g.j.h.internal.HbsParserFactory - Building AST
2023-10-19 22:30:46.875 [Test worker] DEBUG c.g.j.h.internal.HbsParserFactory - Applying Mustache spec
2023-10-19 22:30:46.875 [Test worker] DEBUG c.g.j.h.internal.HbsParserFactory - Creating templates
2023-10-19 22:30:46.876 [Test worker] DEBUG c.g.j.h.internal.HbsParserFactory - About to parse: /handlebars/htmlDocs2/js_bootstrap.mustache
2023-10-19 22:30:46.876 [Test worker] DEBUG c.g.j.h.internal.HbsParserFactory - Building AST
2023-10-19 22:30:46.877 [Test worker] DEBUG c.g.j.h.internal.HbsParserFactory - Applying Mustache spec
2023-10-19 22:30:46.877 [Test worker] DEBUG c.g.j.h.internal.HbsParserFactory - Creating templates
2023-10-19 22:30:46.877 [Test worker] DEBUG c.g.j.h.internal.HbsParserFactory - About to parse: /handlebars/htmlDocs2/marked.mustache
2023-10-19 22:30:46.879 [Test worker] DEBUG c.g.j.h.internal.HbsParserFactory - Building AST
2023-10-19 22:30:46.879 [Test worker] DEBUG c.g.j.h.internal.HbsParserFactory - Applying Mustache spec
2023-10-19 22:30:46.879 [Test worker] DEBUG c.g.j.h.internal.HbsParserFactory - Creating templates
2023-10-19 22:30:46.880 [Test worker] DEBUG c.g.j.h.internal.HbsParserFactory - About to parse: /handlebars/htmlDocs2/css_bootstrap.mustache
2023-10-19 22:30:46.881 [Test worker] DEBUG c.g.j.h.internal.HbsParserFactory - Building AST
2023-10-19 22:30:46.884 [Test worker] DEBUG c.g.j.h.internal.HbsParserFactory - Applying Mustache spec
2023-10-19 22:30:46.884 [Test worker] DEBUG c.g.j.h.internal.HbsParserFactory - Creating templates
2023-10-19 22:30:46.885 [Test worker] DEBUG c.g.j.h.internal.HbsParserFactory - About to parse: /handlebars/htmlDocs2/css_prettify.mustache
2023-10-19 22:30:46.885 [Test worker] DEBUG c.g.j.h.internal.HbsParserFactory - Building AST
2023-10-19 22:30:46.885 [Test worker] DEBUG c.g.j.h.internal.HbsParserFactory - Applying Mustache spec
2023-10-19 22:30:46.885 [Test worker] DEBUG c.g.j.h.internal.HbsParserFactory - Creating templates
2023-10-19 22:30:46.885 [Test worker] DEBUG c.g.j.h.internal.HbsParserFactory - About to parse: /handlebars/htmlDocs2/styles.mustache
2023-10-19 22:30:46.885 [Test worker] DEBUG c.g.j.h.internal.HbsParserFactory - Building AST
2023-10-19 22:30:46.886 [Test worker] DEBUG c.g.j.h.internal.HbsParserFactory - Applying Mustache spec
2023-10-19 22:30:46.886 [Test worker] DEBUG c.g.j.h.internal.HbsParserFactory - Creating templates
2023-10-19 22:30:46.887 [Test worker] DEBUG c.g.j.h.internal.HbsParserFactory - About to parse: /handlebars/htmlDocs2/sample_java.mustache
2023-10-19 22:30:46.887 [Test worker] DEBUG c.g.j.h.internal.HbsParserFactory - Building AST
2023-10-19 22:30:46.888 [Test worker] DEBUG c.g.j.h.internal.HbsParserFactory - Applying Mustache spec
2023-10-19 22:30:46.888 [Test worker] DEBUG c.g.j.h.internal.HbsParserFactory - Creating templates
2023-10-19 22:30:46.889 [Test worker] DEBUG c.g.j.h.internal.HbsParserFactory - About to parse: /handlebars/htmlDocs2/sample_android.mustache
2023-10-19 22:30:46.889 [Test worker] DEBUG c.g.j.h.internal.HbsParserFactory - Building AST
2023-10-19 22:30:46.889 [Test worker] DEBUG c.g.j.h.internal.HbsParserFactory - Applying Mustache spec
2023-10-19 22:30:46.889 [Test worker] DEBUG c.g.j.h.internal.HbsParserFactory - Creating templates
2023-10-19 22:30:46.890 [Test worker] DEBUG c.g.j.h.internal.HbsParserFactory - About to parse: /handlebars/htmlDocs2/sample_objc.mustache
2023-10-19 22:30:46.890 [Test worker] DEBUG c.g.j.h.internal.HbsParserFactory - Building AST
2023-10-19 22:30:46.891 [Test worker] DEBUG c.g.j.h.internal.HbsParserFactory - Applying Mustache spec
2023-10-19 22:30:46.891 [Test worker] DEBUG c.g.j.h.internal.HbsParserFactory - Creating templates
2023-10-19 22:30:46.891 [Test worker] DEBUG c.g.j.h.internal.HbsParserFactory - About to parse: /handlebars/htmlDocs2/sample_js.mustache
2023-10-19 22:30:46.891 [Test worker] DEBUG c.g.j.h.internal.HbsParserFactory - Building AST
2023-10-19 22:30:46.893 [Test worker] DEBUG c.g.j.h.internal.HbsParserFactory - Applying Mustache spec
2023-10-19 22:30:46.893 [Test worker] DEBUG c.g.j.h.internal.HbsParserFactory - Creating templates
2023-10-19 22:30:46.894 [Test worker] DEBUG c.g.j.h.internal.HbsParserFactory - About to parse: /handlebars/htmlDocs2/sample_csharp.mustache
2023-10-19 22:30:46.894 [Test worker] DEBUG c.g.j.h.internal.HbsParserFactory - Building AST
2023-10-19 22:30:46.896 [Test worker] DEBUG c.g.j.h.internal.HbsParserFactory - Applying Mustache spec
2023-10-19 22:30:46.896 [Test worker] DEBUG c.g.j.h.internal.HbsParserFactory - Creating templates
2023-10-19 22:30:46.896 [Test worker] DEBUG c.g.j.h.internal.HbsParserFactory - About to parse: /handlebars/htmlDocs2/sample_php.mustache
2023-10-19 22:30:46.896 [Test worker] DEBUG c.g.j.h.internal.HbsParserFactory - Building AST
2023-10-19 22:30:46.897 [Test worker] DEBUG c.g.j.h.internal.HbsParserFactory - Applying Mustache spec
2023-10-19 22:30:46.897 [Test worker] DEBUG c.g.j.h.internal.HbsParserFactory - Creating templates
2023-10-19 22:30:46.898 [Test worker] DEBUG c.g.j.h.internal.HbsParserFactory - About to parse: /handlebars/htmlDocs2/sample_perl.mustache
2023-10-19 22:30:46.898 [Test worker] DEBUG c.g.j.h.internal.HbsParserFactory - Building AST
2023-10-19 22:30:46.899 [Test worker] DEBUG c.g.j.h.internal.HbsParserFactory - Applying Mustache spec
2023-10-19 22:30:46.899 [Test worker] DEBUG c.g.j.h.internal.HbsParserFactory - Creating templates
2023-10-19 22:30:46.899 [Test worker] DEBUG c.g.j.h.internal.HbsParserFactory - About to parse: /handlebars/htmlDocs2/sample_python.mustache
2023-10-19 22:30:46.899 [Test worker] DEBUG c.g.j.h.internal.HbsParserFactory - Building AST
2023-10-19 22:30:46.901 [Test worker] DEBUG c.g.j.h.internal.HbsParserFactory - Applying Mustache spec
2023-10-19 22:30:46.901 [Test worker] DEBUG c.g.j.h.internal.HbsParserFactory - Creating templates
2023-10-19 22:30:46.901 [Test worker] DEBUG c.g.j.h.internal.HbsParserFactory - About to parse: /handlebars/htmlDocs2/param.mustache
2023-10-19 22:30:46.901 [Test worker] DEBUG c.g.j.h.internal.HbsParserFactory - Building AST
2023-10-19 22:30:46.902 [Test worker] DEBUG c.g.j.h.internal.HbsParserFactory - Applying Mustache spec
2023-10-19 22:30:46.902 [Test worker] DEBUG c.g.j.h.internal.HbsParserFactory - Creating templates
2023-10-19 22:30:46.902 [Test worker] DEBUG c.g.j.h.internal.HbsParserFactory - About to parse: /handlebars/htmlDocs2/param.mustache
2023-10-19 22:30:46.902 [Test worker] DEBUG c.g.j.h.internal.HbsParserFactory - Building AST
2023-10-19 22:30:46.903 [Test worker] DEBUG c.g.j.h.internal.HbsParserFactory - Applying Mustache spec
2023-10-19 22:30:46.903 [Test worker] DEBUG c.g.j.h.internal.HbsParserFactory - Creating templates
2023-10-19 22:30:46.903 [Test worker] DEBUG c.g.j.h.internal.HbsParserFactory - About to parse: /handlebars/htmlDocs2/param.mustache
2023-10-19 22:30:46.903 [Test worker] DEBUG c.g.j.h.internal.HbsParserFactory - Building AST
2023-10-19 22:30:46.904 [Test worker] DEBUG c.g.j.h.internal.HbsParserFactory - Applying Mustache spec
2023-10-19 22:30:46.904 [Test worker] DEBUG c.g.j.h.internal.HbsParserFactory - Creating templates
2023-10-19 22:30:46.904 [Test worker] DEBUG c.g.j.h.internal.HbsParserFactory - About to parse: /handlebars/htmlDocs2/sample_java.mustache
2023-10-19 22:30:46.905 [Test worker] DEBUG c.g.j.h.internal.HbsParserFactory - Building AST
2023-10-19 22:30:46.906 [Test worker] DEBUG c.g.j.h.internal.HbsParserFactory - Applying Mustache spec
2023-10-19 22:30:46.906 [Test worker] DEBUG c.g.j.h.internal.HbsParserFactory - Creating templates
2023-10-19 22:30:46.906 [Test worker] DEBUG c.g.j.h.internal.HbsParserFactory - About to parse: /handlebars/htmlDocs2/sample_android.mustache
2023-10-19 22:30:46.906 [Test worker] DEBUG c.g.j.h.internal.HbsParserFactory - Building AST
2023-10-19 22:30:46.907 [Test worker] DEBUG c.g.j.h.internal.HbsParserFactory - Applying Mustache spec
2023-10-19 22:30:46.907 [Test worker] DEBUG c.g.j.h.internal.HbsParserFactory - Creating templates
2023-10-19 22:30:46.907 [Test worker] DEBUG c.g.j.h.internal.HbsParserFactory - About to parse: /handlebars/htmlDocs2/sample_objc.mustache
2023-10-19 22:30:46.907 [Test worker] DEBUG c.g.j.h.internal.HbsParserFactory - Building AST
2023-10-19 22:30:46.909 [Test worker] DEBUG c.g.j.h.internal.HbsParserFactory - Applying Mustache spec
2023-10-19 22:30:46.909 [Test worker] DEBUG c.g.j.h.internal.HbsParserFactory - Creating templates
2023-10-19 22:30:46.909 [Test worker] DEBUG c.g.j.h.internal.HbsParserFactory - About to parse: /handlebars/htmlDocs2/sample_js.mustache
2023-10-19 22:30:46.909 [Test worker] DEBUG c.g.j.h.internal.HbsParserFactory - Building AST
2023-10-19 22:30:46.911 [Test worker] DEBUG c.g.j.h.internal.HbsParserFactory - Applying Mustache spec
2023-10-19 22:30:46.911 [Test worker] DEBUG c.g.j.h.internal.HbsParserFactory - Creating templates
2023-10-19 22:30:46.912 [Test worker] DEBUG c.g.j.h.internal.HbsParserFactory - About to parse: /handlebars/htmlDocs2/sample_csharp.mustache
2023-10-19 22:30:46.912 [Test worker] DEBUG c.g.j.h.internal.HbsParserFactory - Building AST
2023-10-19 22:30:46.913 [Test worker] DEBUG c.g.j.h.internal.HbsParserFactory - Applying Mustache spec
2023-10-19 22:30:46.913 [Test worker] DEBUG c.g.j.h.internal.HbsParserFactory - Creating templates
2023-10-19 22:30:46.913 [Test worker] DEBUG c.g.j.h.internal.HbsParserFactory - About to parse: /handlebars/htmlDocs2/sample_php.mustache
2023-10-19 22:30:46.913 [Test worker] DEBUG c.g.j.h.internal.HbsParserFactory - Building AST
2023-10-19 22:30:46.915 [Test worker] DEBUG c.g.j.h.internal.HbsParserFactory - Applying Mustache spec
2023-10-19 22:30:46.915 [Test worker] DEBUG c.g.j.h.internal.HbsParserFactory - Creating templates
2023-10-19 22:30:46.915 [Test worker] DEBUG c.g.j.h.internal.HbsParserFactory - About to parse: /handlebars/htmlDocs2/sample_perl.mustache
2023-10-19 22:30:46.915 [Test worker] DEBUG c.g.j.h.internal.HbsParserFactory - Building AST
2023-10-19 22:30:46.916 [Test worker] DEBUG c.g.j.h.internal.HbsParserFactory - Applying Mustache spec
2023-10-19 22:30:46.917 [Test worker] DEBUG c.g.j.h.internal.HbsParserFactory - Creating templates
2023-10-19 22:30:46.917 [Test worker] DEBUG c.g.j.h.internal.HbsParserFactory - About to parse: /handlebars/htmlDocs2/sample_python.mustache
2023-10-19 22:30:46.917 [Test worker] DEBUG c.g.j.h.internal.HbsParserFactory - Building AST
2023-10-19 22:30:46.918 [Test worker] DEBUG c.g.j.h.internal.HbsParserFactory - Applying Mustache spec
2023-10-19 22:30:46.918 [Test worker] DEBUG c.g.j.h.internal.HbsParserFactory - Creating templates
2023-10-19 22:30:46.919 [Test worker] DEBUG c.g.j.h.internal.HbsParserFactory - About to parse: /handlebars/htmlDocs2/param.mustache
2023-10-19 22:30:46.919 [Test worker] DEBUG c.g.j.h.internal.HbsParserFactory - Building AST
2023-10-19 22:30:46.919 [Test worker] DEBUG c.g.j.h.internal.HbsParserFactory - Applying Mustache spec
2023-10-19 22:30:46.919 [Test worker] DEBUG c.g.j.h.internal.HbsParserFactory - Creating templates
2023-10-19 22:30:46.919 [Test worker] DEBUG c.g.j.h.internal.HbsParserFactory - About to parse: /handlebars/htmlDocs2/param.mustache
2023-10-19 22:30:46.920 [Test worker] DEBUG c.g.j.h.internal.HbsParserFactory - Building AST
2023-10-19 22:30:46.920 [Test worker] DEBUG c.g.j.h.internal.HbsParserFactory - Applying Mustache spec
2023-10-19 22:30:46.920 [Test worker] DEBUG c.g.j.h.internal.HbsParserFactory - Creating templates
2023-10-19 22:30:46.920 [Test worker] DEBUG c.g.j.h.internal.HbsParserFactory - About to parse: /handlebars/htmlDocs2/param.mustache
2023-10-19 22:30:46.920 [Test worker] DEBUG c.g.j.h.internal.HbsParserFactory - Building AST
2023-10-19 22:30:46.921 [Test worker] DEBUG c.g.j.h.internal.HbsParserFactory - Applying Mustache spec
2023-10-19 22:30:46.921 [Test worker] DEBUG c.g.j.h.internal.HbsParserFactory - Creating templates
2023-10-19 22:30:46.921 [Test worker] DEBUG c.g.j.h.internal.HbsParserFactory - About to parse: /handlebars/htmlDocs2/param.mustache
2023-10-19 22:30:46.921 [Test worker] DEBUG c.g.j.h.internal.HbsParserFactory - Building AST
2023-10-19 22:30:46.922 [Test worker] DEBUG c.g.j.h.internal.HbsParserFactory - Applying Mustache spec
2023-10-19 22:30:46.922 [Test worker] DEBUG c.g.j.h.internal.HbsParserFactory - Creating templates
2023-10-19 22:30:46.922 [Test worker] DEBUG c.g.j.h.internal.HbsParserFactory - About to parse: /handlebars/htmlDocs2/sample_java.mustache
2023-10-19 22:30:46.922 [Test worker] DEBUG c.g.j.h.internal.HbsParserFactory - Building AST
2023-10-19 22:30:46.924 [Test worker] DEBUG c.g.j.h.internal.HbsParserFactory - Applying Mustache spec
2023-10-19 22:30:46.924 [Test worker] DEBUG c.g.j.h.internal.HbsParserFactory - Creating templates
2023-10-19 22:30:46.924 [Test worker] DEBUG c.g.j.h.internal.HbsParserFactory - About to parse: /handlebars/htmlDocs2/sample_android.mustache
2023-10-19 22:30:46.924 [Test worker] DEBUG c.g.j.h.internal.HbsParserFactory - Building AST
2023-10-19 22:30:46.925 [Test worker] DEBUG c.g.j.h.internal.HbsParserFactory - Applying Mustache spec
2023-10-19 22:30:46.925 [Test worker] DEBUG c.g.j.h.internal.HbsParserFactory - Creating templates
2023-10-19 22:30:46.925 [Test worker] DEBUG c.g.j.h.internal.HbsParserFactory - About to parse: /handlebars/htmlDocs2/sample_objc.mustache
2023-10-19 22:30:46.925 [Test worker] DEBUG c.g.j.h.internal.HbsParserFactory - Building AST
2023-10-19 22:30:46.926 [Test worker] DEBUG c.g.j.h.internal.HbsParserFactory - Applying Mustache spec
2023-10-19 22:30:46.926 [Test worker] DEBUG c.g.j.h.internal.HbsParserFactory - Creating templates
2023-10-19 22:30:46.927 [Test worker] DEBUG c.g.j.h.internal.HbsParserFactory - About to parse: /handlebars/htmlDocs2/sample_js.mustache
2023-10-19 22:30:46.927 [Test worker] DEBUG c.g.j.h.internal.HbsParserFactory - Building AST
2023-10-19 22:30:46.929 [Test worker] DEBUG c.g.j.h.internal.HbsParserFactory - Applying Mustache spec
2023-10-19 22:30:46.929 [Test worker] DEBUG c.g.j.h.internal.HbsParserFactory - Creating templates
2023-10-19 22:30:46.929 [Test worker] DEBUG c.g.j.h.internal.HbsParserFactory - About to parse: /handlebars/htmlDocs2/sample_csharp.mustache
2023-10-19 22:30:46.929 [Test worker] DEBUG c.g.j.h.internal.HbsParserFactory - Building AST
2023-10-19 22:30:46.931 [Test worker] DEBUG c.g.j.h.internal.HbsParserFactory - Applying Mustache spec
2023-10-19 22:30:46.931 [Test worker] DEBUG c.g.j.h.internal.HbsParserFactory - Creating templates
2023-10-19 22:30:46.931 [Test worker] DEBUG c.g.j.h.internal.HbsParserFactory - About to parse: /handlebars/htmlDocs2/sample_php.mustache
2023-10-19 22:30:46.931 [Test worker] DEBUG c.g.j.h.internal.HbsParserFactory - Building AST
2023-10-19 22:30:46.932 [Test worker] DEBUG c.g.j.h.internal.HbsParserFactory - Applying Mustache spec
2023-10-19 22:30:46.932 [Test worker] DEBUG c.g.j.h.internal.HbsParserFactory - Creating templates
2023-10-19 22:30:46.932 [Test worker] DEBUG c.g.j.h.internal.HbsParserFactory - About to parse: /handlebars/htmlDocs2/sample_perl.mustache
2023-10-19 22:30:46.932 [Test worker] DEBUG c.g.j.h.internal.HbsParserFactory - Building AST
2023-10-19 22:30:46.934 [Test worker] DEBUG c.g.j.h.internal.HbsParserFactory - Applying Mustache spec
2023-10-19 22:30:46.934 [Test worker] DEBUG c.g.j.h.internal.HbsParserFactory - Creating templates
2023-10-19 22:30:46.934 [Test worker] DEBUG c.g.j.h.internal.HbsParserFactory - About to parse: /handlebars/htmlDocs2/sample_python.mustache
2023-10-19 22:30:46.934 [Test worker] DEBUG c.g.j.h.internal.HbsParserFactory - Building AST
2023-10-19 22:30:46.936 [Test worker] DEBUG c.g.j.h.internal.HbsParserFactory - Applying Mustache spec
2023-10-19 22:30:46.936 [Test worker] DEBUG c.g.j.h.internal.HbsParserFactory - Creating templates
2023-10-19 22:30:46.936 [Test worker] DEBUG c.g.j.h.internal.HbsParserFactory - About to parse: /handlebars/htmlDocs2/param.mustache
2023-10-19 22:30:46.936 [Test worker] DEBUG c.g.j.h.internal.HbsParserFactory - Building AST
2023-10-19 22:30:46.937 [Test worker] DEBUG c.g.j.h.internal.HbsParserFactory - Applying Mustache spec
2023-10-19 22:30:46.937 [Test worker] DEBUG c.g.j.h.internal.HbsParserFactory - Creating templates
2023-10-19 22:30:46.937 [Test worker] DEBUG c.g.j.h.internal.HbsParserFactory - About to parse: /handlebars/htmlDocs2/sample_java.mustache
2023-10-19 22:30:46.937 [Test worker] DEBUG c.g.j.h.internal.HbsParserFactory - Building AST
2023-10-19 22:30:46.938 [Test worker] DEBUG c.g.j.h.internal.HbsParserFactory - Applying Mustache spec
2023-10-19 22:30:46.938 [Test worker] DEBUG c.g.j.h.internal.HbsParserFactory - Creating templates
2023-10-19 22:30:46.939 [Test worker] DEBUG c.g.j.h.internal.HbsParserFactory - About to parse: /handlebars/htmlDocs2/sample_android.mustache
2023-10-19 22:30:46.939 [Test worker] DEBUG c.g.j.h.internal.HbsParserFactory - Building AST
2023-10-19 22:30:46.939 [Test worker] DEBUG c.g.j.h.internal.HbsParserFactory - Applying Mustache spec
2023-10-19 22:30:46.939 [Test worker] DEBUG c.g.j.h.internal.HbsParserFactory - Creating templates
2023-10-19 22:30:46.939 [Test worker] DEBUG c.g.j.h.internal.HbsParserFactory - About to parse: /handlebars/htmlDocs2/sample_objc.mustache
2023-10-19 22:30:46.940 [Test worker] DEBUG c.g.j.h.internal.HbsParserFactory - Building AST
2023-10-19 22:30:46.941 [Test worker] DEBUG c.g.j.h.internal.HbsParserFactory - Applying Mustache spec
2023-10-19 22:30:46.941 [Test worker] DEBUG c.g.j.h.internal.HbsParserFactory - Creating templates
2023-10-19 22:30:46.941 [Test worker] DEBUG c.g.j.h.internal.HbsParserFactory - About to parse: /handlebars/htmlDocs2/sample_js.mustache
2023-10-19 22:30:46.941 [Test worker] DEBUG c.g.j.h.internal.HbsParserFactory - Building AST
2023-10-19 22:30:46.944 [Test worker] DEBUG c.g.j.h.internal.HbsParserFactory - Applying Mustache spec
2023-10-19 22:30:46.944 [Test worker] DEBUG c.g.j.h.internal.HbsParserFactory - Creating templates
2023-10-19 22:30:46.944 [Test worker] DEBUG c.g.j.h.internal.HbsParserFactory - About to parse: /handlebars/htmlDocs2/sample_csharp.mustache
2023-10-19 22:30:46.944 [Test worker] DEBUG c.g.j.h.internal.HbsParserFactory - Building AST
2023-10-19 22:30:46.945 [Test worker] DEBUG c.g.j.h.internal.HbsParserFactory - Applying Mustache spec
2023-10-19 22:30:46.946 [Test worker] DEBUG c.g.j.h.internal.HbsParserFactory - Creating templates
2023-10-19 22:30:46.946 [Test worker] DEBUG c.g.j.h.internal.HbsParserFactory - About to parse: /handlebars/htmlDocs2/sample_php.mustache
2023-10-19 22:30:46.946 [Test worker] DEBUG c.g.j.h.internal.HbsParserFactory - Building AST
2023-10-19 22:30:46.947 [Test worker] DEBUG c.g.j.h.internal.HbsParserFactory - Applying Mustache spec
2023-10-19 22:30:46.947 [Test worker] DEBUG c.g.j.h.internal.HbsParserFactory - Creating templates
2023-10-19 22:30:46.947 [Test worker] DEBUG c.g.j.h.internal.HbsParserFactory - About to parse: /handlebars/htmlDocs2/sample_perl.mustache
2023-10-19 22:30:46.947 [Test worker] DEBUG c.g.j.h.internal.HbsParserFactory - Building AST
2023-10-19 22:30:46.949 [Test worker] DEBUG c.g.j.h.internal.HbsParserFactory - Applying Mustache spec
2023-10-19 22:30:46.949 [Test worker] DEBUG c.g.j.h.internal.HbsParserFactory - Creating templates
2023-10-19 22:30:46.949 [Test worker] DEBUG c.g.j.h.internal.HbsParserFactory - About to parse: /handlebars/htmlDocs2/sample_python.mustache
2023-10-19 22:30:46.949 [Test worker] DEBUG c.g.j.h.internal.HbsParserFactory - Building AST
2023-10-19 22:30:46.950 [Test worker] DEBUG c.g.j.h.internal.HbsParserFactory - Applying Mustache spec
2023-10-19 22:30:46.950 [Test worker] DEBUG c.g.j.h.internal.HbsParserFactory - Creating templates
2023-10-19 22:30:46.951 [Test worker] DEBUG c.g.j.h.internal.HbsParserFactory - About to parse: /handlebars/htmlDocs2/param.mustache
2023-10-19 22:30:46.951 [Test worker] DEBUG c.g.j.h.internal.HbsParserFactory - Building AST
2023-10-19 22:30:46.951 [Test worker] DEBUG c.g.j.h.internal.HbsParserFactory - Applying Mustache spec
2023-10-19 22:30:46.951 [Test worker] DEBUG c.g.j.h.internal.HbsParserFactory - Creating templates
2023-10-19 22:30:46.952 [Test worker] DEBUG c.g.j.h.internal.HbsParserFactory - About to parse: /handlebars/htmlDocs2/param.mustache
2023-10-19 22:30:46.952 [Test worker] DEBUG c.g.j.h.internal.HbsParserFactory - Building AST
2023-10-19 22:30:46.953 [Test worker] DEBUG c.g.j.h.internal.HbsParserFactory - Applying Mustache spec
2023-10-19 22:30:46.953 [Test worker] DEBUG c.g.j.h.internal.HbsParserFactory - Creating templates
2023-10-19 22:30:46.953 [Test worker] DEBUG c.g.j.h.internal.HbsParserFactory - About to parse: /handlebars/htmlDocs2/sample_java.mustache
2023-10-19 22:30:46.953 [Test worker] DEBUG c.g.j.h.internal.HbsParserFactory - Building AST
2023-10-19 22:30:46.954 [Test worker] DEBUG c.g.j.h.internal.HbsParserFactory - Applying Mustache spec
2023-10-19 22:30:46.954 [Test worker] DEBUG c.g.j.h.internal.HbsParserFactory - Creating templates
2023-10-19 22:30:46.955 [Test worker] DEBUG c.g.j.h.internal.HbsParserFactory - About to parse: /handlebars/htmlDocs2/sample_android.mustache
2023-10-19 22:30:46.955 [Test worker] DEBUG c.g.j.h.internal.HbsParserFactory - Building AST
2023-10-19 22:30:46.955 [Test worker] DEBUG c.g.j.h.internal.HbsParserFactory - Applying Mustache spec
2023-10-19 22:30:46.955 [Test worker] DEBUG c.g.j.h.internal.HbsParserFactory - Creating templates
2023-10-19 22:30:46.955 [Test worker] DEBUG c.g.j.h.internal.HbsParserFactory - About to parse: /handlebars/htmlDocs2/sample_objc.mustache
2023-10-19 22:30:46.956 [Test worker] DEBUG c.g.j.h.internal.HbsParserFactory - Building AST
2023-10-19 22:30:46.957 [Test worker] DEBUG c.g.j.h.internal.HbsParserFactory - Applying Mustache spec
2023-10-19 22:30:46.957 [Test worker] DEBUG c.g.j.h.internal.HbsParserFactory - Creating templates
2023-10-19 22:30:46.957 [Test worker] DEBUG c.g.j.h.internal.HbsParserFactory - About to parse: /handlebars/htmlDocs2/sample_js.mustache
2023-10-19 22:30:46.957 [Test worker] DEBUG c.g.j.h.internal.HbsParserFactory - Building AST
2023-10-19 22:30:46.959 [Test worker] DEBUG c.g.j.h.internal.HbsParserFactory - Applying Mustache spec
2023-10-19 22:30:46.959 [Test worker] DEBUG c.g.j.h.internal.HbsParserFactory - Creating templates
2023-10-19 22:30:46.960 [Test worker] DEBUG c.g.j.h.internal.HbsParserFactory - About to parse: /handlebars/htmlDocs2/sample_csharp.mustache
2023-10-19 22:30:46.960 [Test worker] DEBUG c.g.j.h.internal.HbsParserFactory - Building AST
2023-10-19 22:30:46.961 [Test worker] DEBUG c.g.j.h.internal.HbsParserFactory - Applying Mustache spec
2023-10-19 22:30:46.961 [Test worker] DEBUG c.g.j.h.internal.HbsParserFactory - Creating templates
2023-10-19 22:30:46.962 [Test worker] DEBUG c.g.j.h.internal.HbsParserFactory - About to parse: /handlebars/htmlDocs2/sample_php.mustache
2023-10-19 22:30:46.962 [Test worker] DEBUG c.g.j.h.internal.HbsParserFactory - Building AST
2023-10-19 22:30:46.963 [Test worker] DEBUG c.g.j.h.internal.HbsParserFactory - Applying Mustache spec
2023-10-19 22:30:46.963 [Test worker] DEBUG c.g.j.h.internal.HbsParserFactory - Creating templates
2023-10-19 22:30:46.963 [Test worker] DEBUG c.g.j.h.internal.HbsParserFactory - About to parse: /handlebars/htmlDocs2/sample_perl.mustache
2023-10-19 22:30:46.963 [Test worker] DEBUG c.g.j.h.internal.HbsParserFactory - Building AST
2023-10-19 22:30:46.964 [Test worker] DEBUG c.g.j.h.internal.HbsParserFactory - Applying Mustache spec
2023-10-19 22:30:46.964 [Test worker] DEBUG c.g.j.h.internal.HbsParserFactory - Creating templates
2023-10-19 22:30:46.965 [Test worker] DEBUG c.g.j.h.internal.HbsParserFactory - About to parse: /handlebars/htmlDocs2/sample_python.mustache
2023-10-19 22:30:46.965 [Test worker] DEBUG c.g.j.h.internal.HbsParserFactory - Building AST
2023-10-19 22:30:46.966 [Test worker] DEBUG c.g.j.h.internal.HbsParserFactory - Applying Mustache spec
2023-10-19 22:30:46.966 [Test worker] DEBUG c.g.j.h.internal.HbsParserFactory - Creating templates
2023-10-19 22:30:46.966 [Test worker] DEBUG c.g.j.h.internal.HbsParserFactory - About to parse: /handlebars/htmlDocs2/paramB.mustache
2023-10-19 22:30:46.966 [Test worker] DEBUG c.g.j.h.internal.HbsParserFactory - Building AST
2023-10-19 22:30:46.967 [Test worker] DEBUG c.g.j.h.internal.HbsParserFactory - Applying Mustache spec
2023-10-19 22:30:46.967 [Test worker] DEBUG c.g.j.h.internal.HbsParserFactory - Creating templates
2023-10-19 22:30:46.967 [Test worker] DEBUG c.g.j.h.internal.HbsParserFactory - About to parse: /handlebars/htmlDocs2/sample_java.mustache
2023-10-19 22:30:46.968 [Test worker] DEBUG c.g.j.h.internal.HbsParserFactory - Building AST
2023-10-19 22:30:46.969 [Test worker] DEBUG c.g.j.h.internal.HbsParserFactory - Applying Mustache spec
2023-10-19 22:30:46.969 [Test worker] DEBUG c.g.j.h.internal.HbsParserFactory - Creating templates
2023-10-19 22:30:46.969 [Test worker] DEBUG c.g.j.h.internal.HbsParserFactory - About to parse: /handlebars/htmlDocs2/sample_android.mustache
2023-10-19 22:30:46.969 [Test worker] DEBUG c.g.j.h.internal.HbsParserFactory - Building AST
2023-10-19 22:30:46.970 [Test worker] DEBUG c.g.j.h.internal.HbsParserFactory - Applying Mustache spec
2023-10-19 22:30:46.970 [Test worker] DEBUG c.g.j.h.internal.HbsParserFactory - Creating templates
2023-10-19 22:30:46.970 [Test worker] DEBUG c.g.j.h.internal.HbsParserFactory - About to parse: /handlebars/htmlDocs2/sample_objc.mustache
2023-10-19 22:30:46.970 [Test worker] DEBUG c.g.j.h.internal.HbsParserFactory - Building AST
2023-10-19 22:30:46.972 [Test worker] DEBUG c.g.j.h.internal.HbsParserFactory - Applying Mustache spec
2023-10-19 22:30:46.972 [Test worker] DEBUG c.g.j.h.internal.HbsParserFactory - Creating templates
2023-10-19 22:30:46.972 [Test worker] DEBUG c.g.j.h.internal.HbsParserFactory - About to parse: /handlebars/htmlDocs2/sample_js.mustache
2023-10-19 22:30:46.972 [Test worker] DEBUG c.g.j.h.internal.HbsParserFactory - Building AST
2023-10-19 22:30:46.974 [Test worker] DEBUG c.g.j.h.internal.HbsParserFactory - Applying Mustache spec
2023-10-19 22:30:46.974 [Test worker] DEBUG c.g.j.h.internal.HbsParserFactory - Creating templates
2023-10-19 22:30:46.975 [Test worker] DEBUG c.g.j.h.internal.HbsParserFactory - About to parse: /handlebars/htmlDocs2/sample_csharp.mustache
2023-10-19 22:30:46.975 [Test worker] DEBUG c.g.j.h.internal.HbsParserFactory - Building AST
2023-10-19 22:30:46.976 [Test worker] DEBUG c.g.j.h.internal.HbsParserFactory - Applying Mustache spec
2023-10-19 22:30:46.976 [Test worker] DEBUG c.g.j.h.internal.HbsParserFactory - Creating templates
2023-10-19 22:30:46.977 [Test worker] DEBUG c.g.j.h.internal.HbsParserFactory - About to parse: /handlebars/htmlDocs2/sample_php.mustache
2023-10-19 22:30:46.977 [Test worker] DEBUG c.g.j.h.internal.HbsParserFactory - Building AST
2023-10-19 22:30:46.978 [Test worker] DEBUG c.g.j.h.internal.HbsParserFactory - Applying Mustache spec
2023-10-19 22:30:46.978 [Test worker] DEBUG c.g.j.h.internal.HbsParserFactory - Creating templates
2023-10-19 22:30:46.978 [Test worker] DEBUG c.g.j.h.internal.HbsParserFactory - About to parse: /handlebars/htmlDocs2/sample_perl.mustache
2023-10-19 22:30:46.978 [Test worker] DEBUG c.g.j.h.internal.HbsParserFactory - Building AST
2023-10-19 22:30:46.979 [Test worker] DEBUG c.g.j.h.internal.HbsParserFactory - Applying Mustache spec
2023-10-19 22:30:46.979 [Test worker] DEBUG c.g.j.h.internal.HbsParserFactory - Creating templates
2023-10-19 22:30:46.980 [Test worker] DEBUG c.g.j.h.internal.HbsParserFactory - About to parse: /handlebars/htmlDocs2/sample_python.mustache
2023-10-19 22:30:46.980 [Test worker] DEBUG c.g.j.h.internal.HbsParserFactory - Building AST
2023-10-19 22:30:46.981 [Test worker] DEBUG c.g.j.h.internal.HbsParserFactory - Applying Mustache spec
2023-10-19 22:30:46.981 [Test worker] DEBUG c.g.j.h.internal.HbsParserFactory - Creating templates
2023-10-19 22:30:46.982 [Test worker] DEBUG c.g.j.h.internal.HbsParserFactory - About to parse: /handlebars/htmlDocs2/paramB.mustache
2023-10-19 22:30:46.982 [Test worker] DEBUG c.g.j.h.internal.HbsParserFactory - Building AST
2023-10-19 22:30:46.982 [Test worker] DEBUG c.g.j.h.internal.HbsParserFactory - Applying Mustache spec
2023-10-19 22:30:46.982 [Test worker] DEBUG c.g.j.h.internal.HbsParserFactory - Creating templates
2023-10-19 22:30:46.984 [Test worker] DEBUG c.g.j.h.internal.HbsParserFactory - About to parse: /handlebars/htmlDocs2/js_jsonformatter.mustache
2023-10-19 22:30:46.986 [Test worker] DEBUG c.g.j.h.internal.HbsParserFactory - Building AST
2023-10-19 22:30:46.988 [Test worker] DEBUG c.g.j.h.internal.HbsParserFactory - Applying Mustache spec
2023-10-19 22:30:46.988 [Test worker] DEBUG c.g.j.h.internal.HbsParserFactory - Creating templates
2023-10-19 22:30:46.988 [Test worker] DEBUG c.g.j.h.internal.HbsParserFactory - About to parse: /handlebars/htmlDocs2/js_jsonschemaview.mustache
2023-10-19 22:30:46.990 [Test worker] DEBUG c.g.j.h.internal.HbsParserFactory - Building AST
2023-10-19 22:30:46.992 [Test worker] DEBUG c.g.j.h.internal.HbsParserFactory - Applying Mustache spec
2023-10-19 22:30:46.992 [Test worker] DEBUG c.g.j.h.internal.HbsParserFactory - Creating templates
2023-10-19 22:30:46.992 [Test worker] DEBUG c.g.j.h.internal.HbsParserFactory - About to parse: /handlebars/htmlDocs2/js_json_schema_ref_parser.mustache
2023-10-19 22:30:46.994 [Test worker] DEBUG c.g.j.h.internal.HbsParserFactory - Building AST
2023-10-19 22:30:46.999 [Test worker] DEBUG c.g.j.h.internal.HbsParserFactory - Applying Mustache spec
2023-10-19 22:30:47.000 [Test worker] DEBUG c.g.j.h.internal.HbsParserFactory - Creating templates
2023-10-19 22:30:47.000 [Test worker] DEBUG c.g.j.h.internal.HbsParserFactory - About to parse: /handlebars/htmlDocs2/js_json_stringify_safe.mustache
2023-10-19 22:30:47.000 [Test worker] DEBUG c.g.j.h.internal.HbsParserFactory - Building AST
2023-10-19 22:30:47.000 [Test worker] DEBUG c.g.j.h.internal.HbsParserFactory - Applying Mustache spec
2023-10-19 22:30:47.000 [Test worker] DEBUG c.g.j.h.internal.HbsParserFactory - Creating templates
2023-10-19 22:30:47.000 [Test worker] DEBUG c.g.j.h.internal.HbsParserFactory - About to parse: /handlebars/htmlDocs2/js_webfontloader.mustache
2023-10-19 22:30:47.001 [Test worker] DEBUG c.g.j.h.internal.HbsParserFactory - Building AST
2023-10-19 22:30:47.001 [Test worker] DEBUG c.g.j.h.internal.HbsParserFactory - Applying Mustache spec
2023-10-19 22:30:47.001 [Test worker] DEBUG c.g.j.h.internal.HbsParserFactory - Creating templates
2023-10-19 22:30:47.002 [Test worker] INFO  i.s.codegen.v3.AbstractGenerator - writing file docs/index.html
2023-10-19 22:30:47.003 [Test worker] INFO  i.s.codegen.v3.AbstractGenerator - writing file docs/.swagger-codegen/VERSION
2023-10-19 22:30:47.005 [DefaultDispatcher-worker-3 @request#25] TRACE io.ktor.routing.Routing - Trace for [storage, Get, test]
/, segment:0 -> SUCCESS @ /
  /openapi, segment:0 -> FAILURE "Selector didn't match" @ /openapi
  /(authenticate "default"), segment:0 -> SUCCESS @ /(authenticate "default")
    /(authenticate "default")/storage, segment:1 -> SUCCESS @ /(authenticate "default")/storage
      /(authenticate "default")/storage/Submit, segment:1 -> FAILURE "Selector didn't match" @ /(authenticate "default")/storage/Submit
      /(authenticate "default")/storage/Get, segment:2 -> SUCCESS @ /(authenticate "default")/storage/Get
        /(authenticate "default")/storage/Get/{fileName}, segment:3 -> SUCCESS; Parameters [fileName=[test]] @ /(authenticate "default")/storage/Get/{fileName}
          /(authenticate "default")/storage/Get/{fileName}/{userId?}, segment:3 -> SUCCESS @ /(authenticate "default")/storage/Get/{fileName}/{userId?}
            /(authenticate "default")/storage/Get/{fileName}/{userId?}/(method:GET), segment:3 -> SUCCESS @ /(authenticate "default")/storage/Get/{fileName}/{userId?}/(method:GET)
      /(authenticate "default")/storage/Delete, segment:1 -> FAILURE "Selector didn't match" @ /(authenticate "default")/storage/Delete
  /password, segment:0 -> FAILURE "Selector didn't match" @ /password
  /passKey, segment:0 -> FAILURE "Selector didn't match" @ /passKey
  /virusChecker, segment:0 -> FAILURE "Selector didn't match" @ /virusChecker
  /swagger, segment:0 -> FAILURE "Selector didn't match" @ /swagger
Matched routes:
  "" -> "(authenticate "default")" -> "storage" -> "Get" -> "{fileName}" -> "{userId?}" -> "(method:GET)"
Route resolve result:
  SUCCESS; Parameters [fileName=[test]] @ /(authenticate "default")/storage/Get/{fileName}/{userId?}/(method:GET)
2023-10-19 22:30:47.005 [DefaultDispatcher-worker-3 @request#25] TRACE io.ktor.server.auth.Authentication - Trying to authenticate storage/Get/test with null
2023-10-19 22:30:47.009 [DefaultDispatcher-worker-3 @request#25] TRACE io.ktor.server.auth.Authentication - Authentication succeeded for storage/Get/test with provider io.ktor.server.auth.jwt.JWTAuthenticationProvider@2253f1f9
2023-10-19 22:30:47.010 [DefaultDispatcher-worker-3 @request#25] TRACE i.k.s.p.c.ContentNegotiation - Skipping because body is already converted.
2023-10-19 22:30:47.011 [Test worker] INFO  ktor.test - No ktor.deployment.watch patterns specified, automatic reload is not active.
2023-10-19 22:30:47.011 [Test worker] INFO  ktor.test - Application started in 0.0 seconds.
2023-10-19 22:30:47.021 [Test worker] TRACE i.s.c.v.g.DefaultCodegenConfig - camelize start - security_tools_api
2023-10-19 22:30:47.021 [Test worker] TRACE i.s.c.v.g.DefaultCodegenConfig - camelize end - security_tools_api (new: SecurityToolsApi)
2023-10-19 22:30:47.022 [Test worker] TRACE i.s.c.v.g.DefaultCodegenConfig - camelize start - principal
2023-10-19 22:30:47.022 [Test worker] TRACE i.s.c.v.g.DefaultCodegenConfig - camelize end - principal (new: Principal)
2023-10-19 22:30:47.022 [Test worker] TRACE i.s.c.v.g.DefaultCodegenConfig - camelize start - principal
2023-10-19 22:30:47.022 [Test worker] TRACE i.s.c.v.g.DefaultCodegenConfig - camelize end - principal (new: Principal)
2023-10-19 22:30:47.022 [Test worker] TRACE i.s.c.v.g.DefaultCodegenConfig - camelize start - principal
2023-10-19 22:30:47.022 [Test worker] TRACE i.s.c.v.g.DefaultCodegenConfig - camelize end - principal (new: Principal)
2023-10-19 22:30:47.022 [Test worker] TRACE i.s.c.v.g.DefaultCodegenConfig - camelize start - clientId
2023-10-19 22:30:47.022 [Test worker] TRACE i.s.c.v.g.DefaultCodegenConfig - camelize end - clientId (new: ClientId)
2023-10-19 22:30:47.022 [Test worker] TRACE i.s.c.v.g.DefaultCodegenConfig - camelize start - clientId
2023-10-19 22:30:47.022 [Test worker] TRACE i.s.c.v.g.DefaultCodegenConfig - camelize end - clientId (new: ClientId)
2023-10-19 22:30:47.022 [Test worker] TRACE i.s.c.v.g.DefaultCodegenConfig - camelize start - clientId
2023-10-19 22:30:47.022 [Test worker] TRACE i.s.c.v.g.DefaultCodegenConfig - camelize end - clientId (new: ClientId)
2023-10-19 22:30:47.022 [Test worker] WARN  i.s.c.v.g.DefaultCodegenConfig - Empty operationId found for path: post /storage/Submit. Renamed to auto-generated operationId: storageSubmitPost
2023-10-19 22:30:47.022 [Test worker] TRACE i.s.c.v.g.DefaultCodegenConfig - camelize start - principal
2023-10-19 22:30:47.022 [Test worker] TRACE i.s.c.v.g.DefaultCodegenConfig - camelize end - principal (new: Principal)
2023-10-19 22:30:47.022 [Test worker] TRACE i.s.c.v.g.DefaultCodegenConfig - camelize start - principal
2023-10-19 22:30:47.022 [Test worker] TRACE i.s.c.v.g.DefaultCodegenConfig - camelize end - principal (new: Principal)
2023-10-19 22:30:47.022 [Test worker] TRACE i.s.c.v.g.DefaultCodegenConfig - camelize start - principal
2023-10-19 22:30:47.022 [Test worker] TRACE i.s.c.v.g.DefaultCodegenConfig - camelize end - principal (new: Principal)
2023-10-19 22:30:47.022 [Test worker] TRACE i.s.c.v.g.DefaultCodegenConfig - camelize start - clientId
2023-10-19 22:30:47.022 [Test worker] TRACE i.s.c.v.g.DefaultCodegenConfig - camelize end - clientId (new: ClientId)
2023-10-19 22:30:47.022 [Test worker] TRACE i.s.c.v.g.DefaultCodegenConfig - camelize start - clientId
2023-10-19 22:30:47.022 [Test worker] TRACE i.s.c.v.g.DefaultCodegenConfig - camelize end - clientId (new: ClientId)
2023-10-19 22:30:47.022 [Test worker] TRACE i.s.c.v.g.DefaultCodegenConfig - camelize start - clientId
2023-10-19 22:30:47.022 [Test worker] TRACE i.s.c.v.g.DefaultCodegenConfig - camelize end - clientId (new: ClientId)
2023-10-19 22:30:47.023 [Test worker] TRACE i.s.c.v.g.DefaultCodegenConfig - camelize start - default
2023-10-19 22:30:47.023 [Test worker] TRACE i.s.c.v.g.DefaultCodegenConfig - camelize end - default (new: Default)
2023-10-19 22:30:47.023 [Test worker] TRACE i.s.c.v.g.DefaultCodegenConfig - camelize start - storageSubmitPost
2023-10-19 22:30:47.023 [Test worker] TRACE i.s.c.v.g.DefaultCodegenConfig - camelize end - storageSubmitPost (new: StorageSubmitPost)
2023-10-19 22:30:47.023 [Test worker] WARN  i.s.c.v.g.DefaultCodegenConfig - Empty operationId found for path: get /storage/Get/{file_name}. Renamed to auto-generated operationId: storageGetFile_nameGet
2023-10-19 22:30:47.023 [Test worker] TRACE i.s.c.v.g.DefaultCodegenConfig - camelize start - Client ID
2023-10-19 22:30:47.023 [Test worker] TRACE i.s.c.v.g.DefaultCodegenConfig - camelize end - Client ID (new: Client ID)
2023-10-19 22:30:47.023 [Test worker] TRACE i.s.c.v.g.DefaultCodegenConfig - camelize start - Client ID
2023-10-19 22:30:47.023 [Test worker] TRACE i.s.c.v.g.DefaultCodegenConfig - camelize end - Client ID (new: Client ID)
2023-10-19 22:30:47.023 [Test worker] TRACE i.s.c.v.g.DefaultCodegenConfig - camelize start - Client ID
2023-10-19 22:30:47.023 [Test worker] TRACE i.s.c.v.g.DefaultCodegenConfig - camelize end - Client ID (new: Client ID)
2023-10-19 22:30:47.023 [Test worker] TRACE i.s.c.v.g.DefaultCodegenConfig - camelize start - file_name
2023-10-19 22:30:47.023 [Test worker] TRACE i.s.c.v.g.DefaultCodegenConfig - camelize end - file_name (new: FileName)
2023-10-19 22:30:47.023 [Test worker] TRACE i.s.c.v.g.DefaultCodegenConfig - camelize start - file_name
2023-10-19 22:30:47.023 [Test worker] TRACE i.s.c.v.g.DefaultCodegenConfig - camelize end - file_name (new: FileName)
2023-10-19 22:30:47.023 [Test worker] TRACE i.s.c.v.g.DefaultCodegenConfig - camelize start - file_name
2023-10-19 22:30:47.023 [Test worker] TRACE i.s.c.v.g.DefaultCodegenConfig - camelize end - file_name (new: FileName)
2023-10-19 22:30:47.023 [Test worker] TRACE i.s.c.v.g.DefaultCodegenConfig - camelize start - default
2023-10-19 22:30:47.023 [Test worker] TRACE i.s.c.v.g.DefaultCodegenConfig - camelize end - default (new: Default)
2023-10-19 22:30:47.023 [Test worker] TRACE i.s.c.v.g.DefaultCodegenConfig - camelize start - storageGetFileNameGet
2023-10-19 22:30:47.023 [Test worker] TRACE i.s.c.v.g.DefaultCodegenConfig - camelize end - storageGetFileNameGet (new: StorageGetFileNameGet)
2023-10-19 22:30:47.023 [Test worker] WARN  i.s.c.v.g.DefaultCodegenConfig - Empty operationId found for path: get /storage/Delete. Renamed to auto-generated operationId: storageDeleteGet
2023-10-19 22:30:47.024 [Test worker] TRACE i.s.c.v.g.DefaultCodegenConfig - camelize start - Client ID
2023-10-19 22:30:47.024 [Test worker] TRACE i.s.c.v.g.DefaultCodegenConfig - camelize end - Client ID (new: Client ID)
2023-10-19 22:30:47.024 [Test worker] TRACE i.s.c.v.g.DefaultCodegenConfig - camelize start - Client ID
2023-10-19 22:30:47.024 [Test worker] TRACE i.s.c.v.g.DefaultCodegenConfig - camelize end - Client ID (new: Client ID)
2023-10-19 22:30:47.024 [Test worker] TRACE i.s.c.v.g.DefaultCodegenConfig - camelize start - Client ID
2023-10-19 22:30:47.024 [Test worker] TRACE i.s.c.v.g.DefaultCodegenConfig - camelize end - Client ID (new: Client ID)
2023-10-19 22:30:47.024 [Test worker] TRACE i.s.c.v.g.DefaultCodegenConfig - camelize start - default
2023-10-19 22:30:47.024 [Test worker] TRACE i.s.c.v.g.DefaultCodegenConfig - camelize end - default (new: Default)
2023-10-19 22:30:47.024 [Test worker] TRACE i.s.c.v.g.DefaultCodegenConfig - camelize start - storageDeleteGet
2023-10-19 22:30:47.024 [Test worker] TRACE i.s.c.v.g.DefaultCodegenConfig - camelize end - storageDeleteGet (new: StorageDeleteGet)
2023-10-19 22:30:47.024 [Test worker] WARN  i.s.c.v.g.DefaultCodegenConfig - Empty operationId found for path: get /password/Get/{len?}/{digits?}/{case?}/{specialChars?}. Renamed to auto-generated operationId: passwordGetLenDigitsCaseSpecialCharsGet
2023-10-19 22:30:47.024 [Test worker] TRACE i.s.c.v.g.DefaultCodegenConfig - camelize start - len
2023-10-19 22:30:47.024 [Test worker] TRACE i.s.c.v.g.DefaultCodegenConfig - camelize end - len (new: Len)
2023-10-19 22:30:47.024 [Test worker] TRACE i.s.c.v.g.DefaultCodegenConfig - camelize start - len
2023-10-19 22:30:47.024 [Test worker] TRACE i.s.c.v.g.DefaultCodegenConfig - camelize end - len (new: Len)
2023-10-19 22:30:47.024 [Test worker] TRACE i.s.c.v.g.DefaultCodegenConfig - camelize start - len
2023-10-19 22:30:47.024 [Test worker] TRACE i.s.c.v.g.DefaultCodegenConfig - camelize end - len (new: Len)
2023-10-19 22:30:47.024 [Test worker] DEBUG i.s.c.v.g.DefaultCodegenConfig - Property type is not primitive: int64
2023-10-19 22:30:47.024 [Test worker] TRACE i.s.c.v.g.DefaultCodegenConfig - camelize start - digits
2023-10-19 22:30:47.024 [Test worker] TRACE i.s.c.v.g.DefaultCodegenConfig - camelize end - digits (new: Digits)
2023-10-19 22:30:47.024 [Test worker] TRACE i.s.c.v.g.DefaultCodegenConfig - camelize start - digits
2023-10-19 22:30:47.024 [Test worker] TRACE i.s.c.v.g.DefaultCodegenConfig - camelize end - digits (new: Digits)
2023-10-19 22:30:47.025 [Test worker] TRACE i.s.c.v.g.DefaultCodegenConfig - camelize start - digits
2023-10-19 22:30:47.025 [Test worker] TRACE i.s.c.v.g.DefaultCodegenConfig - camelize end - digits (new: Digits)
2023-10-19 22:30:47.025 [Test worker] TRACE i.s.c.v.g.DefaultCodegenConfig - camelize start - digits
2023-10-19 22:30:47.025 [Test worker] TRACE i.s.c.v.g.DefaultCodegenConfig - camelize end - digits (new: Digits)
2023-10-19 22:30:47.025 [Test worker] TRACE i.s.c.v.g.DefaultCodegenConfig - camelize start - case
2023-10-19 22:30:47.025 [Test worker] TRACE i.s.c.v.g.DefaultCodegenConfig - camelize end - case (new: Case)
2023-10-19 22:30:47.025 [Test worker] TRACE i.s.c.v.g.DefaultCodegenConfig - camelize start - case
2023-10-19 22:30:47.025 [Test worker] TRACE i.s.c.v.g.DefaultCodegenConfig - camelize end - case (new: Case)
2023-10-19 22:30:47.025 [Test worker] TRACE i.s.c.v.g.DefaultCodegenConfig - camelize start - case
2023-10-19 22:30:47.025 [Test worker] TRACE i.s.c.v.g.DefaultCodegenConfig - camelize end - case (new: Case)
2023-10-19 22:30:47.025 [Test worker] TRACE i.s.c.v.g.DefaultCodegenConfig - camelize start - case
2023-10-19 22:30:47.025 [Test worker] TRACE i.s.c.v.g.DefaultCodegenConfig - camelize end - case (new: Case)
2023-10-19 22:30:47.025 [Test worker] TRACE i.s.c.v.g.DefaultCodegenConfig - camelize start - specialChars
2023-10-19 22:30:47.025 [Test worker] TRACE i.s.c.v.g.DefaultCodegenConfig - camelize end - specialChars (new: SpecialChars)
2023-10-19 22:30:47.025 [Test worker] TRACE i.s.c.v.g.DefaultCodegenConfig - camelize start - specialChars
2023-10-19 22:30:47.025 [Test worker] TRACE i.s.c.v.g.DefaultCodegenConfig - camelize end - specialChars (new: SpecialChars)
2023-10-19 22:30:47.025 [Test worker] TRACE i.s.c.v.g.DefaultCodegenConfig - camelize start - specialChars
2023-10-19 22:30:47.025 [Test worker] TRACE i.s.c.v.g.DefaultCodegenConfig - camelize end - specialChars (new: SpecialChars)
2023-10-19 22:30:47.025 [Test worker] TRACE i.s.c.v.g.DefaultCodegenConfig - camelize start - specialChars
2023-10-19 22:30:47.025 [Test worker] TRACE i.s.c.v.g.DefaultCodegenConfig - camelize end - specialChars (new: SpecialChars)
2023-10-19 22:30:47.025 [Test worker] TRACE i.s.c.v.g.DefaultCodegenConfig - camelize start - default
2023-10-19 22:30:47.025 [Test worker] TRACE i.s.c.v.g.DefaultCodegenConfig - camelize end - default (new: Default)
2023-10-19 22:30:47.025 [Test worker] TRACE i.s.c.v.g.DefaultCodegenConfig - camelize start - passwordGetLenDigitsCaseSpecialCharsGet
2023-10-19 22:30:47.025 [Test worker] TRACE i.s.c.v.g.DefaultCodegenConfig - camelize end - passwordGetLenDigitsCaseSpecialCharsGet (new: PasswordGetLenDigitsCaseSpecialCharsGet)
2023-10-19 22:30:47.025 [Test worker] WARN  i.s.c.v.g.DefaultCodegenConfig - Empty operationId found for path: get /passKey/Get/{len?}/{password?}/{salt?}. Renamed to auto-generated operationId: passKeyGetLenPasswordSaltGet
2023-10-19 22:30:47.026 [Test worker] TRACE i.s.c.v.g.DefaultCodegenConfig - camelize start - len
2023-10-19 22:30:47.026 [Test worker] TRACE i.s.c.v.g.DefaultCodegenConfig - camelize end - len (new: Len)
2023-10-19 22:30:47.026 [Test worker] TRACE i.s.c.v.g.DefaultCodegenConfig - camelize start - len
2023-10-19 22:30:47.026 [Test worker] TRACE i.s.c.v.g.DefaultCodegenConfig - camelize end - len (new: Len)
2023-10-19 22:30:47.026 [Test worker] TRACE i.s.c.v.g.DefaultCodegenConfig - camelize start - len
2023-10-19 22:30:47.026 [Test worker] TRACE i.s.c.v.g.DefaultCodegenConfig - camelize end - len (new: Len)
2023-10-19 22:30:47.026 [Test worker] DEBUG i.s.c.v.g.DefaultCodegenConfig - Property type is not primitive: int64
2023-10-19 22:30:47.026 [Test worker] TRACE i.s.c.v.g.DefaultCodegenConfig - camelize start - password
2023-10-19 22:30:47.026 [Test worker] TRACE i.s.c.v.g.DefaultCodegenConfig - camelize end - password (new: Password)
2023-10-19 22:30:47.026 [Test worker] TRACE i.s.c.v.g.DefaultCodegenConfig - camelize start - password
2023-10-19 22:30:47.026 [Test worker] TRACE i.s.c.v.g.DefaultCodegenConfig - camelize end - password (new: Password)
2023-10-19 22:30:47.026 [Test worker] TRACE i.s.c.v.g.DefaultCodegenConfig - camelize start - password
2023-10-19 22:30:47.026 [Test worker] TRACE i.s.c.v.g.DefaultCodegenConfig - camelize end - password (new: Password)
2023-10-19 22:30:47.026 [Test worker] TRACE i.s.c.v.g.DefaultCodegenConfig - camelize start - password
2023-10-19 22:30:47.026 [Test worker] TRACE i.s.c.v.g.DefaultCodegenConfig - camelize end - password (new: Password)
2023-10-19 22:30:47.026 [Test worker] TRACE i.s.c.v.g.DefaultCodegenConfig - camelize start - salt
2023-10-19 22:30:47.026 [Test worker] TRACE i.s.c.v.g.DefaultCodegenConfig - camelize end - salt (new: Salt)
2023-10-19 22:30:47.026 [Test worker] TRACE i.s.c.v.g.DefaultCodegenConfig - camelize start - salt
2023-10-19 22:30:47.026 [Test worker] TRACE i.s.c.v.g.DefaultCodegenConfig - camelize end - salt (new: Salt)
2023-10-19 22:30:47.026 [Test worker] TRACE i.s.c.v.g.DefaultCodegenConfig - camelize start - salt
2023-10-19 22:30:47.026 [Test worker] TRACE i.s.c.v.g.DefaultCodegenConfig - camelize end - salt (new: Salt)
2023-10-19 22:30:47.026 [Test worker] TRACE i.s.c.v.g.DefaultCodegenConfig - camelize start - salt
2023-10-19 22:30:47.026 [Test worker] TRACE i.s.c.v.g.DefaultCodegenConfig - camelize end - salt (new: Salt)
2023-10-19 22:30:47.026 [Test worker] TRACE i.s.c.v.g.DefaultCodegenConfig - camelize start - default
2023-10-19 22:30:47.026 [Test worker] TRACE i.s.c.v.g.DefaultCodegenConfig - camelize end - default (new: Default)
2023-10-19 22:30:47.026 [Test worker] TRACE i.s.c.v.g.DefaultCodegenConfig - camelize start - passKeyGetLenPasswordSaltGet
2023-10-19 22:30:47.026 [Test worker] TRACE i.s.c.v.g.DefaultCodegenConfig - camelize end - passKeyGetLenPasswordSaltGet (new: PassKeyGetLenPasswordSaltGet)
2023-10-19 22:30:47.027 [Test worker] WARN  i.s.c.v.g.DefaultCodegenConfig - Empty operationId found for path: post /virusChecker/. Renamed to auto-generated operationId: virusCheckerPost
2023-10-19 22:30:47.027 [Test worker] TRACE i.s.c.v.g.DefaultCodegenConfig - camelize start - default
2023-10-19 22:30:47.027 [Test worker] TRACE i.s.c.v.g.DefaultCodegenConfig - camelize end - default (new: Default)
2023-10-19 22:30:47.027 [Test worker] TRACE i.s.c.v.g.DefaultCodegenConfig - camelize start - virusCheckerPost
2023-10-19 22:30:47.027 [Test worker] TRACE i.s.c.v.g.DefaultCodegenConfig - camelize end - virusCheckerPost (new: VirusCheckerPost)
2023-10-19 22:30:47.027 [Test worker] DEBUG c.g.j.h.internal.HbsParserFactory - About to parse: /handlebars/htmlDocs2/index.mustache
2023-10-19 22:30:47.027 [Test worker] DEBUG c.g.j.h.internal.HbsParserFactory - Building AST
2023-10-19 22:30:47.033 [Test worker] DEBUG c.g.j.h.internal.HbsParserFactory - Applying Mustache spec
2023-10-19 22:30:47.034 [Test worker] DEBUG c.g.j.h.internal.HbsParserFactory - Creating templates
2023-10-19 22:30:47.034 [Test worker] DEBUG c.g.j.h.internal.HbsParserFactory - About to parse: /handlebars/htmlDocs2/js_jquery.mustache
2023-10-19 22:30:47.036 [Test worker] DEBUG c.g.j.h.internal.HbsParserFactory - Building AST
2023-10-19 22:30:47.039 [Test worker] DEBUG c.g.j.h.internal.HbsParserFactory - Applying Mustache spec
2023-10-19 22:30:47.039 [Test worker] DEBUG c.g.j.h.internal.HbsParserFactory - Creating templates
2023-10-19 22:30:47.039 [Test worker] DEBUG c.g.j.h.internal.HbsParserFactory - About to parse: /handlebars/htmlDocs2/js_prettify.mustache
2023-10-19 22:30:47.039 [Test worker] DEBUG c.g.j.h.internal.HbsParserFactory - Building AST
2023-10-19 22:30:47.040 [Test worker] DEBUG c.g.j.h.internal.HbsParserFactory - Applying Mustache spec
2023-10-19 22:30:47.040 [Test worker] DEBUG c.g.j.h.internal.HbsParserFactory - Creating templates
2023-10-19 22:30:47.040 [Test worker] DEBUG c.g.j.h.internal.HbsParserFactory - About to parse: /handlebars/htmlDocs2/js_bootstrap.mustache
2023-10-19 22:30:47.040 [Test worker] DEBUG c.g.j.h.internal.HbsParserFactory - Building AST
2023-10-19 22:30:47.041 [Test worker] DEBUG c.g.j.h.internal.HbsParserFactory - Applying Mustache spec
2023-10-19 22:30:47.041 [Test worker] DEBUG c.g.j.h.internal.HbsParserFactory - Creating templates
2023-10-19 22:30:47.041 [Test worker] DEBUG c.g.j.h.internal.HbsParserFactory - About to parse: /handlebars/htmlDocs2/marked.mustache
2023-10-19 22:30:47.042 [Test worker] DEBUG c.g.j.h.internal.HbsParserFactory - Building AST
2023-10-19 22:30:47.042 [Test worker] DEBUG c.g.j.h.internal.HbsParserFactory - Applying Mustache spec
2023-10-19 22:30:47.042 [Test worker] DEBUG c.g.j.h.internal.HbsParserFactory - Creating templates
2023-10-19 22:30:47.042 [Test worker] DEBUG c.g.j.h.internal.HbsParserFactory - About to parse: /handlebars/htmlDocs2/css_bootstrap.mustache
2023-10-19 22:30:47.044 [Test worker] DEBUG c.g.j.h.internal.HbsParserFactory - Building AST
2023-10-19 22:30:47.047 [Test worker] DEBUG c.g.j.h.internal.HbsParserFactory - Applying Mustache spec
2023-10-19 22:30:47.047 [Test worker] DEBUG c.g.j.h.internal.HbsParserFactory - Creating templates
2023-10-19 22:30:47.047 [Test worker] DEBUG c.g.j.h.internal.HbsParserFactory - About to parse: /handlebars/htmlDocs2/css_prettify.mustache
2023-10-19 22:30:47.047 [Test worker] DEBUG c.g.j.h.internal.HbsParserFactory - Building AST
2023-10-19 22:30:47.048 [Test worker] DEBUG c.g.j.h.internal.HbsParserFactory - Applying Mustache spec
2023-10-19 22:30:47.048 [Test worker] DEBUG c.g.j.h.internal.HbsParserFactory - Creating templates
2023-10-19 22:30:47.048 [Test worker] DEBUG c.g.j.h.internal.HbsParserFactory - About to parse: /handlebars/htmlDocs2/styles.mustache
2023-10-19 22:30:47.048 [Test worker] DEBUG c.g.j.h.internal.HbsParserFactory - Building AST
2023-10-19 22:30:47.048 [Test worker] DEBUG c.g.j.h.internal.HbsParserFactory - Applying Mustache spec
2023-10-19 22:30:47.048 [Test worker] DEBUG c.g.j.h.internal.HbsParserFactory - Creating templates
2023-10-19 22:30:47.050 [Test worker] DEBUG c.g.j.h.internal.HbsParserFactory - About to parse: /handlebars/htmlDocs2/sample_java.mustache
2023-10-19 22:30:47.050 [Test worker] DEBUG c.g.j.h.internal.HbsParserFactory - Building AST
2023-10-19 22:30:47.051 [Test worker] DEBUG c.g.j.h.internal.HbsParserFactory - Applying Mustache spec
2023-10-19 22:30:47.051 [Test worker] DEBUG c.g.j.h.internal.HbsParserFactory - Creating templates
2023-10-19 22:30:47.051 [Test worker] DEBUG c.g.j.h.internal.HbsParserFactory - About to parse: /handlebars/htmlDocs2/sample_android.mustache
2023-10-19 22:30:47.051 [Test worker] DEBUG c.g.j.h.internal.HbsParserFactory - Building AST
2023-10-19 22:30:47.052 [Test worker] DEBUG c.g.j.h.internal.HbsParserFactory - Applying Mustache spec
2023-10-19 22:30:47.052 [Test worker] DEBUG c.g.j.h.internal.HbsParserFactory - Creating templates
2023-10-19 22:30:47.052 [Test worker] DEBUG c.g.j.h.internal.HbsParserFactory - About to parse: /handlebars/htmlDocs2/sample_objc.mustache
2023-10-19 22:30:47.052 [Test worker] DEBUG c.g.j.h.internal.HbsParserFactory - Building AST
2023-10-19 22:30:47.054 [Test worker] DEBUG c.g.j.h.internal.HbsParserFactory - Applying Mustache spec
2023-10-19 22:30:47.054 [Test worker] DEBUG c.g.j.h.internal.HbsParserFactory - Creating templates
2023-10-19 22:30:47.054 [Test worker] DEBUG c.g.j.h.internal.HbsParserFactory - About to parse: /handlebars/htmlDocs2/sample_js.mustache
2023-10-19 22:30:47.054 [Test worker] DEBUG c.g.j.h.internal.HbsParserFactory - Building AST
2023-10-19 22:30:47.061 [Test worker] DEBUG c.g.j.h.internal.HbsParserFactory - Applying Mustache spec
2023-10-19 22:30:47.061 [Test worker] DEBUG c.g.j.h.internal.HbsParserFactory - Creating templates
2023-10-19 22:30:47.064 [Test worker] DEBUG c.g.j.h.internal.HbsParserFactory - About to parse: /handlebars/htmlDocs2/sample_csharp.mustache
2023-10-19 22:30:47.064 [Test worker] DEBUG c.g.j.h.internal.HbsParserFactory - Building AST
2023-10-19 22:30:47.065 [Test worker] DEBUG c.g.j.h.internal.HbsParserFactory - Applying Mustache spec
2023-10-19 22:30:47.065 [Test worker] DEBUG c.g.j.h.internal.HbsParserFactory - Creating templates
2023-10-19 22:30:47.066 [Test worker] DEBUG c.g.j.h.internal.HbsParserFactory - About to parse: /handlebars/htmlDocs2/sample_php.mustache
2023-10-19 22:30:47.066 [Test worker] DEBUG c.g.j.h.internal.HbsParserFactory - Building AST
2023-10-19 22:30:47.067 [Test worker] DEBUG c.g.j.h.internal.HbsParserFactory - Applying Mustache spec
2023-10-19 22:30:47.067 [Test worker] DEBUG c.g.j.h.internal.HbsParserFactory - Creating templates
2023-10-19 22:30:47.067 [Test worker] DEBUG c.g.j.h.internal.HbsParserFactory - About to parse: /handlebars/htmlDocs2/sample_perl.mustache
2023-10-19 22:30:47.067 [Test worker] DEBUG c.g.j.h.internal.HbsParserFactory - Building AST
2023-10-19 22:30:47.068 [Test worker] DEBUG c.g.j.h.internal.HbsParserFactory - Applying Mustache spec
2023-10-19 22:30:47.069 [Test worker] DEBUG c.g.j.h.internal.HbsParserFactory - Creating templates
2023-10-19 22:30:47.069 [Test worker] DEBUG c.g.j.h.internal.HbsParserFactory - About to parse: /handlebars/htmlDocs2/sample_python.mustache
2023-10-19 22:30:47.069 [Test worker] DEBUG c.g.j.h.internal.HbsParserFactory - Building AST
2023-10-19 22:30:47.070 [Test worker] DEBUG c.g.j.h.internal.HbsParserFactory - Applying Mustache spec
2023-10-19 22:30:47.070 [Test worker] DEBUG c.g.j.h.internal.HbsParserFactory - Creating templates
2023-10-19 22:30:47.071 [Test worker] DEBUG c.g.j.h.internal.HbsParserFactory - About to parse: /handlebars/htmlDocs2/param.mustache
2023-10-19 22:30:47.071 [Test worker] DEBUG c.g.j.h.internal.HbsParserFactory - Building AST
2023-10-19 22:30:47.071 [Test worker] DEBUG c.g.j.h.internal.HbsParserFactory - Applying Mustache spec
2023-10-19 22:30:47.071 [Test worker] DEBUG c.g.j.h.internal.HbsParserFactory - Creating templates
2023-10-19 22:30:47.071 [Test worker] DEBUG c.g.j.h.internal.HbsParserFactory - About to parse: /handlebars/htmlDocs2/param.mustache
2023-10-19 22:30:47.071 [Test worker] DEBUG c.g.j.h.internal.HbsParserFactory - Building AST
2023-10-19 22:30:47.072 [Test worker] DEBUG c.g.j.h.internal.HbsParserFactory - Applying Mustache spec
2023-10-19 22:30:47.072 [Test worker] DEBUG c.g.j.h.internal.HbsParserFactory - Creating templates
2023-10-19 22:30:47.073 [Test worker] DEBUG c.g.j.h.internal.HbsParserFactory - About to parse: /handlebars/htmlDocs2/param.mustache
2023-10-19 22:30:47.073 [Test worker] DEBUG c.g.j.h.internal.HbsParserFactory - Building AST
2023-10-19 22:30:47.074 [Test worker] DEBUG c.g.j.h.internal.HbsParserFactory - Applying Mustache spec
2023-10-19 22:30:47.074 [Test worker] DEBUG c.g.j.h.internal.HbsParserFactory - Creating templates
2023-10-19 22:30:47.074 [Test worker] DEBUG c.g.j.h.internal.HbsParserFactory - About to parse: /handlebars/htmlDocs2/sample_java.mustache
2023-10-19 22:30:47.074 [Test worker] DEBUG c.g.j.h.internal.HbsParserFactory - Building AST
2023-10-19 22:30:47.076 [Test worker] DEBUG c.g.j.h.internal.HbsParserFactory - Applying Mustache spec
2023-10-19 22:30:47.076 [Test worker] DEBUG c.g.j.h.internal.HbsParserFactory - Creating templates
2023-10-19 22:30:47.076 [Test worker] DEBUG c.g.j.h.internal.HbsParserFactory - About to parse: /handlebars/htmlDocs2/sample_android.mustache
2023-10-19 22:30:47.076 [Test worker] DEBUG c.g.j.h.internal.HbsParserFactory - Building AST
2023-10-19 22:30:47.077 [Test worker] DEBUG c.g.j.h.internal.HbsParserFactory - Applying Mustache spec
2023-10-19 22:30:47.077 [Test worker] DEBUG c.g.j.h.internal.HbsParserFactory - Creating templates
2023-10-19 22:30:47.077 [Test worker] DEBUG c.g.j.h.internal.HbsParserFactory - About to parse: /handlebars/htmlDocs2/sample_objc.mustache
2023-10-19 22:30:47.077 [Test worker] DEBUG c.g.j.h.internal.HbsParserFactory - Building AST
2023-10-19 22:30:47.078 [Test worker] DEBUG c.g.j.h.internal.HbsParserFactory - Applying Mustache spec
2023-10-19 22:30:47.078 [Test worker] DEBUG c.g.j.h.internal.HbsParserFactory - Creating templates
2023-10-19 22:30:47.079 [Test worker] DEBUG c.g.j.h.internal.HbsParserFactory - About to parse: /handlebars/htmlDocs2/sample_js.mustache
2023-10-19 22:30:47.079 [Test worker] DEBUG c.g.j.h.internal.HbsParserFactory - Building AST
2023-10-19 22:30:47.081 [Test worker] DEBUG c.g.j.h.internal.HbsParserFactory - Applying Mustache spec
2023-10-19 22:30:47.081 [Test worker] DEBUG c.g.j.h.internal.HbsParserFactory - Creating templates
2023-10-19 22:30:47.081 [Test worker] DEBUG c.g.j.h.internal.HbsParserFactory - About to parse: /handlebars/htmlDocs2/sample_csharp.mustache
2023-10-19 22:30:47.081 [Test worker] DEBUG c.g.j.h.internal.HbsParserFactory - Building AST
2023-10-19 22:30:47.083 [Test worker] DEBUG c.g.j.h.internal.HbsParserFactory - Applying Mustache spec
2023-10-19 22:30:47.083 [Test worker] DEBUG c.g.j.h.internal.HbsParserFactory - Creating templates
2023-10-19 22:30:47.084 [Test worker] DEBUG c.g.j.h.internal.HbsParserFactory - About to parse: /handlebars/htmlDocs2/sample_php.mustache
2023-10-19 22:30:47.084 [Test worker] DEBUG c.g.j.h.internal.HbsParserFactory - Building AST
2023-10-19 22:30:47.085 [Test worker] DEBUG c.g.j.h.internal.HbsParserFactory - Applying Mustache spec
2023-10-19 22:30:47.085 [Test worker] DEBUG c.g.j.h.internal.HbsParserFactory - Creating templates
2023-10-19 22:30:47.085 [Test worker] DEBUG c.g.j.h.internal.HbsParserFactory - About to parse: /handlebars/htmlDocs2/sample_perl.mustache
2023-10-19 22:30:47.085 [Test worker] DEBUG c.g.j.h.internal.HbsParserFactory - Building AST
2023-10-19 22:30:47.086 [Test worker] DEBUG c.g.j.h.internal.HbsParserFactory - Applying Mustache spec
2023-10-19 22:30:47.087 [Test worker] DEBUG c.g.j.h.internal.HbsParserFactory - Creating templates
2023-10-19 22:30:47.087 [Test worker] DEBUG c.g.j.h.internal.HbsParserFactory - About to parse: /handlebars/htmlDocs2/sample_python.mustache
2023-10-19 22:30:47.087 [Test worker] DEBUG c.g.j.h.internal.HbsParserFactory - Building AST
2023-10-19 22:30:47.088 [Test worker] DEBUG c.g.j.h.internal.HbsParserFactory - Applying Mustache spec
2023-10-19 22:30:47.088 [Test worker] DEBUG c.g.j.h.internal.HbsParserFactory - Creating templates
2023-10-19 22:30:47.089 [Test worker] DEBUG c.g.j.h.internal.HbsParserFactory - About to parse: /handlebars/htmlDocs2/param.mustache
2023-10-19 22:30:47.089 [Test worker] DEBUG c.g.j.h.internal.HbsParserFactory - Building AST
2023-10-19 22:30:47.089 [Test worker] DEBUG c.g.j.h.internal.HbsParserFactory - Applying Mustache spec
2023-10-19 22:30:47.089 [Test worker] DEBUG c.g.j.h.internal.HbsParserFactory - Creating templates
2023-10-19 22:30:47.089 [Test worker] DEBUG c.g.j.h.internal.HbsParserFactory - About to parse: /handlebars/htmlDocs2/param.mustache
2023-10-19 22:30:47.089 [Test worker] DEBUG c.g.j.h.internal.HbsParserFactory - Building AST
2023-10-19 22:30:47.090 [Test worker] DEBUG c.g.j.h.internal.HbsParserFactory - Applying Mustache spec
2023-10-19 22:30:47.090 [Test worker] DEBUG c.g.j.h.internal.HbsParserFactory - Creating templates
2023-10-19 22:30:47.090 [Test worker] DEBUG c.g.j.h.internal.HbsParserFactory - About to parse: /handlebars/htmlDocs2/param.mustache
2023-10-19 22:30:47.090 [Test worker] DEBUG c.g.j.h.internal.HbsParserFactory - Building AST
2023-10-19 22:30:47.091 [Test worker] DEBUG c.g.j.h.internal.HbsParserFactory - Applying Mustache spec
2023-10-19 22:30:47.091 [Test worker] DEBUG c.g.j.h.internal.HbsParserFactory - Creating templates
2023-10-19 22:30:47.091 [Test worker] DEBUG c.g.j.h.internal.HbsParserFactory - About to parse: /handlebars/htmlDocs2/param.mustache
2023-10-19 22:30:47.091 [Test worker] DEBUG c.g.j.h.internal.HbsParserFactory - Building AST
2023-10-19 22:30:47.092 [Test worker] DEBUG c.g.j.h.internal.HbsParserFactory - Applying Mustache spec
2023-10-19 22:30:47.092 [Test worker] DEBUG c.g.j.h.internal.HbsParserFactory - Creating templates
2023-10-19 22:30:47.093 [Test worker] DEBUG c.g.j.h.internal.HbsParserFactory - About to parse: /handlebars/htmlDocs2/sample_java.mustache
2023-10-19 22:30:47.093 [Test worker] DEBUG c.g.j.h.internal.HbsParserFactory - Building AST
2023-10-19 22:30:47.094 [Test worker] DEBUG c.g.j.h.internal.HbsParserFactory - Applying Mustache spec
2023-10-19 22:30:47.094 [Test worker] DEBUG c.g.j.h.internal.HbsParserFactory - Creating templates
2023-10-19 22:30:47.094 [Test worker] DEBUG c.g.j.h.internal.HbsParserFactory - About to parse: /handlebars/htmlDocs2/sample_android.mustache
2023-10-19 22:30:47.094 [Test worker] DEBUG c.g.j.h.internal.HbsParserFactory - Building AST
2023-10-19 22:30:47.095 [Test worker] DEBUG c.g.j.h.internal.HbsParserFactory - Applying Mustache spec
2023-10-19 22:30:47.095 [Test worker] DEBUG c.g.j.h.internal.HbsParserFactory - Creating templates
2023-10-19 22:30:47.095 [Test worker] DEBUG c.g.j.h.internal.HbsParserFactory - About to parse: /handlebars/htmlDocs2/sample_objc.mustache
2023-10-19 22:30:47.095 [Test worker] DEBUG c.g.j.h.internal.HbsParserFactory - Building AST
2023-10-19 22:30:47.097 [Test worker] DEBUG c.g.j.h.internal.HbsParserFactory - Applying Mustache spec
2023-10-19 22:30:47.097 [Test worker] DEBUG c.g.j.h.internal.HbsParserFactory - Creating templates
2023-10-19 22:30:47.097 [Test worker] DEBUG c.g.j.h.internal.HbsParserFactory - About to parse: /handlebars/htmlDocs2/sample_js.mustache
2023-10-19 22:30:47.097 [Test worker] DEBUG c.g.j.h.internal.HbsParserFactory - Building AST
2023-10-19 22:30:47.099 [Test worker] DEBUG c.g.j.h.internal.HbsParserFactory - Applying Mustache spec
2023-10-19 22:30:47.099 [Test worker] DEBUG c.g.j.h.internal.HbsParserFactory - Creating templates
2023-10-19 22:30:47.100 [Test worker] DEBUG c.g.j.h.internal.HbsParserFactory - About to parse: /handlebars/htmlDocs2/sample_csharp.mustache
2023-10-19 22:30:47.100 [Test worker] DEBUG c.g.j.h.internal.HbsParserFactory - Building AST
2023-10-19 22:30:47.101 [Test worker] DEBUG c.g.j.h.internal.HbsParserFactory - Applying Mustache spec
2023-10-19 22:30:47.101 [Test worker] DEBUG c.g.j.h.internal.HbsParserFactory - Creating templates
2023-10-19 22:30:47.102 [Test worker] DEBUG c.g.j.h.internal.HbsParserFactory - About to parse: /handlebars/htmlDocs2/sample_php.mustache
2023-10-19 22:30:47.102 [Test worker] DEBUG c.g.j.h.internal.HbsParserFactory - Building AST
2023-10-19 22:30:47.103 [Test worker] DEBUG c.g.j.h.internal.HbsParserFactory - Applying Mustache spec
2023-10-19 22:30:47.103 [Test worker] DEBUG c.g.j.h.internal.HbsParserFactory - Creating templates
2023-10-19 22:30:47.103 [Test worker] DEBUG c.g.j.h.internal.HbsParserFactory - About to parse: /handlebars/htmlDocs2/sample_perl.mustache
2023-10-19 22:30:47.103 [Test worker] DEBUG c.g.j.h.internal.HbsParserFactory - Building AST
2023-10-19 22:30:47.105 [Test worker] DEBUG c.g.j.h.internal.HbsParserFactory - Applying Mustache spec
2023-10-19 22:30:47.105 [Test worker] DEBUG c.g.j.h.internal.HbsParserFactory - Creating templates
2023-10-19 22:30:47.105 [Test worker] DEBUG c.g.j.h.internal.HbsParserFactory - About to parse: /handlebars/htmlDocs2/sample_python.mustache
2023-10-19 22:30:47.105 [Test worker] DEBUG c.g.j.h.internal.HbsParserFactory - Building AST
2023-10-19 22:30:47.106 [Test worker] DEBUG c.g.j.h.internal.HbsParserFactory - Applying Mustache spec
2023-10-19 22:30:47.106 [Test worker] DEBUG c.g.j.h.internal.HbsParserFactory - Creating templates
2023-10-19 22:30:47.107 [Test worker] DEBUG c.g.j.h.internal.HbsParserFactory - About to parse: /handlebars/htmlDocs2/param.mustache
2023-10-19 22:30:47.107 [Test worker] DEBUG c.g.j.h.internal.HbsParserFactory - Building AST
2023-10-19 22:30:47.107 [Test worker] DEBUG c.g.j.h.internal.HbsParserFactory - Applying Mustache spec
2023-10-19 22:30:47.107 [Test worker] DEBUG c.g.j.h.internal.HbsParserFactory - Creating templates
2023-10-19 22:30:47.108 [Test worker] DEBUG c.g.j.h.internal.HbsParserFactory - About to parse: /handlebars/htmlDocs2/sample_java.mustache
2023-10-19 22:30:47.108 [Test worker] DEBUG c.g.j.h.internal.HbsParserFactory - Building AST
2023-10-19 22:30:47.109 [Test worker] DEBUG c.g.j.h.internal.HbsParserFactory - Applying Mustache spec
2023-10-19 22:30:47.109 [Test worker] DEBUG c.g.j.h.internal.HbsParserFactory - Creating templates
2023-10-19 22:30:47.109 [Test worker] DEBUG c.g.j.h.internal.HbsParserFactory - About to parse: /handlebars/htmlDocs2/sample_android.mustache
2023-10-19 22:30:47.109 [Test worker] DEBUG c.g.j.h.internal.HbsParserFactory - Building AST
2023-10-19 22:30:47.110 [Test worker] DEBUG c.g.j.h.internal.HbsParserFactory - Applying Mustache spec
2023-10-19 22:30:47.110 [Test worker] DEBUG c.g.j.h.internal.HbsParserFactory - Creating templates
2023-10-19 22:30:47.110 [Test worker] DEBUG c.g.j.h.internal.HbsParserFactory - About to parse: /handlebars/htmlDocs2/sample_objc.mustache
2023-10-19 22:30:47.110 [Test worker] DEBUG c.g.j.h.internal.HbsParserFactory - Building AST
2023-10-19 22:30:47.112 [Test worker] DEBUG c.g.j.h.internal.HbsParserFactory - Applying Mustache spec
2023-10-19 22:30:47.112 [Test worker] DEBUG c.g.j.h.internal.HbsParserFactory - Creating templates
2023-10-19 22:30:47.112 [Test worker] DEBUG c.g.j.h.internal.HbsParserFactory - About to parse: /handlebars/htmlDocs2/sample_js.mustache
2023-10-19 22:30:47.112 [Test worker] DEBUG c.g.j.h.internal.HbsParserFactory - Building AST
2023-10-19 22:30:47.114 [Test worker] DEBUG c.g.j.h.internal.HbsParserFactory - Applying Mustache spec
2023-10-19 22:30:47.115 [Test worker] DEBUG c.g.j.h.internal.HbsParserFactory - Creating templates
2023-10-19 22:30:47.115 [Test worker] DEBUG c.g.j.h.internal.HbsParserFactory - About to parse: /handlebars/htmlDocs2/sample_csharp.mustache
2023-10-19 22:30:47.115 [Test worker] DEBUG c.g.j.h.internal.HbsParserFactory - Building AST
2023-10-19 22:30:47.116 [Test worker] DEBUG c.g.j.h.internal.HbsParserFactory - Applying Mustache spec
2023-10-19 22:30:47.116 [Test worker] DEBUG c.g.j.h.internal.HbsParserFactory - Creating templates
2023-10-19 22:30:47.117 [Test worker] DEBUG c.g.j.h.internal.HbsParserFactory - About to parse: /handlebars/htmlDocs2/sample_php.mustache
2023-10-19 22:30:47.117 [Test worker] DEBUG c.g.j.h.internal.HbsParserFactory - Building AST
2023-10-19 22:30:47.118 [Test worker] DEBUG c.g.j.h.internal.HbsParserFactory - Applying Mustache spec
2023-10-19 22:30:47.118 [Test worker] DEBUG c.g.j.h.internal.HbsParserFactory - Creating templates
2023-10-19 22:30:47.118 [Test worker] DEBUG c.g.j.h.internal.HbsParserFactory - About to parse: /handlebars/htmlDocs2/sample_perl.mustache
2023-10-19 22:30:47.118 [Test worker] DEBUG c.g.j.h.internal.HbsParserFactory - Building AST
2023-10-19 22:30:47.119 [Test worker] DEBUG c.g.j.h.internal.HbsParserFactory - Applying Mustache spec
2023-10-19 22:30:47.120 [Test worker] DEBUG c.g.j.h.internal.HbsParserFactory - Creating templates
2023-10-19 22:30:47.120 [Test worker] DEBUG c.g.j.h.internal.HbsParserFactory - About to parse: /handlebars/htmlDocs2/sample_python.mustache
2023-10-19 22:30:47.120 [Test worker] DEBUG c.g.j.h.internal.HbsParserFactory - Building AST
2023-10-19 22:30:47.121 [Test worker] DEBUG c.g.j.h.internal.HbsParserFactory - Applying Mustache spec
2023-10-19 22:30:47.121 [Test worker] DEBUG c.g.j.h.internal.HbsParserFactory - Creating templates
2023-10-19 22:30:47.121 [Test worker] DEBUG c.g.j.h.internal.HbsParserFactory - About to parse: /handlebars/htmlDocs2/param.mustache
2023-10-19 22:30:47.122 [Test worker] DEBUG c.g.j.h.internal.HbsParserFactory - Building AST
2023-10-19 22:30:47.122 [Test worker] DEBUG c.g.j.h.internal.HbsParserFactory - Applying Mustache spec
2023-10-19 22:30:47.122 [Test worker] DEBUG c.g.j.h.internal.HbsParserFactory - Creating templates
2023-10-19 22:30:47.122 [Test worker] DEBUG c.g.j.h.internal.HbsParserFactory - About to parse: /handlebars/htmlDocs2/param.mustache
2023-10-19 22:30:47.123 [Test worker] DEBUG c.g.j.h.internal.HbsParserFactory - Building AST
2023-10-19 22:30:47.123 [Test worker] DEBUG c.g.j.h.internal.HbsParserFactory - Applying Mustache spec
2023-10-19 22:30:47.123 [Test worker] DEBUG c.g.j.h.internal.HbsParserFactory - Creating templates
2023-10-19 22:30:47.124 [Test worker] DEBUG c.g.j.h.internal.HbsParserFactory - About to parse: /handlebars/htmlDocs2/sample_java.mustache
2023-10-19 22:30:47.124 [Test worker] DEBUG c.g.j.h.internal.HbsParserFactory - Building AST
2023-10-19 22:30:47.125 [Test worker] DEBUG c.g.j.h.internal.HbsParserFactory - Applying Mustache spec
2023-10-19 22:30:47.125 [Test worker] DEBUG c.g.j.h.internal.HbsParserFactory - Creating templates
2023-10-19 22:30:47.125 [Test worker] DEBUG c.g.j.h.internal.HbsParserFactory - About to parse: /handlebars/htmlDocs2/sample_android.mustache
2023-10-19 22:30:47.125 [Test worker] DEBUG c.g.j.h.internal.HbsParserFactory - Building AST
2023-10-19 22:30:47.126 [Test worker] DEBUG c.g.j.h.internal.HbsParserFactory - Applying Mustache spec
2023-10-19 22:30:47.126 [Test worker] DEBUG c.g.j.h.internal.HbsParserFactory - Creating templates
2023-10-19 22:30:47.126 [Test worker] DEBUG c.g.j.h.internal.HbsParserFactory - About to parse: /handlebars/htmlDocs2/sample_objc.mustache
2023-10-19 22:30:47.126 [Test worker] DEBUG c.g.j.h.internal.HbsParserFactory - Building AST
2023-10-19 22:30:47.128 [Test worker] DEBUG c.g.j.h.internal.HbsParserFactory - Applying Mustache spec
2023-10-19 22:30:47.128 [Test worker] DEBUG c.g.j.h.internal.HbsParserFactory - Creating templates
2023-10-19 22:30:47.128 [Test worker] DEBUG c.g.j.h.internal.HbsParserFactory - About to parse: /handlebars/htmlDocs2/sample_js.mustache
2023-10-19 22:30:47.128 [Test worker] DEBUG c.g.j.h.internal.HbsParserFactory - Building AST
2023-10-19 22:30:47.130 [Test worker] DEBUG c.g.j.h.internal.HbsParserFactory - Applying Mustache spec
2023-10-19 22:30:47.130 [Test worker] DEBUG c.g.j.h.internal.HbsParserFactory - Creating templates
2023-10-19 22:30:47.130 [Test worker] DEBUG c.g.j.h.internal.HbsParserFactory - About to parse: /handlebars/htmlDocs2/sample_csharp.mustache
2023-10-19 22:30:47.130 [Test worker] DEBUG c.g.j.h.internal.HbsParserFactory - Building AST
2023-10-19 22:30:47.132 [Test worker] DEBUG c.g.j.h.internal.HbsParserFactory - Applying Mustache spec
2023-10-19 22:30:47.132 [Test worker] DEBUG c.g.j.h.internal.HbsParserFactory - Creating templates
2023-10-19 22:30:47.132 [Test worker] DEBUG c.g.j.h.internal.HbsParserFactory - About to parse: /handlebars/htmlDocs2/sample_php.mustache
2023-10-19 22:30:47.132 [Test worker] DEBUG c.g.j.h.internal.HbsParserFactory - Building AST
2023-10-19 22:30:47.133 [Test worker] DEBUG c.g.j.h.internal.HbsParserFactory - Applying Mustache spec
2023-10-19 22:30:47.133 [Test worker] DEBUG c.g.j.h.internal.HbsParserFactory - Creating templates
2023-10-19 22:30:47.134 [Test worker] DEBUG c.g.j.h.internal.HbsParserFactory - About to parse: /handlebars/htmlDocs2/sample_perl.mustache
2023-10-19 22:30:47.134 [Test worker] DEBUG c.g.j.h.internal.HbsParserFactory - Building AST
2023-10-19 22:30:47.135 [Test worker] DEBUG c.g.j.h.internal.HbsParserFactory - Applying Mustache spec
2023-10-19 22:30:47.135 [Test worker] DEBUG c.g.j.h.internal.HbsParserFactory - Creating templates
2023-10-19 22:30:47.135 [Test worker] DEBUG c.g.j.h.internal.HbsParserFactory - About to parse: /handlebars/htmlDocs2/sample_python.mustache
2023-10-19 22:30:47.135 [Test worker] DEBUG c.g.j.h.internal.HbsParserFactory - Building AST
2023-10-19 22:30:47.137 [Test worker] DEBUG c.g.j.h.internal.HbsParserFactory - Applying Mustache spec
2023-10-19 22:30:47.137 [Test worker] DEBUG c.g.j.h.internal.HbsParserFactory - Creating templates
2023-10-19 22:30:47.137 [Test worker] DEBUG c.g.j.h.internal.HbsParserFactory - About to parse: /handlebars/htmlDocs2/paramB.mustache
2023-10-19 22:30:47.137 [Test worker] DEBUG c.g.j.h.internal.HbsParserFactory - Building AST
2023-10-19 22:30:47.137 [Test worker] DEBUG c.g.j.h.internal.HbsParserFactory - Applying Mustache spec
2023-10-19 22:30:47.137 [Test worker] DEBUG c.g.j.h.internal.HbsParserFactory - Creating templates
2023-10-19 22:30:47.138 [Test worker] DEBUG c.g.j.h.internal.HbsParserFactory - About to parse: /handlebars/htmlDocs2/sample_java.mustache
2023-10-19 22:30:47.138 [Test worker] DEBUG c.g.j.h.internal.HbsParserFactory - Building AST
2023-10-19 22:30:47.139 [Test worker] DEBUG c.g.j.h.internal.HbsParserFactory - Applying Mustache spec
2023-10-19 22:30:47.139 [Test worker] DEBUG c.g.j.h.internal.HbsParserFactory - Creating templates
2023-10-19 22:30:47.139 [Test worker] DEBUG c.g.j.h.internal.HbsParserFactory - About to parse: /handlebars/htmlDocs2/sample_android.mustache
2023-10-19 22:30:47.139 [Test worker] DEBUG c.g.j.h.internal.HbsParserFactory - Building AST
2023-10-19 22:30:47.140 [Test worker] DEBUG c.g.j.h.internal.HbsParserFactory - Applying Mustache spec
2023-10-19 22:30:47.140 [Test worker] DEBUG c.g.j.h.internal.HbsParserFactory - Creating templates
2023-10-19 22:30:47.140 [Test worker] DEBUG c.g.j.h.internal.HbsParserFactory - About to parse: /handlebars/htmlDocs2/sample_objc.mustache
2023-10-19 22:30:47.140 [Test worker] DEBUG c.g.j.h.internal.HbsParserFactory - Building AST
2023-10-19 22:30:47.141 [Test worker] DEBUG c.g.j.h.internal.HbsParserFactory - Applying Mustache spec
2023-10-19 22:30:47.141 [Test worker] DEBUG c.g.j.h.internal.HbsParserFactory - Creating templates
2023-10-19 22:30:47.142 [Test worker] DEBUG c.g.j.h.internal.HbsParserFactory - About to parse: /handlebars/htmlDocs2/sample_js.mustache
2023-10-19 22:30:47.142 [Test worker] DEBUG c.g.j.h.internal.HbsParserFactory - Building AST
2023-10-19 22:30:47.144 [Test worker] DEBUG c.g.j.h.internal.HbsParserFactory - Applying Mustache spec
2023-10-19 22:30:47.144 [Test worker] DEBUG c.g.j.h.internal.HbsParserFactory - Creating templates
2023-10-19 22:30:47.145 [Test worker] DEBUG c.g.j.h.internal.HbsParserFactory - About to parse: /handlebars/htmlDocs2/sample_csharp.mustache
2023-10-19 22:30:47.145 [Test worker] DEBUG c.g.j.h.internal.HbsParserFactory - Building AST
2023-10-19 22:30:47.146 [Test worker] DEBUG c.g.j.h.internal.HbsParserFactory - Applying Mustache spec
2023-10-19 22:30:47.146 [Test worker] DEBUG c.g.j.h.internal.HbsParserFactory - Creating templates
2023-10-19 22:30:47.146 [Test worker] DEBUG c.g.j.h.internal.HbsParserFactory - About to parse: /handlebars/htmlDocs2/sample_php.mustache
2023-10-19 22:30:47.146 [Test worker] DEBUG c.g.j.h.internal.HbsParserFactory - Building AST
2023-10-19 22:30:47.147 [Test worker] DEBUG c.g.j.h.internal.HbsParserFactory - Applying Mustache spec
2023-10-19 22:30:47.147 [Test worker] DEBUG c.g.j.h.internal.HbsParserFactory - Creating templates
2023-10-19 22:30:47.147 [Test worker] DEBUG c.g.j.h.internal.HbsParserFactory - About to parse: /handlebars/htmlDocs2/sample_perl.mustache
2023-10-19 22:30:47.148 [Test worker] DEBUG c.g.j.h.internal.HbsParserFactory - Building AST
2023-10-19 22:30:47.149 [Test worker] DEBUG c.g.j.h.internal.HbsParserFactory - Applying Mustache spec
2023-10-19 22:30:47.149 [Test worker] DEBUG c.g.j.h.internal.HbsParserFactory - Creating templates
2023-10-19 22:30:47.149 [Test worker] DEBUG c.g.j.h.internal.HbsParserFactory - About to parse: /handlebars/htmlDocs2/sample_python.mustache
2023-10-19 22:30:47.149 [Test worker] DEBUG c.g.j.h.internal.HbsParserFactory - Building AST
2023-10-19 22:30:47.150 [Test worker] DEBUG c.g.j.h.internal.HbsParserFactory - Applying Mustache spec
2023-10-19 22:30:47.151 [Test worker] DEBUG c.g.j.h.internal.HbsParserFactory - Creating templates
2023-10-19 22:30:47.151 [Test worker] DEBUG c.g.j.h.internal.HbsParserFactory - About to parse: /handlebars/htmlDocs2/paramB.mustache
2023-10-19 22:30:47.151 [Test worker] DEBUG c.g.j.h.internal.HbsParserFactory - Building AST
2023-10-19 22:30:47.151 [Test worker] DEBUG c.g.j.h.internal.HbsParserFactory - Applying Mustache spec
2023-10-19 22:30:47.151 [Test worker] DEBUG c.g.j.h.internal.HbsParserFactory - Creating templates
2023-10-19 22:30:47.153 [Test worker] DEBUG c.g.j.h.internal.HbsParserFactory - About to parse: /handlebars/htmlDocs2/js_jsonformatter.mustache
2023-10-19 22:30:47.154 [Test worker] DEBUG c.g.j.h.internal.HbsParserFactory - Building AST
2023-10-19 22:30:47.155 [Test worker] DEBUG c.g.j.h.internal.HbsParserFactory - Applying Mustache spec
2023-10-19 22:30:47.155 [Test worker] DEBUG c.g.j.h.internal.HbsParserFactory - Creating templates
2023-10-19 22:30:47.156 [Test worker] DEBUG c.g.j.h.internal.HbsParserFactory - About to parse: /handlebars/htmlDocs2/js_jsonschemaview.mustache
2023-10-19 22:30:47.157 [Test worker] DEBUG c.g.j.h.internal.HbsParserFactory - Building AST
2023-10-19 22:30:47.158 [Test worker] DEBUG c.g.j.h.internal.HbsParserFactory - Applying Mustache spec
2023-10-19 22:30:47.159 [Test worker] DEBUG c.g.j.h.internal.HbsParserFactory - Creating templates
2023-10-19 22:30:47.159 [Test worker] DEBUG c.g.j.h.internal.HbsParserFactory - About to parse: /handlebars/htmlDocs2/js_json_schema_ref_parser.mustache
2023-10-19 22:30:47.161 [Test worker] DEBUG c.g.j.h.internal.HbsParserFactory - Building AST
2023-10-19 22:30:47.167 [Test worker] DEBUG c.g.j.h.internal.HbsParserFactory - Applying Mustache spec
2023-10-19 22:30:47.167 [Test worker] DEBUG c.g.j.h.internal.HbsParserFactory - Creating templates
2023-10-19 22:30:47.167 [Test worker] DEBUG c.g.j.h.internal.HbsParserFactory - About to parse: /handlebars/htmlDocs2/js_json_stringify_safe.mustache
2023-10-19 22:30:47.167 [Test worker] DEBUG c.g.j.h.internal.HbsParserFactory - Building AST
2023-10-19 22:30:47.167 [Test worker] DEBUG c.g.j.h.internal.HbsParserFactory - Applying Mustache spec
2023-10-19 22:30:47.167 [Test worker] DEBUG c.g.j.h.internal.HbsParserFactory - Creating templates
2023-10-19 22:30:47.167 [Test worker] DEBUG c.g.j.h.internal.HbsParserFactory - About to parse: /handlebars/htmlDocs2/js_webfontloader.mustache
2023-10-19 22:30:47.168 [Test worker] DEBUG c.g.j.h.internal.HbsParserFactory - Building AST
2023-10-19 22:30:47.168 [Test worker] DEBUG c.g.j.h.internal.HbsParserFactory - Applying Mustache spec
2023-10-19 22:30:47.168 [Test worker] DEBUG c.g.j.h.internal.HbsParserFactory - Creating templates
2023-10-19 22:30:47.168 [Test worker] INFO  i.s.codegen.v3.AbstractGenerator - writing file docs/index.html
2023-10-19 22:30:47.170 [Test worker] INFO  i.s.codegen.v3.AbstractGenerator - writing file docs/.swagger-codegen/VERSION
2023-10-19 22:30:47.171 [DefaultDispatcher-worker-3 @request#30] TRACE io.ktor.routing.Routing - Trace for [password, Get, 19]
/, segment:0 -> SUCCESS @ /
  /openapi, segment:0 -> FAILURE "Selector didn't match" @ /openapi
  /(authenticate "default"), segment:0 -> SUCCESS @ /(authenticate "default")
    /(authenticate "default")/storage, segment:0 -> FAILURE "Selector didn't match" @ /(authenticate "default")/storage
  /password, segment:1 -> SUCCESS @ /password
    /password/Get, segment:2 -> SUCCESS @ /password/Get
      /password/Get/{len?}, segment:3 -> SUCCESS; Parameters [len=[19]] @ /password/Get/{len?}
        /password/Get/{len?}/{digits?}, segment:3 -> SUCCESS @ /password/Get/{len?}/{digits?}
          /password/Get/{len?}/{digits?}/{case?}, segment:3 -> SUCCESS @ /password/Get/{len?}/{digits?}/{case?}
            /password/Get/{len?}/{digits?}/{case?}/{specialChars?}, segment:3 -> SUCCESS @ /password/Get/{len?}/{digits?}/{case?}/{specialChars?}
              /password/Get/{len?}/{digits?}/{case?}/{specialChars?}/(method:GET), segment:3 -> SUCCESS @ /password/Get/{len?}/{digits?}/{case?}/{specialChars?}/(method:GET)
  /passKey, segment:0 -> FAILURE "Selector didn't match" @ /passKey
  /virusChecker, segment:0 -> FAILURE "Selector didn't match" @ /virusChecker
  /swagger, segment:0 -> FAILURE "Selector didn't match" @ /swagger
Matched routes:
  "" -> "password" -> "Get" -> "{len?}" -> "{digits?}" -> "{case?}" -> "{specialChars?}" -> "(method:GET)"
Route resolve result:
  SUCCESS; Parameters [len=[19]] @ /password/Get/{len?}/{digits?}/{case?}/{specialChars?}/(method:GET)
2023-10-19 22:30:47.171 [DefaultDispatcher-worker-3 @request#30] TRACE i.k.s.p.c.ContentNegotiation - Skipping because body is already converted.
]]></system-out>
  <system-err><![CDATA[]]></system-err>
</testsuite>
