<?xml version="1.0" encoding="UTF-8"?>
<testsuite name="bytebandits.encryption.PassKeyGenerationTests" tests="7" skipped="0" failures="0" errors="0" timestamp="2023-10-20T02:30:44" hostname="tomorrow.lan" time="0.395">
  <properties/>
  <testcase name="test passkeyGen with no password and given salt" classname="bytebandits.encryption.PassKeyGenerationTests" time="0.008"/>
  <testcase name="test passwordGen with all parameters utilized" classname="bytebandits.encryption.PassKeyGenerationTests" time="0.006"/>
  <testcase name="test passkeyGen with given password and no salt given" classname="bytebandits.encryption.PassKeyGenerationTests" time="0.226"/>
  <testcase name="test passkeyGen with given password and salt" classname="bytebandits.encryption.PassKeyGenerationTests" time="0.155"/>
  <testcase name="test passkeyGen with no parameters" classname="bytebandits.encryption.PassKeyGenerationTests" time="0.0"/>
  <testcase name="test passwordGen with no parameters" classname="bytebandits.encryption.PassKeyGenerationTests" time="0.0"/>
  <testcase name="test passwordGen with some utilized parameters" classname="bytebandits.encryption.PassKeyGenerationTests" time="0.0"/>
  <system-out><![CDATA[]]></system-out>
  <system-err><![CDATA[]]></system-err>
</testsuite>
